
          -------------------------------------------------------
          Amber 20 PMEMD                              2020
          -------------------------------------------------------

| PMEMD implementation of SANDER, Release 18

|  Compiled date/time: Tue Apr 28 23:52:05 2020
| Run on 05/02/2020 at 16:01:27

|   Executable path: pmemd
| Working directory: /home/cerutti/OpenForceField/Dipeptides/MainChain/MET
|          Hostname: Unknown
  [-O]verwriting output

File Assignments:
|   MDIN: ../../min.in                                                          
|  MDOUT: min.out                                                               
| INPCRD: MET.inpcrd                                                            
|   PARM: MET.prmtop                                                            
| RESTRT: mincrd                                                                
|   REFC: refc                                                                  
|  MDVEL: mdvel                                                                 
|   MDEN: mden                                                                  
|  MDCRD: mdcrd                                                                 
| MDINFO: mdinfo                                                                
|  MDFRC: mdfrc                                                                 


 Here is the input file:

Initial minimization                                                           
 &cntrl                                                                        
  ntx    = 1,       irest  = 0,       ntrx   = 1,      ntxo   = 1,             
  ntpr   = 100,     ntwx   = 0,       ntwv   = 0,      ntwe   = 0,             
                                                                               
  ntf    = 1,       ntb    = 1,                                                
  ntc    = 1,                                                                  
                                                                               
  cut    = 14.0,                                                               
                                                                               
  imin   = 1,                                                                  
  maxcyc = 1000,                                                               
  ncyc   = 100,                                                                
 &end                                                                          
 &ewald                                                                        
  nfft1 = 32, nfft2 = 32, nfft3 = 32,                                          
 &end                                                                          


Note: ig = -1. Setting random seed to   852933 based on wallclock time in 
      microseconds.
| irandom = 1, using AMBER's internal random number generator (default).
 
 
| Conditional Compilation Defines Used:
| FFTW_FFT
| BINTRAJ
| MKL
| EMIL

| Largest sphere to fit in unit cell has radius =    24.000

| New format PARM file being parsed.
| Version =    1.000 Date = 05/02/20 Time = 16:01:27

| Note: 1-4 EEL scale factors are being read from the topology file.

| Note: 1-4 VDW scale factors are being read from the topology file.
| Duplicated    0 dihedrals

| Duplicated    0 dihedrals

--------------------------------------------------------------------------------
   1.  RESOURCE   USE: 
--------------------------------------------------------------------------------

 getting new box info from bottom of inpcrd
 NATOM  =      29 NTYPES =       8 NBONH =      16 MBONA  =      12
 NTHETH =      35 MTHETA =      14 NPHIH =      54 MPHIA  =      40
 NHPARM =       0 NPARM  =       0 NNB   =     135 NRES   =       3
 NBONA  =      12 NTHETA =      14 NPHIA =      40 NUMBND =      16
 NUMANG =      30 NPTRA  =      36 NATYP =      10 NPHB   =       0
 IFBOX  =       1 NMXRS  =      17 IFCAP =       0 NEXTRA =       0
 NCOPY  =       0

| Coordinate Index Table dimensions:     6    6    6
| Direct force subcell size =     8.0000    8.0000    8.0000

     BOX TYPE: RECTILINEAR

--------------------------------------------------------------------------------
   2.  CONTROL  DATA  FOR  THE  RUN
--------------------------------------------------------------------------------

ACE                                                                             

General flags:
     imin    =       1, nmropt  =       0

Nature and format of input:
     ntx     =       1, irest   =       0, ntrx    =       1

Nature and format of output:
     ntxo    =       1, ntpr    =     100, ntrx    =       1, ntwr    =       1
     iwrap   =       0, ntwx    =       0, ntwv    =       0, ntwe    =       0
     ioutfm  =       1, ntwprt  =       0, idecomp =       0, rbornstat=      0

Potential function:
     ntf     =       1, ntb     =       1, igb     =       0, nsnb    =      25
     ipol    =       0, gbsa    =       0, iesp    =       0
     dielc   =   1.00000, cut     =  14.00000, intdiel =   1.00000

Frozen or restrained atoms:
     ibelly  =       0, ntr     =       0

Energy minimization:
     maxcyc  =    1000, ncyc    =     100, ntmin   =       1
     dx0     =   0.01000, drms    =   0.00010

| Intermolecular bonds treatment:
|     no_intermolecular_bonds =       1

| Energy averages sample interval:
|     ene_avg_sampling =       1

Ewald parameters:
     verbose =       0, ew_type =       0, nbflag  =       1, use_pme =       1
     vdwmeth =       1, eedmeth =       1, netfrc  =       0
     Box X =   48.000   Box Y =   48.000   Box Z =   48.000
     Alpha =   90.000   Beta  =   90.000   Gamma =   90.000
     NFFT1 =   32       NFFT2 =   32       NFFT3 =   32
     Cutoff=   14.000   Tol   =0.100E-04
     Ewald Coefficient =  0.19234
     Interpolation order =    4

--------------------------------------------------------------------------------
   3.  ATOMIC COORDINATES AND VELOCITIES
--------------------------------------------------------------------------------

ACE                                                                             
 begin time read from input coords =     0.000 ps

 
 Number of triangulated 3-point waters found:        0

     Sum of charges from parm topology file =  -0.00000000
     Forcing neutrality...

| Dynamic Memory, Types Used:
| Reals              200298
| Integers             3117

| Nonbonded Pairs Initial Allocation:       22108

--------------------------------------------------------------------------------
   4.  RESULTS
--------------------------------------------------------------------------------

 ---------------------------------------------------
 APPROXIMATING switch and d/dx switch using CUBIC SPLINE INTERPOLATION
 using   5000.0 points per unit in tabled values
 TESTING RELATIVE ERROR over r ranging from 0.0 to cutoff
| CHECK switch(x): max rel err =   0.2738E-14   at   2.422500
| CHECK d/dx switch(x): max rel err =   0.7883E-11   at   2.684960
 ---------------------------------------------------
|---------------------------------------------------
| APPROXIMATING direct energy using CUBIC SPLINE INTERPOLATION
|  with   50.0 points per unit in tabled values
| Relative Error Limit not exceeded for r .gt.   2.24
| APPROXIMATING direct force using CUBIC SPLINE INTERPOLATION
|  with   50.0 points per unit in tabled values
| Relative Error Limit not exceeded for r .gt.   2.76
|---------------------------------------------------


   NSTEP       ENERGY          RMS            GMAX         NAME    NUMBER
      1       6.2319E+01     7.0444E+01     3.1530E+02     HG2        15

 BOND    =        0.2252  ANGLE   =        0.7243  DIHED      =       12.8583
 VDWAALS =       75.9377  EEL     =      -79.7893  HBOND      =        0.0000
 1-4 VDW =        6.0625  1-4 EEL =       46.3004  RESTRAINT  =        0.0000


   NSTEP       ENERGY          RMS            GMAX         NAME    NUMBER
    100      -1.5713E+01     8.4588E-01     3.2908E+00     C           5

 BOND    =        0.7506  ANGLE   =        1.7215  DIHED      =       13.1354
 VDWAALS =       -0.3312  EEL     =      -78.9110  HBOND      =        0.0000
 1-4 VDW =        3.3622  1-4 EEL =       44.5594  RESTRAINT  =        0.0000


   NSTEP       ENERGY          RMS            GMAX         NAME    NUMBER
    200      -1.9842E+01     2.9375E-01     7.5971E-01     N           7

 BOND    =        0.3780  ANGLE   =        0.8488  DIHED      =       12.4125
 VDWAALS =       -2.2760  EEL     =      -78.8521  HBOND      =        0.0000
 1-4 VDW =        3.1905  1-4 EEL =       44.4564  RESTRAINT  =        0.0000


   NSTEP       ENERGY          RMS            GMAX         NAME    NUMBER
    300      -2.0100E+01     1.0248E-01     2.4459E-01     H3          4

 BOND    =        0.3758  ANGLE   =        0.7899  DIHED      =       12.3953
 VDWAALS =       -2.4059  EEL     =      -78.7678  HBOND      =        0.0000
 1-4 VDW =        3.1520  1-4 EEL =       44.3611  RESTRAINT  =        0.0000


   NSTEP       ENERGY          RMS            GMAX         NAME    NUMBER
    400      -2.0174E+01     3.2829E-01     1.3932E+00     N          24

 BOND    =        0.3782  ANGLE   =        0.7884  DIHED      =       12.4055
 VDWAALS =       -2.4599  EEL     =      -78.6813  HBOND      =        0.0000
 1-4 VDW =        3.1123  1-4 EEL =       44.2828  RESTRAINT  =        0.0000


   NSTEP       ENERGY          RMS            GMAX         NAME    NUMBER
    500      -2.0201E+01     6.6139E-02     2.0657E-01     CA          9

 BOND    =        0.3710  ANGLE   =        0.7873  DIHED      =       12.4189
 VDWAALS =       -2.4789  EEL     =      -78.7398  HBOND      =        0.0000
 1-4 VDW =        3.1212  1-4 EEL =       44.3195  RESTRAINT  =        0.0000


   NSTEP       ENERGY          RMS            GMAX         NAME    NUMBER
    600      -2.0212E+01     1.0167E-01     4.0494E-01     C           5

 BOND    =        0.3730  ANGLE   =        0.7877  DIHED      =       12.4278
 VDWAALS =       -2.4899  EEL     =      -78.7285  HBOND      =        0.0000
 1-4 VDW =        3.1160  1-4 EEL =       44.3016  RESTRAINT  =        0.0000


   NSTEP       ENERGY          RMS            GMAX         NAME    NUMBER
    700      -2.0217E+01     3.7447E-02     1.0484E-01     C          22

 BOND    =        0.3755  ANGLE   =        0.7889  DIHED      =       12.4260
 VDWAALS =       -2.4917  EEL     =      -78.7443  HBOND      =        0.0000
 1-4 VDW =        3.1129  1-4 EEL =       44.3159  RESTRAINT  =        0.0000


   NSTEP       ENERGY          RMS            GMAX         NAME    NUMBER
    800      -2.0218E+01     1.4946E-02     4.0243E-02     CE         18

 BOND    =        0.3751  ANGLE   =        0.7890  DIHED      =       12.4241
 VDWAALS =       -2.4931  EEL     =      -78.7533  HBOND      =        0.0000
 1-4 VDW =        3.1148  1-4 EEL =       44.3254  RESTRAINT  =        0.0000


   NSTEP       ENERGY          RMS            GMAX         NAME    NUMBER
    900      -2.0219E+01     2.2771E-02     7.6711E-02     CA          9

 BOND    =        0.3740  ANGLE   =        0.7921  DIHED      =       12.4221
 VDWAALS =       -2.4945  EEL     =      -78.7673  HBOND      =        0.0000
 1-4 VDW =        3.1148  1-4 EEL =       44.3395  RESTRAINT  =        0.0000


   NSTEP       ENERGY          RMS            GMAX         NAME    NUMBER
   1000      -2.0219E+01     4.8943E-03     1.5404E-02     HH32       28

 BOND    =        0.3766  ANGLE   =        0.7911  DIHED      =       12.4214
 VDWAALS =       -2.4938  EEL     =      -78.7664  HBOND      =        0.0000
 1-4 VDW =        3.1160  1-4 EEL =       44.3356  RESTRAINT  =        0.0000


  Maximum number of minimization cycles reached.


                    FINAL RESULTS



   NSTEP       ENERGY          RMS            GMAX         NAME    NUMBER
   1000      -2.0219E+01     4.8943E-03     1.5404E-02     HH32       28

 BOND    =        0.3766  ANGLE   =        0.7911  DIHED      =       12.4214
 VDWAALS =       -2.4938  EEL     =      -78.7664  HBOND      =        0.0000
 1-4 VDW =        3.1160  1-4 EEL =       44.3356  RESTRAINT  =        0.0000
--------------------------------------------------------------------------------
   5.  TIMINGS
--------------------------------------------------------------------------------

|  NonSetup CPU Time in Major Routines:
|
|     Routine           Sec        %
|     ------------------------------
|     Nonbond           2.15   98.41
|     Bond              0.00    0.11
|     Angle             0.01    0.29
|     Dihedral          0.02    0.97
|     Shake             0.00    0.00
|     Other             0.00    0.22
|     ------------------------------
|     Total             2.19

|  PME Nonbond Pairlist CPU Time:
|
|     Routine              Sec        %
|     ---------------------------------
|     Set Up Cit           0.00    0.01
|     Build List           0.00    0.04
|     ---------------------------------
|     Total                0.00    0.05

|  PME Direct Force CPU Time:
|
|     Routine              Sec        %
|     ---------------------------------
|     NonBonded Calc       0.02    1.11
|     Exclude Masked       0.01    0.48
|     Other                0.01    0.39
|     ---------------------------------
|     Total                0.04    1.98

|  PME Reciprocal Force CPU Time:
|
|     Routine              Sec        %
|     ---------------------------------
|     1D bspline           0.00    0.19
|     Grid Charges         0.09    3.98
|     Scalar Sum           0.85   38.74
|     Gradient Sum         0.02    0.77
|     FFT                  1.15   52.80
|     ---------------------------------
|     Total                2.11   96.48

|  Setup CPU time:            0.04 seconds
|  NonSetup CPU time:         2.19 seconds
|  Total CPU time:            2.23 seconds     0.00 hours

|  Setup wall time:           0    seconds
|  NonSetup wall time:        2    seconds
|  Total wall time:           2    seconds     0.00 hours
