
          -------------------------------------------------------
          Amber 20 PMEMD                              2020
          -------------------------------------------------------

| PMEMD implementation of SANDER, Release 18

|  Compiled date/time: Tue Apr 28 23:52:05 2020
| Run on 05/02/2020 at 16:01:20

|   Executable path: pmemd
| Working directory: /home/cerutti/OpenForceField/Dipeptides/MainChain/LEU
|          Hostname: Unknown
  [-O]verwriting output

File Assignments:
|   MDIN: ../../min.in                                                          
|  MDOUT: min.out                                                               
| INPCRD: LEU.inpcrd                                                            
|   PARM: LEU.prmtop                                                            
| RESTRT: mincrd                                                                
|   REFC: refc                                                                  
|  MDVEL: mdvel                                                                 
|   MDEN: mden                                                                  
|  MDCRD: mdcrd                                                                 
| MDINFO: mdinfo                                                                
|  MDFRC: mdfrc                                                                 


 Here is the input file:

Initial minimization                                                           
 &cntrl                                                                        
  ntx    = 1,       irest  = 0,       ntrx   = 1,      ntxo   = 1,             
  ntpr   = 100,     ntwx   = 0,       ntwv   = 0,      ntwe   = 0,             
                                                                               
  ntf    = 1,       ntb    = 1,                                                
  ntc    = 1,                                                                  
                                                                               
  cut    = 14.0,                                                               
                                                                               
  imin   = 1,                                                                  
  maxcyc = 1000,                                                               
  ncyc   = 100,                                                                
 &end                                                                          
 &ewald                                                                        
  nfft1 = 32, nfft2 = 32, nfft3 = 32,                                          
 &end                                                                          


Note: ig = -1. Setting random seed to   791570 based on wallclock time in 
      microseconds.
| irandom = 1, using AMBER's internal random number generator (default).
 
 
| Conditional Compilation Defines Used:
| FFTW_FFT
| BINTRAJ
| MKL
| EMIL

| Largest sphere to fit in unit cell has radius =    24.000

| New format PARM file being parsed.
| Version =    1.000 Date = 05/02/20 Time = 16:01:20

| Note: 1-4 EEL scale factors are being read from the topology file.

| Note: 1-4 VDW scale factors are being read from the topology file.
| Duplicated    0 dihedrals

| Duplicated    0 dihedrals

--------------------------------------------------------------------------------
   1.  RESOURCE   USE: 
--------------------------------------------------------------------------------

 getting new box info from bottom of inpcrd
 NATOM  =      31 NTYPES =       7 NBONH =      18 MBONA  =      12
 NTHETH =      39 MTHETA =      15 NPHIH =      66 MPHIA  =      40
 NHPARM =       0 NPARM  =       0 NNB   =     154 NRES   =       3
 NBONA  =      12 NTHETA =      15 NPHIA =      40 NUMBND =      15
 NUMANG =      29 NPTRA  =      33 NATYP =      10 NPHB   =       0
 IFBOX  =       1 NMXRS  =      19 IFCAP =       0 NEXTRA =       0
 NCOPY  =       0

| Coordinate Index Table dimensions:     6    6    6
| Direct force subcell size =     8.0000    8.0000    8.0000

     BOX TYPE: RECTILINEAR

--------------------------------------------------------------------------------
   2.  CONTROL  DATA  FOR  THE  RUN
--------------------------------------------------------------------------------

ACE                                                                             

General flags:
     imin    =       1, nmropt  =       0

Nature and format of input:
     ntx     =       1, irest   =       0, ntrx    =       1

Nature and format of output:
     ntxo    =       1, ntpr    =     100, ntrx    =       1, ntwr    =       1
     iwrap   =       0, ntwx    =       0, ntwv    =       0, ntwe    =       0
     ioutfm  =       1, ntwprt  =       0, idecomp =       0, rbornstat=      0

Potential function:
     ntf     =       1, ntb     =       1, igb     =       0, nsnb    =      25
     ipol    =       0, gbsa    =       0, iesp    =       0
     dielc   =   1.00000, cut     =  14.00000, intdiel =   1.00000

Frozen or restrained atoms:
     ibelly  =       0, ntr     =       0

Energy minimization:
     maxcyc  =    1000, ncyc    =     100, ntmin   =       1
     dx0     =   0.01000, drms    =   0.00010

| Intermolecular bonds treatment:
|     no_intermolecular_bonds =       1

| Energy averages sample interval:
|     ene_avg_sampling =       1

Ewald parameters:
     verbose =       0, ew_type =       0, nbflag  =       1, use_pme =       1
     vdwmeth =       1, eedmeth =       1, netfrc  =       0
     Box X =   48.000   Box Y =   48.000   Box Z =   48.000
     Alpha =   90.000   Beta  =   90.000   Gamma =   90.000
     NFFT1 =   32       NFFT2 =   32       NFFT3 =   32
     Cutoff=   14.000   Tol   =0.100E-04
     Ewald Coefficient =  0.19234
     Interpolation order =    4

--------------------------------------------------------------------------------
   3.  ATOMIC COORDINATES AND VELOCITIES
--------------------------------------------------------------------------------

ACE                                                                             
 begin time read from input coords =     0.000 ps

 
 Number of triangulated 3-point waters found:        0

     Sum of charges from parm topology file =  -0.00000000
     Forcing neutrality...

| Dynamic Memory, Types Used:
| Reals              200286
| Integers             3504

| Nonbonded Pairs Initial Allocation:       23633

--------------------------------------------------------------------------------
   4.  RESULTS
--------------------------------------------------------------------------------

 ---------------------------------------------------
 APPROXIMATING switch and d/dx switch using CUBIC SPLINE INTERPOLATION
 using   5000.0 points per unit in tabled values
 TESTING RELATIVE ERROR over r ranging from 0.0 to cutoff
| CHECK switch(x): max rel err =   0.2738E-14   at   2.422500
| CHECK d/dx switch(x): max rel err =   0.7883E-11   at   2.684960
 ---------------------------------------------------
|---------------------------------------------------
| APPROXIMATING direct energy using CUBIC SPLINE INTERPOLATION
|  with   50.0 points per unit in tabled values
| Relative Error Limit not exceeded for r .gt.   2.24
| APPROXIMATING direct force using CUBIC SPLINE INTERPOLATION
|  with   50.0 points per unit in tabled values
| Relative Error Limit not exceeded for r .gt.   2.76
|---------------------------------------------------


   NSTEP       ENERGY          RMS            GMAX         NAME    NUMBER
      1       7.6234E+01     9.7898E+01     4.6884E+02     HG         15

 BOND    =        0.0215  ANGLE   =        0.3623  DIHED      =       12.8925
 VDWAALS =      112.0399  EEL     =      -85.6990  HBOND      =        0.0000
 1-4 VDW =        8.2900  1-4 EEL =       28.3263  RESTRAINT  =        0.0000


   NSTEP       ENERGY          RMS            GMAX         NAME    NUMBER
    100      -3.6497E+01     6.8845E-01     2.3595E+00     H          27

 BOND    =        0.8989  ANGLE   =        2.4968  DIHED      =       13.3096
 VDWAALS =        0.2816  EEL     =      -82.1200  HBOND      =        0.0000
 1-4 VDW =        4.5219  1-4 EEL =       24.1138  RESTRAINT  =        0.0000


   NSTEP       ENERGY          RMS            GMAX         NAME    NUMBER
    200      -4.0876E+01     6.3372E-01     2.0597E+00     N          26

 BOND    =        0.5887  ANGLE   =        1.5817  DIHED      =       12.3463
 VDWAALS =       -2.2414  EEL     =      -81.7956  HBOND      =        0.0000
 1-4 VDW =        4.6862  1-4 EEL =       23.9577  RESTRAINT  =        0.0000


   NSTEP       ENERGY          RMS            GMAX         NAME    NUMBER
    300      -4.1237E+01     6.0483E-01     2.0823E+00     CG         14

 BOND    =        0.5435  ANGLE   =        1.3936  DIHED      =       12.3983
 VDWAALS =       -2.4777  EEL     =      -81.8406  HBOND      =        0.0000
 1-4 VDW =        4.6238  1-4 EEL =       24.1227  RESTRAINT  =        0.0000


   NSTEP       ENERGY          RMS            GMAX         NAME    NUMBER
    400      -4.1356E+01     1.8630E-01     6.2439E-01     N          26

 BOND    =        0.5018  ANGLE   =        1.3483  DIHED      =       12.4240
 VDWAALS =       -2.5578  EEL     =      -81.9308  HBOND      =        0.0000
 1-4 VDW =        4.5956  1-4 EEL =       24.2629  RESTRAINT  =        0.0000


   NSTEP       ENERGY          RMS            GMAX         NAME    NUMBER
    500      -4.1399E+01     6.7626E-02     2.7126E-01     CA          9

 BOND    =        0.4905  ANGLE   =        1.3246  DIHED      =       12.4404
 VDWAALS =       -2.5915  EEL     =      -81.9880  HBOND      =        0.0000
 1-4 VDW =        4.5815  1-4 EEL =       24.3440  RESTRAINT  =        0.0000


   NSTEP       ENERGY          RMS            GMAX         NAME    NUMBER
    600      -4.1414E+01     5.1544E-02     1.8134E-01     N           7

 BOND    =        0.4860  ANGLE   =        1.3226  DIHED      =       12.4534
 VDWAALS =       -2.6103  EEL     =      -82.0116  HBOND      =        0.0000
 1-4 VDW =        4.5718  1-4 EEL =       24.3736  RESTRAINT  =        0.0000


   NSTEP       ENERGY          RMS            GMAX         NAME    NUMBER
    700      -4.1425E+01     6.0047E-02     1.6358E-01     CA          9

 BOND    =        0.4812  ANGLE   =        1.3209  DIHED      =       12.4714
 VDWAALS =       -2.6328  EEL     =      -82.0409  HBOND      =        0.0000
 1-4 VDW =        4.5613  1-4 EEL =       24.4143  RESTRAINT  =        0.0000


   NSTEP       ENERGY          RMS            GMAX         NAME    NUMBER
    800      -4.1426E+01     1.4554E-02     4.5368E-02     HA         10

 BOND    =        0.4770  ANGLE   =        1.3162  DIHED      =       12.4717
 VDWAALS =       -2.6340  EEL     =      -82.0760  HBOND      =        0.0000
 1-4 VDW =        4.5722  1-4 EEL =       24.4464  RESTRAINT  =        0.0000


   NSTEP       ENERGY          RMS            GMAX         NAME    NUMBER
    900      -4.1427E+01     4.2144E-03     1.9344E-02     C           5

 BOND    =        0.4770  ANGLE   =        1.3173  DIHED      =       12.4681
 VDWAALS =       -2.6321  EEL     =      -82.0762  HBOND      =        0.0000
 1-4 VDW =        4.5731  1-4 EEL =       24.4456  RESTRAINT  =        0.0000


   NSTEP       ENERGY          RMS            GMAX         NAME    NUMBER
   1000      -4.1427E+01     2.4008E-03     9.2099E-03     C          24

 BOND    =        0.4768  ANGLE   =        1.3177  DIHED      =       12.4677
 VDWAALS =       -2.6325  EEL     =      -82.0781  HBOND      =        0.0000
 1-4 VDW =        4.5737  1-4 EEL =       24.4475  RESTRAINT  =        0.0000


  Maximum number of minimization cycles reached.


                    FINAL RESULTS



   NSTEP       ENERGY          RMS            GMAX         NAME    NUMBER
   1000      -4.1427E+01     2.4008E-03     9.2099E-03     C          24

 BOND    =        0.4768  ANGLE   =        1.3177  DIHED      =       12.4677
 VDWAALS =       -2.6325  EEL     =      -82.0781  HBOND      =        0.0000
 1-4 VDW =        4.5737  1-4 EEL =       24.4475  RESTRAINT  =        0.0000
--------------------------------------------------------------------------------
   5.  TIMINGS
--------------------------------------------------------------------------------

|  NonSetup CPU Time in Major Routines:
|
|     Routine           Sec        %
|     ------------------------------
|     Nonbond           2.15   98.28
|     Bond              0.00    0.11
|     Angle             0.01    0.31
|     Dihedral          0.02    1.08
|     Shake             0.00    0.00
|     Other             0.00    0.23
|     ------------------------------
|     Total             2.19

|  PME Nonbond Pairlist CPU Time:
|
|     Routine              Sec        %
|     ---------------------------------
|     Set Up Cit           0.00    0.01
|     Build List           0.00    0.04
|     ---------------------------------
|     Total                0.00    0.05

|  PME Direct Force CPU Time:
|
|     Routine              Sec        %
|     ---------------------------------
|     NonBonded Calc       0.03    1.24
|     Exclude Masked       0.01    0.55
|     Other                0.01    0.38
|     ---------------------------------
|     Total                0.05    2.17

|  PME Reciprocal Force CPU Time:
|
|     Routine              Sec        %
|     ---------------------------------
|     1D bspline           0.00    0.20
|     Grid Charges         0.09    4.02
|     Scalar Sum           0.85   38.68
|     Gradient Sum         0.02    0.82
|     FFT                  1.15   52.44
|     ---------------------------------
|     Total                2.11   96.15

|  Setup CPU time:            0.04 seconds
|  NonSetup CPU time:         2.19 seconds
|  Total CPU time:            2.23 seconds     0.00 hours

|  Setup wall time:           0    seconds
|  NonSetup wall time:        2    seconds
|  Total wall time:           2    seconds     0.00 hours
