
          -------------------------------------------------------
          Amber 20 PMEMD                              2020
          -------------------------------------------------------

| PMEMD implementation of SANDER, Release 18

|  Compiled date/time: Tue Apr 28 23:52:05 2020
| Run on 05/02/2020 at 16:01:59

|   Executable path: pmemd
| Working directory: /home/cerutti/OpenForceField/Dipeptides/CTerminal/ASP
|          Hostname: Unknown
  [-O]verwriting output

File Assignments:
|   MDIN: ../../min.in                                                          
|  MDOUT: min.out                                                               
| INPCRD: ASP.inpcrd                                                            
|   PARM: ASP.prmtop                                                            
| RESTRT: mincrd                                                                
|   REFC: refc                                                                  
|  MDVEL: mdvel                                                                 
|   MDEN: mden                                                                  
|  MDCRD: mdcrd                                                                 
| MDINFO: mdinfo                                                                
|  MDFRC: mdfrc                                                                 


 Here is the input file:

Initial minimization                                                           
 &cntrl                                                                        
  ntx    = 1,       irest  = 0,       ntrx   = 1,      ntxo   = 1,             
  ntpr   = 100,     ntwx   = 0,       ntwv   = 0,      ntwe   = 0,             
                                                                               
  ntf    = 1,       ntb    = 1,                                                
  ntc    = 1,                                                                  
                                                                               
  cut    = 14.0,                                                               
                                                                               
  imin   = 1,                                                                  
  maxcyc = 1000,                                                               
  ncyc   = 100,                                                                
 &end                                                                          
 &ewald                                                                        
  nfft1 = 32, nfft2 = 32, nfft3 = 32,                                          
 &end                                                                          


Note: ig = -1. Setting random seed to   870906 based on wallclock time in 
      microseconds.
| irandom = 1, using AMBER's internal random number generator (default).
 
 
| Conditional Compilation Defines Used:
| FFTW_FFT
| BINTRAJ
| MKL
| EMIL

| Largest sphere to fit in unit cell has radius =    24.000

| New format PARM file being parsed.
| Version =    1.000 Date = 05/02/20 Time = 16:01:59

| Note: 1-4 EEL scale factors are being read from the topology file.

| Note: 1-4 VDW scale factors are being read from the topology file.
| Duplicated    0 dihedrals

| Duplicated    0 dihedrals

--------------------------------------------------------------------------------
   1.  RESOURCE   USE: 
--------------------------------------------------------------------------------

 getting new box info from bottom of inpcrd
 NATOM  =      19 NTYPES =       7 NBONH =       7 MBONA  =      11
 NTHETH =      16 MTHETA =      14 NPHIH =      33 MPHIA  =      33
 NHPARM =       0 NPARM  =       0 NNB   =      87 NRES   =       2
 NBONA  =      11 NTHETA =      14 NPHIA =      33 NUMBND =      13
 NUMANG =      22 NPTRA  =      24 NATYP =      11 NPHB   =       0
 IFBOX  =       1 NMXRS  =      13 IFCAP =       0 NEXTRA =       0
 NCOPY  =       0

| Coordinate Index Table dimensions:     6    6    6
| Direct force subcell size =     8.0000    8.0000    8.0000

     BOX TYPE: RECTILINEAR

--------------------------------------------------------------------------------
   2.  CONTROL  DATA  FOR  THE  RUN
--------------------------------------------------------------------------------

ACE                                                                             

General flags:
     imin    =       1, nmropt  =       0

Nature and format of input:
     ntx     =       1, irest   =       0, ntrx    =       1

Nature and format of output:
     ntxo    =       1, ntpr    =     100, ntrx    =       1, ntwr    =       1
     iwrap   =       0, ntwx    =       0, ntwv    =       0, ntwe    =       0
     ioutfm  =       1, ntwprt  =       0, idecomp =       0, rbornstat=      0

Potential function:
     ntf     =       1, ntb     =       1, igb     =       0, nsnb    =      25
     ipol    =       0, gbsa    =       0, iesp    =       0
     dielc   =   1.00000, cut     =  14.00000, intdiel =   1.00000

Frozen or restrained atoms:
     ibelly  =       0, ntr     =       0

Energy minimization:
     maxcyc  =    1000, ncyc    =     100, ntmin   =       1
     dx0     =   0.01000, drms    =   0.00010

| Intermolecular bonds treatment:
|     no_intermolecular_bonds =       1

| Energy averages sample interval:
|     ene_avg_sampling =       1

Ewald parameters:
     verbose =       0, ew_type =       0, nbflag  =       1, use_pme =       1
     vdwmeth =       1, eedmeth =       1, netfrc  =       0
     Box X =   48.000   Box Y =   48.000   Box Z =   48.000
     Alpha =   90.000   Beta  =   90.000   Gamma =   90.000
     NFFT1 =   32       NFFT2 =   32       NFFT3 =   32
     Cutoff=   14.000   Tol   =0.100E-04
     Ewald Coefficient =  0.19234
     Interpolation order =    4

--------------------------------------------------------------------------------
   3.  ATOMIC COORDINATES AND VELOCITIES
--------------------------------------------------------------------------------

ACE                                                                             
 begin time read from input coords =     0.000 ps

 
 Number of triangulated 3-point waters found:        0

     Sum of charges from parm topology file =  -2.00000000
     Assuming uniform neutralizing plasma

| Dynamic Memory, Types Used:
| Reals              199924
| Integers             2084

| Nonbonded Pairs Initial Allocation:       14485

--------------------------------------------------------------------------------
   4.  RESULTS
--------------------------------------------------------------------------------

 ---------------------------------------------------
 APPROXIMATING switch and d/dx switch using CUBIC SPLINE INTERPOLATION
 using   5000.0 points per unit in tabled values
 TESTING RELATIVE ERROR over r ranging from 0.0 to cutoff
| CHECK switch(x): max rel err =   0.2738E-14   at   2.422500
| CHECK d/dx switch(x): max rel err =   0.7883E-11   at   2.684960
 ---------------------------------------------------
|---------------------------------------------------
| APPROXIMATING direct energy using CUBIC SPLINE INTERPOLATION
|  with   50.0 points per unit in tabled values
| Relative Error Limit not exceeded for r .gt.   2.24
| APPROXIMATING direct force using CUBIC SPLINE INTERPOLATION
|  with   50.0 points per unit in tabled values
| Relative Error Limit not exceeded for r .gt.   2.76
|---------------------------------------------------


   NSTEP       ENERGY          RMS            GMAX         NAME    NUMBER
      1       7.8578E+01     1.9293E+01     6.8979E+01     OXT        19

 BOND    =        0.7383  ANGLE   =        2.1347  DIHED      =       15.7608
 VDWAALS =       14.1354  EEL     =     -108.6681  HBOND      =        0.0000
 1-4 VDW =        4.5357  1-4 EEL =      149.9416  RESTRAINT  =        0.0000


   NSTEP       ENERGY          RMS            GMAX         NAME    NUMBER
    100       3.8521E+01     8.5656E-01     2.6609E+00     OXT        19

 BOND    =        1.1647  ANGLE   =        3.6176  DIHED      =       16.0089
 VDWAALS =       -2.1602  EEL     =     -124.5188  HBOND      =        0.0000
 1-4 VDW =        2.9270  1-4 EEL =      141.4821  RESTRAINT  =        0.0000


   NSTEP       ENERGY          RMS            GMAX         NAME    NUMBER
    200       3.5365E+01     2.4910E-01     6.6802E-01     CB         11

 BOND    =        1.0464  ANGLE   =        4.0719  DIHED      =       14.4654
 VDWAALS =       -2.2202  EEL     =     -124.7483  HBOND      =        0.0000
 1-4 VDW =        2.4942  1-4 EEL =      140.2561  RESTRAINT  =        0.0000


   NSTEP       ENERGY          RMS            GMAX         NAME    NUMBER
    300       3.5295E+01     9.0200E-02     2.9554E-01     O           6

 BOND    =        1.0555  ANGLE   =        4.0813  DIHED      =       14.3108
 VDWAALS =       -2.1842  EEL     =     -124.2263  HBOND      =        0.0000
 1-4 VDW =        2.4908  1-4 EEL =      139.7671  RESTRAINT  =        0.0000


   NSTEP       ENERGY          RMS            GMAX         NAME    NUMBER
    400       3.5281E+01     1.6516E-01     5.7826E-01     C           5

 BOND    =        1.0577  ANGLE   =        4.1096  DIHED      =       14.2783
 VDWAALS =       -2.1722  EEL     =     -124.0769  HBOND      =        0.0000
 1-4 VDW =        2.5008  1-4 EEL =      139.5839  RESTRAINT  =        0.0000


   NSTEP       ENERGY          RMS            GMAX         NAME    NUMBER
    500       3.5277E+01     2.2240E-02     5.6820E-02     HB3        13

 BOND    =        1.0539  ANGLE   =        4.0803  DIHED      =       14.2754
 VDWAALS =       -2.1681  EEL     =     -123.9998  HBOND      =        0.0000
 1-4 VDW =        2.5132  1-4 EEL =      139.5224  RESTRAINT  =        0.0000


   NSTEP       ENERGY          RMS            GMAX         NAME    NUMBER
    600       3.5277E+01     7.7572E-03     2.3118E-02     CG         14

 BOND    =        1.0533  ANGLE   =        4.0814  DIHED      =       14.2783
 VDWAALS =       -2.1669  EEL     =     -123.9831  HBOND      =        0.0000
 1-4 VDW =        2.5188  1-4 EEL =      139.4947  RESTRAINT  =        0.0000


   NSTEP       ENERGY          RMS            GMAX         NAME    NUMBER
    700       3.5276E+01     1.1425E-02     2.6518E-02     CA          9

 BOND    =        1.0542  ANGLE   =        4.0839  DIHED      =       14.2784
 VDWAALS =       -2.1663  EEL     =     -123.9750  HBOND      =        0.0000
 1-4 VDW =        2.5202  1-4 EEL =      139.4811  RESTRAINT  =        0.0000


   NSTEP       ENERGY          RMS            GMAX         NAME    NUMBER
    800       3.5276E+01     7.0196E-03     1.8939E-02     OD1        15

 BOND    =        1.0547  ANGLE   =        4.0812  DIHED      =       14.2803
 VDWAALS =       -2.1661  EEL     =     -123.9716  HBOND      =        0.0000
 1-4 VDW =        2.5216  1-4 EEL =      139.4762  RESTRAINT  =        0.0000


   NSTEP       ENERGY          RMS            GMAX         NAME    NUMBER
    900       3.5276E+01     1.0221E-02     2.9461E-02     CG         14

 BOND    =        1.0551  ANGLE   =        4.0810  DIHED      =       14.2796
 VDWAALS =       -2.1660  EEL     =     -123.9707  HBOND      =        0.0000
 1-4 VDW =        2.5216  1-4 EEL =      139.4757  RESTRAINT  =        0.0000


   NSTEP       ENERGY          RMS            GMAX         NAME    NUMBER
   1000       3.5276E+01     4.8416E-03     1.1808E-02     CA          9

 BOND    =        1.0544  ANGLE   =        4.0819  DIHED      =       14.2798
 VDWAALS =       -2.1660  EEL     =     -123.9705  HBOND      =        0.0000
 1-4 VDW =        2.5217  1-4 EEL =      139.4750  RESTRAINT  =        0.0000


  Maximum number of minimization cycles reached.


                    FINAL RESULTS



   NSTEP       ENERGY          RMS            GMAX         NAME    NUMBER
   1000       3.5276E+01     4.8416E-03     1.1808E-02     CA          9

 BOND    =        1.0544  ANGLE   =        4.0819  DIHED      =       14.2798
 VDWAALS =       -2.1660  EEL     =     -123.9705  HBOND      =        0.0000
 1-4 VDW =        2.5217  1-4 EEL =      139.4750  RESTRAINT  =        0.0000
--------------------------------------------------------------------------------
   5.  TIMINGS
--------------------------------------------------------------------------------

|  NonSetup CPU Time in Major Routines:
|
|     Routine           Sec        %
|     ------------------------------
|     Nonbond           2.13   98.80
|     Bond              0.00    0.09
|     Angle             0.00    0.20
|     Dihedral          0.01    0.70
|     Shake             0.00    0.00
|     Other             0.00    0.22
|     ------------------------------
|     Total             2.15

|  PME Nonbond Pairlist CPU Time:
|
|     Routine              Sec        %
|     ---------------------------------
|     Set Up Cit           0.00    0.01
|     Build List           0.00    0.03
|     ---------------------------------
|     Total                0.00    0.04

|  PME Direct Force CPU Time:
|
|     Routine              Sec        %
|     ---------------------------------
|     NonBonded Calc       0.01    0.51
|     Exclude Masked       0.01    0.33
|     Other                0.01    0.38
|     ---------------------------------
|     Total                0.03    1.22

|  PME Reciprocal Force CPU Time:
|
|     Routine              Sec        %
|     ---------------------------------
|     1D bspline           0.00    0.15
|     Grid Charges         0.08    3.91
|     Scalar Sum           0.85   39.39
|     Gradient Sum         0.01    0.54
|     FFT                  1.15   53.65
|     ---------------------------------
|     Total                2.10   97.64

|  Setup CPU time:            0.04 seconds
|  NonSetup CPU time:         2.15 seconds
|  Total CPU time:            2.20 seconds     0.00 hours

|  Setup wall time:           0    seconds
|  NonSetup wall time:        2    seconds
|  Total wall time:           2    seconds     0.00 hours
