
          -------------------------------------------------------
          Amber 20 PMEMD                              2020
          -------------------------------------------------------

| PMEMD implementation of SANDER, Release 18

|  Compiled date/time: Tue Apr 28 23:52:05 2020
| Run on 05/02/2020 at 19:24:35

|   Executable path: pmemd
| Working directory: /home/cerutti/OpenForceField/Dipeptides/NTerminal/ARG
|          Hostname: Unknown
  [-O]verwriting output

File Assignments:
|   MDIN: ../../min.in                                                          
|  MDOUT: min.out                                                               
| INPCRD: ARG.inpcrd                                                            
|   PARM: ARG.prmtop                                                            
| RESTRT: mincrd                                                                
|   REFC: refc                                                                  
|  MDVEL: mdvel                                                                 
|   MDEN: mden                                                                  
|  MDCRD: mdcrd                                                                 
| MDINFO: mdinfo                                                                
|  MDFRC: mdfrc                                                                 


 Here is the input file:

Initial minimization                                                           
 &cntrl                                                                        
  ntx    = 1,       irest  = 0,       ntrx   = 1,      ntxo   = 1,             
  ntpr   = 100,     ntwx   = 0,       ntwv   = 0,      ntwe   = 0,             
                                                                               
  ntf    = 1,       ntb    = 1,                                                
  ntc    = 1,                                                                  
                                                                               
  cut    = 14.0,                                                               
                                                                               
  imin   = 1,                                                                  
  maxcyc = 1000,                                                               
  ncyc   = 100,                                                                
 &end                                                                          
 &ewald                                                                        
  nfft1 = 32, nfft2 = 32, nfft3 = 32,                                          
 &end                                                                          


Note: ig = -1. Setting random seed to   307023 based on wallclock time in 
      microseconds.
| irandom = 1, using AMBER's internal random number generator (default).
 
 
| Conditional Compilation Defines Used:
| FFTW_FFT
| BINTRAJ
| MKL
| EMIL

| Largest sphere to fit in unit cell has radius =    24.000

| New format PARM file being parsed.
| Version =    1.000 Date = 05/02/20 Time = 19:24:35

| Note: 1-4 EEL scale factors are being read from the topology file.

| Note: 1-4 VDW scale factors are being read from the topology file.
| Duplicated    0 dihedrals

| Duplicated    0 dihedrals

--------------------------------------------------------------------------------
   1.  RESOURCE   USE: 
--------------------------------------------------------------------------------

 getting new box info from bottom of inpcrd
 NATOM  =      32 NTYPES =       8 NBONH =      19 MBONA  =      12
 NTHETH =      40 MTHETA =      14 NPHIH =      72 MPHIA  =      23
 NHPARM =       0 NPARM  =       0 NNB   =     157 NRES   =       2
 NBONA  =      12 NTHETA =      14 NPHIA =      23 NUMBND =      16
 NUMANG =      30 NPTRA  =      19 NATYP =      13 NPHB   =       0
 IFBOX  =       1 NMXRS  =      26 IFCAP =       0 NEXTRA =       0
 NCOPY  =       0

| Coordinate Index Table dimensions:     6    6    6
| Direct force subcell size =     8.0000    8.0000    8.0000

     BOX TYPE: RECTILINEAR

--------------------------------------------------------------------------------
   2.  CONTROL  DATA  FOR  THE  RUN
--------------------------------------------------------------------------------

NARG                                                                            

General flags:
     imin    =       1, nmropt  =       0

Nature and format of input:
     ntx     =       1, irest   =       0, ntrx    =       1

Nature and format of output:
     ntxo    =       1, ntpr    =     100, ntrx    =       1, ntwr    =       1
     iwrap   =       0, ntwx    =       0, ntwv    =       0, ntwe    =       0
     ioutfm  =       1, ntwprt  =       0, idecomp =       0, rbornstat=      0

Potential function:
     ntf     =       1, ntb     =       1, igb     =       0, nsnb    =      25
     ipol    =       0, gbsa    =       0, iesp    =       0
     dielc   =   1.00000, cut     =  14.00000, intdiel =   1.00000

Frozen or restrained atoms:
     ibelly  =       0, ntr     =       0

Energy minimization:
     maxcyc  =    1000, ncyc    =     100, ntmin   =       1
     dx0     =   0.01000, drms    =   0.00010

| Intermolecular bonds treatment:
|     no_intermolecular_bonds =       1

| Energy averages sample interval:
|     ene_avg_sampling =       1

Ewald parameters:
     verbose =       0, ew_type =       0, nbflag  =       1, use_pme =       1
     vdwmeth =       1, eedmeth =       1, netfrc  =       0
     Box X =   48.000   Box Y =   48.000   Box Z =   48.000
     Alpha =   90.000   Beta  =   90.000   Gamma =   90.000
     NFFT1 =   32       NFFT2 =   32       NFFT3 =   32
     Cutoff=   14.000   Tol   =0.100E-04
     Ewald Coefficient =  0.19234
     Interpolation order =    4

--------------------------------------------------------------------------------
   3.  ATOMIC COORDINATES AND VELOCITIES
--------------------------------------------------------------------------------

NARG                                                                            
 begin time read from input coords =     0.000 ps

 
 Number of triangulated 3-point waters found:        0

     Sum of charges from parm topology file =   2.00000000
     Assuming uniform neutralizing plasma

| Dynamic Memory, Types Used:
| Reals              200228
| Integers             3435

| Nonbonded Pairs Initial Allocation:       24396

--------------------------------------------------------------------------------
   4.  RESULTS
--------------------------------------------------------------------------------

 ---------------------------------------------------
 APPROXIMATING switch and d/dx switch using CUBIC SPLINE INTERPOLATION
 using   5000.0 points per unit in tabled values
 TESTING RELATIVE ERROR over r ranging from 0.0 to cutoff
| CHECK switch(x): max rel err =   0.2738E-14   at   2.422500
| CHECK d/dx switch(x): max rel err =   0.7883E-11   at   2.684960
 ---------------------------------------------------
|---------------------------------------------------
| APPROXIMATING direct energy using CUBIC SPLINE INTERPOLATION
|  with   50.0 points per unit in tabled values
| Relative Error Limit not exceeded for r .gt.   2.24
| APPROXIMATING direct force using CUBIC SPLINE INTERPOLATION
|  with   50.0 points per unit in tabled values
| Relative Error Limit not exceeded for r .gt.   2.76
|---------------------------------------------------


   NSTEP       ENERGY          RMS            GMAX         NAME    NUMBER
      1      -1.0683E+01     9.5799E+01     4.7096E+02     HG2        11

 BOND    =        0.4202  ANGLE   =        2.2157  DIHED      =        3.6032
 VDWAALS =      104.6237  EEL     =      131.5802  HBOND      =        0.0000
 1-4 VDW =        5.7932  1-4 EEL =     -258.9193  RESTRAINT  =        0.0000


   NSTEP       ENERGY          RMS            GMAX         NAME    NUMBER
    100      -1.2255E+02     7.5755E-01     3.0610E+00     N          27

 BOND    =        2.4620  ANGLE   =        2.8436  DIHED      =        4.2800
 VDWAALS =       -0.0937  EEL     =      130.8808  HBOND      =        0.0000
 1-4 VDW =        3.9890  1-4 EEL =     -266.9155  RESTRAINT  =        0.0000


   NSTEP       ENERGY          RMS            GMAX         NAME    NUMBER
    200      -1.2679E+02     2.0549E+00     5.2187E+00     C          25

 BOND    =        2.5532  ANGLE   =        2.4849  DIHED      =        3.2857
 VDWAALS =       -1.7523  EEL     =      129.7653  HBOND      =        0.0000
 1-4 VDW =        3.2963  1-4 EEL =     -266.4186  RESTRAINT  =        0.0000


   NSTEP       ENERGY          RMS            GMAX         NAME    NUMBER
    300      -1.2879E+02     5.5789E-01     1.9254E+00     CZ         18

 BOND    =        2.2307  ANGLE   =        2.5428  DIHED      =        1.4476
 VDWAALS =       -1.9280  EEL     =      130.1107  HBOND      =        0.0000
 1-4 VDW =        3.2117  1-4 EEL =     -266.4023  RESTRAINT  =        0.0000


   NSTEP       ENERGY          RMS            GMAX         NAME    NUMBER
    400      -1.2909E+02     8.1539E-02     2.3525E-01     CZ         18

 BOND    =        2.2328  ANGLE   =        2.5364  DIHED      =        1.2166
 VDWAALS =       -2.0238  EEL     =      130.2727  HBOND      =        0.0000
 1-4 VDW =        3.1610  1-4 EEL =     -266.4836  RESTRAINT  =        0.0000


   NSTEP       ENERGY          RMS            GMAX         NAME    NUMBER
    500      -1.2912E+02     3.6474E-02     1.1270E-01     CA          5

 BOND    =        2.2317  ANGLE   =        2.5425  DIHED      =        1.2347
 VDWAALS =       -2.0542  EEL     =      130.2284  HBOND      =        0.0000
 1-4 VDW =        3.1363  1-4 EEL =     -266.4370  RESTRAINT  =        0.0000


   NSTEP       ENERGY          RMS            GMAX         NAME    NUMBER
    600      -1.2913E+02     1.8887E-02     5.3579E-02     C          25

 BOND    =        2.2262  ANGLE   =        2.5569  DIHED      =        1.2494
 VDWAALS =       -2.0768  EEL     =      130.2052  HBOND      =        0.0000
 1-4 VDW =        3.1226  1-4 EEL =     -266.4136  RESTRAINT  =        0.0000


   NSTEP       ENERGY          RMS            GMAX         NAME    NUMBER
    700      -1.2913E+02     1.9981E-02     7.5791E-02     C          25

 BOND    =        2.2289  ANGLE   =        2.5572  DIHED      =        1.2501
 VDWAALS =       -2.0811  EEL     =      130.2018  HBOND      =        0.0000
 1-4 VDW =        3.1230  1-4 EEL =     -266.4129  RESTRAINT  =        0.0000


   NSTEP       ENERGY          RMS            GMAX         NAME    NUMBER
    800      -1.2914E+02     8.3137E-03     2.1988E-02     CA          5

 BOND    =        2.2254  ANGLE   =        2.5579  DIHED      =        1.2493
 VDWAALS =       -2.0856  EEL     =      130.1972  HBOND      =        0.0000
 1-4 VDW =        3.1247  1-4 EEL =     -266.4058  RESTRAINT  =        0.0000


   NSTEP       ENERGY          RMS            GMAX         NAME    NUMBER
    900      -1.2914E+02     1.4659E-02     5.5154E-02     C          25

 BOND    =        2.2250  ANGLE   =        2.5567  DIHED      =        1.2485
 VDWAALS =       -2.0873  EEL     =      130.1980  HBOND      =        0.0000
 1-4 VDW =        3.1268  1-4 EEL =     -266.4064  RESTRAINT  =        0.0000


   NSTEP       ENERGY          RMS            GMAX         NAME    NUMBER
   1000      -1.2914E+02     6.6726E-03     2.0082E-02     CB          7

 BOND    =        2.2243  ANGLE   =        2.5545  DIHED      =        1.2485
 VDWAALS =       -2.0886  EEL     =      130.1951  HBOND      =        0.0000
 1-4 VDW =        3.1306  1-4 EEL =     -266.4044  RESTRAINT  =        0.0000


  Maximum number of minimization cycles reached.


                    FINAL RESULTS



   NSTEP       ENERGY          RMS            GMAX         NAME    NUMBER
   1000      -1.2914E+02     6.6726E-03     2.0082E-02     CB          7

 BOND    =        2.2243  ANGLE   =        2.5545  DIHED      =        1.2485
 VDWAALS =       -2.0886  EEL     =      130.1951  HBOND      =        0.0000
 1-4 VDW =        3.1306  1-4 EEL =     -266.4044  RESTRAINT  =        0.0000
--------------------------------------------------------------------------------
   5.  TIMINGS
--------------------------------------------------------------------------------

|  NonSetup CPU Time in Major Routines:
|
|     Routine           Sec        %
|     ------------------------------
|     Nonbond           2.16   98.38
|     Bond              0.00    0.11
|     Angle             0.01    0.31
|     Dihedral          0.02    0.97
|     Shake             0.00    0.00
|     Other             0.00    0.23
|     ------------------------------
|     Total             2.20

|  PME Nonbond Pairlist CPU Time:
|
|     Routine              Sec        %
|     ---------------------------------
|     Set Up Cit           0.00    0.01
|     Build List           0.00    0.04
|     ---------------------------------
|     Total                0.00    0.05

|  PME Direct Force CPU Time:
|
|     Routine              Sec        %
|     ---------------------------------
|     NonBonded Calc       0.03    1.32
|     Exclude Masked       0.01    0.56
|     Other                0.01    0.38
|     ---------------------------------
|     Total                0.05    2.26

|  PME Reciprocal Force CPU Time:
|
|     Routine              Sec        %
|     ---------------------------------
|     1D bspline           0.00    0.20
|     Grid Charges         0.09    4.01
|     Scalar Sum           0.85   38.65
|     Gradient Sum         0.02    0.84
|     FFT                  1.15   52.46
|     ---------------------------------
|     Total                2.11   96.16

|  Setup CPU time:            0.05 seconds
|  NonSetup CPU time:         2.20 seconds
|  Total CPU time:            2.24 seconds     0.00 hours

|  Setup wall time:           0    seconds
|  NonSetup wall time:        3    seconds
|  Total wall time:           3    seconds     0.00 hours
