
          -------------------------------------------------------
          Amber 20 PMEMD                              2020
          -------------------------------------------------------

| PMEMD implementation of SANDER, Release 18

|  Compiled date/time: Tue Apr 28 23:52:05 2020
| Run on 05/02/2020 at 16:02:04

|   Executable path: pmemd
| Working directory: /home/cerutti/OpenForceField/Dipeptides/CTerminal/GLN
|          Hostname: Unknown
  [-O]verwriting output

File Assignments:
|   MDIN: ../../min.in                                                          
|  MDOUT: min.out                                                               
| INPCRD: GLN.inpcrd                                                            
|   PARM: GLN.prmtop                                                            
| RESTRT: mincrd                                                                
|   REFC: refc                                                                  
|  MDVEL: mdvel                                                                 
|   MDEN: mden                                                                  
|  MDCRD: mdcrd                                                                 
| MDINFO: mdinfo                                                                
|  MDFRC: mdfrc                                                                 


 Here is the input file:

Initial minimization                                                           
 &cntrl                                                                        
  ntx    = 1,       irest  = 0,       ntrx   = 1,      ntxo   = 1,             
  ntpr   = 100,     ntwx   = 0,       ntwv   = 0,      ntwe   = 0,             
                                                                               
  ntf    = 1,       ntb    = 1,                                                
  ntc    = 1,                                                                  
                                                                               
  cut    = 14.0,                                                               
                                                                               
  imin   = 1,                                                                  
  maxcyc = 1000,                                                               
  ncyc   = 100,                                                                
 &end                                                                          
 &ewald                                                                        
  nfft1 = 32, nfft2 = 32, nfft3 = 32,                                          
 &end                                                                          


Note: ig = -1. Setting random seed to   460090 based on wallclock time in 
      microseconds.
| irandom = 1, using AMBER's internal random number generator (default).
 
 
| Conditional Compilation Defines Used:
| FFTW_FFT
| BINTRAJ
| MKL
| EMIL

| Largest sphere to fit in unit cell has radius =    24.000

| New format PARM file being parsed.
| Version =    1.000 Date = 05/02/20 Time = 16:02:04

| Note: 1-4 EEL scale factors are being read from the topology file.

| Note: 1-4 VDW scale factors are being read from the topology file.
| Duplicated    0 dihedrals

| Duplicated    0 dihedrals

--------------------------------------------------------------------------------
   1.  RESOURCE   USE: 
--------------------------------------------------------------------------------

 getting new box info from bottom of inpcrd
 NATOM  =      24 NTYPES =       7 NBONH =      11 MBONA  =      12
 NTHETH =      24 MTHETA =      15 NPHIH =      52 MPHIA  =      34
 NHPARM =       0 NPARM  =       0 NNB   =     114 NRES   =       2
 NBONA  =      12 NTHETA =      15 NPHIA =      34 NUMBND =      13
 NUMANG =      25 NPTRA  =      32 NATYP =      10 NPHB   =       0
 IFBOX  =       1 NMXRS  =      18 IFCAP =       0 NEXTRA =       0
 NCOPY  =       0

| Coordinate Index Table dimensions:     6    6    6
| Direct force subcell size =     8.0000    8.0000    8.0000

     BOX TYPE: RECTILINEAR

--------------------------------------------------------------------------------
   2.  CONTROL  DATA  FOR  THE  RUN
--------------------------------------------------------------------------------

ACE                                                                             

General flags:
     imin    =       1, nmropt  =       0

Nature and format of input:
     ntx     =       1, irest   =       0, ntrx    =       1

Nature and format of output:
     ntxo    =       1, ntpr    =     100, ntrx    =       1, ntwr    =       1
     iwrap   =       0, ntwx    =       0, ntwv    =       0, ntwe    =       0
     ioutfm  =       1, ntwprt  =       0, idecomp =       0, rbornstat=      0

Potential function:
     ntf     =       1, ntb     =       1, igb     =       0, nsnb    =      25
     ipol    =       0, gbsa    =       0, iesp    =       0
     dielc   =   1.00000, cut     =  14.00000, intdiel =   1.00000

Frozen or restrained atoms:
     ibelly  =       0, ntr     =       0

Energy minimization:
     maxcyc  =    1000, ncyc    =     100, ntmin   =       1
     dx0     =   0.01000, drms    =   0.00010

| Intermolecular bonds treatment:
|     no_intermolecular_bonds =       1

| Energy averages sample interval:
|     ene_avg_sampling =       1

Ewald parameters:
     verbose =       0, ew_type =       0, nbflag  =       1, use_pme =       1
     vdwmeth =       1, eedmeth =       1, netfrc  =       0
     Box X =   48.000   Box Y =   48.000   Box Z =   48.000
     Alpha =   90.000   Beta  =   90.000   Gamma =   90.000
     NFFT1 =   32       NFFT2 =   32       NFFT3 =   32
     Cutoff=   14.000   Tol   =0.100E-04
     Ewald Coefficient =  0.19234
     Interpolation order =    4

--------------------------------------------------------------------------------
   3.  ATOMIC COORDINATES AND VELOCITIES
--------------------------------------------------------------------------------

ACE                                                                             
 begin time read from input coords =     0.000 ps

 
 Number of triangulated 3-point waters found:        0

     Sum of charges from parm topology file =  -1.00000000
     Assuming uniform neutralizing plasma

| Dynamic Memory, Types Used:
| Reals              200104
| Integers             2707

| Nonbonded Pairs Initial Allocation:       18297

--------------------------------------------------------------------------------
   4.  RESULTS
--------------------------------------------------------------------------------

 ---------------------------------------------------
 APPROXIMATING switch and d/dx switch using CUBIC SPLINE INTERPOLATION
 using   5000.0 points per unit in tabled values
 TESTING RELATIVE ERROR over r ranging from 0.0 to cutoff
| CHECK switch(x): max rel err =   0.2738E-14   at   2.422500
| CHECK d/dx switch(x): max rel err =   0.7883E-11   at   2.684960
 ---------------------------------------------------
|---------------------------------------------------
| APPROXIMATING direct energy using CUBIC SPLINE INTERPOLATION
|  with   50.0 points per unit in tabled values
| Relative Error Limit not exceeded for r .gt.   2.24
| APPROXIMATING direct force using CUBIC SPLINE INTERPOLATION
|  with   50.0 points per unit in tabled values
| Relative Error Limit not exceeded for r .gt.   2.76
|---------------------------------------------------


   NSTEP       ENERGY          RMS            GMAX         NAME    NUMBER
      1      -3.7697E+01     3.3372E+01     1.3202E+02     OXT        24

 BOND    =        0.5995  ANGLE   =        2.1041  DIHED      =       15.9243
 VDWAALS =       34.3186  EEL     =     -115.5442  HBOND      =        0.0000
 1-4 VDW =        6.0773  1-4 EEL =       18.8231  RESTRAINT  =        0.0000


   NSTEP       ENERGY          RMS            GMAX         NAME    NUMBER
    100      -7.9734E+01     1.5918E+00     5.8366E+00     C           5

 BOND    =        0.7699  ANGLE   =        3.5363  DIHED      =       15.5817
 VDWAALS =       -1.1210  EEL     =     -117.1008  HBOND      =        0.0000
 1-4 VDW =        3.7749  1-4 EEL =       14.8248  RESTRAINT  =        0.0000


   NSTEP       ENERGY          RMS            GMAX         NAME    NUMBER
    200      -8.0979E+01     2.6087E-01     9.7176E-01     CA          9

 BOND    =        0.6605  ANGLE   =        3.3076  DIHED      =       15.1914
 VDWAALS =       -1.8582  EEL     =     -115.9791  HBOND      =        0.0000
 1-4 VDW =        3.4548  1-4 EEL =       14.2437  RESTRAINT  =        0.0000


   NSTEP       ENERGY          RMS            GMAX         NAME    NUMBER
    300      -8.1046E+01     9.4959E-02     2.2348E-01     H1          1

 BOND    =        0.6498  ANGLE   =        3.2848  DIHED      =       15.1586
 VDWAALS =       -1.8648  EEL     =     -116.1905  HBOND      =        0.0000
 1-4 VDW =        3.4782  1-4 EEL =       14.4383  RESTRAINT  =        0.0000


   NSTEP       ENERGY          RMS            GMAX         NAME    NUMBER
    400      -8.1069E+01     8.5825E-02     2.0449E-01     H1          1

 BOND    =        0.6540  ANGLE   =        3.2851  DIHED      =       15.1442
 VDWAALS =       -1.8613  EEL     =     -116.2586  HBOND      =        0.0000
 1-4 VDW =        3.4803  1-4 EEL =       14.4876  RESTRAINT  =        0.0000


   NSTEP       ENERGY          RMS            GMAX         NAME    NUMBER
    500      -8.1080E+01     3.8181E-02     1.2591E-01     H1          1

 BOND    =        0.6486  ANGLE   =        3.2787  DIHED      =       15.1399
 VDWAALS =       -1.8556  EEL     =     -116.2886  HBOND      =        0.0000
 1-4 VDW =        3.4776  1-4 EEL =       14.5197  RESTRAINT  =        0.0000


   NSTEP       ENERGY          RMS            GMAX         NAME    NUMBER
    600      -8.1086E+01     6.9841E-02     2.0779E-01     CA          9

 BOND    =        0.6513  ANGLE   =        3.2848  DIHED      =       15.1381
 VDWAALS =       -1.8505  EEL     =     -116.2895  HBOND      =        0.0000
 1-4 VDW =        3.4719  1-4 EEL =       14.5076  RESTRAINT  =        0.0000


   NSTEP       ENERGY          RMS            GMAX         NAME    NUMBER
    700      -8.1092E+01     2.7703E-02     7.4591E-02     O          23

 BOND    =        0.6464  ANGLE   =        3.2712  DIHED      =       15.1384
 VDWAALS =       -1.8423  EEL     =     -116.3133  HBOND      =        0.0000
 1-4 VDW =        3.4701  1-4 EEL =       14.5377  RESTRAINT  =        0.0000


   NSTEP       ENERGY          RMS            GMAX         NAME    NUMBER
    800      -8.1096E+01     3.0250E-02     8.5555E-02     HE22       21

 BOND    =        0.6479  ANGLE   =        3.2715  DIHED      =       15.1406
 VDWAALS =       -1.8380  EEL     =     -116.3249  HBOND      =        0.0000
 1-4 VDW =        3.4654  1-4 EEL =       14.5420  RESTRAINT  =        0.0000


   NSTEP       ENERGY          RMS            GMAX         NAME    NUMBER
    900      -8.1099E+01     3.6349E-02     1.0300E-01     H1          1

 BOND    =        0.6460  ANGLE   =        3.2707  DIHED      =       15.1440
 VDWAALS =       -1.8325  EEL     =     -116.3310  HBOND      =        0.0000
 1-4 VDW =        3.4619  1-4 EEL =       14.5422  RESTRAINT  =        0.0000


   NSTEP       ENERGY          RMS            GMAX         NAME    NUMBER
   1000      -8.1101E+01     1.3207E-01     5.1313E-01     C          22

 BOND    =        0.6373  ANGLE   =        3.2593  DIHED      =       15.1474
 VDWAALS =       -1.8273  EEL     =     -116.3503  HBOND      =        0.0000
 1-4 VDW =        3.4605  1-4 EEL =       14.5720  RESTRAINT  =        0.0000


  Maximum number of minimization cycles reached.


                    FINAL RESULTS



   NSTEP       ENERGY          RMS            GMAX         NAME    NUMBER
   1000      -8.1101E+01     1.3207E-01     5.1313E-01     C          22

 BOND    =        0.6373  ANGLE   =        3.2593  DIHED      =       15.1474
 VDWAALS =       -1.8273  EEL     =     -116.3503  HBOND      =        0.0000
 1-4 VDW =        3.4605  1-4 EEL =       14.5720  RESTRAINT  =        0.0000
--------------------------------------------------------------------------------
   5.  TIMINGS
--------------------------------------------------------------------------------

|  NonSetup CPU Time in Major Routines:
|
|     Routine           Sec        %
|     ------------------------------
|     Nonbond           2.12   98.54
|     Bond              0.00    0.10
|     Angle             0.01    0.24
|     Dihedral          0.02    0.90
|     Shake             0.00    0.00
|     Other             0.00    0.22
|     ------------------------------
|     Total             2.16

|  PME Nonbond Pairlist CPU Time:
|
|     Routine              Sec        %
|     ---------------------------------
|     Set Up Cit           0.00    0.01
|     Build List           0.00    0.04
|     ---------------------------------
|     Total                0.00    0.05

|  PME Direct Force CPU Time:
|
|     Routine              Sec        %
|     ---------------------------------
|     NonBonded Calc       0.02    0.78
|     Exclude Masked       0.01    0.42
|     Other                0.01    0.38
|     ---------------------------------
|     Total                0.03    1.58

|  PME Reciprocal Force CPU Time:
|
|     Routine              Sec        %
|     ---------------------------------
|     1D bspline           0.00    0.17
|     Grid Charges         0.09    3.97
|     Scalar Sum           0.85   39.27
|     Gradient Sum         0.01    0.66
|     FFT                  1.14   52.93
|     ---------------------------------
|     Total                2.09   97.00

|  Setup CPU time:            0.04 seconds
|  NonSetup CPU time:         2.16 seconds
|  Total CPU time:            2.20 seconds     0.00 hours

|  Setup wall time:           1    seconds
|  NonSetup wall time:        2    seconds
|  Total wall time:           3    seconds     0.00 hours
