
          -------------------------------------------------------
          Amber 20 PMEMD                              2020
          -------------------------------------------------------

| PMEMD implementation of SANDER, Release 18

|  Compiled date/time: Tue Apr 28 23:52:05 2020
| Run on 05/02/2020 at 16:01:32

|   Executable path: pmemd
| Working directory: /home/cerutti/OpenForceField/Dipeptides/MainChain/PRO
|          Hostname: Unknown
  [-O]verwriting output

File Assignments:
|   MDIN: ../../min.in                                                          
|  MDOUT: min.out                                                               
| INPCRD: PRO.inpcrd                                                            
|   PARM: PRO.prmtop                                                            
| RESTRT: mincrd                                                                
|   REFC: refc                                                                  
|  MDVEL: mdvel                                                                 
|   MDEN: mden                                                                  
|  MDCRD: mdcrd                                                                 
| MDINFO: mdinfo                                                                
|  MDFRC: mdfrc                                                                 


 Here is the input file:

Initial minimization                                                           
 &cntrl                                                                        
  ntx    = 1,       irest  = 0,       ntrx   = 1,      ntxo   = 1,             
  ntpr   = 100,     ntwx   = 0,       ntwv   = 0,      ntwe   = 0,             
                                                                               
  ntf    = 1,       ntb    = 1,                                                
  ntc    = 1,                                                                  
                                                                               
  cut    = 14.0,                                                               
                                                                               
  imin   = 1,                                                                  
  maxcyc = 1000,                                                               
  ncyc   = 100,                                                                
 &end                                                                          
 &ewald                                                                        
  nfft1 = 32, nfft2 = 32, nfft3 = 32,                                          
 &end                                                                          


Note: ig = -1. Setting random seed to   529735 based on wallclock time in 
      microseconds.
| irandom = 1, using AMBER's internal random number generator (default).
 
 
| Conditional Compilation Defines Used:
| FFTW_FFT
| BINTRAJ
| MKL
| EMIL

| Largest sphere to fit in unit cell has radius =    24.000

| New format PARM file being parsed.
| Version =    1.000 Date = 05/02/20 Time = 16:01:32

| Note: 1-4 EEL scale factors are being read from the topology file.

| Note: 1-4 VDW scale factors are being read from the topology file.
| Duplicated    0 dihedrals

| Duplicated    0 dihedrals

--------------------------------------------------------------------------------
   1.  RESOURCE   USE: 
--------------------------------------------------------------------------------

 getting new box info from bottom of inpcrd
 NATOM  =      26 NTYPES =       7 NBONH =      14 MBONA  =      12
 NTHETH =      32 MTHETA =      16 NPHIH =      55 MPHIA  =      40
 NHPARM =       0 NPARM  =       0 NNB   =     135 NRES   =       3
 NBONA  =      12 NTHETA =      16 NPHIA =      40 NUMBND =      12
 NUMANG =      26 NPTRA  =      27 NATYP =       8 NPHB   =       0
 IFBOX  =       1 NMXRS  =      14 IFCAP =       0 NEXTRA =       0
 NCOPY  =       0

| Coordinate Index Table dimensions:     6    6    6
| Direct force subcell size =     8.0000    8.0000    8.0000

     BOX TYPE: RECTILINEAR

--------------------------------------------------------------------------------
   2.  CONTROL  DATA  FOR  THE  RUN
--------------------------------------------------------------------------------

ACE                                                                             

General flags:
     imin    =       1, nmropt  =       0

Nature and format of input:
     ntx     =       1, irest   =       0, ntrx    =       1

Nature and format of output:
     ntxo    =       1, ntpr    =     100, ntrx    =       1, ntwr    =       1
     iwrap   =       0, ntwx    =       0, ntwv    =       0, ntwe    =       0
     ioutfm  =       1, ntwprt  =       0, idecomp =       0, rbornstat=      0

Potential function:
     ntf     =       1, ntb     =       1, igb     =       0, nsnb    =      25
     ipol    =       0, gbsa    =       0, iesp    =       0
     dielc   =   1.00000, cut     =  14.00000, intdiel =   1.00000

Frozen or restrained atoms:
     ibelly  =       0, ntr     =       0

Energy minimization:
     maxcyc  =    1000, ncyc    =     100, ntmin   =       1
     dx0     =   0.01000, drms    =   0.00010

| Intermolecular bonds treatment:
|     no_intermolecular_bonds =       1

| Energy averages sample interval:
|     ene_avg_sampling =       1

Ewald parameters:
     verbose =       0, ew_type =       0, nbflag  =       1, use_pme =       1
     vdwmeth =       1, eedmeth =       1, netfrc  =       0
     Box X =   48.000   Box Y =   48.000   Box Z =   48.000
     Alpha =   90.000   Beta  =   90.000   Gamma =   90.000
     NFFT1 =   32       NFFT2 =   32       NFFT3 =   32
     Cutoff=   14.000   Tol   =0.100E-04
     Ewald Coefficient =  0.19234
     Interpolation order =    4

--------------------------------------------------------------------------------
   3.  ATOMIC COORDINATES AND VELOCITIES
--------------------------------------------------------------------------------

ACE                                                                             
 begin time read from input coords =     0.000 ps

 
 Number of triangulated 3-point waters found:        0

     Sum of charges from parm topology file =   0.00000000
     Forcing neutrality...

| Dynamic Memory, Types Used:
| Reals              200104
| Integers             3093

| Nonbonded Pairs Initial Allocation:       19821

--------------------------------------------------------------------------------
   4.  RESULTS
--------------------------------------------------------------------------------

 ---------------------------------------------------
 APPROXIMATING switch and d/dx switch using CUBIC SPLINE INTERPOLATION
 using   5000.0 points per unit in tabled values
 TESTING RELATIVE ERROR over r ranging from 0.0 to cutoff
| CHECK switch(x): max rel err =   0.2738E-14   at   2.422500
| CHECK d/dx switch(x): max rel err =   0.7883E-11   at   2.684960
 ---------------------------------------------------
|---------------------------------------------------
| APPROXIMATING direct energy using CUBIC SPLINE INTERPOLATION
|  with   50.0 points per unit in tabled values
| Relative Error Limit not exceeded for r .gt.   2.24
| APPROXIMATING direct force using CUBIC SPLINE INTERPOLATION
|  with   50.0 points per unit in tabled values
| Relative Error Limit not exceeded for r .gt.   2.76
|---------------------------------------------------


   NSTEP       ENERGY          RMS            GMAX         NAME    NUMBER
      1       1.6855E+01     9.5833E+00     3.1510E+01     CA         17

 BOND    =        0.6004  ANGLE   =        6.1334  DIHED      =       19.8632
 VDWAALS =        3.1811  EEL     =      -74.1199  HBOND      =        0.0000
 1-4 VDW =        5.6206  1-4 EEL =       55.5766  RESTRAINT  =        0.0000


   NSTEP       ENERGY          RMS            GMAX         NAME    NUMBER
    100       3.2975E+00     1.2009E+00     5.2041E+00     C           5

 BOND    =        0.4623  ANGLE   =        3.2004  DIHED      =       19.1616
 VDWAALS =       -1.7669  EEL     =      -74.4256  HBOND      =        0.0000
 1-4 VDW =        3.7769  1-4 EEL =       52.8888  RESTRAINT  =        0.0000


   NSTEP       ENERGY          RMS            GMAX         NAME    NUMBER
    200       6.1592E-01     3.5971E-01     1.1121E+00     N          21

 BOND    =        0.3514  ANGLE   =        4.1596  DIHED      =       17.7433
 VDWAALS =       -2.2702  EEL     =      -75.5848  HBOND      =        0.0000
 1-4 VDW =        3.4843  1-4 EEL =       52.7324  RESTRAINT  =        0.0000


   NSTEP       ENERGY          RMS            GMAX         NAME    NUMBER
    300       1.8261E-01     2.3735E-01     8.2416E-01     C           5

 BOND    =        0.3168  ANGLE   =        4.2255  DIHED      =       17.6803
 VDWAALS =       -2.3191  EEL     =      -75.9934  HBOND      =        0.0000
 1-4 VDW =        3.4214  1-4 EEL =       52.8512  RESTRAINT  =        0.0000


   NSTEP       ENERGY          RMS            GMAX         NAME    NUMBER
    400      -2.2726E-03     1.8411E-01     5.3785E-01     CH3        23

 BOND    =        0.3096  ANGLE   =        4.2250  DIHED      =       17.7524
 VDWAALS =       -2.3101  EEL     =      -76.2861  HBOND      =        0.0000
 1-4 VDW =        3.3856  1-4 EEL =       52.9214  RESTRAINT  =        0.0000


   NSTEP       ENERGY          RMS            GMAX         NAME    NUMBER
    500      -7.8289E-02     1.4677E-01     4.2383E-01     CG         11

 BOND    =        0.3030  ANGLE   =        4.2336  DIHED      =       17.8483
 VDWAALS =       -2.2848  EEL     =      -76.4952  HBOND      =        0.0000
 1-4 VDW =        3.3691  1-4 EEL =       52.9476  RESTRAINT  =        0.0000


   NSTEP       ENERGY          RMS            GMAX         NAME    NUMBER
    600      -1.1868E-01     1.5469E-01     4.4750E-01     C           5

 BOND    =        0.3050  ANGLE   =        4.2391  DIHED      =       17.9377
 VDWAALS =       -2.2589  EEL     =      -76.6392  HBOND      =        0.0000
 1-4 VDW =        3.3522  1-4 EEL =       52.9455  RESTRAINT  =        0.0000


   NSTEP       ENERGY          RMS            GMAX         NAME    NUMBER
    700      -1.4903E-01     1.1460E-01     4.3330E-01     CH3        23

 BOND    =        0.3038  ANGLE   =        4.2360  DIHED      =       18.0613
 VDWAALS =       -2.2109  EEL     =      -76.8287  HBOND      =        0.0000
 1-4 VDW =        3.3381  1-4 EEL =       52.9513  RESTRAINT  =        0.0000


   NSTEP       ENERGY          RMS            GMAX         NAME    NUMBER
    800      -1.5862E-01     7.9912E-02     2.7870E-01     C          19

 BOND    =        0.3062  ANGLE   =        4.2465  DIHED      =       18.1159
 VDWAALS =       -2.1902  EEL     =      -76.8999  HBOND      =        0.0000
 1-4 VDW =        3.3303  1-4 EEL =       52.9325  RESTRAINT  =        0.0000


   NSTEP       ENERGY          RMS            GMAX         NAME    NUMBER
    900      -1.6433E-01     5.8295E-02     1.4890E-01     HD2         9

 BOND    =        0.3094  ANGLE   =        4.2484  DIHED      =       18.1615
 VDWAALS =       -2.1724  EEL     =      -76.9580  HBOND      =        0.0000
 1-4 VDW =        3.3285  1-4 EEL =       52.9184  RESTRAINT  =        0.0000


   NSTEP       ENERGY          RMS            GMAX         NAME    NUMBER
   1000      -1.6852E-01     3.4557E-02     1.1641E-01     C          19

 BOND    =        0.3094  ANGLE   =        4.2548  DIHED      =       18.2005
 VDWAALS =       -2.1573  EEL     =      -77.0094  HBOND      =        0.0000
 1-4 VDW =        3.3227  1-4 EEL =       52.9107  RESTRAINT  =        0.0000


  Maximum number of minimization cycles reached.


                    FINAL RESULTS



   NSTEP       ENERGY          RMS            GMAX         NAME    NUMBER
   1000      -1.6852E-01     3.4557E-02     1.1641E-01     C          19

 BOND    =        0.3094  ANGLE   =        4.2548  DIHED      =       18.2005
 VDWAALS =       -2.1573  EEL     =      -77.0094  HBOND      =        0.0000
 1-4 VDW =        3.3227  1-4 EEL =       52.9107  RESTRAINT  =        0.0000
--------------------------------------------------------------------------------
   5.  TIMINGS
--------------------------------------------------------------------------------

|  NonSetup CPU Time in Major Routines:
|
|     Routine           Sec        %
|     ------------------------------
|     Nonbond           2.14   98.41
|     Bond              0.00    0.11
|     Angle             0.01    0.29
|     Dihedral          0.02    0.98
|     Shake             0.00    0.00
|     Other             0.00    0.22
|     ------------------------------
|     Total             2.18

|  PME Nonbond Pairlist CPU Time:
|
|     Routine              Sec        %
|     ---------------------------------
|     Set Up Cit           0.00    0.01
|     Build List           0.00    0.03
|     ---------------------------------
|     Total                0.00    0.03

|  PME Direct Force CPU Time:
|
|     Routine              Sec        %
|     ---------------------------------
|     NonBonded Calc       0.02    0.87
|     Exclude Masked       0.01    0.49
|     Other                0.01    0.38
|     ---------------------------------
|     Total                0.04    1.74

|  PME Reciprocal Force CPU Time:
|
|     Routine              Sec        %
|     ---------------------------------
|     1D bspline           0.00    0.18
|     Grid Charges         0.09    3.96
|     Scalar Sum           0.85   39.14
|     Gradient Sum         0.02    0.70
|     FFT                  1.15   52.76
|     ---------------------------------
|     Total                2.11   96.73

|  Setup CPU time:            0.05 seconds
|  NonSetup CPU time:         2.18 seconds
|  Total CPU time:            2.22 seconds     0.00 hours

|  Setup wall time:           0    seconds
|  NonSetup wall time:        2    seconds
|  Total wall time:           2    seconds     0.00 hours
