
          -------------------------------------------------------
          Amber 20 PMEMD                              2020
          -------------------------------------------------------

| PMEMD implementation of SANDER, Release 18

|  Compiled date/time: Tue Apr 28 23:52:05 2020
| Run on 05/02/2020 at 19:24:39

|   Executable path: pmemd
| Working directory: /home/cerutti/OpenForceField/Dipeptides/NTerminal/ASP
|          Hostname: Unknown
  [-O]verwriting output

File Assignments:
|   MDIN: ../../min.in                                                          
|  MDOUT: min.out                                                               
| INPCRD: ASP.inpcrd                                                            
|   PARM: ASP.prmtop                                                            
| RESTRT: mincrd                                                                
|   REFC: refc                                                                  
|  MDVEL: mdvel                                                                 
|   MDEN: mden                                                                  
|  MDCRD: mdcrd                                                                 
| MDINFO: mdinfo                                                                
|  MDFRC: mdfrc                                                                 


 Here is the input file:

Initial minimization                                                           
 &cntrl                                                                        
  ntx    = 1,       irest  = 0,       ntrx   = 1,      ntxo   = 1,             
  ntpr   = 100,     ntwx   = 0,       ntwv   = 0,      ntwe   = 0,             
                                                                               
  ntf    = 1,       ntb    = 1,                                                
  ntc    = 1,                                                                  
                                                                               
  cut    = 14.0,                                                               
                                                                               
  imin   = 1,                                                                  
  maxcyc = 1000,                                                               
  ncyc   = 100,                                                                
 &end                                                                          
 &ewald                                                                        
  nfft1 = 32, nfft2 = 32, nfft3 = 32,                                          
 &end                                                                          


Note: ig = -1. Setting random seed to   982671 based on wallclock time in 
      microseconds.
| irandom = 1, using AMBER's internal random number generator (default).
 
 
| Conditional Compilation Defines Used:
| FFTW_FFT
| BINTRAJ
| MKL
| EMIL

| Largest sphere to fit in unit cell has radius =    24.000

| New format PARM file being parsed.
| Version =    1.000 Date = 05/02/20 Time = 19:24:39

| Note: 1-4 EEL scale factors are being read from the topology file.

| Note: 1-4 VDW scale factors are being read from the topology file.
| Duplicated    0 dihedrals

| Duplicated    0 dihedrals

--------------------------------------------------------------------------------
   1.  RESOURCE   USE: 
--------------------------------------------------------------------------------

 getting new box info from bottom of inpcrd
 NATOM  =      20 NTYPES =       8 NBONH =      10 MBONA  =       9
 NTHETH =      22 MTHETA =      11 NPHIH =      32 MPHIA  =      27
 NHPARM =       0 NPARM  =       0 NNB   =      94 NRES   =       2
 NBONA  =       9 NTHETA =      11 NPHIA =      27 NUMBND =      13
 NUMANG =      22 NPTRA  =      21 NATYP =      13 NPHB   =       0
 IFBOX  =       1 NMXRS  =      14 IFCAP =       0 NEXTRA =       0
 NCOPY  =       0

| Coordinate Index Table dimensions:     6    6    6
| Direct force subcell size =     8.0000    8.0000    8.0000

     BOX TYPE: RECTILINEAR

--------------------------------------------------------------------------------
   2.  CONTROL  DATA  FOR  THE  RUN
--------------------------------------------------------------------------------

NASP                                                                            

General flags:
     imin    =       1, nmropt  =       0

Nature and format of input:
     ntx     =       1, irest   =       0, ntrx    =       1

Nature and format of output:
     ntxo    =       1, ntpr    =     100, ntrx    =       1, ntwr    =       1
     iwrap   =       0, ntwx    =       0, ntwv    =       0, ntwe    =       0
     ioutfm  =       1, ntwprt  =       0, idecomp =       0, rbornstat=      0

Potential function:
     ntf     =       1, ntb     =       1, igb     =       0, nsnb    =      25
     ipol    =       0, gbsa    =       0, iesp    =       0
     dielc   =   1.00000, cut     =  14.00000, intdiel =   1.00000

Frozen or restrained atoms:
     ibelly  =       0, ntr     =       0

Energy minimization:
     maxcyc  =    1000, ncyc    =     100, ntmin   =       1
     dx0     =   0.01000, drms    =   0.00010

| Intermolecular bonds treatment:
|     no_intermolecular_bonds =       1

| Energy averages sample interval:
|     ene_avg_sampling =       1

Ewald parameters:
     verbose =       0, ew_type =       0, nbflag  =       1, use_pme =       1
     vdwmeth =       1, eedmeth =       1, netfrc  =       0
     Box X =   48.000   Box Y =   48.000   Box Z =   48.000
     Alpha =   90.000   Beta  =   90.000   Gamma =   90.000
     NFFT1 =   32       NFFT2 =   32       NFFT3 =   32
     Cutoff=   14.000   Tol   =0.100E-04
     Ewald Coefficient =  0.19234
     Interpolation order =    4

--------------------------------------------------------------------------------
   3.  ATOMIC COORDINATES AND VELOCITIES
--------------------------------------------------------------------------------

NASP                                                                            
 begin time read from input coords =     0.000 ps

 
 Number of triangulated 3-point waters found:        0

     Sum of charges from parm topology file =  -0.00000000
     Forcing neutrality...

| Dynamic Memory, Types Used:
| Reals              199946
| Integers             2117

| Nonbonded Pairs Initial Allocation:       15247

--------------------------------------------------------------------------------
   4.  RESULTS
--------------------------------------------------------------------------------

 ---------------------------------------------------
 APPROXIMATING switch and d/dx switch using CUBIC SPLINE INTERPOLATION
 using   5000.0 points per unit in tabled values
 TESTING RELATIVE ERROR over r ranging from 0.0 to cutoff
| CHECK switch(x): max rel err =   0.2738E-14   at   2.422500
| CHECK d/dx switch(x): max rel err =   0.7883E-11   at   2.684960
 ---------------------------------------------------
|---------------------------------------------------
| APPROXIMATING direct energy using CUBIC SPLINE INTERPOLATION
|  with   50.0 points per unit in tabled values
| Relative Error Limit not exceeded for r .gt.   2.24
| APPROXIMATING direct force using CUBIC SPLINE INTERPOLATION
|  with   50.0 points per unit in tabled values
| Relative Error Limit not exceeded for r .gt.   2.76
|---------------------------------------------------


   NSTEP       ENERGY          RMS            GMAX         NAME    NUMBER
      1      -2.3868E+01     3.4947E+01     1.4870E+02     N          15

 BOND    =        0.3171  ANGLE   =        2.0395  DIHED      =       12.1337
 VDWAALS =       35.6958  EEL     =     -183.0029  HBOND      =        0.0000
 1-4 VDW =        4.2787  1-4 EEL =      104.6706  RESTRAINT  =        0.0000


   NSTEP       ENERGY          RMS            GMAX         NAME    NUMBER
    100      -6.5087E+01     1.1001E+00     4.1056E+00     OD1        11

 BOND    =        0.1934  ANGLE   =        1.7747  DIHED      =       13.5820
 VDWAALS =       -0.0167  EEL     =     -185.4280  HBOND      =        0.0000
 1-4 VDW =        3.9263  1-4 EEL =      100.8813  RESTRAINT  =        0.0000


   NSTEP       ENERGY          RMS            GMAX         NAME    NUMBER
    200      -7.0237E+01     1.6733E+00     5.8345E+00     CG         10

 BOND    =        0.3084  ANGLE   =        1.4043  DIHED      =        9.0687
 VDWAALS =        1.0946  EEL     =     -186.0836  HBOND      =        0.0000
 1-4 VDW =        5.1309  1-4 EEL =       98.8400  RESTRAINT  =        0.0000


   NSTEP       ENERGY          RMS            GMAX         NAME    NUMBER
    300      -7.1499E+01     6.8243E-01     1.5452E+00     C          13

 BOND    =        0.2326  ANGLE   =        1.1380  DIHED      =        7.2466
 VDWAALS =        0.8098  EEL     =     -183.8751  HBOND      =        0.0000
 1-4 VDW =        4.7522  1-4 EEL =       98.1968  RESTRAINT  =        0.0000


   NSTEP       ENERGY          RMS            GMAX         NAME    NUMBER
    400      -7.1630E+01     8.1360E-02     1.8743E-01     CB          7

 BOND    =        0.2369  ANGLE   =        1.2012  DIHED      =        7.1019
 VDWAALS =        0.7467  EEL     =     -183.6718  HBOND      =        0.0000
 1-4 VDW =        4.6307  1-4 EEL =       98.1240  RESTRAINT  =        0.0000


   NSTEP       ENERGY          RMS            GMAX         NAME    NUMBER
    500      -7.1635E+01     5.3191E-02     1.4973E-01     CA          5

 BOND    =        0.2413  ANGLE   =        1.2235  DIHED      =        7.0865
 VDWAALS =        0.7363  EEL     =     -183.6512  HBOND      =        0.0000
 1-4 VDW =        4.6101  1-4 EEL =       98.1182  RESTRAINT  =        0.0000


   NSTEP       ENERGY          RMS            GMAX         NAME    NUMBER
    600      -7.1636E+01     1.6057E-02     5.4063E-02     N          15

 BOND    =        0.2416  ANGLE   =        1.2236  DIHED      =        7.0879
 VDWAALS =        0.7368  EEL     =     -183.6577  HBOND      =        0.0000
 1-4 VDW =        4.6103  1-4 EEL =       98.1212  RESTRAINT  =        0.0000


   NSTEP       ENERGY          RMS            GMAX         NAME    NUMBER
    700      -7.1653E+01     3.9803E-02     1.6233E-01     C          13

 BOND    =        0.2392  ANGLE   =        1.2049  DIHED      =        7.0899
 VDWAALS =        0.7148  EEL     =     -183.6499  HBOND      =        0.0000
 1-4 VDW =        4.6020  1-4 EEL =       98.1461  RESTRAINT  =        0.0000


   NSTEP       ENERGY          RMS            GMAX         NAME    NUMBER
    800      -7.1673E+01     9.2650E-02     3.2812E-01     N          15

 BOND    =        0.2356  ANGLE   =        1.1776  DIHED      =        7.0884
 VDWAALS =        0.7001  EEL     =     -183.6579  HBOND      =        0.0000
 1-4 VDW =        4.6051  1-4 EEL =       98.1781  RESTRAINT  =        0.0000


   NSTEP       ENERGY          RMS            GMAX         NAME    NUMBER
    900      -7.1693E+01     6.3529E-02     1.7519E-01     HH33       20

 BOND    =        0.2327  ANGLE   =        1.1679  DIHED      =        7.0902
 VDWAALS =        0.6674  EEL     =     -183.6553  HBOND      =        0.0000
 1-4 VDW =        4.6086  1-4 EEL =       98.1953  RESTRAINT  =        0.0000


   NSTEP       ENERGY          RMS            GMAX         NAME    NUMBER
   1000      -7.1722E+01     5.8844E-02     1.8810E-01     N          15

 BOND    =        0.2323  ANGLE   =        1.1353  DIHED      =        7.0900
 VDWAALS =        0.6313  EEL     =     -183.6358  HBOND      =        0.0000
 1-4 VDW =        4.6040  1-4 EEL =       98.2208  RESTRAINT  =        0.0000


  Maximum number of minimization cycles reached.


                    FINAL RESULTS



   NSTEP       ENERGY          RMS            GMAX         NAME    NUMBER
   1000      -7.1722E+01     5.8844E-02     1.8810E-01     N          15

 BOND    =        0.2323  ANGLE   =        1.1353  DIHED      =        7.0900
 VDWAALS =        0.6313  EEL     =     -183.6358  HBOND      =        0.0000
 1-4 VDW =        4.6040  1-4 EEL =       98.2208  RESTRAINT  =        0.0000
--------------------------------------------------------------------------------
   5.  TIMINGS
--------------------------------------------------------------------------------

|  NonSetup CPU Time in Major Routines:
|
|     Routine           Sec        %
|     ------------------------------
|     Nonbond           2.12   98.84
|     Bond              0.00    0.09
|     Angle             0.00    0.21
|     Dihedral          0.01    0.64
|     Shake             0.00    0.00
|     Other             0.00    0.21
|     ------------------------------
|     Total             2.15

|  PME Nonbond Pairlist CPU Time:
|
|     Routine              Sec        %
|     ---------------------------------
|     Set Up Cit           0.00    0.01
|     Build List           0.00    0.03
|     ---------------------------------
|     Total                0.00    0.04

|  PME Direct Force CPU Time:
|
|     Routine              Sec        %
|     ---------------------------------
|     NonBonded Calc       0.01    0.55
|     Exclude Masked       0.01    0.36
|     Other                0.01    0.38
|     ---------------------------------
|     Total                0.03    1.29

|  PME Reciprocal Force CPU Time:
|
|     Routine              Sec        %
|     ---------------------------------
|     1D bspline           0.00    0.15
|     Grid Charges         0.08    3.93
|     Scalar Sum           0.85   39.66
|     Gradient Sum         0.01    0.56
|     FFT                  1.14   53.30
|     ---------------------------------
|     Total                2.09   97.61

|  Setup CPU time:            0.04 seconds
|  NonSetup CPU time:         2.15 seconds
|  Total CPU time:            2.19 seconds     0.00 hours

|  Setup wall time:           0    seconds
|  NonSetup wall time:        2    seconds
|  Total wall time:           2    seconds     0.00 hours
