
          -------------------------------------------------------
          Amber 20 PMEMD                              2020
          -------------------------------------------------------

| PMEMD implementation of SANDER, Release 18

|  Compiled date/time: Tue Apr 28 23:52:05 2020
| Run on 05/02/2020 at 16:01:57

|   Executable path: pmemd
| Working directory: /home/cerutti/OpenForceField/Dipeptides/CTerminal/ASN
|          Hostname: Unknown
  [-O]verwriting output

File Assignments:
|   MDIN: ../../min.in                                                          
|  MDOUT: min.out                                                               
| INPCRD: ASN.inpcrd                                                            
|   PARM: ASN.prmtop                                                            
| RESTRT: mincrd                                                                
|   REFC: refc                                                                  
|  MDVEL: mdvel                                                                 
|   MDEN: mden                                                                  
|  MDCRD: mdcrd                                                                 
| MDINFO: mdinfo                                                                
|  MDFRC: mdfrc                                                                 


 Here is the input file:

Initial minimization                                                           
 &cntrl                                                                        
  ntx    = 1,       irest  = 0,       ntrx   = 1,      ntxo   = 1,             
  ntpr   = 100,     ntwx   = 0,       ntwv   = 0,      ntwe   = 0,             
                                                                               
  ntf    = 1,       ntb    = 1,                                                
  ntc    = 1,                                                                  
                                                                               
  cut    = 14.0,                                                               
                                                                               
  imin   = 1,                                                                  
  maxcyc = 1000,                                                               
  ncyc   = 100,                                                                
 &end                                                                          
 &ewald                                                                        
  nfft1 = 32, nfft2 = 32, nfft3 = 32,                                          
 &end                                                                          


Note: ig = -1. Setting random seed to   558386 based on wallclock time in 
      microseconds.
| irandom = 1, using AMBER's internal random number generator (default).
 
 
| Conditional Compilation Defines Used:
| FFTW_FFT
| BINTRAJ
| MKL
| EMIL

| Largest sphere to fit in unit cell has radius =    24.000

| New format PARM file being parsed.
| Version =    1.000 Date = 05/02/20 Time = 16:01:57

| Note: 1-4 EEL scale factors are being read from the topology file.

| Note: 1-4 VDW scale factors are being read from the topology file.
| Duplicated    0 dihedrals

| Duplicated    0 dihedrals

--------------------------------------------------------------------------------
   1.  RESOURCE   USE: 
--------------------------------------------------------------------------------

 getting new box info from bottom of inpcrd
 NATOM  =      21 NTYPES =       7 NBONH =       9 MBONA  =      11
 NTHETH =      19 MTHETA =      14 NPHIH =      44 MPHIA  =      30
 NHPARM =       0 NPARM  =       0 NNB   =      96 NRES   =       2
 NBONA  =      11 NTHETA =      14 NPHIA =      30 NUMBND =      12
 NUMANG =      23 NPTRA  =      26 NATYP =      10 NPHB   =       0
 IFBOX  =       1 NMXRS  =      15 IFCAP =       0 NEXTRA =       0
 NCOPY  =       0

| Coordinate Index Table dimensions:     6    6    6
| Direct force subcell size =     8.0000    8.0000    8.0000

     BOX TYPE: RECTILINEAR

--------------------------------------------------------------------------------
   2.  CONTROL  DATA  FOR  THE  RUN
--------------------------------------------------------------------------------

ACE                                                                             

General flags:
     imin    =       1, nmropt  =       0

Nature and format of input:
     ntx     =       1, irest   =       0, ntrx    =       1

Nature and format of output:
     ntxo    =       1, ntpr    =     100, ntrx    =       1, ntwr    =       1
     iwrap   =       0, ntwx    =       0, ntwv    =       0, ntwe    =       0
     ioutfm  =       1, ntwprt  =       0, idecomp =       0, rbornstat=      0

Potential function:
     ntf     =       1, ntb     =       1, igb     =       0, nsnb    =      25
     ipol    =       0, gbsa    =       0, iesp    =       0
     dielc   =   1.00000, cut     =  14.00000, intdiel =   1.00000

Frozen or restrained atoms:
     ibelly  =       0, ntr     =       0

Energy minimization:
     maxcyc  =    1000, ncyc    =     100, ntmin   =       1
     dx0     =   0.01000, drms    =   0.00010

| Intermolecular bonds treatment:
|     no_intermolecular_bonds =       1

| Energy averages sample interval:
|     ene_avg_sampling =       1

Ewald parameters:
     verbose =       0, ew_type =       0, nbflag  =       1, use_pme =       1
     vdwmeth =       1, eedmeth =       1, netfrc  =       0
     Box X =   48.000   Box Y =   48.000   Box Z =   48.000
     Alpha =   90.000   Beta  =   90.000   Gamma =   90.000
     NFFT1 =   32       NFFT2 =   32       NFFT3 =   32
     Cutoff=   14.000   Tol   =0.100E-04
     Ewald Coefficient =  0.19234
     Interpolation order =    4

--------------------------------------------------------------------------------
   3.  ATOMIC COORDINATES AND VELOCITIES
--------------------------------------------------------------------------------

ACE                                                                             
 begin time read from input coords =     0.000 ps

 
 Number of triangulated 3-point waters found:        0

     Sum of charges from parm topology file =  -1.00000000
     Assuming uniform neutralizing plasma

| Dynamic Memory, Types Used:
| Reals              199980
| Integers             2308

| Nonbonded Pairs Initial Allocation:       16009

--------------------------------------------------------------------------------
   4.  RESULTS
--------------------------------------------------------------------------------

 ---------------------------------------------------
 APPROXIMATING switch and d/dx switch using CUBIC SPLINE INTERPOLATION
 using   5000.0 points per unit in tabled values
 TESTING RELATIVE ERROR over r ranging from 0.0 to cutoff
| CHECK switch(x): max rel err =   0.2738E-14   at   2.422500
| CHECK d/dx switch(x): max rel err =   0.7883E-11   at   2.684960
 ---------------------------------------------------
|---------------------------------------------------
| APPROXIMATING direct energy using CUBIC SPLINE INTERPOLATION
|  with   50.0 points per unit in tabled values
| Relative Error Limit not exceeded for r .gt.   2.24
| APPROXIMATING direct force using CUBIC SPLINE INTERPOLATION
|  with   50.0 points per unit in tabled values
| Relative Error Limit not exceeded for r .gt.   2.76
|---------------------------------------------------


   NSTEP       ENERGY          RMS            GMAX         NAME    NUMBER
      1       1.7875E+00     7.2498E+01     3.4166E+02     OD1        15

 BOND    =        0.5992  ANGLE   =        2.1040  DIHED      =       17.4626
 VDWAALS =       66.0186  EEL     =     -157.4792  HBOND      =        0.0000
 1-4 VDW =        5.3475  1-4 EEL =       67.7347  RESTRAINT  =        0.0000


   NSTEP       ENERGY          RMS            GMAX         NAME    NUMBER
    100      -8.4737E+01     7.7041E-01     2.9398E+00     HD22       18

 BOND    =        1.0862  ANGLE   =        5.0179  DIHED      =       17.9060
 VDWAALS =       -1.5356  EEL     =     -166.9365  HBOND      =        0.0000
 1-4 VDW =        3.8183  1-4 EEL =       55.9065  RESTRAINT  =        0.0000


   NSTEP       ENERGY          RMS            GMAX         NAME    NUMBER
    200      -9.3522E+01     2.9415E+00     1.0026E+01     CG         14

 BOND    =        1.1207  ANGLE   =        2.8875  DIHED      =       20.0252
 VDWAALS =       -1.8088  EEL     =     -176.3846  HBOND      =        0.0000
 1-4 VDW =        3.5767  1-4 EEL =       57.0615  RESTRAINT  =        0.0000


   NSTEP       ENERGY          RMS            GMAX         NAME    NUMBER
    300      -1.0370E+02     2.5611E+00     6.7205E+00     C           5

 BOND    =        1.4720  ANGLE   =        4.1862  DIHED      =       19.6696
 VDWAALS =        2.1473  EEL     =     -192.2061  HBOND      =        0.0000
 1-4 VDW =        3.6795  1-4 EEL =       57.3492  RESTRAINT  =        0.0000


   NSTEP       ENERGY          RMS            GMAX         NAME    NUMBER
    400      -1.0640E+02     1.2129E+00     3.4853E+00     C          19

 BOND    =        1.3971  ANGLE   =        3.4218  DIHED      =       18.3678
 VDWAALS =        1.3087  EEL     =     -192.4310  HBOND      =        0.0000
 1-4 VDW =        3.7517  1-4 EEL =       57.7855  RESTRAINT  =        0.0000


   NSTEP       ENERGY          RMS            GMAX         NAME    NUMBER
    500      -1.0846E+02     1.6443E-01     3.6975E-01     C           5

 BOND    =        1.0643  ANGLE   =        2.7763  DIHED      =       17.0687
 VDWAALS =        0.8975  EEL     =     -192.7087  HBOND      =        0.0000
 1-4 VDW =        3.2624  1-4 EEL =       59.1748  RESTRAINT  =        0.0000


   NSTEP       ENERGY          RMS            GMAX         NAME    NUMBER
    600      -1.0856E+02     5.1654E-02     1.4951E-01     CB         11

 BOND    =        1.0245  ANGLE   =        2.9459  DIHED      =       16.9111
 VDWAALS =        0.9030  EEL     =     -192.9367  HBOND      =        0.0000
 1-4 VDW =        3.1603  1-4 EEL =       59.4286  RESTRAINT  =        0.0000


   NSTEP       ENERGY          RMS            GMAX         NAME    NUMBER
    700      -1.0857E+02     3.4562E-02     1.2990E-01     C          19

 BOND    =        1.0227  ANGLE   =        2.9775  DIHED      =       16.8922
 VDWAALS =        0.9060  EEL     =     -192.9546  HBOND      =        0.0000
 1-4 VDW =        3.1469  1-4 EEL =       59.4378  RESTRAINT  =        0.0000


   NSTEP       ENERGY          RMS            GMAX         NAME    NUMBER
    800      -1.0857E+02     1.3044E-02     4.0741E-02     CA          9

 BOND    =        1.0188  ANGLE   =        2.9822  DIHED      =       16.8891
 VDWAALS =        0.9069  EEL     =     -192.9605  HBOND      =        0.0000
 1-4 VDW =        3.1455  1-4 EEL =       59.4453  RESTRAINT  =        0.0000


   NSTEP       ENERGY          RMS            GMAX         NAME    NUMBER
    900      -1.0857E+02     1.5114E-02     3.8849E-02     CA          9

 BOND    =        1.0186  ANGLE   =        2.9850  DIHED      =       16.8881
 VDWAALS =        0.9057  EEL     =     -192.9581  HBOND      =        0.0000
 1-4 VDW =        3.1448  1-4 EEL =       59.4430  RESTRAINT  =        0.0000


   NSTEP       ENERGY          RMS            GMAX         NAME    NUMBER
   1000      -1.0857E+02     1.7061E-03     4.6321E-03     ND2        16

 BOND    =        1.0186  ANGLE   =        2.9856  DIHED      =       16.8884
 VDWAALS =        0.9052  EEL     =     -192.9582  HBOND      =        0.0000
 1-4 VDW =        3.1441  1-4 EEL =       59.4433  RESTRAINT  =        0.0000


  Maximum number of minimization cycles reached.


                    FINAL RESULTS



   NSTEP       ENERGY          RMS            GMAX         NAME    NUMBER
   1000      -1.0857E+02     1.7061E-03     4.6321E-03     ND2        16

 BOND    =        1.0186  ANGLE   =        2.9856  DIHED      =       16.8884
 VDWAALS =        0.9052  EEL     =     -192.9582  HBOND      =        0.0000
 1-4 VDW =        3.1441  1-4 EEL =       59.4433  RESTRAINT  =        0.0000
--------------------------------------------------------------------------------
   5.  TIMINGS
--------------------------------------------------------------------------------

|  NonSetup CPU Time in Major Routines:
|
|     Routine           Sec        %
|     ------------------------------
|     Nonbond           2.13   98.69
|     Bond              0.00    0.10
|     Angle             0.00    0.22
|     Dihedral          0.02    0.78
|     Shake             0.00    0.00
|     Other             0.00    0.21
|     ------------------------------
|     Total             2.16

|  PME Nonbond Pairlist CPU Time:
|
|     Routine              Sec        %
|     ---------------------------------
|     Set Up Cit           0.00    0.01
|     Build List           0.00    0.02
|     ---------------------------------
|     Total                0.00    0.03

|  PME Direct Force CPU Time:
|
|     Routine              Sec        %
|     ---------------------------------
|     NonBonded Calc       0.01    0.61
|     Exclude Masked       0.01    0.36
|     Other                0.01    0.38
|     ---------------------------------
|     Total                0.03    1.36

|  PME Reciprocal Force CPU Time:
|
|     Routine              Sec        %
|     ---------------------------------
|     1D bspline           0.00    0.15
|     Grid Charges         0.09    3.93
|     Scalar Sum           0.85   39.18
|     Gradient Sum         0.01    0.58
|     FFT                  1.16   53.56
|     ---------------------------------
|     Total                2.11   97.41

|  Setup CPU time:            0.04 seconds
|  NonSetup CPU time:         2.16 seconds
|  Total CPU time:            2.21 seconds     0.00 hours

|  Setup wall time:           0    seconds
|  NonSetup wall time:        2    seconds
|  Total wall time:           2    seconds     0.00 hours
