
          -------------------------------------------------------
          Amber 20 PMEMD                              2020
          -------------------------------------------------------

| PMEMD implementation of SANDER, Release 18

|  Compiled date/time: Tue Apr 28 23:52:05 2020
| Run on 05/02/2020 at 16:02:23

|   Executable path: pmemd
| Working directory: /home/cerutti/OpenForceField/Dipeptides/CTerminal/LYS
|          Hostname: Unknown
  [-O]verwriting output

File Assignments:
|   MDIN: ../../min.in                                                          
|  MDOUT: min.out                                                               
| INPCRD: LYS.inpcrd                                                            
|   PARM: LYS.prmtop                                                            
| RESTRT: mincrd                                                                
|   REFC: refc                                                                  
|  MDVEL: mdvel                                                                 
|   MDEN: mden                                                                  
|  MDCRD: mdcrd                                                                 
| MDINFO: mdinfo                                                                
|  MDFRC: mdfrc                                                                 


 Here is the input file:

Initial minimization                                                           
 &cntrl                                                                        
  ntx    = 1,       irest  = 0,       ntrx   = 1,      ntxo   = 1,             
  ntpr   = 100,     ntwx   = 0,       ntwv   = 0,      ntwe   = 0,             
                                                                               
  ntf    = 1,       ntb    = 1,                                                
  ntc    = 1,                                                                  
                                                                               
  cut    = 14.0,                                                               
                                                                               
  imin   = 1,                                                                  
  maxcyc = 1000,                                                               
  ncyc   = 100,                                                                
 &end                                                                          
 &ewald                                                                        
  nfft1 = 32, nfft2 = 32, nfft3 = 32,                                          
 &end                                                                          


Note: ig = -1. Setting random seed to    32424 based on wallclock time in 
      microseconds.
| irandom = 1, using AMBER's internal random number generator (default).
 
 
| Conditional Compilation Defines Used:
| FFTW_FFT
| BINTRAJ
| MKL
| EMIL

| Largest sphere to fit in unit cell has radius =    24.000

| New format PARM file being parsed.
| Version =    1.000 Date = 05/02/20 Time = 16:02:23

| Note: 1-4 EEL scale factors are being read from the topology file.

| Note: 1-4 VDW scale factors are being read from the topology file.
| Duplicated    0 dihedrals

| Duplicated    0 dihedrals

--------------------------------------------------------------------------------
   1.  RESOURCE   USE: 
--------------------------------------------------------------------------------

 getting new box info from bottom of inpcrd
 NATOM  =      29 NTYPES =       8 NBONH =      16 MBONA  =      12
 NTHETH =      37 MTHETA =      14 NPHIH =      62 MPHIA  =      25
 NHPARM =       0 NPARM  =       0 NNB   =     148 NRES   =       2
 NBONA  =      12 NTHETA =      14 NPHIA =      25 NUMBND =      15
 NUMANG =      27 NPTRA  =      19 NATYP =      12 NPHB   =       0
 IFBOX  =       1 NMXRS  =      23 IFCAP =       0 NEXTRA =       0
 NCOPY  =       0

| Coordinate Index Table dimensions:     6    6    6
| Direct force subcell size =     8.0000    8.0000    8.0000

     BOX TYPE: RECTILINEAR

--------------------------------------------------------------------------------
   2.  CONTROL  DATA  FOR  THE  RUN
--------------------------------------------------------------------------------

ACE                                                                             

General flags:
     imin    =       1, nmropt  =       0

Nature and format of input:
     ntx     =       1, irest   =       0, ntrx    =       1

Nature and format of output:
     ntxo    =       1, ntpr    =     100, ntrx    =       1, ntwr    =       1
     iwrap   =       0, ntwx    =       0, ntwv    =       0, ntwe    =       0
     ioutfm  =       1, ntwprt  =       0, idecomp =       0, rbornstat=      0

Potential function:
     ntf     =       1, ntb     =       1, igb     =       0, nsnb    =      25
     ipol    =       0, gbsa    =       0, iesp    =       0
     dielc   =   1.00000, cut     =  14.00000, intdiel =   1.00000

Frozen or restrained atoms:
     ibelly  =       0, ntr     =       0

Energy minimization:
     maxcyc  =    1000, ncyc    =     100, ntmin   =       1
     dx0     =   0.01000, drms    =   0.00010

| Intermolecular bonds treatment:
|     no_intermolecular_bonds =       1

| Energy averages sample interval:
|     ene_avg_sampling =       1

Ewald parameters:
     verbose =       0, ew_type =       0, nbflag  =       1, use_pme =       1
     vdwmeth =       1, eedmeth =       1, netfrc  =       0
     Box X =   48.000   Box Y =   48.000   Box Z =   48.000
     Alpha =   90.000   Beta  =   90.000   Gamma =   90.000
     NFFT1 =   32       NFFT2 =   32       NFFT3 =   32
     Cutoff=   14.000   Tol   =0.100E-04
     Ewald Coefficient =  0.19234
     Interpolation order =    4

--------------------------------------------------------------------------------
   3.  ATOMIC COORDINATES AND VELOCITIES
--------------------------------------------------------------------------------

ACE                                                                             
 begin time read from input coords =     0.000 ps

 
 Number of triangulated 3-point waters found:        0

     Sum of charges from parm topology file =  -0.00000001
     Forcing neutrality...

| Dynamic Memory, Types Used:
| Reals              200150
| Integers             3206

| Nonbonded Pairs Initial Allocation:       22108

--------------------------------------------------------------------------------
   4.  RESULTS
--------------------------------------------------------------------------------

 ---------------------------------------------------
 APPROXIMATING switch and d/dx switch using CUBIC SPLINE INTERPOLATION
 using   5000.0 points per unit in tabled values
 TESTING RELATIVE ERROR over r ranging from 0.0 to cutoff
| CHECK switch(x): max rel err =   0.2738E-14   at   2.422500
| CHECK d/dx switch(x): max rel err =   0.7883E-11   at   2.684960
 ---------------------------------------------------
|---------------------------------------------------
| APPROXIMATING direct energy using CUBIC SPLINE INTERPOLATION
|  with   50.0 points per unit in tabled values
| Relative Error Limit not exceeded for r .gt.   2.24
| APPROXIMATING direct force using CUBIC SPLINE INTERPOLATION
|  with   50.0 points per unit in tabled values
| Relative Error Limit not exceeded for r .gt.   2.76
|---------------------------------------------------


   NSTEP       ENERGY          RMS            GMAX         NAME    NUMBER
      1      -1.0811E+00     2.9720E+01     1.2762E+02     OXT        29

 BOND    =        0.6005  ANGLE   =        2.1515  DIHED      =        7.6303
 VDWAALS =       33.9985  EEL     =     -154.8632  HBOND      =        0.0000
 1-4 VDW =        5.5515  1-4 EEL =      103.8499  RESTRAINT  =        0.0000


   NSTEP       ENERGY          RMS            GMAX         NAME    NUMBER
    100      -3.8408E+01     4.0546E-01     1.6390E+00     OXT        29

 BOND    =        0.4021  ANGLE   =        1.6967  DIHED      =        7.2710
 VDWAALS =       -0.7206  EEL     =     -153.6486  HBOND      =        0.0000
 1-4 VDW =        4.3408  1-4 EEL =      102.2505  RESTRAINT  =        0.0000


   NSTEP       ENERGY          RMS            GMAX         NAME    NUMBER
    200      -3.9317E+01     2.4813E-01     7.2466E-01     C           5

 BOND    =        0.3208  ANGLE   =        1.2207  DIHED      =        7.0401
 VDWAALS =       -1.4754  EEL     =     -152.3152  HBOND      =        0.0000
 1-4 VDW =        3.9407  1-4 EEL =      101.9516  RESTRAINT  =        0.0000


   NSTEP       ENERGY          RMS            GMAX         NAME    NUMBER
    300      -3.9394E+01     1.0127E-01     2.6292E-01     C           5

 BOND    =        0.3267  ANGLE   =        1.2940  DIHED      =        7.0206
 VDWAALS =       -1.5006  EEL     =     -152.4983  HBOND      =        0.0000
 1-4 VDW =        3.9033  1-4 EEL =      102.0603  RESTRAINT  =        0.0000


   NSTEP       ENERGY          RMS            GMAX         NAME    NUMBER
    400      -3.9423E+01     7.8172E-02     1.8508E-01     CD         17

 BOND    =        0.3311  ANGLE   =        1.3300  DIHED      =        7.0189
 VDWAALS =       -1.5109  EEL     =     -152.5860  HBOND      =        0.0000
 1-4 VDW =        3.8885  1-4 EEL =      102.1053  RESTRAINT  =        0.0000


   NSTEP       ENERGY          RMS            GMAX         NAME    NUMBER
    500      -3.9442E+01     5.8559E-02     2.5602E-01     C          27

 BOND    =        0.3281  ANGLE   =        1.3533  DIHED      =        7.0189
 VDWAALS =       -1.5048  EEL     =     -152.6813  HBOND      =        0.0000
 1-4 VDW =        3.8872  1-4 EEL =      102.1565  RESTRAINT  =        0.0000


   NSTEP       ENERGY          RMS            GMAX         NAME    NUMBER
    600      -3.9457E+01     6.7509E-02     3.9027E-01     C          27

 BOND    =        0.3266  ANGLE   =        1.3686  DIHED      =        7.0245
 VDWAALS =       -1.4898  EEL     =     -152.7456  HBOND      =        0.0000
 1-4 VDW =        3.8811  1-4 EEL =      102.1775  RESTRAINT  =        0.0000


   NSTEP       ENERGY          RMS            GMAX         NAME    NUMBER
    700      -3.9462E+01     2.7168E-02     9.7178E-02     C           5

 BOND    =        0.3276  ANGLE   =        1.3706  DIHED      =        7.0303
 VDWAALS =       -1.4811  EEL     =     -152.7692  HBOND      =        0.0000
 1-4 VDW =        3.8766  1-4 EEL =      102.1833  RESTRAINT  =        0.0000


   NSTEP       ENERGY          RMS            GMAX         NAME    NUMBER
    800      -3.9464E+01     2.6736E-02     9.8222E-02     C           5

 BOND    =        0.3283  ANGLE   =        1.3731  DIHED      =        7.0351
 VDWAALS =       -1.4774  EEL     =     -152.7655  HBOND      =        0.0000
 1-4 VDW =        3.8705  1-4 EEL =      102.1720  RESTRAINT  =        0.0000


   NSTEP       ENERGY          RMS            GMAX         NAME    NUMBER
    900      -3.9465E+01     1.1640E-02     3.8154E-02     OXT        29

 BOND    =        0.3286  ANGLE   =        1.3720  DIHED      =        7.0376
 VDWAALS =       -1.4739  EEL     =     -152.7973  HBOND      =        0.0000
 1-4 VDW =        3.8732  1-4 EEL =      102.1946  RESTRAINT  =        0.0000


   NSTEP       ENERGY          RMS            GMAX         NAME    NUMBER
   1000      -3.9466E+01     8.5634E-03     3.1754E-02     CA          9

 BOND    =        0.3284  ANGLE   =        1.3730  DIHED      =        7.0417
 VDWAALS =       -1.4740  EEL     =     -152.7939  HBOND      =        0.0000
 1-4 VDW =        3.8689  1-4 EEL =      102.1897  RESTRAINT  =        0.0000


  Maximum number of minimization cycles reached.


                    FINAL RESULTS



   NSTEP       ENERGY          RMS            GMAX         NAME    NUMBER
   1000      -3.9466E+01     8.5634E-03     3.1754E-02     CA          9

 BOND    =        0.3284  ANGLE   =        1.3730  DIHED      =        7.0417
 VDWAALS =       -1.4740  EEL     =     -152.7939  HBOND      =        0.0000
 1-4 VDW =        3.8689  1-4 EEL =      102.1897  RESTRAINT  =        0.0000
--------------------------------------------------------------------------------
   5.  TIMINGS
--------------------------------------------------------------------------------

|  NonSetup CPU Time in Major Routines:
|
|     Routine           Sec        %
|     ------------------------------
|     Nonbond           2.15   98.47
|     Bond              0.00    0.11
|     Angle             0.01    0.30
|     Dihedral          0.02    0.90
|     Shake             0.00    0.00
|     Other             0.00    0.22
|     ------------------------------
|     Total             2.18

|  PME Nonbond Pairlist CPU Time:
|
|     Routine              Sec        %
|     ---------------------------------
|     Set Up Cit           0.00    0.01
|     Build List           0.00    0.04
|     ---------------------------------
|     Total                0.00    0.05

|  PME Direct Force CPU Time:
|
|     Routine              Sec        %
|     ---------------------------------
|     NonBonded Calc       0.02    1.10
|     Exclude Masked       0.01    0.53
|     Other                0.01    0.38
|     ---------------------------------
|     Total                0.04    2.01

|  PME Reciprocal Force CPU Time:
|
|     Routine              Sec        %
|     ---------------------------------
|     1D bspline           0.00    0.19
|     Grid Charges         0.09    3.99
|     Scalar Sum           0.85   38.86
|     Gradient Sum         0.02    0.77
|     FFT                  1.15   52.68
|     ---------------------------------
|     Total                2.10   96.50

|  Setup CPU time:            0.04 seconds
|  NonSetup CPU time:         2.18 seconds
|  Total CPU time:            2.22 seconds     0.00 hours

|  Setup wall time:           0    seconds
|  NonSetup wall time:        2    seconds
|  Total wall time:           2    seconds     0.00 hours
