
          -------------------------------------------------------
          Amber 20 PMEMD                              2020
          -------------------------------------------------------

| PMEMD implementation of SANDER, Release 18

|  Compiled date/time: Tue Apr 28 23:52:05 2020
| Run on 05/02/2020 at 19:24:49

|   Executable path: pmemd
| Working directory: /home/cerutti/OpenForceField/Dipeptides/NTerminal/GLY
|          Hostname: Unknown
  [-O]verwriting output

File Assignments:
|   MDIN: ../../min.in                                                          
|  MDOUT: min.out                                                               
| INPCRD: GLY.inpcrd                                                            
|   PARM: GLY.prmtop                                                            
| RESTRT: mincrd                                                                
|   REFC: refc                                                                  
|  MDVEL: mdvel                                                                 
|   MDEN: mden                                                                  
|  MDCRD: mdcrd                                                                 
| MDINFO: mdinfo                                                                
|  MDFRC: mdfrc                                                                 


 Here is the input file:

Initial minimization                                                           
 &cntrl                                                                        
  ntx    = 1,       irest  = 0,       ntrx   = 1,      ntxo   = 1,             
  ntpr   = 100,     ntwx   = 0,       ntwv   = 0,      ntwe   = 0,             
                                                                               
  ntf    = 1,       ntb    = 1,                                                
  ntc    = 1,                                                                  
                                                                               
  cut    = 14.0,                                                               
                                                                               
  imin   = 1,                                                                  
  maxcyc = 1000,                                                               
  ncyc   = 100,                                                                
 &end                                                                          
 &ewald                                                                        
  nfft1 = 32, nfft2 = 32, nfft3 = 32,                                          
 &end                                                                          


Note: ig = -1. Setting random seed to   236911 based on wallclock time in 
      microseconds.
| irandom = 1, using AMBER's internal random number generator (default).
 
 
| Conditional Compilation Defines Used:
| FFTW_FFT
| BINTRAJ
| MKL
| EMIL

| Largest sphere to fit in unit cell has radius =    24.000

| New format PARM file being parsed.
| Version =    1.000 Date = 05/02/20 Time = 19:24:49

| Note: 1-4 EEL scale factors are being read from the topology file.

| Note: 1-4 VDW scale factors are being read from the topology file.
| Duplicated    0 dihedrals

| Duplicated    0 dihedrals

--------------------------------------------------------------------------------
   1.  RESOURCE   USE: 
--------------------------------------------------------------------------------

 getting new box info from bottom of inpcrd
 NATOM  =      15 NTYPES =       7 NBONH =       9 MBONA  =       5
 NTHETH =      19 MTHETA =       5 NPHIH =      23 MPHIA  =       5
 NHPARM =       0 NPARM  =       0 NNB   =      64 NRES   =       2
 NBONA  =       5 NTHETA =       5 NPHIA =       5 NUMBND =       9
 NUMANG =      14 NPTRA  =       6 NATYP =       9 NPHB   =       0
 IFBOX  =       1 NMXRS  =       9 IFCAP =       0 NEXTRA =       0
 NCOPY  =       0

| Coordinate Index Table dimensions:     6    6    6
| Direct force subcell size =     8.0000    8.0000    8.0000

     BOX TYPE: RECTILINEAR

--------------------------------------------------------------------------------
   2.  CONTROL  DATA  FOR  THE  RUN
--------------------------------------------------------------------------------

NGLY                                                                            

General flags:
     imin    =       1, nmropt  =       0

Nature and format of input:
     ntx     =       1, irest   =       0, ntrx    =       1

Nature and format of output:
     ntxo    =       1, ntpr    =     100, ntrx    =       1, ntwr    =       1
     iwrap   =       0, ntwx    =       0, ntwv    =       0, ntwe    =       0
     ioutfm  =       1, ntwprt  =       0, idecomp =       0, rbornstat=      0

Potential function:
     ntf     =       1, ntb     =       1, igb     =       0, nsnb    =      25
     ipol    =       0, gbsa    =       0, iesp    =       0
     dielc   =   1.00000, cut     =  14.00000, intdiel =   1.00000

Frozen or restrained atoms:
     ibelly  =       0, ntr     =       0

Energy minimization:
     maxcyc  =    1000, ncyc    =     100, ntmin   =       1
     dx0     =   0.01000, drms    =   0.00010

| Intermolecular bonds treatment:
|     no_intermolecular_bonds =       1

| Energy averages sample interval:
|     ene_avg_sampling =       1

Ewald parameters:
     verbose =       0, ew_type =       0, nbflag  =       1, use_pme =       1
     vdwmeth =       1, eedmeth =       1, netfrc  =       0
     Box X =   48.000   Box Y =   48.000   Box Z =   48.000
     Alpha =   90.000   Beta  =   90.000   Gamma =   90.000
     NFFT1 =   32       NFFT2 =   32       NFFT3 =   32
     Cutoff=   14.000   Tol   =0.100E-04
     Ewald Coefficient =  0.19234
     Interpolation order =    4

--------------------------------------------------------------------------------
   3.  ATOMIC COORDINATES AND VELOCITIES
--------------------------------------------------------------------------------

NGLY                                                                            
 begin time read from input coords =     0.000 ps

 
 Number of triangulated 3-point waters found:        0

     Sum of charges from parm topology file =   1.00000000
     Assuming uniform neutralizing plasma

| Dynamic Memory, Types Used:
| Reals              199652
| Integers             1314

| Nonbonded Pairs Initial Allocation:       11435

--------------------------------------------------------------------------------
   4.  RESULTS
--------------------------------------------------------------------------------

 ---------------------------------------------------
 APPROXIMATING switch and d/dx switch using CUBIC SPLINE INTERPOLATION
 using   5000.0 points per unit in tabled values
 TESTING RELATIVE ERROR over r ranging from 0.0 to cutoff
| CHECK switch(x): max rel err =   0.2738E-14   at   2.422500
| CHECK d/dx switch(x): max rel err =   0.7883E-11   at   2.684960
 ---------------------------------------------------
|---------------------------------------------------
| APPROXIMATING direct energy using CUBIC SPLINE INTERPOLATION
|  with   50.0 points per unit in tabled values
| Relative Error Limit not exceeded for r .gt.   2.24
| APPROXIMATING direct force using CUBIC SPLINE INTERPOLATION
|  with   50.0 points per unit in tabled values
| Relative Error Limit not exceeded for r .gt.   2.76
|---------------------------------------------------


   NSTEP       ENERGY          RMS            GMAX         NAME    NUMBER
      1      -2.3858E+01     6.3796E+00     1.8126E+01     O           9

 BOND    =        0.1776  ANGLE   =        1.7735  DIHED      =        2.7807
 VDWAALS =        0.5194  EEL     =      -48.3045  HBOND      =        0.0000
 1-4 VDW =        2.2041  1-4 EEL =       16.9908  RESTRAINT  =        0.0000


   NSTEP       ENERGY          RMS            GMAX         NAME    NUMBER
    100      -2.7282E+01     5.5209E-02     2.8502E-01     C           8

 BOND    =        0.1586  ANGLE   =        0.6942  DIHED      =        2.7985
 VDWAALS =        0.0282  EEL     =      -48.5314  HBOND      =        0.0000
 1-4 VDW =        2.5341  1-4 EEL =       15.0357  RESTRAINT  =        0.0000


   NSTEP       ENERGY          RMS            GMAX         NAME    NUMBER
    200      -2.7282E+01     7.3316E-04     2.4006E-03     HH31       13

 BOND    =        0.1602  ANGLE   =        0.7014  DIHED      =        2.7985
 VDWAALS =        0.0300  EEL     =      -48.5484  HBOND      =        0.0000
 1-4 VDW =        2.5395  1-4 EEL =       15.0365  RESTRAINT  =        0.0000


   NSTEP       ENERGY          RMS            GMAX         NAME    NUMBER
    300      -2.7282E+01     4.7083E-03     1.1589E-02     O           9

 BOND    =        0.1602  ANGLE   =        0.7020  DIHED      =        2.7985
 VDWAALS =        0.0301  EEL     =      -48.5489  HBOND      =        0.0000
 1-4 VDW =        2.5398  1-4 EEL =       15.0361  RESTRAINT  =        0.0000


   NSTEP       ENERGY          RMS            GMAX         NAME    NUMBER
    400      -2.7571E+01     2.1247E+00     6.4790E+00     H2          3

 BOND    =        0.3139  ANGLE   =        0.8238  DIHED      =        2.1867
 VDWAALS =        0.0109  EEL     =      -48.3155  HBOND      =        0.0000
 1-4 VDW =        2.3853  1-4 EEL =       15.0242  RESTRAINT  =        0.0000


   NSTEP       ENERGY          RMS            GMAX         NAME    NUMBER
    500      -2.9350E+01     4.3159E-01     1.1007E+00     N          10

 BOND    =        0.1516  ANGLE   =        0.6298  DIHED      =        0.0866
 VDWAALS =       -0.0376  EEL     =      -47.4015  HBOND      =        0.0000
 1-4 VDW =        2.3744  1-4 EEL =       14.8470  RESTRAINT  =        0.0000


   NSTEP       ENERGY          RMS            GMAX         NAME    NUMBER
    600      -2.9449E+01     4.1171E-01     1.0494E+00     CA          5

 BOND    =        0.1552  ANGLE   =        0.6444  DIHED      =        0.0026
 VDWAALS =       -0.0907  EEL     =      -47.4484  HBOND      =        0.0000
 1-4 VDW =        2.4402  1-4 EEL =       14.8478  RESTRAINT  =        0.0000


   NSTEP       ENERGY          RMS            GMAX         NAME    NUMBER
    700      -2.9520E+01     2.0283E-01     5.0749E-01     C           8

 BOND    =        0.1523  ANGLE   =        0.6184  DIHED      =        0.0039
 VDWAALS =       -0.1779  EEL     =      -47.3773  HBOND      =        0.0000
 1-4 VDW =        2.4005  1-4 EEL =       14.8603  RESTRAINT  =        0.0000


   NSTEP       ENERGY          RMS            GMAX         NAME    NUMBER
    800      -2.9562E+01     1.0095E-01     2.0934E-01     HH32       14

 BOND    =        0.1485  ANGLE   =        0.5864  DIHED      =        0.0047
 VDWAALS =       -0.2332  EEL     =      -47.3618  HBOND      =        0.0000
 1-4 VDW =        2.3964  1-4 EEL =       14.8967  RESTRAINT  =        0.0000


   NSTEP       ENERGY          RMS            GMAX         NAME    NUMBER
    900      -2.9596E+01     6.5112E-02     1.7899E-01     HH32       14

 BOND    =        0.1417  ANGLE   =        0.5617  DIHED      =        0.0048
 VDWAALS =       -0.2774  EEL     =      -47.3613  HBOND      =        0.0000
 1-4 VDW =        2.4008  1-4 EEL =       14.9338  RESTRAINT  =        0.0000


   NSTEP       ENERGY          RMS            GMAX         NAME    NUMBER
   1000      -2.9619E+01     1.0719E-01     3.6976E-01     CH3        12

 BOND    =        0.1385  ANGLE   =        0.5515  DIHED      =        0.0046
 VDWAALS =       -0.3050  EEL     =      -47.4289  HBOND      =        0.0000
 1-4 VDW =        2.4474  1-4 EEL =       14.9724  RESTRAINT  =        0.0000


  Maximum number of minimization cycles reached.


                    FINAL RESULTS



   NSTEP       ENERGY          RMS            GMAX         NAME    NUMBER
   1000      -2.9619E+01     1.0719E-01     3.6976E-01     CH3        12

 BOND    =        0.1385  ANGLE   =        0.5515  DIHED      =        0.0046
 VDWAALS =       -0.3050  EEL     =      -47.4289  HBOND      =        0.0000
 1-4 VDW =        2.4474  1-4 EEL =       14.9724  RESTRAINT  =        0.0000
--------------------------------------------------------------------------------
   5.  TIMINGS
--------------------------------------------------------------------------------

|  NonSetup CPU Time in Major Routines:
|
|     Routine           Sec        %
|     ------------------------------
|     Nonbond           2.11   99.22
|     Bond              0.00    0.09
|     Angle             0.00    0.17
|     Dihedral          0.01    0.32
|     Shake             0.00    0.00
|     Other             0.00    0.21
|     ------------------------------
|     Total             2.12

|  PME Nonbond Pairlist CPU Time:
|
|     Routine              Sec        %
|     ---------------------------------
|     Set Up Cit           0.00    0.01
|     Build List           0.00    0.02
|     ---------------------------------
|     Total                0.00    0.02

|  PME Direct Force CPU Time:
|
|     Routine              Sec        %
|     ---------------------------------
|     NonBonded Calc       0.01    0.34
|     Exclude Masked       0.01    0.25
|     Other                0.01    0.37
|     ---------------------------------
|     Total                0.02    0.97

|  PME Reciprocal Force CPU Time:
|
|     Routine              Sec        %
|     ---------------------------------
|     1D bspline           0.00    0.13
|     Grid Charges         0.08    3.91
|     Scalar Sum           0.85   39.90
|     Gradient Sum         0.01    0.44
|     FFT                  1.15   53.95
|     ---------------------------------
|     Total                2.09   98.33

|  Setup CPU time:            0.04 seconds
|  NonSetup CPU time:         2.12 seconds
|  Total CPU time:            2.17 seconds     0.00 hours

|  Setup wall time:           0    seconds
|  NonSetup wall time:        2    seconds
|  Total wall time:           2    seconds     0.00 hours
