
          -------------------------------------------------------
          Amber 20 PMEMD                              2020
          -------------------------------------------------------

| PMEMD implementation of SANDER, Release 18

|  Compiled date/time: Tue Apr 28 23:52:05 2020
| Run on 05/02/2020 at 16:00:59

|   Executable path: pmemd
| Working directory: /home/cerutti/OpenForceField/Dipeptides/MainChain/CYS
|          Hostname: Unknown
  [-O]verwriting output

File Assignments:
|   MDIN: ../../min.in                                                          
|  MDOUT: min.out                                                               
| INPCRD: CYS.inpcrd                                                            
|   PARM: CYS.prmtop                                                            
| RESTRT: mincrd                                                                
|   REFC: refc                                                                  
|  MDVEL: mdvel                                                                 
|   MDEN: mden                                                                  
|  MDCRD: mdcrd                                                                 
| MDINFO: mdinfo                                                                
|  MDFRC: mdfrc                                                                 


 Here is the input file:

Initial minimization                                                           
 &cntrl                                                                        
  ntx    = 1,       irest  = 0,       ntrx   = 1,      ntxo   = 1,             
  ntpr   = 100,     ntwx   = 0,       ntwv   = 0,      ntwe   = 0,             
                                                                               
  ntf    = 1,       ntb    = 1,                                                
  ntc    = 1,                                                                  
                                                                               
  cut    = 14.0,                                                               
                                                                               
  imin   = 1,                                                                  
  maxcyc = 1000,                                                               
  ncyc   = 100,                                                                
 &end                                                                          
 &ewald                                                                        
  nfft1 = 32, nfft2 = 32, nfft3 = 32,                                          
 &end                                                                          


Note: ig = -1. Setting random seed to   778455 based on wallclock time in 
      microseconds.
| irandom = 1, using AMBER's internal random number generator (default).
 
 
| Conditional Compilation Defines Used:
| FFTW_FFT
| BINTRAJ
| MKL
| EMIL

| Largest sphere to fit in unit cell has radius =    24.000

| New format PARM file being parsed.
| Version =    1.000 Date = 05/02/20 Time = 16:00:59

| Note: 1-4 EEL scale factors are being read from the topology file.

| Note: 1-4 VDW scale factors are being read from the topology file.
| Duplicated    0 dihedrals

| Duplicated    0 dihedrals

--------------------------------------------------------------------------------
   1.  RESOURCE   USE: 
--------------------------------------------------------------------------------

 getting new box info from bottom of inpcrd
 NATOM  =      23 NTYPES =       8 NBONH =      12 MBONA  =      10
 NTHETH =      25 MTHETA =      12 NPHIH =      47 MPHIA  =      32
 NHPARM =       0 NPARM  =       0 NNB   =     105 NRES   =       3
 NBONA  =      10 NTHETA =      12 NPHIA =      32 NUMBND =      14
 NUMANG =      25 NPTRA  =      32 NATYP =      11 NPHB   =       0
 IFBOX  =       1 NMXRS  =      11 IFCAP =       0 NEXTRA =       0
 NCOPY  =       0

| Coordinate Index Table dimensions:     6    6    6
| Direct force subcell size =     8.0000    8.0000    8.0000

     BOX TYPE: RECTILINEAR

--------------------------------------------------------------------------------
   2.  CONTROL  DATA  FOR  THE  RUN
--------------------------------------------------------------------------------

ACE                                                                             

General flags:
     imin    =       1, nmropt  =       0

Nature and format of input:
     ntx     =       1, irest   =       0, ntrx    =       1

Nature and format of output:
     ntxo    =       1, ntpr    =     100, ntrx    =       1, ntwr    =       1
     iwrap   =       0, ntwx    =       0, ntwv    =       0, ntwe    =       0
     ioutfm  =       1, ntwprt  =       0, idecomp =       0, rbornstat=      0

Potential function:
     ntf     =       1, ntb     =       1, igb     =       0, nsnb    =      25
     ipol    =       0, gbsa    =       0, iesp    =       0
     dielc   =   1.00000, cut     =  14.00000, intdiel =   1.00000

Frozen or restrained atoms:
     ibelly  =       0, ntr     =       0

Energy minimization:
     maxcyc  =    1000, ncyc    =     100, ntmin   =       1
     dx0     =   0.01000, drms    =   0.00010

| Intermolecular bonds treatment:
|     no_intermolecular_bonds =       1

| Energy averages sample interval:
|     ene_avg_sampling =       1

Ewald parameters:
     verbose =       0, ew_type =       0, nbflag  =       1, use_pme =       1
     vdwmeth =       1, eedmeth =       1, netfrc  =       0
     Box X =   48.000   Box Y =   48.000   Box Z =   48.000
     Alpha =   90.000   Beta  =   90.000   Gamma =   90.000
     NFFT1 =   32       NFFT2 =   32       NFFT3 =   32
     Cutoff=   14.000   Tol   =0.100E-04
     Ewald Coefficient =  0.19234
     Interpolation order =    4

--------------------------------------------------------------------------------
   3.  ATOMIC COORDINATES AND VELOCITIES
--------------------------------------------------------------------------------

ACE                                                                             
 begin time read from input coords =     0.000 ps

 
 Number of triangulated 3-point waters found:        0

     Sum of charges from parm topology file =  -0.00000000
     Forcing neutrality...

| Dynamic Memory, Types Used:
| Reals              200112
| Integers             2516

| Nonbonded Pairs Initial Allocation:       17534

--------------------------------------------------------------------------------
   4.  RESULTS
--------------------------------------------------------------------------------

 ---------------------------------------------------
 APPROXIMATING switch and d/dx switch using CUBIC SPLINE INTERPOLATION
 using   5000.0 points per unit in tabled values
 TESTING RELATIVE ERROR over r ranging from 0.0 to cutoff
| CHECK switch(x): max rel err =   0.2738E-14   at   2.422500
| CHECK d/dx switch(x): max rel err =   0.7883E-11   at   2.684960
 ---------------------------------------------------
|---------------------------------------------------
| APPROXIMATING direct energy using CUBIC SPLINE INTERPOLATION
|  with   50.0 points per unit in tabled values
| Relative Error Limit not exceeded for r .gt.   2.24
| APPROXIMATING direct force using CUBIC SPLINE INTERPOLATION
|  with   50.0 points per unit in tabled values
| Relative Error Limit not exceeded for r .gt.   2.76
|---------------------------------------------------


   NSTEP       ENERGY          RMS            GMAX         NAME    NUMBER
      1      -5.0373E+00     9.2285E+00     3.4476E+01     N          18

 BOND    =        0.0305  ANGLE   =        1.5484  DIHED      =       11.6378
 VDWAALS =        9.2679  EEL     =      -76.3318  HBOND      =        0.0000
 1-4 VDW =        4.9699  1-4 EEL =       43.8400  RESTRAINT  =        0.0000


   NSTEP       ENERGY          RMS            GMAX         NAME    NUMBER
    100      -1.5687E+01     1.2843E+00     6.1750E+00     C          16

 BOND    =        0.5963  ANGLE   =        1.6036  DIHED      =       11.5612
 VDWAALS =        0.2125  EEL     =      -75.0807  HBOND      =        0.0000
 1-4 VDW =        3.1355  1-4 EEL =       42.2848  RESTRAINT  =        0.0000


   NSTEP       ENERGY          RMS            GMAX         NAME    NUMBER
    200      -1.7191E+01     2.8374E-01     8.5126E-01     CH3        20

 BOND    =        0.4380  ANGLE   =        0.9164  DIHED      =       11.2514
 VDWAALS =       -0.9532  EEL     =      -74.3978  HBOND      =        0.0000
 1-4 VDW =        3.0875  1-4 EEL =       42.4664  RESTRAINT  =        0.0000


   NSTEP       ENERGY          RMS            GMAX         NAME    NUMBER
    300      -1.7324E+01     3.5291E-01     9.9861E-01     N           7

 BOND    =        0.4087  ANGLE   =        0.8534  DIHED      =       11.1924
 VDWAALS =       -1.1219  EEL     =      -74.0730  HBOND      =        0.0000
 1-4 VDW =        3.0580  1-4 EEL =       42.3587  RESTRAINT  =        0.0000


   NSTEP       ENERGY          RMS            GMAX         NAME    NUMBER
    400      -1.7382E+01     1.5084E-01     6.5834E-01     CH3        20

 BOND    =        0.4109  ANGLE   =        0.8129  DIHED      =       11.1653
 VDWAALS =       -1.2048  EEL     =      -73.9435  HBOND      =        0.0000
 1-4 VDW =        3.0434  1-4 EEL =       42.3337  RESTRAINT  =        0.0000


   NSTEP       ENERGY          RMS            GMAX         NAME    NUMBER
    500      -1.7416E+01     7.7329E-02     1.6307E-01     HA         10

 BOND    =        0.4135  ANGLE   =        0.7873  DIHED      =       11.1526
 VDWAALS =       -1.2595  EEL     =      -73.8867  HBOND      =        0.0000
 1-4 VDW =        3.0374  1-4 EEL =       42.3399  RESTRAINT  =        0.0000


   NSTEP       ENERGY          RMS            GMAX         NAME    NUMBER
    600      -1.7438E+01     6.0856E-02     1.6733E-01     CA          9

 BOND    =        0.4124  ANGLE   =        0.7781  DIHED      =       11.1468
 VDWAALS =       -1.2951  EEL     =      -73.8683  HBOND      =        0.0000
 1-4 VDW =        3.0372  1-4 EEL =       42.3515  RESTRAINT  =        0.0000


   NSTEP       ENERGY          RMS            GMAX         NAME    NUMBER
    700      -1.7453E+01     1.1962E-01     5.4282E-01     C          16

 BOND    =        0.4113  ANGLE   =        0.7699  DIHED      =       11.1441
 VDWAALS =       -1.3223  EEL     =      -73.8571  HBOND      =        0.0000
 1-4 VDW =        3.0392  1-4 EEL =       42.3620  RESTRAINT  =        0.0000


   NSTEP       ENERGY          RMS            GMAX         NAME    NUMBER
    800      -1.7468E+01     6.3138E-02     2.0712E-01     H1          1

 BOND    =        0.4176  ANGLE   =        0.7635  DIHED      =       11.1418
 VDWAALS =       -1.3395  EEL     =      -73.8628  HBOND      =        0.0000
 1-4 VDW =        3.0418  1-4 EEL =       42.3696  RESTRAINT  =        0.0000


   NSTEP       ENERGY          RMS            GMAX         NAME    NUMBER
    900      -1.7477E+01     1.3337E-01     3.7110E-01     CH3        20

 BOND    =        0.4277  ANGLE   =        0.7658  DIHED      =       11.1432
 VDWAALS =       -1.3485  EEL     =      -73.8762  HBOND      =        0.0000
 1-4 VDW =        3.0456  1-4 EEL =       42.3652  RESTRAINT  =        0.0000


   NSTEP       ENERGY          RMS            GMAX         NAME    NUMBER
   1000      -1.7482E+01     6.7860E-02     1.9739E-01     N          18

 BOND    =        0.4120  ANGLE   =        0.7653  DIHED      =       11.1412
 VDWAALS =       -1.3517  EEL     =      -73.9160  HBOND      =        0.0000
 1-4 VDW =        3.0503  1-4 EEL =       42.4166  RESTRAINT  =        0.0000


  Maximum number of minimization cycles reached.


                    FINAL RESULTS



   NSTEP       ENERGY          RMS            GMAX         NAME    NUMBER
   1000      -1.7482E+01     6.7860E-02     1.9739E-01     N          18

 BOND    =        0.4120  ANGLE   =        0.7653  DIHED      =       11.1412
 VDWAALS =       -1.3517  EEL     =      -73.9160  HBOND      =        0.0000
 1-4 VDW =        3.0503  1-4 EEL =       42.4166  RESTRAINT  =        0.0000
--------------------------------------------------------------------------------
   5.  TIMINGS
--------------------------------------------------------------------------------

|  NonSetup CPU Time in Major Routines:
|
|     Routine           Sec        %
|     ------------------------------
|     Nonbond           2.12   98.61
|     Bond              0.00    0.10
|     Angle             0.00    0.23
|     Dihedral          0.02    0.84
|     Shake             0.00    0.00
|     Other             0.00    0.22
|     ------------------------------
|     Total             2.15

|  PME Nonbond Pairlist CPU Time:
|
|     Routine              Sec        %
|     ---------------------------------
|     Set Up Cit           0.00    0.01
|     Build List           0.00    0.03
|     ---------------------------------
|     Total                0.00    0.04

|  PME Direct Force CPU Time:
|
|     Routine              Sec        %
|     ---------------------------------
|     NonBonded Calc       0.02    0.73
|     Exclude Masked       0.01    0.40
|     Other                0.01    0.38
|     ---------------------------------
|     Total                0.03    1.50

|  PME Reciprocal Force CPU Time:
|
|     Routine              Sec        %
|     ---------------------------------
|     1D bspline           0.00    0.16
|     Grid Charges         0.09    3.97
|     Scalar Sum           0.85   39.35
|     Gradient Sum         0.01    0.63
|     FFT                  1.14   53.06
|     ---------------------------------
|     Total                2.09   97.17

|  Setup CPU time:            0.04 seconds
|  NonSetup CPU time:         2.15 seconds
|  Total CPU time:            2.19 seconds     0.00 hours

|  Setup wall time:           0    seconds
|  NonSetup wall time:        2    seconds
|  Total wall time:           2    seconds     0.00 hours
