
          -------------------------------------------------------
          Amber 20 PMEMD                              2020
          -------------------------------------------------------

| PMEMD implementation of SANDER, Release 18

|  Compiled date/time: Tue Apr 28 23:52:05 2020
| Run on 05/02/2020 at 19:25:14

|   Executable path: pmemd
| Working directory: /home/cerutti/OpenForceField/Dipeptides/NTerminal/THR
|          Hostname: Unknown
  [-O]verwriting output

File Assignments:
|   MDIN: ../../min.in                                                          
|  MDOUT: min.out                                                               
| INPCRD: THR.inpcrd                                                            
|   PARM: THR.prmtop                                                            
| RESTRT: mincrd                                                                
|   REFC: refc                                                                  
|  MDVEL: mdvel                                                                 
|   MDEN: mden                                                                  
|  MDCRD: mdcrd                                                                 
| MDINFO: mdinfo                                                                
|  MDFRC: mdfrc                                                                 


 Here is the input file:

Initial minimization                                                           
 &cntrl                                                                        
  ntx    = 1,       irest  = 0,       ntrx   = 1,      ntxo   = 1,             
  ntpr   = 100,     ntwx   = 0,       ntwv   = 0,      ntwe   = 0,             
                                                                               
  ntf    = 1,       ntb    = 1,                                                
  ntc    = 1,                                                                  
                                                                               
  cut    = 14.0,                                                               
                                                                               
  imin   = 1,                                                                  
  maxcyc = 1000,                                                               
  ncyc   = 100,                                                                
 &end                                                                          
 &ewald                                                                        
  nfft1 = 32, nfft2 = 32, nfft3 = 32,                                          
 &end                                                                          


Note: ig = -1. Setting random seed to   803289 based on wallclock time in 
      microseconds.
| irandom = 1, using AMBER's internal random number generator (default).
 
 
| Conditional Compilation Defines Used:
| FFTW_FFT
| BINTRAJ
| MKL
| EMIL

| Largest sphere to fit in unit cell has radius =    24.000

| New format PARM file being parsed.
| Version =    1.000 Date = 05/02/20 Time = 19:25:14

| Note: 1-4 EEL scale factors are being read from the topology file.

| Note: 1-4 VDW scale factors are being read from the topology file.
| Duplicated    0 dihedrals

| Duplicated    0 dihedrals

--------------------------------------------------------------------------------
   1.  RESOURCE   USE: 
--------------------------------------------------------------------------------

 getting new box info from bottom of inpcrd
 NATOM  =      22 NTYPES =      10 NBONH =      13 MBONA  =       8
 NTHETH =      27 MTHETA =      10 NPHIH =      47 MPHIA  =      26
 NHPARM =       0 NPARM  =       0 NNB   =     106 NRES   =       2
 NBONA  =       8 NTHETA =      10 NPHIA =      26 NUMBND =      15
 NUMANG =      25 NPTRA  =      35 NATYP =      13 NPHB   =       0
 IFBOX  =       1 NMXRS  =      16 IFCAP =       0 NEXTRA =       0
 NCOPY  =       0

| Coordinate Index Table dimensions:     6    6    6
| Direct force subcell size =     8.0000    8.0000    8.0000

     BOX TYPE: RECTILINEAR

--------------------------------------------------------------------------------
   2.  CONTROL  DATA  FOR  THE  RUN
--------------------------------------------------------------------------------

NTHR                                                                            

General flags:
     imin    =       1, nmropt  =       0

Nature and format of input:
     ntx     =       1, irest   =       0, ntrx    =       1

Nature and format of output:
     ntxo    =       1, ntpr    =     100, ntrx    =       1, ntwr    =       1
     iwrap   =       0, ntwx    =       0, ntwv    =       0, ntwe    =       0
     ioutfm  =       1, ntwprt  =       0, idecomp =       0, rbornstat=      0

Potential function:
     ntf     =       1, ntb     =       1, igb     =       0, nsnb    =      25
     ipol    =       0, gbsa    =       0, iesp    =       0
     dielc   =   1.00000, cut     =  14.00000, intdiel =   1.00000

Frozen or restrained atoms:
     ibelly  =       0, ntr     =       0

Energy minimization:
     maxcyc  =    1000, ncyc    =     100, ntmin   =       1
     dx0     =   0.01000, drms    =   0.00010

| Intermolecular bonds treatment:
|     no_intermolecular_bonds =       1

| Energy averages sample interval:
|     ene_avg_sampling =       1

Ewald parameters:
     verbose =       0, ew_type =       0, nbflag  =       1, use_pme =       1
     vdwmeth =       1, eedmeth =       1, netfrc  =       0
     Box X =   48.000   Box Y =   48.000   Box Z =   48.000
     Alpha =   90.000   Beta  =   90.000   Gamma =   90.000
     NFFT1 =   32       NFFT2 =   32       NFFT3 =   32
     Cutoff=   14.000   Tol   =0.100E-04
     Ewald Coefficient =  0.19234
     Interpolation order =    4

--------------------------------------------------------------------------------
   3.  ATOMIC COORDINATES AND VELOCITIES
--------------------------------------------------------------------------------

NTHR                                                                            
 begin time read from input coords =     0.000 ps

 
 Number of triangulated 3-point waters found:        0

     Sum of charges from parm topology file =   1.00000000
     Assuming uniform neutralizing plasma

| Dynamic Memory, Types Used:
| Reals              200177
| Integers             2497

| Nonbonded Pairs Initial Allocation:       16772

--------------------------------------------------------------------------------
   4.  RESULTS
--------------------------------------------------------------------------------

 ---------------------------------------------------
 APPROXIMATING switch and d/dx switch using CUBIC SPLINE INTERPOLATION
 using   5000.0 points per unit in tabled values
 TESTING RELATIVE ERROR over r ranging from 0.0 to cutoff
| CHECK switch(x): max rel err =   0.2738E-14   at   2.422500
| CHECK d/dx switch(x): max rel err =   0.7883E-11   at   2.684960
 ---------------------------------------------------
|---------------------------------------------------
| APPROXIMATING direct energy using CUBIC SPLINE INTERPOLATION
|  with   50.0 points per unit in tabled values
| Relative Error Limit not exceeded for r .gt.   2.24
| APPROXIMATING direct force using CUBIC SPLINE INTERPOLATION
|  with   50.0 points per unit in tabled values
| Relative Error Limit not exceeded for r .gt.   2.76
|---------------------------------------------------


   NSTEP       ENERGY          RMS            GMAX         NAME    NUMBER
      1      -5.2035E+01     7.0349E+00     2.3369E+01     OG1        13

 BOND    =        0.3062  ANGLE   =        1.9988  DIHED      =        9.1804
 VDWAALS =        0.3240  EEL     =       12.5918  HBOND      =        0.0000
 1-4 VDW =        5.1643  1-4 EEL =      -81.6006  RESTRAINT  =        0.0000


   NSTEP       ENERGY          RMS            GMAX         NAME    NUMBER
    100      -5.8222E+01     6.6808E-01     3.5981E+00     C          15

 BOND    =        0.2363  ANGLE   =        1.2717  DIHED      =        9.5566
 VDWAALS =       -0.7884  EEL     =        8.4863  HBOND      =        0.0000
 1-4 VDW =        5.2628  1-4 EEL =      -82.2470  RESTRAINT  =        0.0000


   NSTEP       ENERGY          RMS            GMAX         NAME    NUMBER
    200      -6.0460E+01     5.8219E-01     1.4326E+00     N          17

 BOND    =        0.2630  ANGLE   =        1.1773  DIHED      =        7.7805
 VDWAALS =       -0.9111  EEL     =        7.5311  HBOND      =        0.0000
 1-4 VDW =        5.2757  1-4 EEL =      -81.5761  RESTRAINT  =        0.0000


   NSTEP       ENERGY          RMS            GMAX         NAME    NUMBER
    300      -6.0556E+01     5.9555E-02     1.6474E-01     H3          4

 BOND    =        0.2487  ANGLE   =        1.1403  DIHED      =        7.4333
 VDWAALS =       -0.9174  EEL     =        7.9906  HBOND      =        0.0000
 1-4 VDW =        5.2665  1-4 EEL =      -81.7181  RESTRAINT  =        0.0000


   NSTEP       ENERGY          RMS            GMAX         NAME    NUMBER
    400      -6.0559E+01     1.2770E-01     4.0108E-01     N          17

 BOND    =        0.2491  ANGLE   =        1.1354  DIHED      =        7.4041
 VDWAALS =       -0.9278  EEL     =        8.0567  HBOND      =        0.0000
 1-4 VDW =        5.2692  1-4 EEL =      -81.7461  RESTRAINT  =        0.0000


   NSTEP       ENERGY          RMS            GMAX         NAME    NUMBER
    500      -6.0568E+01     4.0166E-01     1.3362E+00     HH31       20

 BOND    =        0.2370  ANGLE   =        1.0940  DIHED      =        7.3958
 VDWAALS =       -0.9537  EEL     =        8.1213  HBOND      =        0.0000
 1-4 VDW =        5.2410  1-4 EEL =      -81.7031  RESTRAINT  =        0.0000


   NSTEP       ENERGY          RMS            GMAX         NAME    NUMBER
    600      -6.0632E+01     2.5301E-01     8.4667E-01     H2          3

 BOND    =        0.2036  ANGLE   =        1.0089  DIHED      =        7.4044
 VDWAALS =       -1.0448  EEL     =        8.0823  HBOND      =        0.0000
 1-4 VDW =        5.2652  1-4 EEL =      -81.5518  RESTRAINT  =        0.0000


   NSTEP       ENERGY          RMS            GMAX         NAME    NUMBER
    700      -6.0731E+01     2.1644E-01     6.7717E-01     HH32       21

 BOND    =        0.2087  ANGLE   =        0.9709  DIHED      =        7.4097
 VDWAALS =       -1.1486  EEL     =        8.1161  HBOND      =        0.0000
 1-4 VDW =        5.2650  1-4 EEL =      -81.5527  RESTRAINT  =        0.0000


   NSTEP       ENERGY          RMS            GMAX         NAME    NUMBER
    800      -6.0785E+01     1.6543E-01     4.1513E-01     H3          4

 BOND    =        0.2122  ANGLE   =        0.9823  DIHED      =        7.4146
 VDWAALS =       -1.2007  EEL     =        8.0994  HBOND      =        0.0000
 1-4 VDW =        5.2637  1-4 EEL =      -81.5570  RESTRAINT  =        0.0000


   NSTEP       ENERGY          RMS            GMAX         NAME    NUMBER
    900      -6.0818E+01     1.9964E-01     5.2468E-01     H          18

 BOND    =        0.2014  ANGLE   =        0.9755  DIHED      =        7.4130
 VDWAALS =       -1.2378  EEL     =        8.0678  HBOND      =        0.0000
 1-4 VDW =        5.2882  1-4 EEL =      -81.5259  RESTRAINT  =        0.0000


   NSTEP       ENERGY          RMS            GMAX         NAME    NUMBER
   1000      -6.0836E+01     8.7043E-02     2.1773E-01     HH32       21

 BOND    =        0.2136  ANGLE   =        0.9823  DIHED      =        7.4030
 VDWAALS =       -1.2542  EEL     =        8.0505  HBOND      =        0.0000
 1-4 VDW =        5.2963  1-4 EEL =      -81.5271  RESTRAINT  =        0.0000


  Maximum number of minimization cycles reached.


                    FINAL RESULTS



   NSTEP       ENERGY          RMS            GMAX         NAME    NUMBER
   1000      -6.0836E+01     8.7043E-02     2.1773E-01     HH32       21

 BOND    =        0.2136  ANGLE   =        0.9823  DIHED      =        7.4030
 VDWAALS =       -1.2542  EEL     =        8.0505  HBOND      =        0.0000
 1-4 VDW =        5.2963  1-4 EEL =      -81.5271  RESTRAINT  =        0.0000
--------------------------------------------------------------------------------
   5.  TIMINGS
--------------------------------------------------------------------------------

|  NonSetup CPU Time in Major Routines:
|
|     Routine           Sec        %
|     ------------------------------
|     Nonbond           2.13   98.67
|     Bond              0.00    0.10
|     Angle             0.00    0.23
|     Dihedral          0.02    0.78
|     Shake             0.00    0.00
|     Other             0.00    0.22
|     ------------------------------
|     Total             2.16

|  PME Nonbond Pairlist CPU Time:
|
|     Routine              Sec        %
|     ---------------------------------
|     Set Up Cit           0.00    0.01
|     Build List           0.00    0.03
|     ---------------------------------
|     Total                0.00    0.04

|  PME Direct Force CPU Time:
|
|     Routine              Sec        %
|     ---------------------------------
|     NonBonded Calc       0.01    0.65
|     Exclude Masked       0.01    0.40
|     Other                0.01    0.38
|     ---------------------------------
|     Total                0.03    1.43

|  PME Reciprocal Force CPU Time:
|
|     Routine              Sec        %
|     ---------------------------------
|     1D bspline           0.00    0.16
|     Grid Charges         0.09    3.94
|     Scalar Sum           0.85   39.29
|     Gradient Sum         0.01    0.61
|     FFT                  1.15   53.29
|     ---------------------------------
|     Total                2.10   97.30

|  Setup CPU time:            0.04 seconds
|  NonSetup CPU time:         2.16 seconds
|  Total CPU time:            2.20 seconds     0.00 hours

|  Setup wall time:           0    seconds
|  NonSetup wall time:        2    seconds
|  Total wall time:           2    seconds     0.00 hours
