
          -------------------------------------------------------
          Amber 20 PMEMD                              2020
          -------------------------------------------------------

| PMEMD implementation of SANDER, Release 18

|  Compiled date/time: Tue Apr 28 23:52:05 2020
| Run on 05/02/2020 at 16:01:13

|   Executable path: pmemd
| Working directory: /home/cerutti/OpenForceField/Dipeptides/MainChain/HIE
|          Hostname: Unknown
  [-O]verwriting output

File Assignments:
|   MDIN: ../../min.in                                                          
|  MDOUT: min.out                                                               
| INPCRD: HIE.inpcrd                                                            
|   PARM: HIE.prmtop                                                            
| RESTRT: mincrd                                                                
|   REFC: refc                                                                  
|  MDVEL: mdvel                                                                 
|   MDEN: mden                                                                  
|  MDCRD: mdcrd                                                                 
| MDINFO: mdinfo                                                                
|  MDFRC: mdfrc                                                                 


 Here is the input file:

Initial minimization                                                           
 &cntrl                                                                        
  ntx    = 1,       irest  = 0,       ntrx   = 1,      ntxo   = 1,             
  ntpr   = 100,     ntwx   = 0,       ntwv   = 0,      ntwe   = 0,             
                                                                               
  ntf    = 1,       ntb    = 1,                                                
  ntc    = 1,                                                                  
                                                                               
  cut    = 14.0,                                                               
                                                                               
  imin   = 1,                                                                  
  maxcyc = 1000,                                                               
  ncyc   = 100,                                                                
 &end                                                                          
 &ewald                                                                        
  nfft1 = 32, nfft2 = 32, nfft3 = 32,                                          
 &end                                                                          


Note: ig = -1. Setting random seed to   739021 based on wallclock time in 
      microseconds.
| irandom = 1, using AMBER's internal random number generator (default).
 
 
| Conditional Compilation Defines Used:
| FFTW_FFT
| BINTRAJ
| MKL
| EMIL

| Largest sphere to fit in unit cell has radius =    24.000

| New format PARM file being parsed.
| Version =    1.000 Date = 05/02/20 Time = 16:01:13

| Note: 1-4 EEL scale factors are being read from the topology file.

| Note: 1-4 VDW scale factors are being read from the topology file.
| Duplicated    0 dihedrals

| Duplicated    0 dihedrals

--------------------------------------------------------------------------------
   1.  RESOURCE   USE: 
--------------------------------------------------------------------------------

 getting new box info from bottom of inpcrd
 NATOM  =      29 NTYPES =       9 NBONH =      14 MBONA  =      15
 NTHETH =      30 MTHETA =      19 NPHIH =      57 MPHIA  =      45
 NHPARM =       0 NPARM  =       0 NNB   =     138 NRES   =       3
 NBONA  =      15 NTHETA =      19 NPHIA =      45 NUMBND =      20
 NUMANG =      36 NPTRA  =      37 NATYP =      15 NPHB   =       0
 IFBOX  =       1 NMXRS  =      17 IFCAP =       0 NEXTRA =       0
 NCOPY  =       0

| Coordinate Index Table dimensions:     6    6    6
| Direct force subcell size =     8.0000    8.0000    8.0000

     BOX TYPE: RECTILINEAR

--------------------------------------------------------------------------------
   2.  CONTROL  DATA  FOR  THE  RUN
--------------------------------------------------------------------------------

ACE                                                                             

General flags:
     imin    =       1, nmropt  =       0

Nature and format of input:
     ntx     =       1, irest   =       0, ntrx    =       1

Nature and format of output:
     ntxo    =       1, ntpr    =     100, ntrx    =       1, ntwr    =       1
     iwrap   =       0, ntwx    =       0, ntwv    =       0, ntwe    =       0
     ioutfm  =       1, ntwprt  =       0, idecomp =       0, rbornstat=      0

Potential function:
     ntf     =       1, ntb     =       1, igb     =       0, nsnb    =      25
     ipol    =       0, gbsa    =       0, iesp    =       0
     dielc   =   1.00000, cut     =  14.00000, intdiel =   1.00000

Frozen or restrained atoms:
     ibelly  =       0, ntr     =       0

Energy minimization:
     maxcyc  =    1000, ncyc    =     100, ntmin   =       1
     dx0     =   0.01000, drms    =   0.00010

| Intermolecular bonds treatment:
|     no_intermolecular_bonds =       1

| Energy averages sample interval:
|     ene_avg_sampling =       1

Ewald parameters:
     verbose =       0, ew_type =       0, nbflag  =       1, use_pme =       1
     vdwmeth =       1, eedmeth =       1, netfrc  =       0
     Box X =   48.000   Box Y =   48.000   Box Z =   48.000
     Alpha =   90.000   Beta  =   90.000   Gamma =   90.000
     NFFT1 =   32       NFFT2 =   32       NFFT3 =   32
     Cutoff=   14.000   Tol   =0.100E-04
     Ewald Coefficient =  0.19234
     Interpolation order =    4

--------------------------------------------------------------------------------
   3.  ATOMIC COORDINATES AND VELOCITIES
--------------------------------------------------------------------------------

ACE                                                                             
 begin time read from input coords =     0.000 ps

 
 Number of triangulated 3-point waters found:        0

     Sum of charges from parm topology file =  -0.00000000
     Forcing neutrality...

| Dynamic Memory, Types Used:
| Reals              200369
| Integers             3266

| Nonbonded Pairs Initial Allocation:       22108

--------------------------------------------------------------------------------
   4.  RESULTS
--------------------------------------------------------------------------------

 ---------------------------------------------------
 APPROXIMATING switch and d/dx switch using CUBIC SPLINE INTERPOLATION
 using   5000.0 points per unit in tabled values
 TESTING RELATIVE ERROR over r ranging from 0.0 to cutoff
| CHECK switch(x): max rel err =   0.2738E-14   at   2.422500
| CHECK d/dx switch(x): max rel err =   0.7883E-11   at   2.684960
 ---------------------------------------------------
|---------------------------------------------------
| APPROXIMATING direct energy using CUBIC SPLINE INTERPOLATION
|  with   50.0 points per unit in tabled values
| Relative Error Limit not exceeded for r .gt.   2.24
| APPROXIMATING direct force using CUBIC SPLINE INTERPOLATION
|  with   50.0 points per unit in tabled values
| Relative Error Limit not exceeded for r .gt.   2.76
|---------------------------------------------------


   NSTEP       ENERGY          RMS            GMAX         NAME    NUMBER
      1       7.9501E+02     1.2365E+03     7.1276E+03     H          25

 BOND    =        0.9938  ANGLE   =       23.1725  DIHED      =       11.2707
 VDWAALS =      792.0238  EEL     =      -88.7531  HBOND      =        0.0000
 1-4 VDW =        5.4199  1-4 EEL =       50.8777  RESTRAINT  =        0.0000


   NSTEP       ENERGY          RMS            GMAX         NAME    NUMBER
    100      -4.2800E+00     3.0109E+00     9.6777E+00     CE1        16

 BOND    =        0.9734  ANGLE   =       22.6761  DIHED      =       11.7747
 VDWAALS =       -0.2752  EEL     =      -90.2685  HBOND      =        0.0000
 1-4 VDW =        3.0297  1-4 EEL =       47.8097  RESTRAINT  =        0.0000


   NSTEP       ENERGY          RMS            GMAX         NAME    NUMBER
    200      -1.1116E+01     8.3998E-01     2.2975E+00     CH3        26

 BOND    =        0.4991  ANGLE   =       19.7777  DIHED      =       12.1343
 VDWAALS =       -2.5465  EEL     =      -93.0542  HBOND      =        0.0000
 1-4 VDW =        3.5060  1-4 EEL =       48.5675  RESTRAINT  =        0.0000


   NSTEP       ENERGY          RMS            GMAX         NAME    NUMBER
    300      -1.2112E+01     6.8932E-01     2.4629E+00     CB         11

 BOND    =        0.4208  ANGLE   =       19.5791  DIHED      =       12.4627
 VDWAALS =       -2.8390  EEL     =      -93.7293  HBOND      =        0.0000
 1-4 VDW =        3.4455  1-4 EEL =       48.5483  RESTRAINT  =        0.0000


   NSTEP       ENERGY          RMS            GMAX         NAME    NUMBER
    400      -1.3298E+01     9.7989E-01     2.4133E+00     H          25

 BOND    =        0.5118  ANGLE   =       19.6156  DIHED      =       12.6488
 VDWAALS =       -2.9772  EEL     =      -95.0306  HBOND      =        0.0000
 1-4 VDW =        3.3721  1-4 EEL =       48.5619  RESTRAINT  =        0.0000


   NSTEP       ENERGY          RMS            GMAX         NAME    NUMBER
    500      -1.4508E+01     1.0056E+00     3.4529E+00     CG         14

 BOND    =        0.4808  ANGLE   =       19.5767  DIHED      =       12.5197
 VDWAALS =       -2.4774  EEL     =      -96.8190  HBOND      =        0.0000
 1-4 VDW =        3.3735  1-4 EEL =       48.8379  RESTRAINT  =        0.0000


   NSTEP       ENERGY          RMS            GMAX         NAME    NUMBER
    600      -1.5291E+01     8.6206E-01     2.5523E+00     C           5

 BOND    =        0.5425  ANGLE   =       19.5103  DIHED      =       12.6524
 VDWAALS =       -2.2402  EEL     =      -98.0746  HBOND      =        0.0000
 1-4 VDW =        3.4838  1-4 EEL =       48.8354  RESTRAINT  =        0.0000


   NSTEP       ENERGY          RMS            GMAX         NAME    NUMBER
    700      -1.5753E+01     6.3202E-01     1.6107E+00     C           5

 BOND    =        0.4848  ANGLE   =       19.4701  DIHED      =       12.8444
 VDWAALS =       -2.2333  EEL     =      -98.7746  HBOND      =        0.0000
 1-4 VDW =        3.5775  1-4 EEL =       48.8778  RESTRAINT  =        0.0000


   NSTEP       ENERGY          RMS            GMAX         NAME    NUMBER
    800      -1.5994E+01     6.3272E-01     1.9605E+00     CE1        16

 BOND    =        0.4989  ANGLE   =       19.4171  DIHED      =       12.9713
 VDWAALS =       -2.2824  EEL     =      -99.0570  HBOND      =        0.0000
 1-4 VDW =        3.6264  1-4 EEL =       48.8314  RESTRAINT  =        0.0000


   NSTEP       ENERGY          RMS            GMAX         NAME    NUMBER
    900      -1.6142E+01     2.8466E-01     8.0711E-01     HD2        21

 BOND    =        0.4985  ANGLE   =       19.3241  DIHED      =       13.0869
 VDWAALS =       -2.3534  EEL     =      -99.2099  HBOND      =        0.0000
 1-4 VDW =        3.6915  1-4 EEL =       48.8204  RESTRAINT  =        0.0000


   NSTEP       ENERGY          RMS            GMAX         NAME    NUMBER
   1000      -1.6209E+01     1.6412E-01     4.3225E-01     H          25

 BOND    =        0.4918  ANGLE   =       19.3058  DIHED      =       13.1339
 VDWAALS =       -2.4023  EEL     =      -99.2749  HBOND      =        0.0000
 1-4 VDW =        3.7376  1-4 EEL =       48.7987  RESTRAINT  =        0.0000


  Maximum number of minimization cycles reached.


                    FINAL RESULTS



   NSTEP       ENERGY          RMS            GMAX         NAME    NUMBER
   1000      -1.6209E+01     1.6412E-01     4.3225E-01     H          25

 BOND    =        0.4918  ANGLE   =       19.3058  DIHED      =       13.1339
 VDWAALS =       -2.4023  EEL     =      -99.2749  HBOND      =        0.0000
 1-4 VDW =        3.7376  1-4 EEL =       48.7987  RESTRAINT  =        0.0000
--------------------------------------------------------------------------------
   5.  TIMINGS
--------------------------------------------------------------------------------

|  NonSetup CPU Time in Major Routines:
|
|     Routine           Sec        %
|     ------------------------------
|     Nonbond           2.16   98.34
|     Bond              0.00    0.11
|     Angle             0.01    0.29
|     Dihedral          0.02    1.03
|     Shake             0.00    0.00
|     Other             0.00    0.22
|     ------------------------------
|     Total             2.20

|  PME Nonbond Pairlist CPU Time:
|
|     Routine              Sec        %
|     ---------------------------------
|     Set Up Cit           0.00    0.00
|     Build List           0.00    0.01
|     ---------------------------------
|     Total                0.00    0.02

|  PME Direct Force CPU Time:
|
|     Routine              Sec        %
|     ---------------------------------
|     NonBonded Calc       0.02    1.09
|     Exclude Masked       0.01    0.50
|     Other                0.01    0.38
|     ---------------------------------
|     Total                0.04    1.97

|  PME Reciprocal Force CPU Time:
|
|     Routine              Sec        %
|     ---------------------------------
|     1D bspline           0.00    0.19
|     Grid Charges         0.09    3.97
|     Scalar Sum           0.85   38.51
|     Gradient Sum         0.02    0.77
|     FFT                  1.17   53.03
|     ---------------------------------
|     Total                2.12   96.46

|  Setup CPU time:            0.04 seconds
|  NonSetup CPU time:         2.20 seconds
|  Total CPU time:            2.24 seconds     0.00 hours

|  Setup wall time:           0    seconds
|  NonSetup wall time:        2    seconds
|  Total wall time:           2    seconds     0.00 hours
