
          -------------------------------------------------------
          Amber 20 PMEMD                              2020
          -------------------------------------------------------

| PMEMD implementation of SANDER, Release 18

|  Compiled date/time: Tue Apr 28 23:52:05 2020
| Run on 05/02/2020 at 19:24:56

|   Executable path: pmemd
| Working directory: /home/cerutti/OpenForceField/Dipeptides/NTerminal/HIP
|          Hostname: Unknown
  [-O]verwriting output

File Assignments:
|   MDIN: ../../min.in                                                          
|  MDOUT: min.out                                                               
| INPCRD: HIP.inpcrd                                                            
|   PARM: HIP.prmtop                                                            
| RESTRT: mincrd                                                                
|   REFC: refc                                                                  
|  MDVEL: mdvel                                                                 
|   MDEN: mden                                                                  
|  MDCRD: mdcrd                                                                 
| MDINFO: mdinfo                                                                
|  MDFRC: mdfrc                                                                 


 Here is the input file:

Initial minimization                                                           
 &cntrl                                                                        
  ntx    = 1,       irest  = 0,       ntrx   = 1,      ntxo   = 1,             
  ntpr   = 100,     ntwx   = 0,       ntwv   = 0,      ntwe   = 0,             
                                                                               
  ntf    = 1,       ntb    = 1,                                                
  ntc    = 1,                                                                  
                                                                               
  cut    = 14.0,                                                               
                                                                               
  imin   = 1,                                                                  
  maxcyc = 1000,                                                               
  ncyc   = 100,                                                                
 &end                                                                          
 &ewald                                                                        
  nfft1 = 32, nfft2 = 32, nfft3 = 32,                                          
 &end                                                                          


Note: ig = -1. Setting random seed to   141967 based on wallclock time in 
      microseconds.
| irandom = 1, using AMBER's internal random number generator (default).
 
 
| Conditional Compilation Defines Used:
| FFTW_FFT
| BINTRAJ
| MKL
| EMIL

| Largest sphere to fit in unit cell has radius =    24.000

| New format PARM file being parsed.
| Version =    1.000 Date = 05/02/20 Time = 19:24:56

| Note: 1-4 EEL scale factors are being read from the topology file.

| Note: 1-4 VDW scale factors are being read from the topology file.
| Duplicated    0 dihedrals

| Duplicated    0 dihedrals

--------------------------------------------------------------------------------
   1.  RESOURCE   USE: 
--------------------------------------------------------------------------------

 getting new box info from bottom of inpcrd
 NATOM  =      26 NTYPES =      10 NBONH =      14 MBONA  =      12
 NTHETH =      30 MTHETA =      15 NPHIH =      49 MPHIA  =      31
 NHPARM =       0 NPARM  =       0 NNB   =     128 NRES   =       2
 NBONA  =      12 NTHETA =      15 NPHIA =      31 NUMBND =      19
 NUMANG =      33 NPTRA  =      26 NATYP =      16 NPHB   =       0
 IFBOX  =       1 NMXRS  =      20 IFCAP =       0 NEXTRA =       0
 NCOPY  =       0

| Coordinate Index Table dimensions:     6    6    6
| Direct force subcell size =     8.0000    8.0000    8.0000

     BOX TYPE: RECTILINEAR

--------------------------------------------------------------------------------
   2.  CONTROL  DATA  FOR  THE  RUN
--------------------------------------------------------------------------------

NHIP                                                                            

General flags:
     imin    =       1, nmropt  =       0

Nature and format of input:
     ntx     =       1, irest   =       0, ntrx    =       1

Nature and format of output:
     ntxo    =       1, ntpr    =     100, ntrx    =       1, ntwr    =       1
     iwrap   =       0, ntwx    =       0, ntwv    =       0, ntwe    =       0
     ioutfm  =       1, ntwprt  =       0, idecomp =       0, rbornstat=      0

Potential function:
     ntf     =       1, ntb     =       1, igb     =       0, nsnb    =      25
     ipol    =       0, gbsa    =       0, iesp    =       0
     dielc   =   1.00000, cut     =  14.00000, intdiel =   1.00000

Frozen or restrained atoms:
     ibelly  =       0, ntr     =       0

Energy minimization:
     maxcyc  =    1000, ncyc    =     100, ntmin   =       1
     dx0     =   0.01000, drms    =   0.00010

| Intermolecular bonds treatment:
|     no_intermolecular_bonds =       1

| Energy averages sample interval:
|     ene_avg_sampling =       1

Ewald parameters:
     verbose =       0, ew_type =       0, nbflag  =       1, use_pme =       1
     vdwmeth =       1, eedmeth =       1, netfrc  =       0
     Box X =   48.000   Box Y =   48.000   Box Z =   48.000
     Alpha =   90.000   Beta  =   90.000   Gamma =   90.000
     NFFT1 =   32       NFFT2 =   32       NFFT3 =   32
     Cutoff=   14.000   Tol   =0.100E-04
     Ewald Coefficient =  0.19234
     Interpolation order =    4

--------------------------------------------------------------------------------
   3.  ATOMIC COORDINATES AND VELOCITIES
--------------------------------------------------------------------------------

NHIP                                                                            
 begin time read from input coords =     0.000 ps

 
 Number of triangulated 3-point waters found:        0

     Sum of charges from parm topology file =   2.00000000
     Assuming uniform neutralizing plasma

| Dynamic Memory, Types Used:
| Reals              200233
| Integers             2880

| Nonbonded Pairs Initial Allocation:       19821

--------------------------------------------------------------------------------
   4.  RESULTS
--------------------------------------------------------------------------------

 ---------------------------------------------------
 APPROXIMATING switch and d/dx switch using CUBIC SPLINE INTERPOLATION
 using   5000.0 points per unit in tabled values
 TESTING RELATIVE ERROR over r ranging from 0.0 to cutoff
| CHECK switch(x): max rel err =   0.2738E-14   at   2.422500
| CHECK d/dx switch(x): max rel err =   0.7883E-11   at   2.684960
 ---------------------------------------------------
|---------------------------------------------------
| APPROXIMATING direct energy using CUBIC SPLINE INTERPOLATION
|  with   50.0 points per unit in tabled values
| Relative Error Limit not exceeded for r .gt.   2.24
| APPROXIMATING direct force using CUBIC SPLINE INTERPOLATION
|  with   50.0 points per unit in tabled values
| Relative Error Limit not exceeded for r .gt.   2.76
|---------------------------------------------------


   NSTEP       ENERGY          RMS            GMAX         NAME    NUMBER
      1       8.9547E+02     1.3075E+03     7.1358E+03     H          22

 BOND    =        1.2976  ANGLE   =       27.2334  DIHED      =        4.7419
 VDWAALS =      790.2096  EEL     =       21.0444  HBOND      =        0.0000
 1-4 VDW =        3.6605  1-4 EEL =       47.2826  RESTRAINT  =        0.0000


   NSTEP       ENERGY          RMS            GMAX         NAME    NUMBER
    100       9.1155E+01     2.8902E+00     1.0123E+01     NE2        15

 BOND    =        1.3117  ANGLE   =       25.5571  DIHED      =        5.7148
 VDWAALS =       -0.1199  EEL     =       11.6353  HBOND      =        0.0000
 1-4 VDW =        2.6402  1-4 EEL =       44.4156  RESTRAINT  =        0.0000


   NSTEP       ENERGY          RMS            GMAX         NAME    NUMBER
    200       8.4011E+01     1.3418E+00     4.2083E+00     N          21

 BOND    =        1.0336  ANGLE   =       23.4175  DIHED      =        4.5490
 VDWAALS =       -2.0238  EEL     =       10.0480  HBOND      =        0.0000
 1-4 VDW =        2.4626  1-4 EEL =       44.5243  RESTRAINT  =        0.0000


   NSTEP       ENERGY          RMS            GMAX         NAME    NUMBER
    300       8.1779E+01     4.2507E-01     1.1917E+00     CD2        17

 BOND    =        0.7924  ANGLE   =       23.0336  DIHED      =        4.2037
 VDWAALS =       -2.3558  EEL     =        8.9511  HBOND      =        0.0000
 1-4 VDW =        2.3275  1-4 EEL =       44.8261  RESTRAINT  =        0.0000


   NSTEP       ENERGY          RMS            GMAX         NAME    NUMBER
    400       8.0459E+01     4.1308E-01     1.2655E+00     H2          3

 BOND    =        0.6887  ANGLE   =       22.7884  DIHED      =        4.6985
 VDWAALS =       -2.5988  EEL     =        7.9178  HBOND      =        0.0000
 1-4 VDW =        1.9418  1-4 EEL =       45.0223  RESTRAINT  =        0.0000


   NSTEP       ENERGY          RMS            GMAX         NAME    NUMBER
    500       7.7783E+01     5.2103E-01     2.0201E+00     N          21

 BOND    =        0.6954  ANGLE   =       22.7002  DIHED      =        4.0271
 VDWAALS =       -2.2696  EEL     =        5.8182  HBOND      =        0.0000
 1-4 VDW =        1.7647  1-4 EEL =       45.0473  RESTRAINT  =        0.0000


   NSTEP       ENERGY          RMS            GMAX         NAME    NUMBER
    600       7.7087E+01     1.2889E-01     3.2947E-01     CB          7

 BOND    =        0.7630  ANGLE   =       22.7812  DIHED      =        3.8555
 VDWAALS =       -1.3794  EEL     =        4.3134  HBOND      =        0.0000
 1-4 VDW =        1.6519  1-4 EEL =       45.1015  RESTRAINT  =        0.0000


   NSTEP       ENERGY          RMS            GMAX         NAME    NUMBER
    700       7.6973E+01     1.3846E-01     3.3088E-01     N          21

 BOND    =        0.7754  ANGLE   =       22.7912  DIHED      =        3.7923
 VDWAALS =       -1.2140  EEL     =        4.0971  HBOND      =        0.0000
 1-4 VDW =        1.5756  1-4 EEL =       45.1554  RESTRAINT  =        0.0000


   NSTEP       ENERGY          RMS            GMAX         NAME    NUMBER
    800       7.6919E+01     2.3537E-01     7.6705E-01     HA          6

 BOND    =        0.7859  ANGLE   =       22.7915  DIHED      =        3.7462
 VDWAALS =       -1.1368  EEL     =        3.9936  HBOND      =        0.0000
 1-4 VDW =        1.5269  1-4 EEL =       45.2112  RESTRAINT  =        0.0000


   NSTEP       ENERGY          RMS            GMAX         NAME    NUMBER
    900       7.6891E+01     7.9033E-02     2.3446E-01     HB3         9

 BOND    =        0.7887  ANGLE   =       22.7604  DIHED      =        3.7195
 VDWAALS =       -1.0911  EEL     =        3.9590  HBOND      =        0.0000
 1-4 VDW =        1.5142  1-4 EEL =       45.2401  RESTRAINT  =        0.0000


   NSTEP       ENERGY          RMS            GMAX         NAME    NUMBER
   1000       7.6856E+01     4.6047E-02     1.5812E-01     N          21

 BOND    =        0.7930  ANGLE   =       22.7353  DIHED      =        3.6725
 VDWAALS =       -1.0344  EEL     =        3.9036  HBOND      =        0.0000
 1-4 VDW =        1.4898  1-4 EEL =       45.2962  RESTRAINT  =        0.0000


  Maximum number of minimization cycles reached.


                    FINAL RESULTS



   NSTEP       ENERGY          RMS            GMAX         NAME    NUMBER
   1000       7.6856E+01     4.6047E-02     1.5812E-01     N          21

 BOND    =        0.7930  ANGLE   =       22.7353  DIHED      =        3.6725
 VDWAALS =       -1.0344  EEL     =        3.9036  HBOND      =        0.0000
 1-4 VDW =        1.4898  1-4 EEL =       45.2962  RESTRAINT  =        0.0000
--------------------------------------------------------------------------------
   5.  TIMINGS
--------------------------------------------------------------------------------

|  NonSetup CPU Time in Major Routines:
|
|     Routine           Sec        %
|     ------------------------------
|     Nonbond           2.15   98.56
|     Bond              0.00    0.11
|     Angle             0.01    0.27
|     Dihedral          0.02    0.83
|     Shake             0.00    0.00
|     Other             0.00    0.22
|     ------------------------------
|     Total             2.18

|  PME Nonbond Pairlist CPU Time:
|
|     Routine              Sec        %
|     ---------------------------------
|     Set Up Cit           0.00    0.00
|     Build List           0.00    0.02
|     ---------------------------------
|     Total                0.00    0.02

|  PME Direct Force CPU Time:
|
|     Routine              Sec        %
|     ---------------------------------
|     NonBonded Calc       0.02    0.88
|     Exclude Masked       0.01    0.47
|     Other                0.01    0.38
|     ---------------------------------
|     Total                0.04    1.72

|  PME Reciprocal Force CPU Time:
|
|     Routine              Sec        %
|     ---------------------------------
|     1D bspline           0.00    0.18
|     Grid Charges         0.09    3.95
|     Scalar Sum           0.85   38.83
|     Gradient Sum         0.02    0.70
|     FFT                  1.16   53.25
|     ---------------------------------
|     Total                2.11   96.92

|  Setup CPU time:            0.04 seconds
|  NonSetup CPU time:         2.18 seconds
|  Total CPU time:            2.22 seconds     0.00 hours

|  Setup wall time:           0    seconds
|  NonSetup wall time:        2    seconds
|  Total wall time:           2    seconds     0.00 hours
