
          -------------------------------------------------------
          Amber 20 PMEMD                              2020
          -------------------------------------------------------

| PMEMD implementation of SANDER, Release 18

|  Compiled date/time: Tue Apr 28 23:52:05 2020
| Run on 05/02/2020 at 19:25:00

|   Executable path: pmemd
| Working directory: /home/cerutti/OpenForceField/Dipeptides/NTerminal/LEU
|          Hostname: Unknown
  [-O]verwriting output

File Assignments:
|   MDIN: ../../min.in                                                          
|  MDOUT: min.out                                                               
| INPCRD: LEU.inpcrd                                                            
|   PARM: LEU.prmtop                                                            
| RESTRT: mincrd                                                                
|   REFC: refc                                                                  
|  MDVEL: mdvel                                                                 
|   MDEN: mden                                                                  
|  MDCRD: mdcrd                                                                 
| MDINFO: mdinfo                                                                
|  MDFRC: mdfrc                                                                 


 Here is the input file:

Initial minimization                                                           
 &cntrl                                                                        
  ntx    = 1,       irest  = 0,       ntrx   = 1,      ntxo   = 1,             
  ntpr   = 100,     ntwx   = 0,       ntwv   = 0,      ntwe   = 0,             
                                                                               
  ntf    = 1,       ntb    = 1,                                                
  ntc    = 1,                                                                  
                                                                               
  cut    = 14.0,                                                               
                                                                               
  imin   = 1,                                                                  
  maxcyc = 1000,                                                               
  ncyc   = 100,                                                                
 &end                                                                          
 &ewald                                                                        
  nfft1 = 32, nfft2 = 32, nfft3 = 32,                                          
 &end                                                                          


Note: ig = -1. Setting random seed to   823702 based on wallclock time in 
      microseconds.
| irandom = 1, using AMBER's internal random number generator (default).
 
 
| Conditional Compilation Defines Used:
| FFTW_FFT
| BINTRAJ
| MKL
| EMIL

| Largest sphere to fit in unit cell has radius =    24.000

| New format PARM file being parsed.
| Version =    1.000 Date = 05/02/20 Time = 19:25:00

| Note: 1-4 EEL scale factors are being read from the topology file.

| Note: 1-4 VDW scale factors are being read from the topology file.
| Duplicated    0 dihedrals

| Duplicated    0 dihedrals

--------------------------------------------------------------------------------
   1.  RESOURCE   USE: 
--------------------------------------------------------------------------------

 getting new box info from bottom of inpcrd
 NATOM  =      27 NTYPES =       8 NBONH =      17 MBONA  =       9
 NTHETH =      37 MTHETA =      11 NPHIH =      53 MPHIA  =      26
 NHPARM =       0 NPARM  =       0 NNB   =     137 NRES   =       2
 NBONA  =       9 NTHETA =      11 NPHIA =      26 NUMBND =      15
 NUMANG =      26 NPTRA  =      23 NATYP =      12 NPHB   =       0
 IFBOX  =       1 NMXRS  =      21 IFCAP =       0 NEXTRA =       0
 NCOPY  =       0

| Coordinate Index Table dimensions:     6    6    6
| Direct force subcell size =     8.0000    8.0000    8.0000

     BOX TYPE: RECTILINEAR

--------------------------------------------------------------------------------
   2.  CONTROL  DATA  FOR  THE  RUN
--------------------------------------------------------------------------------

NLEU                                                                            

General flags:
     imin    =       1, nmropt  =       0

Nature and format of input:
     ntx     =       1, irest   =       0, ntrx    =       1

Nature and format of output:
     ntxo    =       1, ntpr    =     100, ntrx    =       1, ntwr    =       1
     iwrap   =       0, ntwx    =       0, ntwv    =       0, ntwe    =       0
     ioutfm  =       1, ntwprt  =       0, idecomp =       0, rbornstat=      0

Potential function:
     ntf     =       1, ntb     =       1, igb     =       0, nsnb    =      25
     ipol    =       0, gbsa    =       0, iesp    =       0
     dielc   =   1.00000, cut     =  14.00000, intdiel =   1.00000

Frozen or restrained atoms:
     ibelly  =       0, ntr     =       0

Energy minimization:
     maxcyc  =    1000, ncyc    =     100, ntmin   =       1
     dx0     =   0.01000, drms    =   0.00010

| Intermolecular bonds treatment:
|     no_intermolecular_bonds =       1

| Energy averages sample interval:
|     ene_avg_sampling =       1

Ewald parameters:
     verbose =       0, ew_type =       0, nbflag  =       1, use_pme =       1
     vdwmeth =       1, eedmeth =       1, netfrc  =       0
     Box X =   48.000   Box Y =   48.000   Box Z =   48.000
     Alpha =   90.000   Beta  =   90.000   Gamma =   90.000
     NFFT1 =   32       NFFT2 =   32       NFFT3 =   32
     Cutoff=   14.000   Tol   =0.100E-04
     Ewald Coefficient =  0.19234
     Interpolation order =    4

--------------------------------------------------------------------------------
   3.  ATOMIC COORDINATES AND VELOCITIES
--------------------------------------------------------------------------------

NLEU                                                                            
 begin time read from input coords =     0.000 ps

 
 Number of triangulated 3-point waters found:        0

     Sum of charges from parm topology file =   1.00000000
     Assuming uniform neutralizing plasma

| Dynamic Memory, Types Used:
| Reals              200136
| Integers             2958

| Nonbonded Pairs Initial Allocation:       20584

--------------------------------------------------------------------------------
   4.  RESULTS
--------------------------------------------------------------------------------

 ---------------------------------------------------
 APPROXIMATING switch and d/dx switch using CUBIC SPLINE INTERPOLATION
 using   5000.0 points per unit in tabled values
 TESTING RELATIVE ERROR over r ranging from 0.0 to cutoff
| CHECK switch(x): max rel err =   0.2738E-14   at   2.422500
| CHECK d/dx switch(x): max rel err =   0.7883E-11   at   2.684960
 ---------------------------------------------------
|---------------------------------------------------
| APPROXIMATING direct energy using CUBIC SPLINE INTERPOLATION
|  with   50.0 points per unit in tabled values
| Relative Error Limit not exceeded for r .gt.   2.24
| APPROXIMATING direct force using CUBIC SPLINE INTERPOLATION
|  with   50.0 points per unit in tabled values
| Relative Error Limit not exceeded for r .gt.   2.76
|---------------------------------------------------


   NSTEP       ENERGY          RMS            GMAX         NAME    NUMBER
      1       9.1725E+01     1.0475E+02     4.6852E+02     HG         11

 BOND    =        0.1789  ANGLE   =        1.9833  DIHED      =        6.4516
 VDWAALS =      107.8180  EEL     =      -79.0263  HBOND      =        0.0000
 1-4 VDW =        6.5220  1-4 EEL =       47.7977  RESTRAINT  =        0.0000


   NSTEP       ENERGY          RMS            GMAX         NAME    NUMBER
    100      -1.8374E+01     6.1806E-01     1.8693E+00     H          23

 BOND    =        0.5753  ANGLE   =        2.4270  DIHED      =        7.1688
 VDWAALS =        0.6769  EEL     =      -77.4881  HBOND      =        0.0000
 1-4 VDW =        4.1431  1-4 EEL =       44.1232  RESTRAINT  =        0.0000


   NSTEP       ENERGY          RMS            GMAX         NAME    NUMBER
    200      -2.1229E+01     6.7395E-01     1.8319E+00     C          20

 BOND    =        0.3770  ANGLE   =        1.7809  DIHED      =        6.4258
 VDWAALS =       -1.1406  EEL     =      -77.1505  HBOND      =        0.0000
 1-4 VDW =        4.3112  1-4 EEL =       44.1674  RESTRAINT  =        0.0000


   NSTEP       ENERGY          RMS            GMAX         NAME    NUMBER
    300      -2.2949E+01     2.1595E-01     6.4724E-01     H2          3

 BOND    =        0.3596  ANGLE   =        1.7821  DIHED      =        4.2624
 VDWAALS =       -1.3041  EEL     =      -76.4489  HBOND      =        0.0000
 1-4 VDW =        4.3143  1-4 EEL =       44.0856  RESTRAINT  =        0.0000


   NSTEP       ENERGY          RMS            GMAX         NAME    NUMBER
    400      -2.3100E+01     7.4782E-02     2.0075E-01     C          20

 BOND    =        0.3706  ANGLE   =        1.8026  DIHED      =        4.0216
 VDWAALS =       -1.3952  EEL     =      -76.2076  HBOND      =        0.0000
 1-4 VDW =        4.2126  1-4 EEL =       44.0950  RESTRAINT  =        0.0000


   NSTEP       ENERGY          RMS            GMAX         NAME    NUMBER
    500      -2.3120E+01     9.8677E-02     3.0986E-01     N          22

 BOND    =        0.3619  ANGLE   =        1.7981  DIHED      =        3.9979
 VDWAALS =       -1.4313  EEL     =      -76.1691  HBOND      =        0.0000
 1-4 VDW =        4.1902  1-4 EEL =       44.1326  RESTRAINT  =        0.0000


   NSTEP       ENERGY          RMS            GMAX         NAME    NUMBER
    600      -2.3130E+01     7.1629E-02     2.2669E-01     H3          4

 BOND    =        0.3678  ANGLE   =        1.8021  DIHED      =        3.9939
 VDWAALS =       -1.4514  EEL     =      -76.1718  HBOND      =        0.0000
 1-4 VDW =        4.1804  1-4 EEL =       44.1489  RESTRAINT  =        0.0000


   NSTEP       ENERGY          RMS            GMAX         NAME    NUMBER
    700      -2.3137E+01     4.3028E-02     1.0602E-01     O          21

 BOND    =        0.3672  ANGLE   =        1.8008  DIHED      =        3.9928
 VDWAALS =       -1.4595  EEL     =      -76.1669  HBOND      =        0.0000
 1-4 VDW =        4.1825  1-4 EEL =       44.1466  RESTRAINT  =        0.0000


   NSTEP       ENERGY          RMS            GMAX         NAME    NUMBER
    800      -2.3145E+01     1.8553E-02     6.1930E-02     CG         10

 BOND    =        0.3725  ANGLE   =        1.8126  DIHED      =        3.9915
 VDWAALS =       -1.4760  EEL     =      -76.1663  HBOND      =        0.0000
 1-4 VDW =        4.1706  1-4 EEL =       44.1500  RESTRAINT  =        0.0000


   NSTEP       ENERGY          RMS            GMAX         NAME    NUMBER
    900      -2.3149E+01     1.7382E-02     6.3411E-02     CG         10

 BOND    =        0.3730  ANGLE   =        1.8108  DIHED      =        3.9904
 VDWAALS =       -1.4788  EEL     =      -76.1692  HBOND      =        0.0000
 1-4 VDW =        4.1765  1-4 EEL =       44.1487  RESTRAINT  =        0.0000


   NSTEP       ENERGY          RMS            GMAX         NAME    NUMBER
   1000      -2.3151E+01     1.9196E-02     5.9663E-02     HD21       17

 BOND    =        0.3708  ANGLE   =        1.8113  DIHED      =        3.9900
 VDWAALS =       -1.4800  EEL     =      -76.1728  HBOND      =        0.0000
 1-4 VDW =        4.1829  1-4 EEL =       44.1467  RESTRAINT  =        0.0000


  Maximum number of minimization cycles reached.


                    FINAL RESULTS



   NSTEP       ENERGY          RMS            GMAX         NAME    NUMBER
   1000      -2.3151E+01     1.9196E-02     5.9663E-02     HD21       17

 BOND    =        0.3708  ANGLE   =        1.8113  DIHED      =        3.9900
 VDWAALS =       -1.4800  EEL     =      -76.1728  HBOND      =        0.0000
 1-4 VDW =        4.1829  1-4 EEL =       44.1467  RESTRAINT  =        0.0000
--------------------------------------------------------------------------------
   5.  TIMINGS
--------------------------------------------------------------------------------

|  NonSetup CPU Time in Major Routines:
|
|     Routine           Sec        %
|     ------------------------------
|     Nonbond           2.15   98.57
|     Bond              0.00    0.11
|     Angle             0.01    0.28
|     Dihedral          0.02    0.82
|     Shake             0.00    0.00
|     Other             0.00    0.22
|     ------------------------------
|     Total             2.18

|  PME Nonbond Pairlist CPU Time:
|
|     Routine              Sec        %
|     ---------------------------------
|     Set Up Cit           0.00    0.01
|     Build List           0.00    0.04
|     ---------------------------------
|     Total                0.00    0.05

|  PME Direct Force CPU Time:
|
|     Routine              Sec        %
|     ---------------------------------
|     NonBonded Calc       0.02    0.96
|     Exclude Masked       0.01    0.49
|     Other                0.01    0.38
|     ---------------------------------
|     Total                0.04    1.83

|  PME Reciprocal Force CPU Time:
|
|     Routine              Sec        %
|     ---------------------------------
|     1D bspline           0.00    0.18
|     Grid Charges         0.09    3.98
|     Scalar Sum           0.86   39.41
|     Gradient Sum         0.02    0.73
|     FFT                  1.14   52.48
|     ---------------------------------
|     Total                2.11   96.78

|  Setup CPU time:            0.04 seconds
|  NonSetup CPU time:         2.18 seconds
|  Total CPU time:            2.22 seconds     0.00 hours

|  Setup wall time:           0    seconds
|  NonSetup wall time:        2    seconds
|  Total wall time:           2    seconds     0.00 hours
