
          -------------------------------------------------------
          Amber 20 PMEMD                              2020
          -------------------------------------------------------

| PMEMD implementation of SANDER, Release 18

|  Compiled date/time: Tue Apr 28 23:52:05 2020
| Run on 05/02/2020 at 16:01:34

|   Executable path: pmemd
| Working directory: /home/cerutti/OpenForceField/Dipeptides/MainChain/SER
|          Hostname: Unknown
  [-O]verwriting output

File Assignments:
|   MDIN: ../../min.in                                                          
|  MDOUT: min.out                                                               
| INPCRD: SER.inpcrd                                                            
|   PARM: SER.prmtop                                                            
| RESTRT: mincrd                                                                
|   REFC: refc                                                                  
|  MDVEL: mdvel                                                                 
|   MDEN: mden                                                                  
|  MDCRD: mdcrd                                                                 
| MDINFO: mdinfo                                                                
|  MDFRC: mdfrc                                                                 


 Here is the input file:

Initial minimization                                                           
 &cntrl                                                                        
  ntx    = 1,       irest  = 0,       ntrx   = 1,      ntxo   = 1,             
  ntpr   = 100,     ntwx   = 0,       ntwv   = 0,      ntwe   = 0,             
                                                                               
  ntf    = 1,       ntb    = 1,                                                
  ntc    = 1,                                                                  
                                                                               
  cut    = 14.0,                                                               
                                                                               
  imin   = 1,                                                                  
  maxcyc = 1000,                                                               
  ncyc   = 100,                                                                
 &end                                                                          
 &ewald                                                                        
  nfft1 = 32, nfft2 = 32, nfft3 = 32,                                          
 &end                                                                          


Note: ig = -1. Setting random seed to   863981 based on wallclock time in 
      microseconds.
| irandom = 1, using AMBER's internal random number generator (default).
 
 
| Conditional Compilation Defines Used:
| FFTW_FFT
| BINTRAJ
| MKL
| EMIL

| Largest sphere to fit in unit cell has radius =    24.000

| New format PARM file being parsed.
| Version =    1.000 Date = 05/02/20 Time = 16:01:34

| Note: 1-4 EEL scale factors are being read from the topology file.

| Note: 1-4 VDW scale factors are being read from the topology file.
| Duplicated    0 dihedrals

| Duplicated    0 dihedrals

--------------------------------------------------------------------------------
   1.  RESOURCE   USE: 
--------------------------------------------------------------------------------

 getting new box info from bottom of inpcrd
 NATOM  =      23 NTYPES =       9 NBONH =      12 MBONA  =      10
 NTHETH =      25 MTHETA =      12 NPHIH =      48 MPHIA  =      32
 NHPARM =       0 NPARM  =       0 NNB   =     105 NRES   =       3
 NBONA  =      10 NTHETA =      12 NPHIA =      32 NUMBND =      14
 NUMANG =      25 NPTRA  =      34 NATYP =      11 NPHB   =       0
 IFBOX  =       1 NMXRS  =      11 IFCAP =       0 NEXTRA =       0
 NCOPY  =       0

| Coordinate Index Table dimensions:     6    6    6
| Direct force subcell size =     8.0000    8.0000    8.0000

     BOX TYPE: RECTILINEAR

--------------------------------------------------------------------------------
   2.  CONTROL  DATA  FOR  THE  RUN
--------------------------------------------------------------------------------

ACE                                                                             

General flags:
     imin    =       1, nmropt  =       0

Nature and format of input:
     ntx     =       1, irest   =       0, ntrx    =       1

Nature and format of output:
     ntxo    =       1, ntpr    =     100, ntrx    =       1, ntwr    =       1
     iwrap   =       0, ntwx    =       0, ntwv    =       0, ntwe    =       0
     ioutfm  =       1, ntwprt  =       0, idecomp =       0, rbornstat=      0

Potential function:
     ntf     =       1, ntb     =       1, igb     =       0, nsnb    =      25
     ipol    =       0, gbsa    =       0, iesp    =       0
     dielc   =   1.00000, cut     =  14.00000, intdiel =   1.00000

Frozen or restrained atoms:
     ibelly  =       0, ntr     =       0

Energy minimization:
     maxcyc  =    1000, ncyc    =     100, ntmin   =       1
     dx0     =   0.01000, drms    =   0.00010

| Intermolecular bonds treatment:
|     no_intermolecular_bonds =       1

| Energy averages sample interval:
|     ene_avg_sampling =       1

Ewald parameters:
     verbose =       0, ew_type =       0, nbflag  =       1, use_pme =       1
     vdwmeth =       1, eedmeth =       1, netfrc  =       0
     Box X =   48.000   Box Y =   48.000   Box Z =   48.000
     Alpha =   90.000   Beta  =   90.000   Gamma =   90.000
     NFFT1 =   32       NFFT2 =   32       NFFT3 =   32
     Cutoff=   14.000   Tol   =0.100E-04
     Ewald Coefficient =  0.19234
     Interpolation order =    4

--------------------------------------------------------------------------------
   3.  ATOMIC COORDINATES AND VELOCITIES
--------------------------------------------------------------------------------

ACE                                                                             
 begin time read from input coords =     0.000 ps

 
 Number of triangulated 3-point waters found:        0

     Sum of charges from parm topology file =  -0.00000000
     Forcing neutrality...

| Dynamic Memory, Types Used:
| Reals              200155
| Integers             2547

| Nonbonded Pairs Initial Allocation:       17534

--------------------------------------------------------------------------------
   4.  RESULTS
--------------------------------------------------------------------------------

 ---------------------------------------------------
 APPROXIMATING switch and d/dx switch using CUBIC SPLINE INTERPOLATION
 using   5000.0 points per unit in tabled values
 TESTING RELATIVE ERROR over r ranging from 0.0 to cutoff
| CHECK switch(x): max rel err =   0.2738E-14   at   2.422500
| CHECK d/dx switch(x): max rel err =   0.7883E-11   at   2.684960
 ---------------------------------------------------
|---------------------------------------------------
| APPROXIMATING direct energy using CUBIC SPLINE INTERPOLATION
|  with   50.0 points per unit in tabled values
| Relative Error Limit not exceeded for r .gt.   2.24
| APPROXIMATING direct force using CUBIC SPLINE INTERPOLATION
|  with   50.0 points per unit in tabled values
| Relative Error Limit not exceeded for r .gt.   2.76
|---------------------------------------------------


   NSTEP       ENERGY          RMS            GMAX         NAME    NUMBER
      1      -1.7273E+01     9.2835E+00     4.1061E+01     N          18

 BOND    =        0.1486  ANGLE   =        0.3778  DIHED      =       11.9193
 VDWAALS =        8.5929  EEL     =      -69.2522  HBOND      =        0.0000
 1-4 VDW =        5.4111  1-4 EEL =       25.5293  RESTRAINT  =        0.0000


   NSTEP       ENERGY          RMS            GMAX         NAME    NUMBER
    100      -2.6167E+01     1.1662E+00     4.0676E+00     OG         14

 BOND    =        0.5330  ANGLE   =        1.2296  DIHED      =       11.8389
 VDWAALS =        0.1924  EEL     =      -69.2193  HBOND      =        0.0000
 1-4 VDW =        3.2969  1-4 EEL =       25.9620  RESTRAINT  =        0.0000


   NSTEP       ENERGY          RMS            GMAX         NAME    NUMBER
    200      -2.7071E+01     2.0523E-01     7.1087E-01     N           7

 BOND    =        0.4621  ANGLE   =        0.9473  DIHED      =       11.6243
 VDWAALS =       -0.6928  EEL     =      -68.5384  HBOND      =        0.0000
 1-4 VDW =        3.2072  1-4 EEL =       25.9193  RESTRAINT  =        0.0000


   NSTEP       ENERGY          RMS            GMAX         NAME    NUMBER
    300      -2.7155E+01     1.6723E-01     5.0511E-01     HA         10

 BOND    =        0.4294  ANGLE   =        0.8536  DIHED      =       11.5517
 VDWAALS =       -0.8323  EEL     =      -68.2009  HBOND      =        0.0000
 1-4 VDW =        3.1906  1-4 EEL =       25.8534  RESTRAINT  =        0.0000


   NSTEP       ENERGY          RMS            GMAX         NAME    NUMBER
    400      -2.7199E+01     1.1383E-01     2.5359E-01     CA          9

 BOND    =        0.4115  ANGLE   =        0.8125  DIHED      =       11.5131
 VDWAALS =       -0.9193  EEL     =      -68.0263  HBOND      =        0.0000
 1-4 VDW =        3.1881  1-4 EEL =       25.8208  RESTRAINT  =        0.0000


   NSTEP       ENERGY          RMS            GMAX         NAME    NUMBER
    500      -2.7238E+01     1.1329E-01     3.4157E-01     CH3        20

 BOND    =        0.4083  ANGLE   =        0.7933  DIHED      =       11.4877
 VDWAALS =       -1.0011  EEL     =      -67.8881  HBOND      =        0.0000
 1-4 VDW =        3.1782  1-4 EEL =       25.7840  RESTRAINT  =        0.0000


   NSTEP       ENERGY          RMS            GMAX         NAME    NUMBER
    600      -2.7269E+01     7.3126E-02     1.8138E-01     H           8

 BOND    =        0.3977  ANGLE   =        0.7591  DIHED      =       11.4779
 VDWAALS =       -1.0474  EEL     =      -67.9111  HBOND      =        0.0000
 1-4 VDW =        3.2005  1-4 EEL =       25.8540  RESTRAINT  =        0.0000


   NSTEP       ENERGY          RMS            GMAX         NAME    NUMBER
    700      -2.7296E+01     7.0979E-02     2.7756E-01     CA          9

 BOND    =        0.3892  ANGLE   =        0.7165  DIHED      =       11.4746
 VDWAALS =       -1.0730  EEL     =      -67.9929  HBOND      =        0.0000
 1-4 VDW =        3.2353  1-4 EEL =       25.9550  RESTRAINT  =        0.0000


   NSTEP       ENERGY          RMS            GMAX         NAME    NUMBER
    800      -2.7312E+01     2.3422E-01     9.4121E-01     CH3        20

 BOND    =        0.3728  ANGLE   =        0.7359  DIHED      =       11.4821
 VDWAALS =       -1.0965  EEL     =      -67.9678  HBOND      =        0.0000
 1-4 VDW =        3.2279  1-4 EEL =       25.9339  RESTRAINT  =        0.0000


   NSTEP       ENERGY          RMS            GMAX         NAME    NUMBER
    900      -2.7325E+01     1.0382E-01     3.4863E-01     C           5

 BOND    =        0.3868  ANGLE   =        0.7018  DIHED      =       11.4810
 VDWAALS =       -1.1119  EEL     =      -68.0296  HBOND      =        0.0000
 1-4 VDW =        3.2322  1-4 EEL =       26.0149  RESTRAINT  =        0.0000


   NSTEP       ENERGY          RMS            GMAX         NAME    NUMBER
   1000      -2.7333E+01     5.5345E-02     1.6838E-01     CH3         2

 BOND    =        0.3830  ANGLE   =        0.7073  DIHED      =       11.4820
 VDWAALS =       -1.1191  EEL     =      -68.0273  HBOND      =        0.0000
 1-4 VDW =        3.2351  1-4 EEL =       26.0061  RESTRAINT  =        0.0000


  Maximum number of minimization cycles reached.


                    FINAL RESULTS



   NSTEP       ENERGY          RMS            GMAX         NAME    NUMBER
   1000      -2.7333E+01     5.5345E-02     1.6838E-01     CH3         2

 BOND    =        0.3830  ANGLE   =        0.7073  DIHED      =       11.4820
 VDWAALS =       -1.1191  EEL     =      -68.0273  HBOND      =        0.0000
 1-4 VDW =        3.2351  1-4 EEL =       26.0061  RESTRAINT  =        0.0000
--------------------------------------------------------------------------------
   5.  TIMINGS
--------------------------------------------------------------------------------

|  NonSetup CPU Time in Major Routines:
|
|     Routine           Sec        %
|     ------------------------------
|     Nonbond           2.13   98.60
|     Bond              0.00    0.10
|     Angle             0.01    0.23
|     Dihedral          0.02    0.85
|     Shake             0.00    0.00
|     Other             0.00    0.22
|     ------------------------------
|     Total             2.16

|  PME Nonbond Pairlist CPU Time:
|
|     Routine              Sec        %
|     ---------------------------------
|     Set Up Cit           0.00    0.01
|     Build List           0.00    0.03
|     ---------------------------------
|     Total                0.00    0.04

|  PME Direct Force CPU Time:
|
|     Routine              Sec        %
|     ---------------------------------
|     NonBonded Calc       0.02    0.72
|     Exclude Masked       0.01    0.40
|     Other                0.01    0.39
|     ---------------------------------
|     Total                0.03    1.50

|  PME Reciprocal Force CPU Time:
|
|     Routine              Sec        %
|     ---------------------------------
|     1D bspline           0.00    0.17
|     Grid Charges         0.09    3.95
|     Scalar Sum           0.85   39.20
|     Gradient Sum         0.01    0.63
|     FFT                  1.15   53.21
|     ---------------------------------
|     Total                2.10   97.16

|  Setup CPU time:            0.04 seconds
|  NonSetup CPU time:         2.16 seconds
|  Total CPU time:            2.20 seconds     0.00 hours

|  Setup wall time:           0    seconds
|  NonSetup wall time:        2    seconds
|  Total wall time:           2    seconds     0.00 hours
