
          -------------------------------------------------------
          Amber 20 PMEMD                              2020
          -------------------------------------------------------

| PMEMD implementation of SANDER, Release 18

|  Compiled date/time: Tue Apr 28 23:52:05 2020
| Run on 05/02/2020 at 16:02:20

|   Executable path: pmemd
| Working directory: /home/cerutti/OpenForceField/Dipeptides/CTerminal/LEU
|          Hostname: Unknown
  [-O]verwriting output

File Assignments:
|   MDIN: ../../min.in                                                          
|  MDOUT: min.out                                                               
| INPCRD: LEU.inpcrd                                                            
|   PARM: LEU.prmtop                                                            
| RESTRT: mincrd                                                                
|   REFC: refc                                                                  
|  MDVEL: mdvel                                                                 
|   MDEN: mden                                                                  
|  MDCRD: mdcrd                                                                 
| MDINFO: mdinfo                                                                
|  MDFRC: mdfrc                                                                 


 Here is the input file:

Initial minimization                                                           
 &cntrl                                                                        
  ntx    = 1,       irest  = 0,       ntrx   = 1,      ntxo   = 1,             
  ntpr   = 100,     ntwx   = 0,       ntwv   = 0,      ntwe   = 0,             
                                                                               
  ntf    = 1,       ntb    = 1,                                                
  ntc    = 1,                                                                  
                                                                               
  cut    = 14.0,                                                               
                                                                               
  imin   = 1,                                                                  
  maxcyc = 1000,                                                               
  ncyc   = 100,                                                                
 &end                                                                          
 &ewald                                                                        
  nfft1 = 32, nfft2 = 32, nfft3 = 32,                                          
 &end                                                                          


Note: ig = -1. Setting random seed to   710908 based on wallclock time in 
      microseconds.
| irandom = 1, using AMBER's internal random number generator (default).
 
 
| Conditional Compilation Defines Used:
| FFTW_FFT
| BINTRAJ
| MKL
| EMIL

| Largest sphere to fit in unit cell has radius =    24.000

| New format PARM file being parsed.
| Version =    1.000 Date = 05/02/20 Time = 16:02:20

| Note: 1-4 EEL scale factors are being read from the topology file.

| Note: 1-4 VDW scale factors are being read from the topology file.
| Duplicated    0 dihedrals

| Duplicated    0 dihedrals

--------------------------------------------------------------------------------
   1.  RESOURCE   USE: 
--------------------------------------------------------------------------------

 getting new box info from bottom of inpcrd
 NATOM  =      26 NTYPES =       7 NBONH =      14 MBONA  =      11
 NTHETH =      31 MTHETA =      14 NPHIH =      54 MPHIA  =      32
 NHPARM =       0 NPARM  =       0 NNB   =     130 NRES   =       2
 NBONA  =      11 NTHETA =      14 NPHIA =      32 NUMBND =      14
 NUMANG =      25 NPTRA  =      27 NATYP =      11 NPHB   =       0
 IFBOX  =       1 NMXRS  =      20 IFCAP =       0 NEXTRA =       0
 NCOPY  =       0

| Coordinate Index Table dimensions:     6    6    6
| Direct force subcell size =     8.0000    8.0000    8.0000

     BOX TYPE: RECTILINEAR

--------------------------------------------------------------------------------
   2.  CONTROL  DATA  FOR  THE  RUN
--------------------------------------------------------------------------------

ACE                                                                             

General flags:
     imin    =       1, nmropt  =       0

Nature and format of input:
     ntx     =       1, irest   =       0, ntrx    =       1

Nature and format of output:
     ntxo    =       1, ntpr    =     100, ntrx    =       1, ntwr    =       1
     iwrap   =       0, ntwx    =       0, ntwv    =       0, ntwe    =       0
     ioutfm  =       1, ntwprt  =       0, idecomp =       0, rbornstat=      0

Potential function:
     ntf     =       1, ntb     =       1, igb     =       0, nsnb    =      25
     ipol    =       0, gbsa    =       0, iesp    =       0
     dielc   =   1.00000, cut     =  14.00000, intdiel =   1.00000

Frozen or restrained atoms:
     ibelly  =       0, ntr     =       0

Energy minimization:
     maxcyc  =    1000, ncyc    =     100, ntmin   =       1
     dx0     =   0.01000, drms    =   0.00010

| Intermolecular bonds treatment:
|     no_intermolecular_bonds =       1

| Energy averages sample interval:
|     ene_avg_sampling =       1

Ewald parameters:
     verbose =       0, ew_type =       0, nbflag  =       1, use_pme =       1
     vdwmeth =       1, eedmeth =       1, netfrc  =       0
     Box X =   48.000   Box Y =   48.000   Box Z =   48.000
     Alpha =   90.000   Beta  =   90.000   Gamma =   90.000
     NFFT1 =   32       NFFT2 =   32       NFFT3 =   32
     Cutoff=   14.000   Tol   =0.100E-04
     Ewald Coefficient =  0.19234
     Interpolation order =    4

--------------------------------------------------------------------------------
   3.  ATOMIC COORDINATES AND VELOCITIES
--------------------------------------------------------------------------------

ACE                                                                             
 begin time read from input coords =     0.000 ps

 
 Number of triangulated 3-point waters found:        0

     Sum of charges from parm topology file =  -1.00000000
     Assuming uniform neutralizing plasma

| Dynamic Memory, Types Used:
| Reals              200114
| Integers             2926

| Nonbonded Pairs Initial Allocation:       19821

--------------------------------------------------------------------------------
   4.  RESULTS
--------------------------------------------------------------------------------

 ---------------------------------------------------
 APPROXIMATING switch and d/dx switch using CUBIC SPLINE INTERPOLATION
 using   5000.0 points per unit in tabled values
 TESTING RELATIVE ERROR over r ranging from 0.0 to cutoff
| CHECK switch(x): max rel err =   0.2738E-14   at   2.422500
| CHECK d/dx switch(x): max rel err =   0.7883E-11   at   2.684960
 ---------------------------------------------------
|---------------------------------------------------
| APPROXIMATING direct energy using CUBIC SPLINE INTERPOLATION
|  with   50.0 points per unit in tabled values
| Relative Error Limit not exceeded for r .gt.   2.24
| APPROXIMATING direct force using CUBIC SPLINE INTERPOLATION
|  with   50.0 points per unit in tabled values
| Relative Error Limit not exceeded for r .gt.   2.76
|---------------------------------------------------


   NSTEP       ENERGY          RMS            GMAX         NAME    NUMBER
      1      -6.5917E+00     3.2677E+01     1.3198E+02     OXT        26

 BOND    =        0.6001  ANGLE   =        2.0785  DIHED      =       10.0787
 VDWAALS =       38.4264  EEL     =     -155.7514  HBOND      =        0.0000
 1-4 VDW =        6.7900  1-4 EEL =       91.1860  RESTRAINT  =        0.0000


   NSTEP       ENERGY          RMS            GMAX         NAME    NUMBER
    100      -5.1914E+01     1.5740E+00     6.9687E+00     C           5

 BOND    =        0.6481  ANGLE   =        2.2411  DIHED      =        9.8105
 VDWAALS =       -0.9220  EEL     =     -153.0157  HBOND      =        0.0000
 1-4 VDW =        4.6357  1-4 EEL =       84.6878  RESTRAINT  =        0.0000


   NSTEP       ENERGY          RMS            GMAX         NAME    NUMBER
    200      -5.3308E+01     3.3033E-01     1.0873E+00     CB         11

 BOND    =        0.4778  ANGLE   =        2.0928  DIHED      =        9.4904
 VDWAALS =       -2.0211  EEL     =     -152.8899  HBOND      =        0.0000
 1-4 VDW =        4.3075  1-4 EEL =       85.2344  RESTRAINT  =        0.0000


   NSTEP       ENERGY          RMS            GMAX         NAME    NUMBER
    300      -5.3424E+01     6.3189E-02     1.6799E-01     OXT        26

 BOND    =        0.4683  ANGLE   =        2.0966  DIHED      =        9.3869
 VDWAALS =       -2.0839  EEL     =     -152.8186  HBOND      =        0.0000
 1-4 VDW =        4.2640  1-4 EEL =       85.2626  RESTRAINT  =        0.0000


   NSTEP       ENERGY          RMS            GMAX         NAME    NUMBER
    400      -5.3440E+01     4.1475E-02     1.4082E-01     C           5

 BOND    =        0.4647  ANGLE   =        2.1194  DIHED      =        9.3678
 VDWAALS =       -2.0996  EEL     =     -152.8140  HBOND      =        0.0000
 1-4 VDW =        4.2544  1-4 EEL =       85.2671  RESTRAINT  =        0.0000


   NSTEP       ENERGY          RMS            GMAX         NAME    NUMBER
    500      -5.3443E+01     6.2014E-03     2.3736E-02     C          24

 BOND    =        0.4629  ANGLE   =        2.1241  DIHED      =        9.3626
 VDWAALS =       -2.1030  EEL     =     -152.8122  HBOND      =        0.0000
 1-4 VDW =        4.2533  1-4 EEL =       85.2695  RESTRAINT  =        0.0000


   NSTEP       ENERGY          RMS            GMAX         NAME    NUMBER
    600      -5.3443E+01     6.1631E-03     2.1769E-02     C           5

 BOND    =        0.4629  ANGLE   =        2.1241  DIHED      =        9.3609
 VDWAALS =       -2.1044  EEL     =     -152.8106  HBOND      =        0.0000
 1-4 VDW =        4.2530  1-4 EEL =       85.2708  RESTRAINT  =        0.0000


   NSTEP       ENERGY          RMS            GMAX         NAME    NUMBER
    700      -5.3443E+01     1.4705E-03     4.4627E-03     CA          9

 BOND    =        0.4623  ANGLE   =        2.1233  DIHED      =        9.3607
 VDWAALS =       -2.1048  EEL     =     -152.8097  HBOND      =        0.0000
 1-4 VDW =        4.2525  1-4 EEL =       85.2723  RESTRAINT  =        0.0000


   NSTEP       ENERGY          RMS            GMAX         NAME    NUMBER
    800      -5.3443E+01     1.5064E-03     6.9900E-03     C           5

 BOND    =        0.4623  ANGLE   =        2.1231  DIHED      =        9.3606
 VDWAALS =       -2.1049  EEL     =     -152.8093  HBOND      =        0.0000
 1-4 VDW =        4.2523  1-4 EEL =       85.2725  RESTRAINT  =        0.0000


   NSTEP       ENERGY          RMS            GMAX         NAME    NUMBER
    900      -5.3443E+01     1.1832E-03     2.8863E-03     O          25

 BOND    =        0.4623  ANGLE   =        2.1228  DIHED      =        9.3606
 VDWAALS =       -2.1050  EEL     =     -152.8089  HBOND      =        0.0000
 1-4 VDW =        4.2522  1-4 EEL =       85.2727  RESTRAINT  =        0.0000


   NSTEP       ENERGY          RMS            GMAX         NAME    NUMBER
   1000      -5.3443E+01     1.0342E-03     2.2848E-03     CG         14

 BOND    =        0.4623  ANGLE   =        2.1227  DIHED      =        9.3606
 VDWAALS =       -2.1050  EEL     =     -152.8087  HBOND      =        0.0000
 1-4 VDW =        4.2521  1-4 EEL =       85.2727  RESTRAINT  =        0.0000


  Maximum number of minimization cycles reached.


                    FINAL RESULTS



   NSTEP       ENERGY          RMS            GMAX         NAME    NUMBER
   1000      -5.3443E+01     1.0342E-03     2.2848E-03     CG         14

 BOND    =        0.4623  ANGLE   =        2.1227  DIHED      =        9.3606
 VDWAALS =       -2.1050  EEL     =     -152.8087  HBOND      =        0.0000
 1-4 VDW =        4.2521  1-4 EEL =       85.2727  RESTRAINT  =        0.0000
--------------------------------------------------------------------------------
   5.  TIMINGS
--------------------------------------------------------------------------------

|  NonSetup CPU Time in Major Routines:
|
|     Routine           Sec        %
|     ------------------------------
|     Nonbond           2.14   98.48
|     Bond              0.00    0.11
|     Angle             0.01    0.27
|     Dihedral          0.02    0.91
|     Shake             0.00    0.00
|     Other             0.01    0.23
|     ------------------------------
|     Total             2.17

|  PME Nonbond Pairlist CPU Time:
|
|     Routine              Sec        %
|     ---------------------------------
|     Set Up Cit           0.00    0.01
|     Build List           0.00    0.04
|     ---------------------------------
|     Total                0.00    0.05

|  PME Direct Force CPU Time:
|
|     Routine              Sec        %
|     ---------------------------------
|     NonBonded Calc       0.02    0.89
|     Exclude Masked       0.01    0.47
|     Other                0.01    0.39
|     ---------------------------------
|     Total                0.04    1.76

|  PME Reciprocal Force CPU Time:
|
|     Routine              Sec        %
|     ---------------------------------
|     1D bspline           0.00    0.18
|     Grid Charges         0.09    3.97
|     Scalar Sum           0.85   39.25
|     Gradient Sum         0.02    0.70
|     FFT                  1.14   52.68
|     ---------------------------------
|     Total                2.10   96.78

|  Setup CPU time:            0.04 seconds
|  NonSetup CPU time:         2.17 seconds
|  Total CPU time:            2.21 seconds     0.00 hours

|  Setup wall time:           0    seconds
|  NonSetup wall time:        2    seconds
|  Total wall time:           2    seconds     0.00 hours
