
          -------------------------------------------------------
          Amber 20 PMEMD                              2020
          -------------------------------------------------------

| PMEMD implementation of SANDER, Release 18

|  Compiled date/time: Tue Apr 28 23:52:05 2020
| Run on 05/02/2020 at 16:01:09

|   Executable path: pmemd
| Working directory: /home/cerutti/OpenForceField/Dipeptides/MainChain/GLY
|          Hostname: Unknown
  [-O]verwriting output

File Assignments:
|   MDIN: ../../min.in                                                          
|  MDOUT: min.out                                                               
| INPCRD: GLY.inpcrd                                                            
|   PARM: GLY.prmtop                                                            
| RESTRT: mincrd                                                                
|   REFC: refc                                                                  
|  MDVEL: mdvel                                                                 
|   MDEN: mden                                                                  
|  MDCRD: mdcrd                                                                 
| MDINFO: mdinfo                                                                
|  MDFRC: mdfrc                                                                 


 Here is the input file:

Initial minimization                                                           
 &cntrl                                                                        
  ntx    = 1,       irest  = 0,       ntrx   = 1,      ntxo   = 1,             
  ntpr   = 100,     ntwx   = 0,       ntwv   = 0,      ntwe   = 0,             
                                                                               
  ntf    = 1,       ntb    = 1,                                                
  ntc    = 1,                                                                  
                                                                               
  cut    = 14.0,                                                               
                                                                               
  imin   = 1,                                                                  
  maxcyc = 1000,                                                               
  ncyc   = 100,                                                                
 &end                                                                          
 &ewald                                                                        
  nfft1 = 32, nfft2 = 32, nfft3 = 32,                                          
 &end                                                                          


Note: ig = -1. Setting random seed to   117603 based on wallclock time in 
      microseconds.
| irandom = 1, using AMBER's internal random number generator (default).
 
 
| Conditional Compilation Defines Used:
| FFTW_FFT
| BINTRAJ
| MKL
| EMIL

| Largest sphere to fit in unit cell has radius =    24.000

| New format PARM file being parsed.
| Version =    1.000 Date = 05/02/20 Time = 16:01:09

| Note: 1-4 EEL scale factors are being read from the topology file.

| Note: 1-4 VDW scale factors are being read from the topology file.
| Duplicated    0 dihedrals

| Duplicated    0 dihedrals

--------------------------------------------------------------------------------
   1.  RESOURCE   USE: 
--------------------------------------------------------------------------------

 getting new box info from bottom of inpcrd
 NATOM  =      19 NTYPES =       7 NBONH =      10 MBONA  =       8
 NTHETH =      21 MTHETA =       9 NPHIH =      39 MPHIA  =      15
 NHPARM =       0 NPARM  =       0 NNB   =      81 NRES   =       3
 NBONA  =       8 NTHETA =       9 NPHIA =      15 NUMBND =      10
 NUMANG =      18 NPTRA  =      14 NATYP =       8 NPHB   =       0
 IFBOX  =       1 NMXRS  =       7 IFCAP =       0 NEXTRA =       0
 NCOPY  =       0

| Coordinate Index Table dimensions:     6    6    6
| Direct force subcell size =     8.0000    8.0000    8.0000

     BOX TYPE: RECTILINEAR

--------------------------------------------------------------------------------
   2.  CONTROL  DATA  FOR  THE  RUN
--------------------------------------------------------------------------------

ACE                                                                             

General flags:
     imin    =       1, nmropt  =       0

Nature and format of input:
     ntx     =       1, irest   =       0, ntrx    =       1

Nature and format of output:
     ntxo    =       1, ntpr    =     100, ntrx    =       1, ntwr    =       1
     iwrap   =       0, ntwx    =       0, ntwv    =       0, ntwe    =       0
     ioutfm  =       1, ntwprt  =       0, idecomp =       0, rbornstat=      0

Potential function:
     ntf     =       1, ntb     =       1, igb     =       0, nsnb    =      25
     ipol    =       0, gbsa    =       0, iesp    =       0
     dielc   =   1.00000, cut     =  14.00000, intdiel =   1.00000

Frozen or restrained atoms:
     ibelly  =       0, ntr     =       0

Energy minimization:
     maxcyc  =    1000, ncyc    =     100, ntmin   =       1
     dx0     =   0.01000, drms    =   0.00010

| Intermolecular bonds treatment:
|     no_intermolecular_bonds =       1

| Energy averages sample interval:
|     ene_avg_sampling =       1

Ewald parameters:
     verbose =       0, ew_type =       0, nbflag  =       1, use_pme =       1
     vdwmeth =       1, eedmeth =       1, netfrc  =       0
     Box X =   48.000   Box Y =   48.000   Box Z =   48.000
     Alpha =   90.000   Beta  =   90.000   Gamma =   90.000
     NFFT1 =   32       NFFT2 =   32       NFFT3 =   32
     Cutoff=   14.000   Tol   =0.100E-04
     Ewald Coefficient =  0.19234
     Interpolation order =    4

--------------------------------------------------------------------------------
   3.  ATOMIC COORDINATES AND VELOCITIES
--------------------------------------------------------------------------------

ACE                                                                             
 begin time read from input coords =     0.000 ps

 
 Number of triangulated 3-point waters found:        0

     Sum of charges from parm topology file =  -0.00000000
     Forcing neutrality...

| Dynamic Memory, Types Used:
| Reals              199818
| Integers             1863

| Nonbonded Pairs Initial Allocation:       14485

--------------------------------------------------------------------------------
   4.  RESULTS
--------------------------------------------------------------------------------

 ---------------------------------------------------
 APPROXIMATING switch and d/dx switch using CUBIC SPLINE INTERPOLATION
 using   5000.0 points per unit in tabled values
 TESTING RELATIVE ERROR over r ranging from 0.0 to cutoff
| CHECK switch(x): max rel err =   0.2738E-14   at   2.422500
| CHECK d/dx switch(x): max rel err =   0.7883E-11   at   2.684960
 ---------------------------------------------------
|---------------------------------------------------
| APPROXIMATING direct energy using CUBIC SPLINE INTERPOLATION
|  with   50.0 points per unit in tabled values
| Relative Error Limit not exceeded for r .gt.   2.24
| APPROXIMATING direct force using CUBIC SPLINE INTERPOLATION
|  with   50.0 points per unit in tabled values
| Relative Error Limit not exceeded for r .gt.   2.76
|---------------------------------------------------


   NSTEP       ENERGY          RMS            GMAX         NAME    NUMBER
      1      -2.7928E+01     4.0254E+00     2.0082E+01     N           7

 BOND    =        0.0203  ANGLE   =        0.0722  DIHED      =        5.7203
 VDWAALS =       -0.1535  EEL     =      -83.8070  HBOND      =        0.0000
 1-4 VDW =        3.5047  1-4 EEL =       46.7153  RESTRAINT  =        0.0000


   NSTEP       ENERGY          RMS            GMAX         NAME    NUMBER
    100      -2.9233E+01     2.8931E-01     1.1254E+00     C           5

 BOND    =        0.2622  ANGLE   =        0.4930  DIHED      =        5.7208
 VDWAALS =       -0.6408  EEL     =      -81.9595  HBOND      =        0.0000
 1-4 VDW =        2.5592  1-4 EEL =       44.3327  RESTRAINT  =        0.0000


   NSTEP       ENERGY          RMS            GMAX         NAME    NUMBER
    200      -2.9267E+01     1.6931E-03     5.3261E-03     H          15

 BOND    =        0.2596  ANGLE   =        0.5549  DIHED      =        5.7185
 VDWAALS =       -0.6624  EEL     =      -81.5573  HBOND      =        0.0000
 1-4 VDW =        2.4500  1-4 EEL =       43.9696  RESTRAINT  =        0.0000


   NSTEP       ENERGY          RMS            GMAX         NAME    NUMBER
    300      -2.9267E+01     1.4420E-03     4.8382E-03     CH3        16

 BOND    =        0.2597  ANGLE   =        0.5549  DIHED      =        5.7184
 VDWAALS =       -0.6623  EEL     =      -81.5574  HBOND      =        0.0000
 1-4 VDW =        2.4502  1-4 EEL =       43.9696  RESTRAINT  =        0.0000


   NSTEP       ENERGY          RMS            GMAX         NAME    NUMBER
    400      -2.9267E+01     1.3412E-03     4.3790E-03     O          13

 BOND    =        0.2595  ANGLE   =        0.5548  DIHED      =        5.7184
 VDWAALS =       -0.6623  EEL     =      -81.5577  HBOND      =        0.0000
 1-4 VDW =        2.4503  1-4 EEL =       43.9700  RESTRAINT  =        0.0000


   NSTEP       ENERGY          RMS            GMAX         NAME    NUMBER
    500      -2.9267E+01     1.1184E-03     3.9551E-03     N          14

 BOND    =        0.2595  ANGLE   =        0.5548  DIHED      =        5.7184
 VDWAALS =       -0.6623  EEL     =      -81.5578  HBOND      =        0.0000
 1-4 VDW =        2.4503  1-4 EEL =       43.9700  RESTRAINT  =        0.0000


   NSTEP       ENERGY          RMS            GMAX         NAME    NUMBER
    600      -2.9267E+01     1.2821E-03     3.2203E-03     HH31       17

 BOND    =        0.2595  ANGLE   =        0.5548  DIHED      =        5.7184
 VDWAALS =       -0.6623  EEL     =      -81.5579  HBOND      =        0.0000
 1-4 VDW =        2.4503  1-4 EEL =       43.9700  RESTRAINT  =        0.0000


   NSTEP       ENERGY          RMS            GMAX         NAME    NUMBER
    700      -2.9267E+01     3.8351E-03     1.1820E-02     CH3         2

 BOND    =        0.2595  ANGLE   =        0.5545  DIHED      =        5.7185
 VDWAALS =       -0.6622  EEL     =      -81.5581  HBOND      =        0.0000
 1-4 VDW =        2.4504  1-4 EEL =       43.9704  RESTRAINT  =        0.0000

     .... RESTARTED DUE TO LINMIN FAILURE ...


   NSTEP       ENERGY          RMS            GMAX         NAME    NUMBER
    800      -2.9267E+01     4.7868E-03     1.4263E-02     N          14

 BOND    =        0.2597  ANGLE   =        0.5546  DIHED      =        5.7185
 VDWAALS =       -0.6621  EEL     =      -81.5584  HBOND      =        0.0000
 1-4 VDW =        2.4504  1-4 EEL =       43.9703  RESTRAINT  =        0.0000


   NSTEP       ENERGY          RMS            GMAX         NAME    NUMBER
    900      -2.9267E+01     2.3364E-03     9.0418E-03     N          14

 BOND    =        0.2595  ANGLE   =        0.5548  DIHED      =        5.7184
 VDWAALS =       -0.6623  EEL     =      -81.5580  HBOND      =        0.0000
 1-4 VDW =        2.4503  1-4 EEL =       43.9701  RESTRAINT  =        0.0000


   NSTEP       ENERGY          RMS            GMAX         NAME    NUMBER
   1000      -2.9267E+01     2.4621E-03     6.7392E-03     H          15

 BOND    =        0.2596  ANGLE   =        0.5546  DIHED      =        5.7185
 VDWAALS =       -0.6622  EEL     =      -81.5581  HBOND      =        0.0000
 1-4 VDW =        2.4504  1-4 EEL =       43.9702  RESTRAINT  =        0.0000


  Maximum number of minimization cycles reached.


                    FINAL RESULTS



   NSTEP       ENERGY          RMS            GMAX         NAME    NUMBER
   1000      -2.9267E+01     2.4621E-03     6.7392E-03     H          15

 BOND    =        0.2596  ANGLE   =        0.5546  DIHED      =        5.7185
 VDWAALS =       -0.6622  EEL     =      -81.5581  HBOND      =        0.0000
 1-4 VDW =        2.4504  1-4 EEL =       43.9702  RESTRAINT  =        0.0000
--------------------------------------------------------------------------------
   5.  TIMINGS
--------------------------------------------------------------------------------

|  NonSetup CPU Time in Major Routines:
|
|     Routine           Sec        %
|     ------------------------------
|     Nonbond           2.12   98.90
|     Bond              0.00    0.09
|     Angle             0.00    0.20
|     Dihedral          0.01    0.59
|     Shake             0.00    0.00
|     Other             0.00    0.22
|     ------------------------------
|     Total             2.14

|  PME Nonbond Pairlist CPU Time:
|
|     Routine              Sec        %
|     ---------------------------------
|     Set Up Cit           0.00    0.01
|     Build List           0.00    0.02
|     ---------------------------------
|     Total                0.00    0.03

|  PME Direct Force CPU Time:
|
|     Routine              Sec        %
|     ---------------------------------
|     NonBonded Calc       0.01    0.50
|     Exclude Masked       0.01    0.31
|     Other                0.01    0.39
|     ---------------------------------
|     Total                0.03    1.20

|  PME Reciprocal Force CPU Time:
|
|     Routine              Sec        %
|     ---------------------------------
|     1D bspline           0.00    0.15
|     Grid Charges         0.08    3.93
|     Scalar Sum           0.85   39.84
|     Gradient Sum         0.01    0.54
|     FFT                  1.14   53.32
|     ---------------------------------
|     Total                2.10   97.78

|  Setup CPU time:            0.04 seconds
|  NonSetup CPU time:         2.14 seconds
|  Total CPU time:            2.19 seconds     0.00 hours

|  Setup wall time:           0    seconds
|  NonSetup wall time:        2    seconds
|  Total wall time:           2    seconds     0.00 hours
