
          -------------------------------------------------------
          Amber 20 PMEMD                              2020
          -------------------------------------------------------

| PMEMD implementation of SANDER, Release 18

|  Compiled date/time: Tue Apr 28 23:52:05 2020
| Run on 05/02/2020 at 16:01:16

|   Executable path: pmemd
| Working directory: /home/cerutti/OpenForceField/Dipeptides/MainChain/HIP
|          Hostname: Unknown
  [-O]verwriting output

File Assignments:
|   MDIN: ../../min.in                                                          
|  MDOUT: min.out                                                               
| INPCRD: HIP.inpcrd                                                            
|   PARM: HIP.prmtop                                                            
| RESTRT: mincrd                                                                
|   REFC: refc                                                                  
|  MDVEL: mdvel                                                                 
|   MDEN: mden                                                                  
|  MDCRD: mdcrd                                                                 
| MDINFO: mdinfo                                                                
|  MDFRC: mdfrc                                                                 


 Here is the input file:

Initial minimization                                                           
 &cntrl                                                                        
  ntx    = 1,       irest  = 0,       ntrx   = 1,      ntxo   = 1,             
  ntpr   = 100,     ntwx   = 0,       ntwv   = 0,      ntwe   = 0,             
                                                                               
  ntf    = 1,       ntb    = 1,                                                
  ntc    = 1,                                                                  
                                                                               
  cut    = 14.0,                                                               
                                                                               
  imin   = 1,                                                                  
  maxcyc = 1000,                                                               
  ncyc   = 100,                                                                
 &end                                                                          
 &ewald                                                                        
  nfft1 = 32, nfft2 = 32, nfft3 = 32,                                          
 &end                                                                          


Note: ig = -1. Setting random seed to    89331 based on wallclock time in 
      microseconds.
| irandom = 1, using AMBER's internal random number generator (default).
 
 
| Conditional Compilation Defines Used:
| FFTW_FFT
| BINTRAJ
| MKL
| EMIL

| Largest sphere to fit in unit cell has radius =    24.000

| New format PARM file being parsed.
| Version =    1.000 Date = 05/02/20 Time = 16:01:16

| Note: 1-4 EEL scale factors are being read from the topology file.

| Note: 1-4 VDW scale factors are being read from the topology file.
| Duplicated    0 dihedrals

| Duplicated    0 dihedrals

--------------------------------------------------------------------------------
   1.  RESOURCE   USE: 
--------------------------------------------------------------------------------

 getting new box info from bottom of inpcrd
 NATOM  =      30 NTYPES =       9 NBONH =      15 MBONA  =      15
 NTHETH =      32 MTHETA =      19 NPHIH =      62 MPHIA  =      45
 NHPARM =       0 NPARM  =       0 NNB   =     145 NRES   =       3
 NBONA  =      15 NTHETA =      19 NPHIA =      45 NUMBND =      19
 NUMANG =      36 NPTRA  =      36 NATYP =      14 NPHB   =       0
 IFBOX  =       1 NMXRS  =      18 IFCAP =       0 NEXTRA =       0
 NCOPY  =       0

| Coordinate Index Table dimensions:     6    6    6
| Direct force subcell size =     8.0000    8.0000    8.0000

     BOX TYPE: RECTILINEAR

--------------------------------------------------------------------------------
   2.  CONTROL  DATA  FOR  THE  RUN
--------------------------------------------------------------------------------

ACE                                                                             

General flags:
     imin    =       1, nmropt  =       0

Nature and format of input:
     ntx     =       1, irest   =       0, ntrx    =       1

Nature and format of output:
     ntxo    =       1, ntpr    =     100, ntrx    =       1, ntwr    =       1
     iwrap   =       0, ntwx    =       0, ntwv    =       0, ntwe    =       0
     ioutfm  =       1, ntwprt  =       0, idecomp =       0, rbornstat=      0

Potential function:
     ntf     =       1, ntb     =       1, igb     =       0, nsnb    =      25
     ipol    =       0, gbsa    =       0, iesp    =       0
     dielc   =   1.00000, cut     =  14.00000, intdiel =   1.00000

Frozen or restrained atoms:
     ibelly  =       0, ntr     =       0

Energy minimization:
     maxcyc  =    1000, ncyc    =     100, ntmin   =       1
     dx0     =   0.01000, drms    =   0.00010

| Intermolecular bonds treatment:
|     no_intermolecular_bonds =       1

| Energy averages sample interval:
|     ene_avg_sampling =       1

Ewald parameters:
     verbose =       0, ew_type =       0, nbflag  =       1, use_pme =       1
     vdwmeth =       1, eedmeth =       1, netfrc  =       0
     Box X =   48.000   Box Y =   48.000   Box Z =   48.000
     Alpha =   90.000   Beta  =   90.000   Gamma =   90.000
     NFFT1 =   32       NFFT2 =   32       NFFT3 =   32
     Cutoff=   14.000   Tol   =0.100E-04
     Ewald Coefficient =  0.19234
     Interpolation order =    4

--------------------------------------------------------------------------------
   3.  ATOMIC COORDINATES AND VELOCITIES
--------------------------------------------------------------------------------

ACE                                                                             
 begin time read from input coords =     0.000 ps

 
 Number of triangulated 3-point waters found:        0

     Sum of charges from parm topology file =   1.00000000
     Assuming uniform neutralizing plasma

| Dynamic Memory, Types Used:
| Reals              200377
| Integers             3422

| Nonbonded Pairs Initial Allocation:       22871

--------------------------------------------------------------------------------
   4.  RESULTS
--------------------------------------------------------------------------------

 ---------------------------------------------------
 APPROXIMATING switch and d/dx switch using CUBIC SPLINE INTERPOLATION
 using   5000.0 points per unit in tabled values
 TESTING RELATIVE ERROR over r ranging from 0.0 to cutoff
| CHECK switch(x): max rel err =   0.2738E-14   at   2.422500
| CHECK d/dx switch(x): max rel err =   0.7883E-11   at   2.684960
 ---------------------------------------------------
|---------------------------------------------------
| APPROXIMATING direct energy using CUBIC SPLINE INTERPOLATION
|  with   50.0 points per unit in tabled values
| Relative Error Limit not exceeded for r .gt.   2.24
| APPROXIMATING direct force using CUBIC SPLINE INTERPOLATION
|  with   50.0 points per unit in tabled values
| Relative Error Limit not exceeded for r .gt.   2.76
|---------------------------------------------------


   NSTEP       ENERGY          RMS            GMAX         NAME    NUMBER
      1       8.5706E+02     1.2170E+03     7.1400E+03     H          26

 BOND    =        1.1403  ANGLE   =       25.6125  DIHED      =       11.1827
 VDWAALS =      792.0033  EEL     =      -58.6440  HBOND      =        0.0000
 1-4 VDW =        5.3831  1-4 EEL =       80.3800  RESTRAINT  =        0.0000


   NSTEP       ENERGY          RMS            GMAX         NAME    NUMBER
    100       5.4522E+01     2.6649E+00     9.1653E+00     C           5

 BOND    =        1.3562  ANGLE   =       25.7717  DIHED      =       11.9976
 VDWAALS =       -0.2787  EEL     =      -64.0348  HBOND      =        0.0000
 1-4 VDW =        2.9512  1-4 EEL =       76.7588  RESTRAINT  =        0.0000


   NSTEP       ENERGY          RMS            GMAX         NAME    NUMBER
    200       4.6098E+01     6.9760E-01     2.0390E+00     CD2        21

 BOND    =        0.7109  ANGLE   =       22.4463  DIHED      =       12.0870
 VDWAALS =       -2.8216  EEL     =      -67.3040  HBOND      =        0.0000
 1-4 VDW =        3.2625  1-4 EEL =       77.7171  RESTRAINT  =        0.0000


   NSTEP       ENERGY          RMS            GMAX         NAME    NUMBER
    300       4.4579E+01     6.3181E-01     1.8657E+00     HE1        18

 BOND    =        0.6045  ANGLE   =       21.9775  DIHED      =       12.7050
 VDWAALS =       -3.1186  EEL     =      -67.8888  HBOND      =        0.0000
 1-4 VDW =        3.0530  1-4 EEL =       77.2469  RESTRAINT  =        0.0000


   NSTEP       ENERGY          RMS            GMAX         NAME    NUMBER
    400       4.3620E+01     4.3106E-01     1.2135E+00     C           5

 BOND    =        0.5569  ANGLE   =       21.8186  DIHED      =       13.3653
 VDWAALS =       -3.2741  EEL     =      -68.6503  HBOND      =        0.0000
 1-4 VDW =        2.9401  1-4 EEL =       76.8637  RESTRAINT  =        0.0000


   NSTEP       ENERGY          RMS            GMAX         NAME    NUMBER
    500       4.2939E+01     3.1709E-01     8.6982E-01     O          24

 BOND    =        0.5278  ANGLE   =       21.8453  DIHED      =       13.7362
 VDWAALS =       -3.3445  EEL     =      -69.1499  HBOND      =        0.0000
 1-4 VDW =        2.8727  1-4 EEL =       76.4511  RESTRAINT  =        0.0000


   NSTEP       ENERGY          RMS            GMAX         NAME    NUMBER
    600       4.0903E+01     5.0352E-01     1.6123E+00     O          24

 BOND    =        0.4890  ANGLE   =       22.0251  DIHED      =       13.9520
 VDWAALS =       -3.3764  EEL     =      -70.4890  HBOND      =        0.0000
 1-4 VDW =        2.8909  1-4 EEL =       75.4110  RESTRAINT  =        0.0000


   NSTEP       ENERGY          RMS            GMAX         NAME    NUMBER
    700       3.7064E+01     4.6557E-01     1.6203E+00     CH3        27

 BOND    =        0.6785  ANGLE   =       22.3053  DIHED      =       13.9205
 VDWAALS =       -1.5874  EEL     =      -75.5986  HBOND      =        0.0000
 1-4 VDW =        2.8950  1-4 EEL =       74.4510  RESTRAINT  =        0.0000


   NSTEP       ENERGY          RMS            GMAX         NAME    NUMBER
    800       3.6119E+01     3.4408E-01     1.0904E+00     C           5

 BOND    =        0.7550  ANGLE   =       22.5541  DIHED      =       13.5366
 VDWAALS =       -0.9368  EEL     =      -77.0842  HBOND      =        0.0000
 1-4 VDW =        2.7050  1-4 EEL =       74.5893  RESTRAINT  =        0.0000


   NSTEP       ENERGY          RMS            GMAX         NAME    NUMBER
    900       3.5653E+01     6.6934E-01     1.8038E+00     NE2        19

 BOND    =        0.8474  ANGLE   =       22.6956  DIHED      =       13.4658
 VDWAALS =       -0.6841  EEL     =      -77.7944  HBOND      =        0.0000
 1-4 VDW =        2.6160  1-4 EEL =       74.5065  RESTRAINT  =        0.0000


   NSTEP       ENERGY          RMS            GMAX         NAME    NUMBER
   1000       3.5244E+01     3.7754E-01     1.2147E+00     CA          9

 BOND    =        0.8347  ANGLE   =       22.8224  DIHED      =       13.3499
 VDWAALS =       -0.5294  EEL     =      -78.3388  HBOND      =        0.0000
 1-4 VDW =        2.6227  1-4 EEL =       74.4829  RESTRAINT  =        0.0000


  Maximum number of minimization cycles reached.


                    FINAL RESULTS



   NSTEP       ENERGY          RMS            GMAX         NAME    NUMBER
   1000       3.5244E+01     3.7754E-01     1.2147E+00     CA          9

 BOND    =        0.8347  ANGLE   =       22.8224  DIHED      =       13.3499
 VDWAALS =       -0.5294  EEL     =      -78.3388  HBOND      =        0.0000
 1-4 VDW =        2.6227  1-4 EEL =       74.4829  RESTRAINT  =        0.0000
--------------------------------------------------------------------------------
   5.  TIMINGS
--------------------------------------------------------------------------------

|  NonSetup CPU Time in Major Routines:
|
|     Routine           Sec        %
|     ------------------------------
|     Nonbond           2.15   98.27
|     Bond              0.00    0.11
|     Angle             0.01    0.30
|     Dihedral          0.02    1.09
|     Shake             0.00    0.00
|     Other             0.00    0.23
|     ------------------------------
|     Total             2.19

|  PME Nonbond Pairlist CPU Time:
|
|     Routine              Sec        %
|     ---------------------------------
|     Set Up Cit           0.00    0.00
|     Build List           0.00    0.01
|     ---------------------------------
|     Total                0.00    0.01

|  PME Direct Force CPU Time:
|
|     Routine              Sec        %
|     ---------------------------------
|     NonBonded Calc       0.03    1.17
|     Exclude Masked       0.01    0.52
|     Other                0.01    0.39
|     ---------------------------------
|     Total                0.05    2.08

|  PME Reciprocal Force CPU Time:
|
|     Routine              Sec        %
|     ---------------------------------
|     1D bspline           0.00    0.20
|     Grid Charges         0.09    3.99
|     Scalar Sum           0.85   38.65
|     Gradient Sum         0.02    0.79
|     FFT                  1.15   52.64
|     ---------------------------------
|     Total                2.11   96.27

|  Setup CPU time:            0.04 seconds
|  NonSetup CPU time:         2.19 seconds
|  Total CPU time:            2.24 seconds     0.00 hours

|  Setup wall time:           0    seconds
|  NonSetup wall time:        2    seconds
|  Total wall time:           2    seconds     0.00 hours
