
          -------------------------------------------------------
          Amber 20 PMEMD                              2020
          -------------------------------------------------------

| PMEMD implementation of SANDER, Release 18

|  Compiled date/time: Tue Apr 28 23:52:05 2020
| Run on 05/02/2020 at 16:00:52

|   Executable path: pmemd
| Working directory: /home/cerutti/OpenForceField/Dipeptides/MainChain/ASH
|          Hostname: Unknown
  [-O]verwriting output

File Assignments:
|   MDIN: ../../min.in                                                          
|  MDOUT: min.out                                                               
| INPCRD: ASH.inpcrd                                                            
|   PARM: ASH.prmtop                                                            
| RESTRT: mincrd                                                                
|   REFC: refc                                                                  
|  MDVEL: mdvel                                                                 
|   MDEN: mden                                                                  
|  MDCRD: mdcrd                                                                 
| MDINFO: mdinfo                                                                
|  MDFRC: mdfrc                                                                 


 Here is the input file:

Initial minimization                                                           
 &cntrl                                                                        
  ntx    = 1,       irest  = 0,       ntrx   = 1,      ntxo   = 1,             
  ntpr   = 100,     ntwx   = 0,       ntwv   = 0,      ntwe   = 0,             
                                                                               
  ntf    = 1,       ntb    = 1,                                                
  ntc    = 1,                                                                  
                                                                               
  cut    = 14.0,                                                               
                                                                               
  imin   = 1,                                                                  
  maxcyc = 1000,                                                               
  ncyc   = 100,                                                                
 &end                                                                          
 &ewald                                                                        
  nfft1 = 32, nfft2 = 32, nfft3 = 32,                                          
 &end                                                                          


Note: ig = -1. Setting random seed to   808061 based on wallclock time in 
      microseconds.
| irandom = 1, using AMBER's internal random number generator (default).
 
 
| Conditional Compilation Defines Used:
| FFTW_FFT
| BINTRAJ
| MKL
| EMIL

| Largest sphere to fit in unit cell has radius =    24.000

| New format PARM file being parsed.
| Version =    1.000 Date = 05/02/20 Time = 16:00:52

| Note: 1-4 EEL scale factors are being read from the topology file.

| Note: 1-4 VDW scale factors are being read from the topology file.
| Duplicated    0 dihedrals

| Duplicated    0 dihedrals

--------------------------------------------------------------------------------
   1.  RESOURCE   USE: 
--------------------------------------------------------------------------------

 getting new box info from bottom of inpcrd
 NATOM  =      25 NTYPES =       9 NBONH =      12 MBONA  =      12
 NTHETH =      25 MTHETA =      15 NPHIH =      55 MPHIA  =      38
 NHPARM =       0 NPARM  =       0 NNB   =     115 NRES   =       3
 NBONA  =      12 NTHETA =      15 NPHIA =      38 NUMBND =      15
 NUMANG =      28 NPTRA  =      37 NATYP =      11 NPHB   =       0
 IFBOX  =       1 NMXRS  =      13 IFCAP =       0 NEXTRA =       0
 NCOPY  =       0

| Coordinate Index Table dimensions:     6    6    6
| Direct force subcell size =     8.0000    8.0000    8.0000

     BOX TYPE: RECTILINEAR

--------------------------------------------------------------------------------
   2.  CONTROL  DATA  FOR  THE  RUN
--------------------------------------------------------------------------------

ACE                                                                             

General flags:
     imin    =       1, nmropt  =       0

Nature and format of input:
     ntx     =       1, irest   =       0, ntrx    =       1

Nature and format of output:
     ntxo    =       1, ntpr    =     100, ntrx    =       1, ntwr    =       1
     iwrap   =       0, ntwx    =       0, ntwv    =       0, ntwe    =       0
     ioutfm  =       1, ntwprt  =       0, idecomp =       0, rbornstat=      0

Potential function:
     ntf     =       1, ntb     =       1, igb     =       0, nsnb    =      25
     ipol    =       0, gbsa    =       0, iesp    =       0
     dielc   =   1.00000, cut     =  14.00000, intdiel =   1.00000

Frozen or restrained atoms:
     ibelly  =       0, ntr     =       0

Energy minimization:
     maxcyc  =    1000, ncyc    =     100, ntmin   =       1
     dx0     =   0.01000, drms    =   0.00010

| Intermolecular bonds treatment:
|     no_intermolecular_bonds =       1

| Energy averages sample interval:
|     ene_avg_sampling =       1

Ewald parameters:
     verbose =       0, ew_type =       0, nbflag  =       1, use_pme =       1
     vdwmeth =       1, eedmeth =       1, netfrc  =       0
     Box X =   48.000   Box Y =   48.000   Box Z =   48.000
     Alpha =   90.000   Beta  =   90.000   Gamma =   90.000
     NFFT1 =   32       NFFT2 =   32       NFFT3 =   32
     Cutoff=   14.000   Tol   =0.100E-04
     Ewald Coefficient =  0.19234
     Interpolation order =    4

--------------------------------------------------------------------------------
   3.  ATOMIC COORDINATES AND VELOCITIES
--------------------------------------------------------------------------------

ACE                                                                             
 begin time read from input coords =     0.000 ps

 
 Number of triangulated 3-point waters found:        0

     Sum of charges from parm topology file =   0.00000000
     Forcing neutrality...

| Dynamic Memory, Types Used:
| Reals              200235
| Integers             2842

| Nonbonded Pairs Initial Allocation:       19059

--------------------------------------------------------------------------------
   4.  RESULTS
--------------------------------------------------------------------------------

 ---------------------------------------------------
 APPROXIMATING switch and d/dx switch using CUBIC SPLINE INTERPOLATION
 using   5000.0 points per unit in tabled values
 TESTING RELATIVE ERROR over r ranging from 0.0 to cutoff
| CHECK switch(x): max rel err =   0.2738E-14   at   2.422500
| CHECK d/dx switch(x): max rel err =   0.7883E-11   at   2.684960
 ---------------------------------------------------
|---------------------------------------------------
| APPROXIMATING direct energy using CUBIC SPLINE INTERPOLATION
|  with   50.0 points per unit in tabled values
| Relative Error Limit not exceeded for r .gt.   2.24
| APPROXIMATING direct force using CUBIC SPLINE INTERPOLATION
|  with   50.0 points per unit in tabled values
| Relative Error Limit not exceeded for r .gt.   2.76
|---------------------------------------------------


   NSTEP       ENERGY          RMS            GMAX         NAME    NUMBER
      1       3.3287E-01     4.3257E+01     1.8622E+02     CG         14

 BOND    =        5.4435  ANGLE   =        2.8766  DIHED      =       22.2536
 VDWAALS =       44.3706  EEL     =     -101.5609  HBOND      =        0.0000
 1-4 VDW =        6.1446  1-4 EEL =       20.8049  RESTRAINT  =        0.0000


   NSTEP       ENERGY          RMS            GMAX         NAME    NUMBER
    100      -5.4839E+01     6.6560E-01     2.0093E+00     HD2        17

 BOND    =        0.8458  ANGLE   =        3.1470  DIHED      =       22.7370
 VDWAALS =       -0.9901  EEL     =      -99.4897  HBOND      =        0.0000
 1-4 VDW =        3.6439  1-4 EEL =       15.2670  RESTRAINT  =        0.0000


   NSTEP       ENERGY          RMS            GMAX         NAME    NUMBER
    200      -6.0599E+01     6.5304E-01     1.9613E+00     OD1        15

 BOND    =        0.6114  ANGLE   =        2.7780  DIHED      =       21.2438
 VDWAALS =       -1.2591  EEL     =     -103.3791  HBOND      =        0.0000
 1-4 VDW =        3.6926  1-4 EEL =       15.7136  RESTRAINT  =        0.0000


   NSTEP       ENERGY          RMS            GMAX         NAME    NUMBER
    300      -6.1315E+01     4.9703E-01     1.9218E+00     CB         11

 BOND    =        0.5972  ANGLE   =        2.7898  DIHED      =       20.8304
 VDWAALS =       -1.3113  EEL     =     -103.0758  HBOND      =        0.0000
 1-4 VDW =        3.6901  1-4 EEL =       15.1649  RESTRAINT  =        0.0000


   NSTEP       ENERGY          RMS            GMAX         NAME    NUMBER
    400      -6.1501E+01     2.3499E-01     6.9751E-01     OD2        16

 BOND    =        0.6069  ANGLE   =        2.7737  DIHED      =       20.7580
 VDWAALS =       -1.3791  EEL     =     -102.8244  HBOND      =        0.0000
 1-4 VDW =        3.7228  1-4 EEL =       14.8416  RESTRAINT  =        0.0000


   NSTEP       ENERGY          RMS            GMAX         NAME    NUMBER
    500      -6.1571E+01     2.9997E-01     1.2064E+00     CA          9

 BOND    =        0.6107  ANGLE   =        2.7477  DIHED      =       20.7538
 VDWAALS =       -1.4200  EEL     =     -102.6648  HBOND      =        0.0000
 1-4 VDW =        3.7456  1-4 EEL =       14.6561  RESTRAINT  =        0.0000


   NSTEP       ENERGY          RMS            GMAX         NAME    NUMBER
    600      -6.1596E+01     8.4486E-02     2.6931E-01     CB         11

 BOND    =        0.6131  ANGLE   =        2.7544  DIHED      =       20.7578
 VDWAALS =       -1.4520  EEL     =     -102.6058  HBOND      =        0.0000
 1-4 VDW =        3.7575  1-4 EEL =       14.5789  RESTRAINT  =        0.0000


   NSTEP       ENERGY          RMS            GMAX         NAME    NUMBER
    700      -6.1612E+01     4.5836E-02     1.0809E-01     HB2        12

 BOND    =        0.6136  ANGLE   =        2.7352  DIHED      =       20.7575
 VDWAALS =       -1.4685  EEL     =     -102.5748  HBOND      =        0.0000
 1-4 VDW =        3.7670  1-4 EEL =       14.5581  RESTRAINT  =        0.0000


   NSTEP       ENERGY          RMS            GMAX         NAME    NUMBER
    800      -6.1625E+01     4.2778E-02     1.8154E-01     C           5

 BOND    =        0.6101  ANGLE   =        2.7250  DIHED      =       20.7579
 VDWAALS =       -1.4851  EEL     =     -102.5596  HBOND      =        0.0000
 1-4 VDW =        3.7704  1-4 EEL =       14.5561  RESTRAINT  =        0.0000


   NSTEP       ENERGY          RMS            GMAX         NAME    NUMBER
    900      -6.1636E+01     3.5132E-02     1.1581E-01     OD1        15

 BOND    =        0.6105  ANGLE   =        2.7213  DIHED      =       20.7565
 VDWAALS =       -1.4995  EEL     =     -102.5478  HBOND      =        0.0000
 1-4 VDW =        3.7724  1-4 EEL =       14.5507  RESTRAINT  =        0.0000


   NSTEP       ENERGY          RMS            GMAX         NAME    NUMBER
   1000      -6.1646E+01     2.2695E-02     5.9309E-02     HH33       25

 BOND    =        0.6096  ANGLE   =        2.7186  DIHED      =       20.7549
 VDWAALS =       -1.5089  EEL     =     -102.5448  HBOND      =        0.0000
 1-4 VDW =        3.7743  1-4 EEL =       14.5505  RESTRAINT  =        0.0000


  Maximum number of minimization cycles reached.


                    FINAL RESULTS



   NSTEP       ENERGY          RMS            GMAX         NAME    NUMBER
   1000      -6.1646E+01     2.2695E-02     5.9309E-02     HH33       25

 BOND    =        0.6096  ANGLE   =        2.7186  DIHED      =       20.7549
 VDWAALS =       -1.5089  EEL     =     -102.5448  HBOND      =        0.0000
 1-4 VDW =        3.7743  1-4 EEL =       14.5505  RESTRAINT  =        0.0000
--------------------------------------------------------------------------------
   5.  TIMINGS
--------------------------------------------------------------------------------

|  NonSetup CPU Time in Major Routines:
|
|     Routine           Sec        %
|     ------------------------------
|     Nonbond           2.13   98.46
|     Bond              0.00    0.10
|     Angle             0.01    0.25
|     Dihedral          0.02    0.97
|     Shake             0.00    0.00
|     Other             0.00    0.22
|     ------------------------------
|     Total             2.17

|  PME Nonbond Pairlist CPU Time:
|
|     Routine              Sec        %
|     ---------------------------------
|     Set Up Cit           0.00    0.01
|     Build List           0.00    0.03
|     ---------------------------------
|     Total                0.00    0.04

|  PME Direct Force CPU Time:
|
|     Routine              Sec        %
|     ---------------------------------
|     NonBonded Calc       0.02    0.84
|     Exclude Masked       0.01    0.43
|     Other                0.01    0.38
|     ---------------------------------
|     Total                0.04    1.64

|  PME Reciprocal Force CPU Time:
|
|     Routine              Sec        %
|     ---------------------------------
|     1D bspline           0.00    0.17
|     Grid Charges         0.09    3.97
|     Scalar Sum           0.85   39.06
|     Gradient Sum         0.01    0.69
|     FFT                  1.15   52.98
|     ---------------------------------
|     Total                2.10   96.87

|  Setup CPU time:            0.04 seconds
|  NonSetup CPU time:         2.17 seconds
|  Total CPU time:            2.21 seconds     0.00 hours

|  Setup wall time:           0    seconds
|  NonSetup wall time:        2    seconds
|  Total wall time:           2    seconds     0.00 hours
