
          -------------------------------------------------------
          Amber 20 PMEMD                              2020
          -------------------------------------------------------

| PMEMD implementation of SANDER, Release 18

|  Compiled date/time: Tue Apr 28 23:52:05 2020
| Run on 05/02/2020 at 16:01:41

|   Executable path: pmemd
| Working directory: /home/cerutti/OpenForceField/Dipeptides/MainChain/TYR
|          Hostname: Unknown
  [-O]verwriting output

File Assignments:
|   MDIN: ../../min.in                                                          
|  MDOUT: min.out                                                               
| INPCRD: TYR.inpcrd                                                            
|   PARM: TYR.prmtop                                                            
| RESTRT: mincrd                                                                
|   REFC: refc                                                                  
|  MDVEL: mdvel                                                                 
|   MDEN: mden                                                                  
|  MDCRD: mdcrd                                                                 
| MDINFO: mdinfo                                                                
|  MDFRC: mdfrc                                                                 


 Here is the input file:

Initial minimization                                                           
 &cntrl                                                                        
  ntx    = 1,       irest  = 0,       ntrx   = 1,      ntxo   = 1,             
  ntpr   = 100,     ntwx   = 0,       ntwv   = 0,      ntwe   = 0,             
                                                                               
  ntf    = 1,       ntb    = 1,                                                
  ntc    = 1,                                                                  
                                                                               
  cut    = 14.0,                                                               
                                                                               
  imin   = 1,                                                                  
  maxcyc = 1000,                                                               
  ncyc   = 100,                                                                
 &end                                                                          
 &ewald                                                                        
  nfft1 = 32, nfft2 = 32, nfft3 = 32,                                          
 &end                                                                          


Note: ig = -1. Setting random seed to   936430 based on wallclock time in 
      microseconds.
| irandom = 1, using AMBER's internal random number generator (default).
 
 
| Conditional Compilation Defines Used:
| FFTW_FFT
| BINTRAJ
| MKL
| EMIL

| Largest sphere to fit in unit cell has radius =    24.000

| New format PARM file being parsed.
| Version =    1.000 Date = 05/02/20 Time = 16:01:41

| Note: 1-4 EEL scale factors are being read from the topology file.

| Note: 1-4 VDW scale factors are being read from the topology file.
| Duplicated    0 dihedrals

| Duplicated    0 dihedrals

--------------------------------------------------------------------------------
   1.  RESOURCE   USE: 
--------------------------------------------------------------------------------

 getting new box info from bottom of inpcrd
 NATOM  =      33 NTYPES =      10 NBONH =      16 MBONA  =      17
 NTHETH =      33 MTHETA =      22 NPHIH =      71 MPHIA  =      52
 NHPARM =       0 NPARM  =       0 NNB   =     160 NRES   =       3
 NBONA  =      17 NTHETA =      22 NPHIA =      52 NUMBND =      17
 NUMANG =      31 NPTRA  =      33 NATYP =      12 NPHB   =       0
 IFBOX  =       1 NMXRS  =      21 IFCAP =       0 NEXTRA =       0
 NCOPY  =       0

| Coordinate Index Table dimensions:     6    6    6
| Direct force subcell size =     8.0000    8.0000    8.0000

     BOX TYPE: RECTILINEAR

--------------------------------------------------------------------------------
   2.  CONTROL  DATA  FOR  THE  RUN
--------------------------------------------------------------------------------

ACE                                                                             

General flags:
     imin    =       1, nmropt  =       0

Nature and format of input:
     ntx     =       1, irest   =       0, ntrx    =       1

Nature and format of output:
     ntxo    =       1, ntpr    =     100, ntrx    =       1, ntwr    =       1
     iwrap   =       0, ntwx    =       0, ntwv    =       0, ntwe    =       0
     ioutfm  =       1, ntwprt  =       0, idecomp =       0, rbornstat=      0

Potential function:
     ntf     =       1, ntb     =       1, igb     =       0, nsnb    =      25
     ipol    =       0, gbsa    =       0, iesp    =       0
     dielc   =   1.00000, cut     =  14.00000, intdiel =   1.00000

Frozen or restrained atoms:
     ibelly  =       0, ntr     =       0

Energy minimization:
     maxcyc  =    1000, ncyc    =     100, ntmin   =       1
     dx0     =   0.01000, drms    =   0.00010

| Intermolecular bonds treatment:
|     no_intermolecular_bonds =       1

| Energy averages sample interval:
|     ene_avg_sampling =       1

Ewald parameters:
     verbose =       0, ew_type =       0, nbflag  =       1, use_pme =       1
     vdwmeth =       1, eedmeth =       1, netfrc  =       0
     Box X =   48.000   Box Y =   48.000   Box Z =   48.000
     Alpha =   90.000   Beta  =   90.000   Gamma =   90.000
     NFFT1 =   32       NFFT2 =   32       NFFT3 =   32
     Cutoff=   14.000   Tol   =0.100E-04
     Ewald Coefficient =  0.19234
     Interpolation order =    4

--------------------------------------------------------------------------------
   3.  ATOMIC COORDINATES AND VELOCITIES
--------------------------------------------------------------------------------

ACE                                                                             
 begin time read from input coords =     0.000 ps

 
 Number of triangulated 3-point waters found:        0

     Sum of charges from parm topology file =  -0.00000000
     Forcing neutrality...

| Dynamic Memory, Types Used:
| Reals              200427
| Integers             3841

| Nonbonded Pairs Initial Allocation:       25158

--------------------------------------------------------------------------------
   4.  RESULTS
--------------------------------------------------------------------------------

 ---------------------------------------------------
 APPROXIMATING switch and d/dx switch using CUBIC SPLINE INTERPOLATION
 using   5000.0 points per unit in tabled values
 TESTING RELATIVE ERROR over r ranging from 0.0 to cutoff
| CHECK switch(x): max rel err =   0.2738E-14   at   2.422500
| CHECK d/dx switch(x): max rel err =   0.7883E-11   at   2.684960
 ---------------------------------------------------
|---------------------------------------------------
| APPROXIMATING direct energy using CUBIC SPLINE INTERPOLATION
|  with   50.0 points per unit in tabled values
| Relative Error Limit not exceeded for r .gt.   2.24
| APPROXIMATING direct force using CUBIC SPLINE INTERPOLATION
|  with   50.0 points per unit in tabled values
| Relative Error Limit not exceeded for r .gt.   2.76
|---------------------------------------------------


   NSTEP       ENERGY          RMS            GMAX         NAME    NUMBER
      1       1.9234E+04     3.2389E+04     1.6568E+05     H          29

 BOND    =        0.2506  ANGLE   =        0.7558  DIHED      =       10.7070
 VDWAALS =    19266.7582  EEL     =      -91.3716  HBOND      =        0.0000
 1-4 VDW =       11.5302  1-4 EEL =       34.8701  RESTRAINT  =        0.0000


   NSTEP       ENERGY          RMS            GMAX         NAME    NUMBER
    100      -2.6946E+01     3.3827E+00     1.6556E+01     C           5

 BOND    =        1.5048  ANGLE   =        3.0920  DIHED      =       14.7387
 VDWAALS =        1.3430  EEL     =      -87.1409  HBOND      =        0.0000
 1-4 VDW =        6.9273  1-4 EEL =       32.5891  RESTRAINT  =        0.0000


   NSTEP       ENERGY          RMS            GMAX         NAME    NUMBER
    200      -3.5785E+01     7.8398E-01     2.2942E+00     HE1        18

 BOND    =        0.8424  ANGLE   =        1.6194  DIHED      =       10.8025
 VDWAALS =       -2.2035  EEL     =      -87.6323  HBOND      =        0.0000
 1-4 VDW =        7.2627  1-4 EEL =       33.5236  RESTRAINT  =        0.0000


   NSTEP       ENERGY          RMS            GMAX         NAME    NUMBER
    300      -3.7436E+01     5.8319E-01     1.7213E+00     CG         14

 BOND    =        0.7464  ANGLE   =        1.0513  DIHED      =       10.5528
 VDWAALS =       -2.9202  EEL     =      -86.9103  HBOND      =        0.0000
 1-4 VDW =        7.0624  1-4 EEL =       32.9818  RESTRAINT  =        0.0000


   NSTEP       ENERGY          RMS            GMAX         NAME    NUMBER
    400      -3.8301E+01     4.9530E-01     1.3921E+00     HA         10

 BOND    =        0.6366  ANGLE   =        0.8293  DIHED      =       10.4657
 VDWAALS =       -3.3462  EEL     =      -86.7196  HBOND      =        0.0000
 1-4 VDW =        7.0005  1-4 EEL =       32.8325  RESTRAINT  =        0.0000


   NSTEP       ENERGY          RMS            GMAX         NAME    NUMBER
    500      -3.8825E+01     4.6393E-01     1.4288E+00     HA         10

 BOND    =        0.6388  ANGLE   =        0.7267  DIHED      =       10.3955
 VDWAALS =       -3.5947  EEL     =      -86.7168  HBOND      =        0.0000
 1-4 VDW =        6.9502  1-4 EEL =       32.7748  RESTRAINT  =        0.0000


   NSTEP       ENERGY          RMS            GMAX         NAME    NUMBER
    600      -3.9131E+01     6.0590E-01     2.2193E+00     C          26

 BOND    =        0.6084  ANGLE   =        0.6735  DIHED      =       10.3469
 VDWAALS =       -3.7323  EEL     =      -86.7415  HBOND      =        0.0000
 1-4 VDW =        6.9334  1-4 EEL =       32.7805  RESTRAINT  =        0.0000


   NSTEP       ENERGY          RMS            GMAX         NAME    NUMBER
    700      -3.9294E+01     2.0457E-01     5.4914E-01     HE1        18

 BOND    =        0.5551  ANGLE   =        0.6767  DIHED      =       10.3232
 VDWAALS =       -3.8034  EEL     =      -86.7904  HBOND      =        0.0000
 1-4 VDW =        6.9315  1-4 EEL =       32.8138  RESTRAINT  =        0.0000


   NSTEP       ENERGY          RMS            GMAX         NAME    NUMBER
    800      -3.9362E+01     1.0572E-01     3.5451E-01     HD2        25

 BOND    =        0.5472  ANGLE   =        0.6544  DIHED      =       10.3168
 VDWAALS =       -3.8318  EEL     =      -86.7965  HBOND      =        0.0000
 1-4 VDW =        6.9284  1-4 EEL =       32.8198  RESTRAINT  =        0.0000


   NSTEP       ENERGY          RMS            GMAX         NAME    NUMBER
    900      -3.9405E+01     1.2616E-01     4.3301E-01     HD2        25

 BOND    =        0.5408  ANGLE   =        0.6421  DIHED      =       10.3146
 VDWAALS =       -3.8532  EEL     =      -86.8111  HBOND      =        0.0000
 1-4 VDW =        6.9217  1-4 EEL =       32.8407  RESTRAINT  =        0.0000


   NSTEP       ENERGY          RMS            GMAX         NAME    NUMBER
   1000      -3.9430E+01     5.3345E-02     1.6695E-01     CD1        15

 BOND    =        0.5379  ANGLE   =        0.6305  DIHED      =       10.3125
 VDWAALS =       -3.8606  EEL     =      -86.8180  HBOND      =        0.0000
 1-4 VDW =        6.9270  1-4 EEL =       32.8407  RESTRAINT  =        0.0000


  Maximum number of minimization cycles reached.


                    FINAL RESULTS



   NSTEP       ENERGY          RMS            GMAX         NAME    NUMBER
   1000      -3.9430E+01     5.3345E-02     1.6695E-01     CD1        15

 BOND    =        0.5379  ANGLE   =        0.6305  DIHED      =       10.3125
 VDWAALS =       -3.8606  EEL     =      -86.8180  HBOND      =        0.0000
 1-4 VDW =        6.9270  1-4 EEL =       32.8407  RESTRAINT  =        0.0000
--------------------------------------------------------------------------------
   5.  TIMINGS
--------------------------------------------------------------------------------

|  NonSetup CPU Time in Major Routines:
|
|     Routine           Sec        %
|     ------------------------------
|     Nonbond           2.15   98.08
|     Bond              0.00    0.12
|     Angle             0.01    0.32
|     Dihedral          0.03    1.26
|     Shake             0.00    0.00
|     Other             0.00    0.23
|     ------------------------------
|     Total             2.19

|  PME Nonbond Pairlist CPU Time:
|
|     Routine              Sec        %
|     ---------------------------------
|     Set Up Cit           0.00    0.01
|     Build List           0.00    0.02
|     ---------------------------------
|     Total                0.00    0.03

|  PME Direct Force CPU Time:
|
|     Routine              Sec        %
|     ---------------------------------
|     NonBonded Calc       0.03    1.40
|     Exclude Masked       0.01    0.57
|     Other                0.01    0.38
|     ---------------------------------
|     Total                0.05    2.36

|  PME Reciprocal Force CPU Time:
|
|     Routine              Sec        %
|     ---------------------------------
|     1D bspline           0.00    0.21
|     Grid Charges         0.09    4.04
|     Scalar Sum           0.85   38.66
|     Gradient Sum         0.02    0.86
|     FFT                  1.14   52.02
|     ---------------------------------
|     Total                2.10   95.79

|  Setup CPU time:            0.04 seconds
|  NonSetup CPU time:         2.19 seconds
|  Total CPU time:            2.24 seconds     0.00 hours

|  Setup wall time:           0    seconds
|  NonSetup wall time:        2    seconds
|  Total wall time:           2    seconds     0.00 hours
