
          -------------------------------------------------------
          Amber 20 PMEMD                              2020
          -------------------------------------------------------

| PMEMD implementation of SANDER, Release 18

|  Compiled date/time: Tue Apr 28 23:52:05 2020
| Run on 05/02/2020 at 16:01:11

|   Executable path: pmemd
| Working directory: /home/cerutti/OpenForceField/Dipeptides/MainChain/HID
|          Hostname: Unknown
  [-O]verwriting output

File Assignments:
|   MDIN: ../../min.in                                                          
|  MDOUT: min.out                                                               
| INPCRD: HID.inpcrd                                                            
|   PARM: HID.prmtop                                                            
| RESTRT: mincrd                                                                
|   REFC: refc                                                                  
|  MDVEL: mdvel                                                                 
|   MDEN: mden                                                                  
|  MDCRD: mdcrd                                                                 
| MDINFO: mdinfo                                                                
|  MDFRC: mdfrc                                                                 


 Here is the input file:

Initial minimization                                                           
 &cntrl                                                                        
  ntx    = 1,       irest  = 0,       ntrx   = 1,      ntxo   = 1,             
  ntpr   = 100,     ntwx   = 0,       ntwv   = 0,      ntwe   = 0,             
                                                                               
  ntf    = 1,       ntb    = 1,                                                
  ntc    = 1,                                                                  
                                                                               
  cut    = 14.0,                                                               
                                                                               
  imin   = 1,                                                                  
  maxcyc = 1000,                                                               
  ncyc   = 100,                                                                
 &end                                                                          
 &ewald                                                                        
  nfft1 = 32, nfft2 = 32, nfft3 = 32,                                          
 &end                                                                          


Note: ig = -1. Setting random seed to   412680 based on wallclock time in 
      microseconds.
| irandom = 1, using AMBER's internal random number generator (default).
 
 
| Conditional Compilation Defines Used:
| FFTW_FFT
| BINTRAJ
| MKL
| EMIL

| Largest sphere to fit in unit cell has radius =    24.000

| New format PARM file being parsed.
| Version =    1.000 Date = 05/02/20 Time = 16:01:11

| Note: 1-4 EEL scale factors are being read from the topology file.

| Note: 1-4 VDW scale factors are being read from the topology file.
| Duplicated    0 dihedrals

| Duplicated    0 dihedrals

--------------------------------------------------------------------------------
   1.  RESOURCE   USE: 
--------------------------------------------------------------------------------

 getting new box info from bottom of inpcrd
 NATOM  =      29 NTYPES =       9 NBONH =      14 MBONA  =      15
 NTHETH =      30 MTHETA =      19 NPHIH =      57 MPHIA  =      48
 NHPARM =       0 NPARM  =       0 NNB   =     138 NRES   =       3
 NBONA  =      15 NTHETA =      19 NPHIA =      48 NUMBND =      20
 NUMANG =      36 NPTRA  =      41 NATYP =      15 NPHB   =       0
 IFBOX  =       1 NMXRS  =      17 IFCAP =       0 NEXTRA =       0
 NCOPY  =       0

| Coordinate Index Table dimensions:     6    6    6
| Direct force subcell size =     8.0000    8.0000    8.0000

     BOX TYPE: RECTILINEAR

--------------------------------------------------------------------------------
   2.  CONTROL  DATA  FOR  THE  RUN
--------------------------------------------------------------------------------

ACE                                                                             

General flags:
     imin    =       1, nmropt  =       0

Nature and format of input:
     ntx     =       1, irest   =       0, ntrx    =       1

Nature and format of output:
     ntxo    =       1, ntpr    =     100, ntrx    =       1, ntwr    =       1
     iwrap   =       0, ntwx    =       0, ntwv    =       0, ntwe    =       0
     ioutfm  =       1, ntwprt  =       0, idecomp =       0, rbornstat=      0

Potential function:
     ntf     =       1, ntb     =       1, igb     =       0, nsnb    =      25
     ipol    =       0, gbsa    =       0, iesp    =       0
     dielc   =   1.00000, cut     =  14.00000, intdiel =   1.00000

Frozen or restrained atoms:
     ibelly  =       0, ntr     =       0

Energy minimization:
     maxcyc  =    1000, ncyc    =     100, ntmin   =       1
     dx0     =   0.01000, drms    =   0.00010

| Intermolecular bonds treatment:
|     no_intermolecular_bonds =       1

| Energy averages sample interval:
|     ene_avg_sampling =       1

Ewald parameters:
     verbose =       0, ew_type =       0, nbflag  =       1, use_pme =       1
     vdwmeth =       1, eedmeth =       1, netfrc  =       0
     Box X =   48.000   Box Y =   48.000   Box Z =   48.000
     Alpha =   90.000   Beta  =   90.000   Gamma =   90.000
     NFFT1 =   32       NFFT2 =   32       NFFT3 =   32
     Cutoff=   14.000   Tol   =0.100E-04
     Ewald Coefficient =  0.19234
     Interpolation order =    4

--------------------------------------------------------------------------------
   3.  ATOMIC COORDINATES AND VELOCITIES
--------------------------------------------------------------------------------

ACE                                                                             
 begin time read from input coords =     0.000 ps

 
 Number of triangulated 3-point waters found:        0

     Sum of charges from parm topology file =   0.00000000
     Forcing neutrality...

| Dynamic Memory, Types Used:
| Reals              200401
| Integers             3303

| Nonbonded Pairs Initial Allocation:       22108

--------------------------------------------------------------------------------
   4.  RESULTS
--------------------------------------------------------------------------------

 ---------------------------------------------------
 APPROXIMATING switch and d/dx switch using CUBIC SPLINE INTERPOLATION
 using   5000.0 points per unit in tabled values
 TESTING RELATIVE ERROR over r ranging from 0.0 to cutoff
| CHECK switch(x): max rel err =   0.2738E-14   at   2.422500
| CHECK d/dx switch(x): max rel err =   0.7883E-11   at   2.684960
 ---------------------------------------------------
|---------------------------------------------------
| APPROXIMATING direct energy using CUBIC SPLINE INTERPOLATION
|  with   50.0 points per unit in tabled values
| Relative Error Limit not exceeded for r .gt.   2.24
| APPROXIMATING direct force using CUBIC SPLINE INTERPOLATION
|  with   50.0 points per unit in tabled values
| Relative Error Limit not exceeded for r .gt.   2.76
|---------------------------------------------------


   NSTEP       ENERGY          RMS            GMAX         NAME    NUMBER
      1       7.9873E+02     1.2362E+03     7.1284E+03     H          25

 BOND    =        1.2646  ANGLE   =       23.7635  DIHED      =       12.6827
 VDWAALS =      792.0201  EEL     =      -68.8590  HBOND      =        0.0000
 1-4 VDW =        5.4077  1-4 EEL =       32.4545  RESTRAINT  =        0.0000


   NSTEP       ENERGY          RMS            GMAX         NAME    NUMBER
    100      -2.1157E+00     2.7542E+00     8.1655E+00     CD2        20

 BOND    =        0.9741  ANGLE   =       22.7414  DIHED      =       13.0483
 VDWAALS =       -0.6334  EEL     =      -72.2011  HBOND      =        0.0000
 1-4 VDW =        3.0034  1-4 EEL =       30.9514  RESTRAINT  =        0.0000


   NSTEP       ENERGY          RMS            GMAX         NAME    NUMBER
    200      -7.6235E+00     6.3720E-01     2.8928E+00     CE1        17

 BOND    =        0.5642  ANGLE   =       19.8172  DIHED      =       13.0895
 VDWAALS =       -2.6543  EEL     =      -73.0235  HBOND      =        0.0000
 1-4 VDW =        3.3655  1-4 EEL =       31.2179  RESTRAINT  =        0.0000


   NSTEP       ENERGY          RMS            GMAX         NAME    NUMBER
    300      -8.3617E+00     7.0645E-01     1.9527E+00     NE2        19

 BOND    =        0.5028  ANGLE   =       19.4720  DIHED      =       13.2821
 VDWAALS =       -2.9472  EEL     =      -73.0279  HBOND      =        0.0000
 1-4 VDW =        3.2857  1-4 EEL =       31.0708  RESTRAINT  =        0.0000


   NSTEP       ENERGY          RMS            GMAX         NAME    NUMBER
    400      -8.8196E+00     5.0458E-01     1.8890E+00     CD2        20

 BOND    =        0.4832  ANGLE   =       19.4347  DIHED      =       13.4071
 VDWAALS =       -3.1551  EEL     =      -73.1471  HBOND      =        0.0000
 1-4 VDW =        3.2215  1-4 EEL =       30.9362  RESTRAINT  =        0.0000


   NSTEP       ENERGY          RMS            GMAX         NAME    NUMBER
    500      -9.2462E+00     6.1778E-01     1.8859E+00     CH3         2

 BOND    =        0.5037  ANGLE   =       19.3362  DIHED      =       13.4729
 VDWAALS =       -3.3279  EEL     =      -73.3094  HBOND      =        0.0000
 1-4 VDW =        3.1799  1-4 EEL =       30.8984  RESTRAINT  =        0.0000


   NSTEP       ENERGY          RMS            GMAX         NAME    NUMBER
    600      -9.7546E+00     5.6309E-01     2.5323E+00     ND1        15

 BOND    =        0.4587  ANGLE   =       19.3559  DIHED      =       13.4520
 VDWAALS =       -3.4880  EEL     =      -73.5103  HBOND      =        0.0000
 1-4 VDW =        3.1294  1-4 EEL =       30.8477  RESTRAINT  =        0.0000


   NSTEP       ENERGY          RMS            GMAX         NAME    NUMBER
    700      -1.0301E+01     3.4870E-01     1.1577E+00     CD2        20

 BOND    =        0.4379  ANGLE   =       19.3219  DIHED      =       13.2875
 VDWAALS =       -3.5761  EEL     =      -73.6497  HBOND      =        0.0000
 1-4 VDW =        3.0826  1-4 EEL =       30.7952  RESTRAINT  =        0.0000


   NSTEP       ENERGY          RMS            GMAX         NAME    NUMBER
    800      -1.0716E+01     3.7626E-01     1.0407E+00     HD1        16

 BOND    =        0.4587  ANGLE   =       19.2723  DIHED      =       13.0315
 VDWAALS =       -3.5673  EEL     =      -73.6907  HBOND      =        0.0000
 1-4 VDW =        3.0410  1-4 EEL =       30.7380  RESTRAINT  =        0.0000


   NSTEP       ENERGY          RMS            GMAX         NAME    NUMBER
    900      -1.0895E+01     2.7111E-01     7.4058E-01     CH3        26

 BOND    =        0.4323  ANGLE   =       19.2242  DIHED      =       12.8671
 VDWAALS =       -3.5424  EEL     =      -73.6285  HBOND      =        0.0000
 1-4 VDW =        3.0200  1-4 EEL =       30.7320  RESTRAINT  =        0.0000


   NSTEP       ENERGY          RMS            GMAX         NAME    NUMBER
   1000      -1.0972E+01     1.7375E-01     4.8392E-01     CE1        17

 BOND    =        0.4355  ANGLE   =       19.2131  DIHED      =       12.7723
 VDWAALS =       -3.5265  EEL     =      -73.5550  HBOND      =        0.0000
 1-4 VDW =        3.0036  1-4 EEL =       30.6852  RESTRAINT  =        0.0000


  Maximum number of minimization cycles reached.


                    FINAL RESULTS



   NSTEP       ENERGY          RMS            GMAX         NAME    NUMBER
   1000      -1.0972E+01     1.7375E-01     4.8392E-01     CE1        17

 BOND    =        0.4355  ANGLE   =       19.2131  DIHED      =       12.7723
 VDWAALS =       -3.5265  EEL     =      -73.5550  HBOND      =        0.0000
 1-4 VDW =        3.0036  1-4 EEL =       30.6852  RESTRAINT  =        0.0000
--------------------------------------------------------------------------------
   5.  TIMINGS
--------------------------------------------------------------------------------

|  NonSetup CPU Time in Major Routines:
|
|     Routine           Sec        %
|     ------------------------------
|     Nonbond           2.14   98.28
|     Bond              0.00    0.11
|     Angle             0.01    0.30
|     Dihedral          0.02    1.08
|     Shake             0.00    0.00
|     Other             0.01    0.23
|     ------------------------------
|     Total             2.18

|  PME Nonbond Pairlist CPU Time:
|
|     Routine              Sec        %
|     ---------------------------------
|     Set Up Cit           0.00    0.00
|     Build List           0.00    0.01
|     ---------------------------------
|     Total                0.00    0.01

|  PME Direct Force CPU Time:
|
|     Routine              Sec        %
|     ---------------------------------
|     NonBonded Calc       0.02    1.10
|     Exclude Masked       0.01    0.50
|     Other                0.01    0.39
|     ---------------------------------
|     Total                0.04    2.00

|  PME Reciprocal Force CPU Time:
|
|     Routine              Sec        %
|     ---------------------------------
|     1D bspline           0.00    0.19
|     Grid Charges         0.09    4.00
|     Scalar Sum           0.85   38.93
|     Gradient Sum         0.02    0.77
|     FFT                  1.14   52.47
|     ---------------------------------
|     Total                2.10   96.37

|  Setup CPU time:            0.04 seconds
|  NonSetup CPU time:         2.18 seconds
|  Total CPU time:            2.22 seconds     0.00 hours

|  Setup wall time:           0    seconds
|  NonSetup wall time:        3    seconds
|  Total wall time:           3    seconds     0.00 hours
