
          -------------------------------------------------------
          Amber 20 PMEMD                              2020
          -------------------------------------------------------

| PMEMD implementation of SANDER, Release 18

|  Compiled date/time: Tue Apr 28 23:52:05 2020
| Run on 05/02/2020 at 19:24:58

|   Executable path: pmemd
| Working directory: /home/cerutti/OpenForceField/Dipeptides/NTerminal/ILE
|          Hostname: Unknown
  [-O]verwriting output

File Assignments:
|   MDIN: ../../min.in                                                          
|  MDOUT: min.out                                                               
| INPCRD: ILE.inpcrd                                                            
|   PARM: ILE.prmtop                                                            
| RESTRT: mincrd                                                                
|   REFC: refc                                                                  
|  MDVEL: mdvel                                                                 
|   MDEN: mden                                                                  
|  MDCRD: mdcrd                                                                 
| MDINFO: mdinfo                                                                
|  MDFRC: mdfrc                                                                 


 Here is the input file:

Initial minimization                                                           
 &cntrl                                                                        
  ntx    = 1,       irest  = 0,       ntrx   = 1,      ntxo   = 1,             
  ntpr   = 100,     ntwx   = 0,       ntwv   = 0,      ntwe   = 0,             
                                                                               
  ntf    = 1,       ntb    = 1,                                                
  ntc    = 1,                                                                  
                                                                               
  cut    = 14.0,                                                               
                                                                               
  imin   = 1,                                                                  
  maxcyc = 1000,                                                               
  ncyc   = 100,                                                                
 &end                                                                          
 &ewald                                                                        
  nfft1 = 32, nfft2 = 32, nfft3 = 32,                                          
 &end                                                                          


Note: ig = -1. Setting random seed to   480777 based on wallclock time in 
      microseconds.
| irandom = 1, using AMBER's internal random number generator (default).
 
 
| Conditional Compilation Defines Used:
| FFTW_FFT
| BINTRAJ
| MKL
| EMIL

| Largest sphere to fit in unit cell has radius =    24.000

| New format PARM file being parsed.
| Version =    1.000 Date = 05/02/20 Time = 19:24:58

| Note: 1-4 EEL scale factors are being read from the topology file.

| Note: 1-4 VDW scale factors are being read from the topology file.
| Duplicated    0 dihedrals

| Duplicated    0 dihedrals

--------------------------------------------------------------------------------
   1.  RESOURCE   USE: 
--------------------------------------------------------------------------------

 getting new box info from bottom of inpcrd
 NATOM  =      27 NTYPES =       8 NBONH =      17 MBONA  =       9
 NTHETH =      37 MTHETA =      11 NPHIH =      51 MPHIA  =      34
 NHPARM =       0 NPARM  =       0 NNB   =     137 NRES   =       2
 NBONA  =       9 NTHETA =      11 NPHIA =      34 NUMBND =      16
 NUMANG =      29 NPTRA  =      33 NATYP =      12 NPHB   =       0
 IFBOX  =       1 NMXRS  =      21 IFCAP =       0 NEXTRA =       0
 NCOPY  =       0

| Coordinate Index Table dimensions:     6    6    6
| Direct force subcell size =     8.0000    8.0000    8.0000

     BOX TYPE: RECTILINEAR

--------------------------------------------------------------------------------
   2.  CONTROL  DATA  FOR  THE  RUN
--------------------------------------------------------------------------------

NILE                                                                            

General flags:
     imin    =       1, nmropt  =       0

Nature and format of input:
     ntx     =       1, irest   =       0, ntrx    =       1

Nature and format of output:
     ntxo    =       1, ntpr    =     100, ntrx    =       1, ntwr    =       1
     iwrap   =       0, ntwx    =       0, ntwv    =       0, ntwe    =       0
     ioutfm  =       1, ntwprt  =       0, idecomp =       0, rbornstat=      0

Potential function:
     ntf     =       1, ntb     =       1, igb     =       0, nsnb    =      25
     ipol    =       0, gbsa    =       0, iesp    =       0
     dielc   =   1.00000, cut     =  14.00000, intdiel =   1.00000

Frozen or restrained atoms:
     ibelly  =       0, ntr     =       0

Energy minimization:
     maxcyc  =    1000, ncyc    =     100, ntmin   =       1
     dx0     =   0.01000, drms    =   0.00010

| Intermolecular bonds treatment:
|     no_intermolecular_bonds =       1

| Energy averages sample interval:
|     ene_avg_sampling =       1

Ewald parameters:
     verbose =       0, ew_type =       0, nbflag  =       1, use_pme =       1
     vdwmeth =       1, eedmeth =       1, netfrc  =       0
     Box X =   48.000   Box Y =   48.000   Box Z =   48.000
     Alpha =   90.000   Beta  =   90.000   Gamma =   90.000
     NFFT1 =   32       NFFT2 =   32       NFFT3 =   32
     Cutoff=   14.000   Tol   =0.100E-04
     Ewald Coefficient =  0.19234
     Interpolation order =    4

--------------------------------------------------------------------------------
   3.  ATOMIC COORDINATES AND VELOCITIES
--------------------------------------------------------------------------------

NILE                                                                            
 begin time read from input coords =     0.000 ps

 
 Number of triangulated 3-point waters found:        0

     Sum of charges from parm topology file =   1.00000000
     Assuming uniform neutralizing plasma

| Dynamic Memory, Types Used:
| Reals              200228
| Integers             3034

| Nonbonded Pairs Initial Allocation:       20584

--------------------------------------------------------------------------------
   4.  RESULTS
--------------------------------------------------------------------------------

 ---------------------------------------------------
 APPROXIMATING switch and d/dx switch using CUBIC SPLINE INTERPOLATION
 using   5000.0 points per unit in tabled values
 TESTING RELATIVE ERROR over r ranging from 0.0 to cutoff
| CHECK switch(x): max rel err =   0.2738E-14   at   2.422500
| CHECK d/dx switch(x): max rel err =   0.7883E-11   at   2.684960
 ---------------------------------------------------
|---------------------------------------------------
| APPROXIMATING direct energy using CUBIC SPLINE INTERPOLATION
|  with   50.0 points per unit in tabled values
| Relative Error Limit not exceeded for r .gt.   2.24
| APPROXIMATING direct force using CUBIC SPLINE INTERPOLATION
|  with   50.0 points per unit in tabled values
| Relative Error Limit not exceeded for r .gt.   2.76
|---------------------------------------------------


   NSTEP       ENERGY          RMS            GMAX         NAME    NUMBER
      1       8.1495E+01     6.9736E+01     3.0706E+02     HG13       15

 BOND    =        0.1789  ANGLE   =        1.9500  DIHED      =        7.2020
 VDWAALS =       78.3596  EEL     =      -45.9540  HBOND      =        0.0000
 1-4 VDW =        7.4244  1-4 EEL =       32.3344  RESTRAINT  =        0.0000


   NSTEP       ENERGY          RMS            GMAX         NAME    NUMBER
    100       8.8051E-01     8.2738E-01     3.6384E+00     N           1

 BOND    =        0.7397  ANGLE   =        2.8330  DIHED      =        8.0785
 VDWAALS =        0.8841  EEL     =      -47.9826  HBOND      =        0.0000
 1-4 VDW =        4.3971  1-4 EEL =       31.9308  RESTRAINT  =        0.0000


   NSTEP       ENERGY          RMS            GMAX         NAME    NUMBER
    200      -2.7425E+00     7.7786E-01     2.8541E+00     N          22

 BOND    =        0.6043  ANGLE   =        2.2123  DIHED      =        6.0334
 VDWAALS =       -0.8550  EEL     =      -46.1829  HBOND      =        0.0000
 1-4 VDW =        4.1000  1-4 EEL =       31.3454  RESTRAINT  =        0.0000


   NSTEP       ENERGY          RMS            GMAX         NAME    NUMBER
    300      -3.2915E+00     4.0739E-01     1.8949E+00     N           1

 BOND    =        0.5677  ANGLE   =        2.0778  DIHED      =        5.2869
 VDWAALS =       -0.8998  EEL     =      -46.0030  HBOND      =        0.0000
 1-4 VDW =        4.2127  1-4 EEL =       31.4662  RESTRAINT  =        0.0000


   NSTEP       ENERGY          RMS            GMAX         NAME    NUMBER
    400      -3.3479E+00     2.1250E-01     4.7349E-01     HB          8

 BOND    =        0.5502  ANGLE   =        2.0829  DIHED      =        5.2523
 VDWAALS =       -0.9426  EEL     =      -46.0221  HBOND      =        0.0000
 1-4 VDW =        4.2133  1-4 EEL =       31.5180  RESTRAINT  =        0.0000


   NSTEP       ENERGY          RMS            GMAX         NAME    NUMBER
    500      -3.3921E+00     1.7611E-01     5.3304E-01     HG13       15

 BOND    =        0.5504  ANGLE   =        2.0611  DIHED      =        5.2487
 VDWAALS =       -0.9897  EEL     =      -46.0574  HBOND      =        0.0000
 1-4 VDW =        4.2202  1-4 EEL =       31.5745  RESTRAINT  =        0.0000


   NSTEP       ENERGY          RMS            GMAX         NAME    NUMBER
    600      -3.4240E+00     4.9588E-02     1.7135E-01     N           1

 BOND    =        0.5485  ANGLE   =        2.0419  DIHED      =        5.2435
 VDWAALS =       -1.0200  EEL     =      -46.1186  HBOND      =        0.0000
 1-4 VDW =        4.2391  1-4 EEL =       31.6416  RESTRAINT  =        0.0000


   NSTEP       ENERGY          RMS            GMAX         NAME    NUMBER
    700      -3.4410E+00     4.7994E-02     1.4119E-01     CH3        24

 BOND    =        0.5427  ANGLE   =        2.0466  DIHED      =        5.2446
 VDWAALS =       -1.0466  EEL     =      -46.1410  HBOND      =        0.0000
 1-4 VDW =        4.2481  1-4 EEL =       31.6645  RESTRAINT  =        0.0000


   NSTEP       ENERGY          RMS            GMAX         NAME    NUMBER
    800      -3.4539E+00     4.6768E-02     1.6154E-01     CH3        24

 BOND    =        0.5444  ANGLE   =        2.0385  DIHED      =        5.2438
 VDWAALS =       -1.0648  EEL     =      -46.1549  HBOND      =        0.0000
 1-4 VDW =        4.2555  1-4 EEL =       31.6835  RESTRAINT  =        0.0000


   NSTEP       ENERGY          RMS            GMAX         NAME    NUMBER
    900      -3.4658E+00     3.7437E-02     1.5185E-01     CG2         9

 BOND    =        0.5389  ANGLE   =        2.0382  DIHED      =        5.2462
 VDWAALS =       -1.0843  EEL     =      -46.1699  HBOND      =        0.0000
 1-4 VDW =        4.2690  1-4 EEL =       31.6960  RESTRAINT  =        0.0000


   NSTEP       ENERGY          RMS            GMAX         NAME    NUMBER
   1000      -3.4713E+00     1.9979E-02     5.2275E-02     N           1

 BOND    =        0.5384  ANGLE   =        2.0330  DIHED      =        5.2476
 VDWAALS =       -1.0928  EEL     =      -46.1732  HBOND      =        0.0000
 1-4 VDW =        4.2780  1-4 EEL =       31.6977  RESTRAINT  =        0.0000


  Maximum number of minimization cycles reached.


                    FINAL RESULTS



   NSTEP       ENERGY          RMS            GMAX         NAME    NUMBER
   1000      -3.4713E+00     1.9979E-02     5.2275E-02     N           1

 BOND    =        0.5384  ANGLE   =        2.0330  DIHED      =        5.2476
 VDWAALS =       -1.0928  EEL     =      -46.1732  HBOND      =        0.0000
 1-4 VDW =        4.2780  1-4 EEL =       31.6977  RESTRAINT  =        0.0000
--------------------------------------------------------------------------------
   5.  TIMINGS
--------------------------------------------------------------------------------

|  NonSetup CPU Time in Major Routines:
|
|     Routine           Sec        %
|     ------------------------------
|     Nonbond           2.15   98.51
|     Bond              0.00    0.11
|     Angle             0.01    0.28
|     Dihedral          0.02    0.89
|     Shake             0.00    0.00
|     Other             0.00    0.22
|     ------------------------------
|     Total             2.19

|  PME Nonbond Pairlist CPU Time:
|
|     Routine              Sec        %
|     ---------------------------------
|     Set Up Cit           0.00    0.01
|     Build List           0.00    0.03
|     ---------------------------------
|     Total                0.00    0.04

|  PME Direct Force CPU Time:
|
|     Routine              Sec        %
|     ---------------------------------
|     NonBonded Calc       0.02    0.94
|     Exclude Masked       0.01    0.49
|     Other                0.01    0.38
|     ---------------------------------
|     Total                0.04    1.82

|  PME Reciprocal Force CPU Time:
|
|     Routine              Sec        %
|     ---------------------------------
|     1D bspline           0.00    0.18
|     Grid Charges         0.09    3.99
|     Scalar Sum           0.85   38.72
|     Gradient Sum         0.02    0.73
|     FFT                  1.16   53.12
|     ---------------------------------
|     Total                2.12   96.75

|  Setup CPU time:            0.04 seconds
|  NonSetup CPU time:         2.19 seconds
|  Total CPU time:            2.23 seconds     0.00 hours

|  Setup wall time:           1    seconds
|  NonSetup wall time:        2    seconds
|  Total wall time:           3    seconds     0.00 hours
