
          -------------------------------------------------------
          Amber 20 PMEMD                              2020
          -------------------------------------------------------

| PMEMD implementation of SANDER, Release 18

|  Compiled date/time: Tue Apr 28 23:52:05 2020
| Run on 05/02/2020 at 16:01:39

|   Executable path: pmemd
| Working directory: /home/cerutti/OpenForceField/Dipeptides/MainChain/TRP
|          Hostname: Unknown
  [-O]verwriting output

File Assignments:
|   MDIN: ../../min.in                                                          
|  MDOUT: min.out                                                               
| INPCRD: TRP.inpcrd                                                            
|   PARM: TRP.prmtop                                                            
| RESTRT: mincrd                                                                
|   REFC: refc                                                                  
|  MDVEL: mdvel                                                                 
|   MDEN: mden                                                                  
|  MDCRD: mdcrd                                                                 
| MDINFO: mdinfo                                                                
|  MDFRC: mdfrc                                                                 


 Here is the input file:

Initial minimization                                                           
 &cntrl                                                                        
  ntx    = 1,       irest  = 0,       ntrx   = 1,      ntxo   = 1,             
  ntpr   = 100,     ntwx   = 0,       ntwv   = 0,      ntwe   = 0,             
                                                                               
  ntf    = 1,       ntb    = 1,                                                
  ntc    = 1,                                                                  
                                                                               
  cut    = 14.0,                                                               
                                                                               
  imin   = 1,                                                                  
  maxcyc = 1000,                                                               
  ncyc   = 100,                                                                
 &end                                                                          
 &ewald                                                                        
  nfft1 = 32, nfft2 = 32, nfft3 = 32,                                          
 &end                                                                          


Note: ig = -1. Setting random seed to   542803 based on wallclock time in 
      microseconds.
| irandom = 1, using AMBER's internal random number generator (default).
 
 
| Conditional Compilation Defines Used:
| FFTW_FFT
| BINTRAJ
| MKL
| EMIL

| Largest sphere to fit in unit cell has radius =    24.000

| New format PARM file being parsed.
| Version =    1.000 Date = 05/02/20 Time = 16:01:39

| Note: 1-4 EEL scale factors are being read from the topology file.

| Note: 1-4 VDW scale factors are being read from the topology file.
| Duplicated    0 dihedrals

| Duplicated    0 dihedrals

--------------------------------------------------------------------------------
   1.  RESOURCE   USE: 
--------------------------------------------------------------------------------

 getting new box info from bottom of inpcrd
 NATOM  =      36 NTYPES =       9 NBONH =      17 MBONA  =      20
 NTHETH =      36 MTHETA =      27 NPHIH =      71 MPHIA  =      63
 NHPARM =       0 NPARM  =       0 NNB   =     181 NRES   =       3
 NBONA  =      20 NTHETA =      27 NPHIA =      63 NUMBND =      23
 NUMANG =      44 NPTRA  =      41 NATYP =      16 NPHB   =       0
 IFBOX  =       1 NMXRS  =      24 IFCAP =       0 NEXTRA =       0
 NCOPY  =       0

| Coordinate Index Table dimensions:     6    6    6
| Direct force subcell size =     8.0000    8.0000    8.0000

     BOX TYPE: RECTILINEAR

--------------------------------------------------------------------------------
   2.  CONTROL  DATA  FOR  THE  RUN
--------------------------------------------------------------------------------

ACE                                                                             

General flags:
     imin    =       1, nmropt  =       0

Nature and format of input:
     ntx     =       1, irest   =       0, ntrx    =       1

Nature and format of output:
     ntxo    =       1, ntpr    =     100, ntrx    =       1, ntwr    =       1
     iwrap   =       0, ntwx    =       0, ntwv    =       0, ntwe    =       0
     ioutfm  =       1, ntwprt  =       0, idecomp =       0, rbornstat=      0

Potential function:
     ntf     =       1, ntb     =       1, igb     =       0, nsnb    =      25
     ipol    =       0, gbsa    =       0, iesp    =       0
     dielc   =   1.00000, cut     =  14.00000, intdiel =   1.00000

Frozen or restrained atoms:
     ibelly  =       0, ntr     =       0

Energy minimization:
     maxcyc  =    1000, ncyc    =     100, ntmin   =       1
     dx0     =   0.01000, drms    =   0.00010

| Intermolecular bonds treatment:
|     no_intermolecular_bonds =       1

| Energy averages sample interval:
|     ene_avg_sampling =       1

Ewald parameters:
     verbose =       0, ew_type =       0, nbflag  =       1, use_pme =       1
     vdwmeth =       1, eedmeth =       1, netfrc  =       0
     Box X =   48.000   Box Y =   48.000   Box Z =   48.000
     Alpha =   90.000   Beta  =   90.000   Gamma =   90.000
     NFFT1 =   32       NFFT2 =   32       NFFT3 =   32
     Cutoff=   14.000   Tol   =0.100E-04
     Ewald Coefficient =  0.19234
     Interpolation order =    4

--------------------------------------------------------------------------------
   3.  ATOMIC COORDINATES AND VELOCITIES
--------------------------------------------------------------------------------

ACE                                                                             
 begin time read from input coords =     0.000 ps

 
 Number of triangulated 3-point waters found:        0

     Sum of charges from parm topology file =  -0.00000000
     Forcing neutrality...

| Dynamic Memory, Types Used:
| Reals              200589
| Integers             4243

| Nonbonded Pairs Initial Allocation:       27445

--------------------------------------------------------------------------------
   4.  RESULTS
--------------------------------------------------------------------------------

 ---------------------------------------------------
 APPROXIMATING switch and d/dx switch using CUBIC SPLINE INTERPOLATION
 using   5000.0 points per unit in tabled values
 TESTING RELATIVE ERROR over r ranging from 0.0 to cutoff
| CHECK switch(x): max rel err =   0.2738E-14   at   2.422500
| CHECK d/dx switch(x): max rel err =   0.7883E-11   at   2.684960
 ---------------------------------------------------
|---------------------------------------------------
| APPROXIMATING direct energy using CUBIC SPLINE INTERPOLATION
|  with   50.0 points per unit in tabled values
| Relative Error Limit not exceeded for r .gt.   2.24
| APPROXIMATING direct force using CUBIC SPLINE INTERPOLATION
|  with   50.0 points per unit in tabled values
| Relative Error Limit not exceeded for r .gt.   2.76
|---------------------------------------------------


   NSTEP       ENERGY          RMS            GMAX         NAME    NUMBER
      1       1.4249E+04     2.0131E+04     1.3231E+05     CE3        26

 BOND    =        9.6091  ANGLE   =        6.7623  DIHED      =       13.4354
 VDWAALS =    14243.2729  EEL     =      -98.8977  HBOND      =        0.0000
 1-4 VDW =       10.1270  1-4 EEL =       64.2944  RESTRAINT  =        0.0000


   NSTEP       ENERGY          RMS            GMAX         NAME    NUMBER
    100       1.6000E+00     2.9045E+00     1.1087E+01     CZ2        20

 BOND    =        1.2212  ANGLE   =        4.3129  DIHED      =       18.8220
 VDWAALS =        0.1077  EEL     =      -92.4027  HBOND      =        0.0000
 1-4 VDW =        6.0142  1-4 EEL =       63.5248  RESTRAINT  =        0.0000


   NSTEP       ENERGY          RMS            GMAX         NAME    NUMBER
    200      -7.2920E+00     1.6945E+00     5.0868E+00     CG         14

 BOND    =        1.0544  ANGLE   =        3.4474  DIHED      =       13.2487
 VDWAALS =       -2.5692  EEL     =      -93.3019  HBOND      =        0.0000
 1-4 VDW =        6.4199  1-4 EEL =       64.4086  RESTRAINT  =        0.0000


   NSTEP       ENERGY          RMS            GMAX         NAME    NUMBER
    300      -1.1565E+01     2.8815E+00     1.3518E+01     H          32

 BOND    =        1.3765  ANGLE   =        2.2792  DIHED      =       11.2070
 VDWAALS =       -4.3007  EEL     =      -91.5246  HBOND      =        0.0000
 1-4 VDW =        5.8947  1-4 EEL =       63.5030  RESTRAINT  =        0.0000


   NSTEP       ENERGY          RMS            GMAX         NAME    NUMBER
    400      -1.3802E+01     1.0040E+00     2.9788E+00     HH32       35

 BOND    =        0.5484  ANGLE   =        1.8665  DIHED      =       10.6765
 VDWAALS =       -4.9092  EEL     =      -91.3005  HBOND      =        0.0000
 1-4 VDW =        6.1990  1-4 EEL =       63.1168  RESTRAINT  =        0.0000


   NSTEP       ENERGY          RMS            GMAX         NAME    NUMBER
    500      -1.4183E+01     2.9764E-01     9.0079E-01     CB         11

 BOND    =        0.5199  ANGLE   =        1.8179  DIHED      =       10.5859
 VDWAALS =       -4.9765  EEL     =      -91.4628  HBOND      =        0.0000
 1-4 VDW =        6.2009  1-4 EEL =       63.1314  RESTRAINT  =        0.0000


   NSTEP       ENERGY          RMS            GMAX         NAME    NUMBER
    600      -1.4339E+01     2.1466E-01     7.8748E-01     HA         10

 BOND    =        0.4900  ANGLE   =        1.8028  DIHED      =       10.5317
 VDWAALS =       -5.0091  EEL     =      -91.4849  HBOND      =        0.0000
 1-4 VDW =        6.2036  1-4 EEL =       63.1268  RESTRAINT  =        0.0000


   NSTEP       ENERGY          RMS            GMAX         NAME    NUMBER
    700      -1.4441E+01     1.6956E-01     4.8234E-01     CH2        22

 BOND    =        0.4815  ANGLE   =        1.7852  DIHED      =       10.4877
 VDWAALS =       -5.0200  EEL     =      -91.5088  HBOND      =        0.0000
 1-4 VDW =        6.2050  1-4 EEL =       63.1283  RESTRAINT  =        0.0000


   NSTEP       ENERGY          RMS            GMAX         NAME    NUMBER
    800      -1.4513E+01     1.8136E-01     6.7387E-01     CE3        26

 BOND    =        0.4770  ANGLE   =        1.7815  DIHED      =       10.4554
 VDWAALS =       -5.0265  EEL     =      -91.5347  HBOND      =        0.0000
 1-4 VDW =        6.1955  1-4 EEL =       63.1387  RESTRAINT  =        0.0000


   NSTEP       ENERGY          RMS            GMAX         NAME    NUMBER
    900      -1.4564E+01     1.2911E-01     4.0709E-01     HB3        13

 BOND    =        0.4769  ANGLE   =        1.7843  DIHED      =       10.4288
 VDWAALS =       -5.0257  EEL     =      -91.5635  HBOND      =        0.0000
 1-4 VDW =        6.1862  1-4 EEL =       63.1489  RESTRAINT  =        0.0000


   NSTEP       ENERGY          RMS            GMAX         NAME    NUMBER
   1000      -1.4606E+01     8.4293E-02     2.2858E-01     N          31

 BOND    =        0.4834  ANGLE   =        1.7829  DIHED      =       10.4035
 VDWAALS =       -5.0228  EEL     =      -91.5734  HBOND      =        0.0000
 1-4 VDW =        6.1747  1-4 EEL =       63.1461  RESTRAINT  =        0.0000


  Maximum number of minimization cycles reached.


                    FINAL RESULTS



   NSTEP       ENERGY          RMS            GMAX         NAME    NUMBER
   1000      -1.4606E+01     8.4293E-02     2.2858E-01     N          31

 BOND    =        0.4834  ANGLE   =        1.7829  DIHED      =       10.4035
 VDWAALS =       -5.0228  EEL     =      -91.5734  HBOND      =        0.0000
 1-4 VDW =        6.1747  1-4 EEL =       63.1461  RESTRAINT  =        0.0000
--------------------------------------------------------------------------------
   5.  TIMINGS
--------------------------------------------------------------------------------

|  NonSetup CPU Time in Major Routines:
|
|     Routine           Sec        %
|     ------------------------------
|     Nonbond           2.19   97.97
|     Bond              0.00    0.12
|     Angle             0.01    0.36
|     Dihedral          0.03    1.32
|     Shake             0.00    0.00
|     Other             0.01    0.23
|     ------------------------------
|     Total             2.23

|  PME Nonbond Pairlist CPU Time:
|
|     Routine              Sec        %
|     ---------------------------------
|     Set Up Cit           0.00    0.00
|     Build List           0.00    0.01
|     ---------------------------------
|     Total                0.00    0.02

|  PME Direct Force CPU Time:
|
|     Routine              Sec        %
|     ---------------------------------
|     NonBonded Calc       0.04    1.62
|     Exclude Masked       0.01    0.63
|     Other                0.01    0.38
|     ---------------------------------
|     Total                0.06    2.63

|  PME Reciprocal Force CPU Time:
|
|     Routine              Sec        %
|     ---------------------------------
|     1D bspline           0.00    0.22
|     Grid Charges         0.09    4.01
|     Scalar Sum           0.85   37.97
|     Gradient Sum         0.02    0.92
|     FFT                  1.17   52.29
|     ---------------------------------
|     Total                2.13   95.41

|  Setup CPU time:            0.04 seconds
|  NonSetup CPU time:         2.23 seconds
|  Total CPU time:            2.28 seconds     0.00 hours

|  Setup wall time:           0    seconds
|  NonSetup wall time:        2    seconds
|  Total wall time:           2    seconds     0.00 hours
