
          -------------------------------------------------------
          Amber 20 PMEMD                              2020
          -------------------------------------------------------

| PMEMD implementation of SANDER, Release 18

|  Compiled date/time: Tue Apr 28 23:52:05 2020
| Run on 05/02/2020 at 16:02:13

|   Executable path: pmemd
| Working directory: /home/cerutti/OpenForceField/Dipeptides/CTerminal/HIE
|          Hostname: Unknown
  [-O]verwriting output

File Assignments:
|   MDIN: ../../min.in                                                          
|  MDOUT: min.out                                                               
| INPCRD: HIE.inpcrd                                                            
|   PARM: HIE.prmtop                                                            
| RESTRT: mincrd                                                                
|   REFC: refc                                                                  
|  MDVEL: mdvel                                                                 
|   MDEN: mden                                                                  
|  MDCRD: mdcrd                                                                 
| MDINFO: mdinfo                                                                
|  MDFRC: mdfrc                                                                 


 Here is the input file:

Initial minimization                                                           
 &cntrl                                                                        
  ntx    = 1,       irest  = 0,       ntrx   = 1,      ntxo   = 1,             
  ntpr   = 100,     ntwx   = 0,       ntwv   = 0,      ntwe   = 0,             
                                                                               
  ntf    = 1,       ntb    = 1,                                                
  ntc    = 1,                                                                  
                                                                               
  cut    = 14.0,                                                               
                                                                               
  imin   = 1,                                                                  
  maxcyc = 1000,                                                               
  ncyc   = 100,                                                                
 &end                                                                          
 &ewald                                                                        
  nfft1 = 32, nfft2 = 32, nfft3 = 32,                                          
 &end                                                                          


Note: ig = -1. Setting random seed to   740810 based on wallclock time in 
      microseconds.
| irandom = 1, using AMBER's internal random number generator (default).
 
 
| Conditional Compilation Defines Used:
| FFTW_FFT
| BINTRAJ
| MKL
| EMIL

| Largest sphere to fit in unit cell has radius =    24.000

| New format PARM file being parsed.
| Version =    1.000 Date = 05/02/20 Time = 16:02:13

| Note: 1-4 EEL scale factors are being read from the topology file.

| Note: 1-4 VDW scale factors are being read from the topology file.
| Duplicated    0 dihedrals

| Duplicated    0 dihedrals

--------------------------------------------------------------------------------
   1.  RESOURCE   USE: 
--------------------------------------------------------------------------------

 getting new box info from bottom of inpcrd
 NATOM  =      24 NTYPES =       9 NBONH =      10 MBONA  =      14
 NTHETH =      22 MTHETA =      18 NPHIH =      45 MPHIA  =      37
 NHPARM =       0 NPARM  =       0 NNB   =     114 NRES   =       2
 NBONA  =      14 NTHETA =      18 NPHIA =      37 NUMBND =      19
 NUMANG =      32 NPTRA  =      31 NATYP =      16 NPHB   =       0
 IFBOX  =       1 NMXRS  =      18 IFCAP =       0 NEXTRA =       0
 NCOPY  =       0

| Coordinate Index Table dimensions:     6    6    6
| Direct force subcell size =     8.0000    8.0000    8.0000

     BOX TYPE: RECTILINEAR

--------------------------------------------------------------------------------
   2.  CONTROL  DATA  FOR  THE  RUN
--------------------------------------------------------------------------------

ACE                                                                             

General flags:
     imin    =       1, nmropt  =       0

Nature and format of input:
     ntx     =       1, irest   =       0, ntrx    =       1

Nature and format of output:
     ntxo    =       1, ntpr    =     100, ntrx    =       1, ntwr    =       1
     iwrap   =       0, ntwx    =       0, ntwv    =       0, ntwe    =       0
     ioutfm  =       1, ntwprt  =       0, idecomp =       0, rbornstat=      0

Potential function:
     ntf     =       1, ntb     =       1, igb     =       0, nsnb    =      25
     ipol    =       0, gbsa    =       0, iesp    =       0
     dielc   =   1.00000, cut     =  14.00000, intdiel =   1.00000

Frozen or restrained atoms:
     ibelly  =       0, ntr     =       0

Energy minimization:
     maxcyc  =    1000, ncyc    =     100, ntmin   =       1
     dx0     =   0.01000, drms    =   0.00010

| Intermolecular bonds treatment:
|     no_intermolecular_bonds =       1

| Energy averages sample interval:
|     ene_avg_sampling =       1

Ewald parameters:
     verbose =       0, ew_type =       0, nbflag  =       1, use_pme =       1
     vdwmeth =       1, eedmeth =       1, netfrc  =       0
     Box X =   48.000   Box Y =   48.000   Box Z =   48.000
     Alpha =   90.000   Beta  =   90.000   Gamma =   90.000
     NFFT1 =   32       NFFT2 =   32       NFFT3 =   32
     Cutoff=   14.000   Tol   =0.100E-04
     Ewald Coefficient =  0.19234
     Interpolation order =    4

--------------------------------------------------------------------------------
   3.  ATOMIC COORDINATES AND VELOCITIES
--------------------------------------------------------------------------------

ACE                                                                             
 begin time read from input coords =     0.000 ps

 
 Number of triangulated 3-point waters found:        0

     Sum of charges from parm topology file =  -1.00000000
     Assuming uniform neutralizing plasma

| Dynamic Memory, Types Used:
| Reals              200197
| Integers             2688

| Nonbonded Pairs Initial Allocation:       18297

--------------------------------------------------------------------------------
   4.  RESULTS
--------------------------------------------------------------------------------

 ---------------------------------------------------
 APPROXIMATING switch and d/dx switch using CUBIC SPLINE INTERPOLATION
 using   5000.0 points per unit in tabled values
 TESTING RELATIVE ERROR over r ranging from 0.0 to cutoff
| CHECK switch(x): max rel err =   0.2738E-14   at   2.422500
| CHECK d/dx switch(x): max rel err =   0.7883E-11   at   2.684960
 ---------------------------------------------------
|---------------------------------------------------
| APPROXIMATING direct energy using CUBIC SPLINE INTERPOLATION
|  with   50.0 points per unit in tabled values
| Relative Error Limit not exceeded for r .gt.   2.24
| APPROXIMATING direct force using CUBIC SPLINE INTERPOLATION
|  with   50.0 points per unit in tabled values
| Relative Error Limit not exceeded for r .gt.   2.76
|---------------------------------------------------


   NSTEP       ENERGY          RMS            GMAX         NAME    NUMBER
      1       2.6358E+01     2.9045E+01     1.5276E+02     OXT        24

 BOND    =        1.5724  ANGLE   =       24.8887  DIHED      =        8.4570
 VDWAALS =       37.3141  EEL     =     -154.5913  HBOND      =        0.0000
 1-4 VDW =        3.9198  1-4 EEL =      104.7976  RESTRAINT  =        0.0000


   NSTEP       ENERGY          RMS            GMAX         NAME    NUMBER
    100      -1.9876E+01     1.6313E+00     9.9516E+00     C          22

 BOND    =        0.8345  ANGLE   =       22.1124  DIHED      =        8.6566
 VDWAALS =       -0.5265  EEL     =     -155.2340  HBOND      =        0.0000
 1-4 VDW =        3.2405  1-4 EEL =      101.0402  RESTRAINT  =        0.0000


   NSTEP       ENERGY          RMS            GMAX         NAME    NUMBER
    200      -2.3106E+01     3.3202E-01     6.6656E-01     HE2        19

 BOND    =        0.4694  ANGLE   =       20.4102  DIHED      =        8.0864
 VDWAALS =       -1.4481  EEL     =     -153.9200  HBOND      =        0.0000
 1-4 VDW =        2.3239  1-4 EEL =      100.9726  RESTRAINT  =        0.0000


   NSTEP       ENERGY          RMS            GMAX         NAME    NUMBER
    300      -2.3187E+01     9.2236E-02     2.2141E-01     CB         11

 BOND    =        0.4498  ANGLE   =       20.4455  DIHED      =        8.0516
 VDWAALS =       -1.4793  EEL     =     -153.9726  HBOND      =        0.0000
 1-4 VDW =        2.2790  1-4 EEL =      101.0394  RESTRAINT  =        0.0000


   NSTEP       ENERGY          RMS            GMAX         NAME    NUMBER
    400      -2.3209E+01     3.7482E-02     9.6291E-02     H2          3

 BOND    =        0.4453  ANGLE   =       20.4743  DIHED      =        8.0367
 VDWAALS =       -1.4952  EEL     =     -153.9792  HBOND      =        0.0000
 1-4 VDW =        2.2676  1-4 EEL =      101.0413  RESTRAINT  =        0.0000


   NSTEP       ENERGY          RMS            GMAX         NAME    NUMBER
    500      -2.3218E+01     3.3150E-02     7.6678E-02     CD2        20

 BOND    =        0.4430  ANGLE   =       20.4881  DIHED      =        8.0289
 VDWAALS =       -1.5092  EEL     =     -153.9891  HBOND      =        0.0000
 1-4 VDW =        2.2628  1-4 EEL =      101.0576  RESTRAINT  =        0.0000


   NSTEP       ENERGY          RMS            GMAX         NAME    NUMBER
    600      -2.3220E+01     4.5596E-02     1.4150E-01     CG         14

 BOND    =        0.4459  ANGLE   =       20.4926  DIHED      =        8.0244
 VDWAALS =       -1.5143  EEL     =     -153.9880  HBOND      =        0.0000
 1-4 VDW =        2.2617  1-4 EEL =      101.0576  RESTRAINT  =        0.0000


   NSTEP       ENERGY          RMS            GMAX         NAME    NUMBER
    700      -2.3221E+01     1.9154E-02     5.4593E-02     HE1        17

 BOND    =        0.4428  ANGLE   =       20.4975  DIHED      =        8.0186
 VDWAALS =       -1.5156  EEL     =     -153.9813  HBOND      =        0.0000
 1-4 VDW =        2.2587  1-4 EEL =      101.0580  RESTRAINT  =        0.0000


   NSTEP       ENERGY          RMS            GMAX         NAME    NUMBER
    800      -2.3222E+01     4.8039E-03     1.4875E-02     C          22

 BOND    =        0.4411  ANGLE   =       20.5018  DIHED      =        8.0183
 VDWAALS =       -1.5223  EEL     =     -153.9829  HBOND      =        0.0000
 1-4 VDW =        2.2614  1-4 EEL =      101.0612  RESTRAINT  =        0.0000


   NSTEP       ENERGY          RMS            GMAX         NAME    NUMBER
    900      -2.3222E+01     1.3547E-03     3.7026E-03     O          23

 BOND    =        0.4410  ANGLE   =       20.5021  DIHED      =        8.0179
 VDWAALS =       -1.5228  EEL     =     -153.9841  HBOND      =        0.0000
 1-4 VDW =        2.2615  1-4 EEL =      101.0629  RESTRAINT  =        0.0000


   NSTEP       ENERGY          RMS            GMAX         NAME    NUMBER
   1000      -2.3222E+01     1.2394E-03     2.9801E-03     H2          3

 BOND    =        0.4409  ANGLE   =       20.5023  DIHED      =        8.0175
 VDWAALS =       -1.5229  EEL     =     -153.9842  HBOND      =        0.0000
 1-4 VDW =        2.2614  1-4 EEL =      101.0635  RESTRAINT  =        0.0000


  Maximum number of minimization cycles reached.


                    FINAL RESULTS



   NSTEP       ENERGY          RMS            GMAX         NAME    NUMBER
   1000      -2.3222E+01     1.2394E-03     2.9801E-03     H2          3

 BOND    =        0.4409  ANGLE   =       20.5023  DIHED      =        8.0175
 VDWAALS =       -1.5229  EEL     =     -153.9842  HBOND      =        0.0000
 1-4 VDW =        2.2614  1-4 EEL =      101.0635  RESTRAINT  =        0.0000
--------------------------------------------------------------------------------
   5.  TIMINGS
--------------------------------------------------------------------------------

|  NonSetup CPU Time in Major Routines:
|
|     Routine           Sec        %
|     ------------------------------
|     Nonbond           2.13   98.57
|     Bond              0.00    0.10
|     Angle             0.01    0.25
|     Dihedral          0.02    0.85
|     Shake             0.00    0.00
|     Other             0.00    0.22
|     ------------------------------
|     Total             2.16

|  PME Nonbond Pairlist CPU Time:
|
|     Routine              Sec        %
|     ---------------------------------
|     Set Up Cit           0.00    0.01
|     Build List           0.00    0.03
|     ---------------------------------
|     Total                0.00    0.04

|  PME Direct Force CPU Time:
|
|     Routine              Sec        %
|     ---------------------------------
|     NonBonded Calc       0.02    0.77
|     Exclude Masked       0.01    0.43
|     Other                0.01    0.38
|     ---------------------------------
|     Total                0.03    1.58

|  PME Reciprocal Force CPU Time:
|
|     Routine              Sec        %
|     ---------------------------------
|     1D bspline           0.00    0.17
|     Grid Charges         0.09    3.95
|     Scalar Sum           0.85   39.21
|     Gradient Sum         0.01    0.66
|     FFT                  1.15   53.06
|     ---------------------------------
|     Total                2.10   97.05

|  Setup CPU time:            0.04 seconds
|  NonSetup CPU time:         2.16 seconds
|  Total CPU time:            2.20 seconds     0.00 hours

|  Setup wall time:           0    seconds
|  NonSetup wall time:        2    seconds
|  Total wall time:           2    seconds     0.00 hours
