
          -------------------------------------------------------
          Amber 20 PMEMD                              2020
          -------------------------------------------------------

| PMEMD implementation of SANDER, Release 18

|  Compiled date/time: Tue Apr 28 23:52:05 2020
| Run on 05/02/2020 at 16:00:48

|   Executable path: pmemd
| Working directory: /home/cerutti/OpenForceField/Dipeptides/MainChain/ALA
|          Hostname: Unknown
  [-O]verwriting output

File Assignments:
|   MDIN: ../../min.in                                                          
|  MDOUT: min.out                                                               
| INPCRD: ALA.inpcrd                                                            
|   PARM: ALA.prmtop                                                            
| RESTRT: mincrd                                                                
|   REFC: refc                                                                  
|  MDVEL: mdvel                                                                 
|   MDEN: mden                                                                  
|  MDCRD: mdcrd                                                                 
| MDINFO: mdinfo                                                                
|  MDFRC: mdfrc                                                                 


 Here is the input file:

Initial minimization                                                           
 &cntrl                                                                        
  ntx    = 1,       irest  = 0,       ntrx   = 1,      ntxo   = 1,             
  ntpr   = 100,     ntwx   = 0,       ntwv   = 0,      ntwe   = 0,             
                                                                               
  ntf    = 1,       ntb    = 1,                                                
  ntc    = 1,                                                                  
                                                                               
  cut    = 14.0,                                                               
                                                                               
  imin   = 1,                                                                  
  maxcyc = 1000,                                                               
  ncyc   = 100,                                                                
 &end                                                                          
 &ewald                                                                        
  nfft1 = 32, nfft2 = 32, nfft3 = 32,                                          
 &end                                                                          


Note: ig = -1. Setting random seed to   105845 based on wallclock time in 
      microseconds.
| irandom = 1, using AMBER's internal random number generator (default).
 
 
| Conditional Compilation Defines Used:
| FFTW_FFT
| BINTRAJ
| MKL
| EMIL

| Largest sphere to fit in unit cell has radius =    24.000

| New format PARM file being parsed.
| Version =    1.000 Date = 05/02/20 Time = 16:00:48

| Note: 1-4 EEL scale factors are being read from the topology file.

| Note: 1-4 VDW scale factors are being read from the topology file.
| Duplicated    0 dihedrals

| Duplicated    0 dihedrals

--------------------------------------------------------------------------------
   1.  RESOURCE   USE: 
--------------------------------------------------------------------------------

 getting new box info from bottom of inpcrd
 NATOM  =      22 NTYPES =       7 NBONH =      12 MBONA  =       9
 NTHETH =      25 MTHETA =      11 NPHIH =      43 MPHIA  =      24
 NHPARM =       0 NPARM  =       0 NNB   =      99 NRES   =       3
 NBONA  =       9 NTHETA =      11 NPHIA =      24 NUMBND =      11
 NUMANG =      21 NPTRA  =      20 NATYP =       8 NPHB   =       0
 IFBOX  =       1 NMXRS  =      10 IFCAP =       0 NEXTRA =       0
 NCOPY  =       0

| Coordinate Index Table dimensions:     6    6    6
| Direct force subcell size =     8.0000    8.0000    8.0000

     BOX TYPE: RECTILINEAR

--------------------------------------------------------------------------------
   2.  CONTROL  DATA  FOR  THE  RUN
--------------------------------------------------------------------------------

ACE                                                                             

General flags:
     imin    =       1, nmropt  =       0

Nature and format of input:
     ntx     =       1, irest   =       0, ntrx    =       1

Nature and format of output:
     ntxo    =       1, ntpr    =     100, ntrx    =       1, ntwr    =       1
     iwrap   =       0, ntwx    =       0, ntwv    =       0, ntwe    =       0
     ioutfm  =       1, ntwprt  =       0, idecomp =       0, rbornstat=      0

Potential function:
     ntf     =       1, ntb     =       1, igb     =       0, nsnb    =      25
     ipol    =       0, gbsa    =       0, iesp    =       0
     dielc   =   1.00000, cut     =  14.00000, intdiel =   1.00000

Frozen or restrained atoms:
     ibelly  =       0, ntr     =       0

Energy minimization:
     maxcyc  =    1000, ncyc    =     100, ntmin   =       1
     dx0     =   0.01000, drms    =   0.00010

| Intermolecular bonds treatment:
|     no_intermolecular_bonds =       1

| Energy averages sample interval:
|     ene_avg_sampling =       1

Ewald parameters:
     verbose =       0, ew_type =       0, nbflag  =       1, use_pme =       1
     vdwmeth =       1, eedmeth =       1, netfrc  =       0
     Box X =   48.000   Box Y =   48.000   Box Z =   48.000
     Alpha =   90.000   Beta  =   90.000   Gamma =   90.000
     NFFT1 =   32       NFFT2 =   32       NFFT3 =   32
     Cutoff=   14.000   Tol   =0.100E-04
     Ewald Coefficient =  0.19234
     Interpolation order =    4

--------------------------------------------------------------------------------
   3.  ATOMIC COORDINATES AND VELOCITIES
--------------------------------------------------------------------------------

ACE                                                                             
 begin time read from input coords =     0.000 ps

 
 Number of triangulated 3-point waters found:        0

     Sum of charges from parm topology file =  -0.00000000
     Forcing neutrality...

| Dynamic Memory, Types Used:
| Reals              199944
| Integers             2273

| Nonbonded Pairs Initial Allocation:       16772

--------------------------------------------------------------------------------
   4.  RESULTS
--------------------------------------------------------------------------------

 ---------------------------------------------------
 APPROXIMATING switch and d/dx switch using CUBIC SPLINE INTERPOLATION
 using   5000.0 points per unit in tabled values
 TESTING RELATIVE ERROR over r ranging from 0.0 to cutoff
| CHECK switch(x): max rel err =   0.2738E-14   at   2.422500
| CHECK d/dx switch(x): max rel err =   0.7883E-11   at   2.684960
 ---------------------------------------------------
|---------------------------------------------------
| APPROXIMATING direct energy using CUBIC SPLINE INTERPOLATION
|  with   50.0 points per unit in tabled values
| Relative Error Limit not exceeded for r .gt.   2.24
| APPROXIMATING direct force using CUBIC SPLINE INTERPOLATION
|  with   50.0 points per unit in tabled values
| Relative Error Limit not exceeded for r .gt.   2.76
|---------------------------------------------------


   NSTEP       ENERGY          RMS            GMAX         NAME    NUMBER
      1      -1.3337E+01     5.4690E+00     1.8396E+01     N           7

 BOND    =        0.0206  ANGLE   =        0.3620  DIHED      =        9.6440
 VDWAALS =        2.8114  EEL     =      -80.1260  HBOND      =        0.0000
 1-4 VDW =        5.0157  1-4 EEL =       48.9355  RESTRAINT  =        0.0000


   NSTEP       ENERGY          RMS            GMAX         NAME    NUMBER
    100      -1.8956E+01     1.3433E+00     5.0367E+00     C          15

 BOND    =        0.4804  ANGLE   =        0.8813  DIHED      =        9.2045
 VDWAALS =       -0.6948  EEL     =      -78.8972  HBOND      =        0.0000
 1-4 VDW =        3.2959  1-4 EEL =       46.7735  RESTRAINT  =        0.0000


   NSTEP       ENERGY          RMS            GMAX         NAME    NUMBER
    200      -2.0316E+01     4.9365E-01     1.4972E+00     CA          9

 BOND    =        0.4699  ANGLE   =        0.7741  DIHED      =        8.7480
 VDWAALS =       -1.2140  EEL     =      -78.4965  HBOND      =        0.0000
 1-4 VDW =        2.9833  1-4 EEL =       46.4194  RESTRAINT  =        0.0000


   NSTEP       ENERGY          RMS            GMAX         NAME    NUMBER
    300      -2.0566E+01     3.5452E-01     1.1314E+00     O           6

 BOND    =        0.3883  ANGLE   =        0.6219  DIHED      =        8.7355
 VDWAALS =       -1.3019  EEL     =      -78.5717  HBOND      =        0.0000
 1-4 VDW =        2.9767  1-4 EEL =       46.5852  RESTRAINT  =        0.0000


   NSTEP       ENERGY          RMS            GMAX         NAME    NUMBER
    400      -2.0655E+01     1.9775E-01     5.3852E-01     O          16

 BOND    =        0.3761  ANGLE   =        0.5673  DIHED      =        8.7459
 VDWAALS =       -1.3609  EEL     =      -78.5974  HBOND      =        0.0000
 1-4 VDW =        2.9637  1-4 EEL =       46.6498  RESTRAINT  =        0.0000


   NSTEP       ENERGY          RMS            GMAX         NAME    NUMBER
    500      -2.0703E+01     1.7415E-01     3.8343E-01     N           7

 BOND    =        0.3612  ANGLE   =        0.5349  DIHED      =        8.7577
 VDWAALS =       -1.4059  EEL     =      -78.6428  HBOND      =        0.0000
 1-4 VDW =        2.9655  1-4 EEL =       46.7267  RESTRAINT  =        0.0000


   NSTEP       ENERGY          RMS            GMAX         NAME    NUMBER
    600      -2.0734E+01     1.6489E-01     4.3051E-01     C           5

 BOND    =        0.3506  ANGLE   =        0.5032  DIHED      =        8.7670
 VDWAALS =       -1.4375  EEL     =      -78.6904  HBOND      =        0.0000
 1-4 VDW =        2.9768  1-4 EEL =       46.7964  RESTRAINT  =        0.0000


   NSTEP       ENERGY          RMS            GMAX         NAME    NUMBER
    700      -2.0760E+01     4.3244E-02     1.3416E-01     C          15

 BOND    =        0.3464  ANGLE   =        0.4908  DIHED      =        8.7715
 VDWAALS =       -1.4715  EEL     =      -78.7134  HBOND      =        0.0000
 1-4 VDW =        2.9806  1-4 EEL =       46.8353  RESTRAINT  =        0.0000


   NSTEP       ENERGY          RMS            GMAX         NAME    NUMBER
    800      -2.0786E+01     1.4818E-02     5.1577E-02     HH33       22

 BOND    =        0.3438  ANGLE   =        0.4793  DIHED      =        8.7689
 VDWAALS =       -1.5076  EEL     =      -78.7340  HBOND      =        0.0000
 1-4 VDW =        2.9918  1-4 EEL =       46.8722  RESTRAINT  =        0.0000


   NSTEP       ENERGY          RMS            GMAX         NAME    NUMBER
    900      -2.0792E+01     2.3980E-02     6.2480E-02     N           7

 BOND    =        0.3424  ANGLE   =        0.4751  DIHED      =        8.7658
 VDWAALS =       -1.5150  EEL     =      -78.7523  HBOND      =        0.0000
 1-4 VDW =        3.0004  1-4 EEL =       46.8917  RESTRAINT  =        0.0000


   NSTEP       ENERGY          RMS            GMAX         NAME    NUMBER
   1000      -2.0793E+01     1.9017E-02     5.5529E-02     N          17

 BOND    =        0.3414  ANGLE   =        0.4755  DIHED      =        8.7646
 VDWAALS =       -1.5173  EEL     =      -78.7539  HBOND      =        0.0000
 1-4 VDW =        3.0021  1-4 EEL =       46.8945  RESTRAINT  =        0.0000


  Maximum number of minimization cycles reached.


                    FINAL RESULTS



   NSTEP       ENERGY          RMS            GMAX         NAME    NUMBER
   1000      -2.0793E+01     1.9017E-02     5.5529E-02     N          17

 BOND    =        0.3414  ANGLE   =        0.4755  DIHED      =        8.7646
 VDWAALS =       -1.5173  EEL     =      -78.7539  HBOND      =        0.0000
 1-4 VDW =        3.0021  1-4 EEL =       46.8945  RESTRAINT  =        0.0000
--------------------------------------------------------------------------------
   5.  TIMINGS
--------------------------------------------------------------------------------

|  NonSetup CPU Time in Major Routines:
|
|     Routine           Sec        %
|     ------------------------------
|     Nonbond           2.14   98.75
|     Bond              0.00    0.10
|     Angle             0.00    0.23
|     Dihedral          0.02    0.71
|     Shake             0.00    0.00
|     Other             0.00    0.22
|     ------------------------------
|     Total             2.17

|  PME Nonbond Pairlist CPU Time:
|
|     Routine              Sec        %
|     ---------------------------------
|     Set Up Cit           0.00    0.01
|     Build List           0.00    0.03
|     ---------------------------------
|     Total                0.00    0.04

|  PME Direct Force CPU Time:
|
|     Routine              Sec        %
|     ---------------------------------
|     NonBonded Calc       0.01    0.67
|     Exclude Masked       0.01    0.37
|     Other                0.01    0.38
|     ---------------------------------
|     Total                0.03    1.42

|  PME Reciprocal Force CPU Time:
|
|     Routine              Sec        %
|     ---------------------------------
|     1D bspline           0.00    0.16
|     Grid Charges         0.09    3.95
|     Scalar Sum           0.85   39.12
|     Gradient Sum         0.01    0.61
|     FFT                  1.16   53.55
|     ---------------------------------
|     Total                2.11   97.38

|  Setup CPU time:            0.04 seconds
|  NonSetup CPU time:         2.17 seconds
|  Total CPU time:            2.21 seconds     0.00 hours

|  Setup wall time:           0    seconds
|  NonSetup wall time:        2    seconds
|  Total wall time:           2    seconds     0.00 hours
