
          -------------------------------------------------------
          Amber 20 PMEMD                              2020
          -------------------------------------------------------

| PMEMD implementation of SANDER, Release 18

|  Compiled date/time: Tue Apr 28 23:52:05 2020
| Run on 05/02/2020 at 16:01:46

|   Executable path: pmemd
| Working directory: /home/cerutti/OpenForceField/Dipeptides/MainChain/CYX
|          Hostname: Unknown
  [-O]verwriting output

File Assignments:
|   MDIN: ../../min.in                                                          
|  MDOUT: min.out                                                               
| INPCRD: CYX.inpcrd                                                            
|   PARM: CYX.prmtop                                                            
| RESTRT: mincrd                                                                
|   REFC: refc                                                                  
|  MDVEL: mdvel                                                                 
|   MDEN: mden                                                                  
|  MDCRD: mdcrd                                                                 
| MDINFO: mdinfo                                                                
|  MDFRC: mdfrc                                                                 


 Here is the input file:

Initial minimization                                                           
 &cntrl                                                                        
  ntx    = 1,       irest  = 0,       ntrx   = 1,      ntxo   = 1,             
  ntpr   = 100,     ntwx   = 0,       ntwv   = 0,      ntwe   = 0,             
                                                                               
  ntf    = 1,       ntb    = 1,                                                
  ntc    = 1,                                                                  
                                                                               
  cut    = 14.0,                                                               
                                                                               
  imin   = 1,                                                                  
  maxcyc = 1000,                                                               
  ncyc   = 100,                                                                
 &end                                                                          
 &ewald                                                                        
  nfft1 = 32, nfft2 = 32, nfft3 = 32,                                          
 &end                                                                          


Note: ig = -1. Setting random seed to   614662 based on wallclock time in 
      microseconds.
| irandom = 1, using AMBER's internal random number generator (default).
 
 
| Conditional Compilation Defines Used:
| FFTW_FFT
| BINTRAJ
| MKL
| EMIL

| Largest sphere to fit in unit cell has radius =    24.000

| New format PARM file being parsed.
| Version =    1.000 Date = 05/02/20 Time = 16:01:46

| Note: 1-4 EEL scale factors are being read from the topology file.

| Note: 1-4 VDW scale factors are being read from the topology file.
| Duplicated    0 dihedrals

| Duplicated    0 dihedrals

--------------------------------------------------------------------------------
   1.  RESOURCE   USE: 
--------------------------------------------------------------------------------

 getting new box info from bottom of inpcrd
 NATOM  =      44 NTYPES =       8 NBONH =      22 MBONA  =      21
 NTHETH =      48 MTHETA =      26 NPHIH =      86 MPHIA  =      76
 NHPARM =       0 NPARM  =       0 NNB   =     208 NRES   =       6
 NBONA  =      21 NTHETA =      26 NPHIA =      76 NUMBND =      14
 NUMANG =      25 NPTRA  =      36 NATYP =      10 NPHB   =       0
 IFBOX  =       1 NMXRS  =      10 IFCAP =       0 NEXTRA =       0
 NCOPY  =       0

| Coordinate Index Table dimensions:     6    6    6
| Direct force subcell size =     8.0000    8.0000    8.0000

     BOX TYPE: RECTILINEAR

--------------------------------------------------------------------------------
   2.  CONTROL  DATA  FOR  THE  RUN
--------------------------------------------------------------------------------

ACE                                                                             

General flags:
     imin    =       1, nmropt  =       0

Nature and format of input:
     ntx     =       1, irest   =       0, ntrx    =       1

Nature and format of output:
     ntxo    =       1, ntpr    =     100, ntrx    =       1, ntwr    =       1
     iwrap   =       0, ntwx    =       0, ntwv    =       0, ntwe    =       0
     ioutfm  =       1, ntwprt  =       0, idecomp =       0, rbornstat=      0

Potential function:
     ntf     =       1, ntb     =       1, igb     =       0, nsnb    =      25
     ipol    =       0, gbsa    =       0, iesp    =       0
     dielc   =   1.00000, cut     =  14.00000, intdiel =   1.00000

Frozen or restrained atoms:
     ibelly  =       0, ntr     =       0

Energy minimization:
     maxcyc  =    1000, ncyc    =     100, ntmin   =       1
     dx0     =   0.01000, drms    =   0.00010

| Intermolecular bonds treatment:
|     no_intermolecular_bonds =       1

| Energy averages sample interval:
|     ene_avg_sampling =       1

Ewald parameters:
     verbose =       0, ew_type =       0, nbflag  =       1, use_pme =       1
     vdwmeth =       1, eedmeth =       1, netfrc  =       0
     Box X =   48.000   Box Y =   48.000   Box Z =   48.000
     Alpha =   90.000   Beta  =   90.000   Gamma =   90.000
     NFFT1 =   32       NFFT2 =   32       NFFT3 =   32
     Cutoff=   14.000   Tol   =0.100E-04
     Ewald Coefficient =  0.19234
     Interpolation order =    4

--------------------------------------------------------------------------------
   3.  ATOMIC COORDINATES AND VELOCITIES
--------------------------------------------------------------------------------

ACE                                                                             
 begin time read from input coords =     0.000 ps

 
 Number of triangulated 3-point waters found:        0

     Sum of charges from parm topology file =  -0.00000000
     Forcing neutrality...

| Dynamic Memory, Types Used:
| Reals              200606
| Integers             4946

| Nonbonded Pairs Initial Allocation:       33544

--------------------------------------------------------------------------------
   4.  RESULTS
--------------------------------------------------------------------------------

 ---------------------------------------------------
 APPROXIMATING switch and d/dx switch using CUBIC SPLINE INTERPOLATION
 using   5000.0 points per unit in tabled values
 TESTING RELATIVE ERROR over r ranging from 0.0 to cutoff
| CHECK switch(x): max rel err =   0.2738E-14   at   2.422500
| CHECK d/dx switch(x): max rel err =   0.7883E-11   at   2.684960
 ---------------------------------------------------
|---------------------------------------------------
| APPROXIMATING direct energy using CUBIC SPLINE INTERPOLATION
|  with   50.0 points per unit in tabled values
| Relative Error Limit not exceeded for r .gt.   2.24
| APPROXIMATING direct force using CUBIC SPLINE INTERPOLATION
|  with   50.0 points per unit in tabled values
| Relative Error Limit not exceeded for r .gt.   2.76
|---------------------------------------------------


   NSTEP       ENERGY          RMS            GMAX         NAME    NUMBER
      1       2.4971E+09     7.3386E+09     5.7718E+10     CH3         2

 BOND    =    11529.1668  ANGLE   =      182.0270  DIHED      =       33.0898
 VDWAALS = *************  EEL     =      -93.1384  HBOND      =        0.0000
 1-4 VDW =        9.9854  1-4 EEL =       85.0567  RESTRAINT  =        0.0000


   NSTEP       ENERGY          RMS            GMAX         NAME    NUMBER
    100       7.0805E+01     1.2550E+01     5.7271E+01     C           5

 BOND    =       17.8481  ANGLE   =       38.6298  DIHED      =       57.7595
 VDWAALS =       17.0356  EEL     =     -139.6390  HBOND      =        0.0000
 1-4 VDW =        9.0630  1-4 EEL =       70.1075  RESTRAINT  =        0.0000


   NSTEP       ENERGY          RMS            GMAX         NAME    NUMBER
    200      -1.7580E+01     2.5522E+00     8.2303E+00     HA         10

 BOND    =        1.4314  ANGLE   =       10.5801  DIHED      =       39.5978
 VDWAALS =       -4.8499  EEL     =     -145.1521  HBOND      =        0.0000
 1-4 VDW =        5.5924  1-4 EEL =       75.2204  RESTRAINT  =        0.0000


   NSTEP       ENERGY          RMS            GMAX         NAME    NUMBER
    300      -3.1111E+01     3.2323E+00     1.2186E+01     C          15

 BOND    =        1.2999  ANGLE   =        6.9699  DIHED      =       31.8120
 VDWAALS =       -5.9409  EEL     =     -147.6353  HBOND      =        0.0000
 1-4 VDW =        5.8913  1-4 EEL =       76.4925  RESTRAINT  =        0.0000


   NSTEP       ENERGY          RMS            GMAX         NAME    NUMBER
    400      -4.1485E+01     1.1540E+00     5.7993E+00     C          15

 BOND    =        0.7860  ANGLE   =        3.2373  DIHED      =       28.0638
 VDWAALS =       -7.3979  EEL     =     -150.3622  HBOND      =        0.0000
 1-4 VDW =        5.9813  1-4 EEL =       78.2067  RESTRAINT  =        0.0000


   NSTEP       ENERGY          RMS            GMAX         NAME    NUMBER
    500      -4.4761E+01     3.6972E-01     1.4899E+00     CA         31

 BOND    =        0.7554  ANGLE   =        2.4440  DIHED      =       26.7643
 VDWAALS =       -7.3818  EEL     =     -153.7404  HBOND      =        0.0000
 1-4 VDW =        5.9720  1-4 EEL =       80.4251  RESTRAINT  =        0.0000


   NSTEP       ENERGY          RMS            GMAX         NAME    NUMBER
    600      -4.5926E+01     2.6908E-01     9.3233E-01     CH3        24

 BOND    =        0.7403  ANGLE   =        2.2369  DIHED      =       25.9574
 VDWAALS =       -7.3539  EEL     =     -153.6037  HBOND      =        0.0000
 1-4 VDW =        5.7301  1-4 EEL =       80.3673  RESTRAINT  =        0.0000


   NSTEP       ENERGY          RMS            GMAX         NAME    NUMBER
    700      -4.6265E+01     2.5871E-01     1.0471E+00     CA         31

 BOND    =        0.7292  ANGLE   =        2.1408  DIHED      =       25.7478
 VDWAALS =       -7.3060  EEL     =     -153.8080  HBOND      =        0.0000
 1-4 VDW =        5.6955  1-4 EEL =       80.5351  RESTRAINT  =        0.0000


   NSTEP       ENERGY          RMS            GMAX         NAME    NUMBER
    800      -4.6454E+01     1.7888E-01     9.7402E-01     CA         31

 BOND    =        0.7407  ANGLE   =        2.0818  DIHED      =       25.6297
 VDWAALS =       -7.2692  EEL     =     -153.9322  HBOND      =        0.0000
 1-4 VDW =        5.6899  1-4 EEL =       80.6053  RESTRAINT  =        0.0000


   NSTEP       ENERGY          RMS            GMAX         NAME    NUMBER
    900      -4.6587E+01     3.5643E-01     1.3589E+00     C           5

 BOND    =        0.7446  ANGLE   =        1.9723  DIHED      =       25.5467
 VDWAALS =       -7.2267  EEL     =     -154.0620  HBOND      =        0.0000
 1-4 VDW =        5.6809  1-4 EEL =       80.7575  RESTRAINT  =        0.0000


   NSTEP       ENERGY          RMS            GMAX         NAME    NUMBER
   1000      -4.6664E+01     1.8387E-01     6.5918E-01     N          39

 BOND    =        0.7198  ANGLE   =        1.9674  DIHED      =       25.4979
 VDWAALS =       -7.2015  EEL     =     -154.1333  HBOND      =        0.0000
 1-4 VDW =        5.6959  1-4 EEL =       80.7897  RESTRAINT  =        0.0000


  Maximum number of minimization cycles reached.


                    FINAL RESULTS



   NSTEP       ENERGY          RMS            GMAX         NAME    NUMBER
   1000      -4.6664E+01     1.8387E-01     6.5918E-01     N          39

 BOND    =        0.7198  ANGLE   =        1.9674  DIHED      =       25.4979
 VDWAALS =       -7.2015  EEL     =     -154.1333  HBOND      =        0.0000
 1-4 VDW =        5.6959  1-4 EEL =       80.7897  RESTRAINT  =        0.0000
--------------------------------------------------------------------------------
   5.  TIMINGS
--------------------------------------------------------------------------------

|  NonSetup CPU Time in Major Routines:
|
|     Routine           Sec        %
|     ------------------------------
|     Nonbond           2.27   97.70
|     Bond              0.00    0.13
|     Angle             0.01    0.39
|     Dihedral          0.04    1.54
|     Shake             0.00    0.00
|     Other             0.01    0.24
|     ------------------------------
|     Total             2.33

|  PME Nonbond Pairlist CPU Time:
|
|     Routine              Sec        %
|     ---------------------------------
|     Set Up Cit           0.00    0.01
|     Build List           0.00    0.05
|     ---------------------------------
|     Total                0.00    0.05

|  PME Direct Force CPU Time:
|
|     Routine              Sec        %
|     ---------------------------------
|     NonBonded Calc       0.05    2.32
|     Exclude Masked       0.02    0.68
|     Other                0.01    0.37
|     ---------------------------------
|     Total                0.08    3.37

|  PME Reciprocal Force CPU Time:
|
|     Routine              Sec        %
|     ---------------------------------
|     1D bspline           0.01    0.25
|     Grid Charges         0.09    3.96
|     Scalar Sum           0.85   36.58
|     Gradient Sum         0.02    1.07
|     FFT                  1.22   52.51
|     ---------------------------------
|     Total                2.20   94.36

|  Setup CPU time:            0.04 seconds
|  NonSetup CPU time:         2.33 seconds
|  Total CPU time:            2.37 seconds     0.00 hours

|  Setup wall time:           0    seconds
|  NonSetup wall time:        2    seconds
|  Total wall time:           2    seconds     0.00 hours
