
          -------------------------------------------------------
          Amber 20 PMEMD                              2020
          -------------------------------------------------------

| PMEMD implementation of SANDER, Release 18

|  Compiled date/time: Tue Apr 28 23:52:05 2020
| Run on 05/02/2020 at 19:25:12

|   Executable path: pmemd
| Working directory: /home/cerutti/OpenForceField/Dipeptides/NTerminal/SER
|          Hostname: Unknown
  [-O]verwriting output

File Assignments:
|   MDIN: ../../min.in                                                          
|  MDOUT: min.out                                                               
| INPCRD: SER.inpcrd                                                            
|   PARM: SER.prmtop                                                            
| RESTRT: mincrd                                                                
|   REFC: refc                                                                  
|  MDVEL: mdvel                                                                 
|   MDEN: mden                                                                  
|  MDCRD: mdcrd                                                                 
| MDINFO: mdinfo                                                                
|  MDFRC: mdfrc                                                                 


 Here is the input file:

Initial minimization                                                           
 &cntrl                                                                        
  ntx    = 1,       irest  = 0,       ntrx   = 1,      ntxo   = 1,             
  ntpr   = 100,     ntwx   = 0,       ntwv   = 0,      ntwe   = 0,             
                                                                               
  ntf    = 1,       ntb    = 1,                                                
  ntc    = 1,                                                                  
                                                                               
  cut    = 14.0,                                                               
                                                                               
  imin   = 1,                                                                  
  maxcyc = 1000,                                                               
  ncyc   = 100,                                                                
 &end                                                                          
 &ewald                                                                        
  nfft1 = 32, nfft2 = 32, nfft3 = 32,                                          
 &end                                                                          


Note: ig = -1. Setting random seed to   514532 based on wallclock time in 
      microseconds.
| irandom = 1, using AMBER's internal random number generator (default).
 
 
| Conditional Compilation Defines Used:
| FFTW_FFT
| BINTRAJ
| MKL
| EMIL

| Largest sphere to fit in unit cell has radius =    24.000

| New format PARM file being parsed.
| Version =    1.000 Date = 05/02/20 Time = 19:25:12

| Note: 1-4 EEL scale factors are being read from the topology file.

| Note: 1-4 VDW scale factors are being read from the topology file.
| Duplicated    0 dihedrals

| Duplicated    0 dihedrals

--------------------------------------------------------------------------------
   1.  RESOURCE   USE: 
--------------------------------------------------------------------------------

 getting new box info from bottom of inpcrd
 NATOM  =      19 NTYPES =       9 NBONH =      11 MBONA  =       7
 NTHETH =      23 MTHETA =       8 NPHIH =      34 MPHIA  =      18
 NHPARM =       0 NPARM  =       0 NNB   =      88 NRES   =       2
 NBONA  =       7 NTHETA =       8 NPHIA =      18 NUMBND =      13
 NUMANG =      21 NPTRA  =      22 NATYP =      12 NPHB   =       0
 IFBOX  =       1 NMXRS  =      13 IFCAP =       0 NEXTRA =       0
 NCOPY  =       0

| Coordinate Index Table dimensions:     6    6    6
| Direct force subcell size =     8.0000    8.0000    8.0000

     BOX TYPE: RECTILINEAR

--------------------------------------------------------------------------------
   2.  CONTROL  DATA  FOR  THE  RUN
--------------------------------------------------------------------------------

NSER                                                                            

General flags:
     imin    =       1, nmropt  =       0

Nature and format of input:
     ntx     =       1, irest   =       0, ntrx    =       1

Nature and format of output:
     ntxo    =       1, ntpr    =     100, ntrx    =       1, ntwr    =       1
     iwrap   =       0, ntwx    =       0, ntwv    =       0, ntwe    =       0
     ioutfm  =       1, ntwprt  =       0, idecomp =       0, rbornstat=      0

Potential function:
     ntf     =       1, ntb     =       1, igb     =       0, nsnb    =      25
     ipol    =       0, gbsa    =       0, iesp    =       0
     dielc   =   1.00000, cut     =  14.00000, intdiel =   1.00000

Frozen or restrained atoms:
     ibelly  =       0, ntr     =       0

Energy minimization:
     maxcyc  =    1000, ncyc    =     100, ntmin   =       1
     dx0     =   0.01000, drms    =   0.00010

| Intermolecular bonds treatment:
|     no_intermolecular_bonds =       1

| Energy averages sample interval:
|     ene_avg_sampling =       1

Ewald parameters:
     verbose =       0, ew_type =       0, nbflag  =       1, use_pme =       1
     vdwmeth =       1, eedmeth =       1, netfrc  =       0
     Box X =   48.000   Box Y =   48.000   Box Z =   48.000
     Alpha =   90.000   Beta  =   90.000   Gamma =   90.000
     NFFT1 =   32       NFFT2 =   32       NFFT3 =   32
     Cutoff=   14.000   Tol   =0.100E-04
     Ewald Coefficient =  0.19234
     Interpolation order =    4

--------------------------------------------------------------------------------
   3.  ATOMIC COORDINATES AND VELOCITIES
--------------------------------------------------------------------------------

NSER                                                                            
 begin time read from input coords =     0.000 ps

 
 Number of triangulated 3-point waters found:        0

     Sum of charges from parm topology file =   1.00000000
     Assuming uniform neutralizing plasma

| Dynamic Memory, Types Used:
| Reals              199957
| Integers             1972

| Nonbonded Pairs Initial Allocation:       14485

--------------------------------------------------------------------------------
   4.  RESULTS
--------------------------------------------------------------------------------

 ---------------------------------------------------
 APPROXIMATING switch and d/dx switch using CUBIC SPLINE INTERPOLATION
 using   5000.0 points per unit in tabled values
 TESTING RELATIVE ERROR over r ranging from 0.0 to cutoff
| CHECK switch(x): max rel err =   0.2738E-14   at   2.422500
| CHECK d/dx switch(x): max rel err =   0.7883E-11   at   2.684960
 ---------------------------------------------------
|---------------------------------------------------
| APPROXIMATING direct energy using CUBIC SPLINE INTERPOLATION
|  with   50.0 points per unit in tabled values
| Relative Error Limit not exceeded for r .gt.   2.24
| APPROXIMATING direct force using CUBIC SPLINE INTERPOLATION
|  with   50.0 points per unit in tabled values
| Relative Error Limit not exceeded for r .gt.   2.76
|---------------------------------------------------


   NSTEP       ENERGY          RMS            GMAX         NAME    NUMBER
      1      -1.3923E+01     1.0434E+01     3.6962E+01     OG         10

 BOND    =        0.3059  ANGLE   =        1.9987  DIHED      =        5.1016
 VDWAALS =        7.5574  EEL     =      -16.1704  HBOND      =        0.0000
 1-4 VDW =        3.6733  1-4 EEL =      -16.3892  RESTRAINT  =        0.0000


   NSTEP       ENERGY          RMS            GMAX         NAME    NUMBER
    100      -2.3685E+01     5.4007E-01     2.2441E+00     C          12

 BOND    =        0.1943  ANGLE   =        1.1971  DIHED      =        5.4754
 VDWAALS =        0.6201  EEL     =      -18.1479  HBOND      =        0.0000
 1-4 VDW =        3.0398  1-4 EEL =      -16.0635  RESTRAINT  =        0.0000


   NSTEP       ENERGY          RMS            GMAX         NAME    NUMBER
    200      -2.4011E+01     5.2813E-02     1.2538E-01     CH3        16

 BOND    =        0.1984  ANGLE   =        1.1795  DIHED      =        5.6903
 VDWAALS =        0.1909  EEL     =      -18.3691  HBOND      =        0.0000
 1-4 VDW =        3.0232  1-4 EEL =      -15.9246  RESTRAINT  =        0.0000


   NSTEP       ENERGY          RMS            GMAX         NAME    NUMBER
    300      -2.4290E+01     3.8039E-01     1.2351E+00     H3          4

 BOND    =        0.2005  ANGLE   =        1.1644  DIHED      =        5.1928
 VDWAALS =        0.0856  EEL     =      -17.6501  HBOND      =        0.0000
 1-4 VDW =        2.7562  1-4 EEL =      -16.0397  RESTRAINT  =        0.0000


   NSTEP       ENERGY          RMS            GMAX         NAME    NUMBER
    400      -2.6114E+01     3.1533E-01     1.2211E+00     C          12

 BOND    =        0.1823  ANGLE   =        1.0861  DIHED      =        2.9315
 VDWAALS =        0.0142  EEL     =      -16.9505  HBOND      =        0.0000
 1-4 VDW =        2.9004  1-4 EEL =      -16.2777  RESTRAINT  =        0.0000


   NSTEP       ENERGY          RMS            GMAX         NAME    NUMBER
    500      -2.6166E+01     1.3108E-01     3.4543E-01     CB          7

 BOND    =        0.1781  ANGLE   =        1.0564  DIHED      =        2.9341
 VDWAALS =       -0.0732  EEL     =      -16.8588  HBOND      =        0.0000
 1-4 VDW =        2.8949  1-4 EEL =      -16.2973  RESTRAINT  =        0.0000


   NSTEP       ENERGY          RMS            GMAX         NAME    NUMBER
    600      -2.6193E+01     1.4876E-01     3.7610E-01     N           1

 BOND    =        0.1794  ANGLE   =        1.0253  DIHED      =        2.9365
 VDWAALS =       -0.1206  EEL     =      -16.8186  HBOND      =        0.0000
 1-4 VDW =        2.8911  1-4 EEL =      -16.2864  RESTRAINT  =        0.0000


   NSTEP       ENERGY          RMS            GMAX         NAME    NUMBER
    700      -2.6217E+01     1.1968E-01     4.0122E-01     C          12

 BOND    =        0.1723  ANGLE   =        1.0064  DIHED      =        2.9342
 VDWAALS =       -0.1520  EEL     =      -16.8152  HBOND      =        0.0000
 1-4 VDW =        2.8935  1-4 EEL =      -16.2563  RESTRAINT  =        0.0000


   NSTEP       ENERGY          RMS            GMAX         NAME    NUMBER
    800      -2.6243E+01     2.9955E-01     8.7054E-01     HA          6

 BOND    =        0.1856  ANGLE   =        0.9874  DIHED      =        2.9296
 VDWAALS =       -0.1985  EEL     =      -16.8066  HBOND      =        0.0000
 1-4 VDW =        2.8868  1-4 EEL =      -16.2273  RESTRAINT  =        0.0000


   NSTEP       ENERGY          RMS            GMAX         NAME    NUMBER
    900      -2.6269E+01     9.5807E-02     2.7400E-01     N          14

 BOND    =        0.1701  ANGLE   =        0.9717  DIHED      =        2.9346
 VDWAALS =       -0.2262  EEL     =      -16.8303  HBOND      =        0.0000
 1-4 VDW =        2.8965  1-4 EEL =      -16.1851  RESTRAINT  =        0.0000


   NSTEP       ENERGY          RMS            GMAX         NAME    NUMBER
   1000      -2.6294E+01     1.4077E-01     4.2218E-01     N          14

 BOND    =        0.1664  ANGLE   =        0.9785  DIHED      =        2.9281
 VDWAALS =       -0.2482  EEL     =      -16.8849  HBOND      =        0.0000
 1-4 VDW =        2.9097  1-4 EEL =      -16.1440  RESTRAINT  =        0.0000


  Maximum number of minimization cycles reached.


                    FINAL RESULTS



   NSTEP       ENERGY          RMS            GMAX         NAME    NUMBER
   1000      -2.6294E+01     1.4077E-01     4.2218E-01     N          14

 BOND    =        0.1664  ANGLE   =        0.9785  DIHED      =        2.9281
 VDWAALS =       -0.2482  EEL     =      -16.8849  HBOND      =        0.0000
 1-4 VDW =        2.9097  1-4 EEL =      -16.1440  RESTRAINT  =        0.0000
--------------------------------------------------------------------------------
   5.  TIMINGS
--------------------------------------------------------------------------------

|  NonSetup CPU Time in Major Routines:
|
|     Routine           Sec        %
|     ------------------------------
|     Nonbond           2.12   98.92
|     Bond              0.00    0.09
|     Angle             0.00    0.20
|     Dihedral          0.01    0.57
|     Shake             0.00    0.00
|     Other             0.00    0.21
|     ------------------------------
|     Total             2.14

|  PME Nonbond Pairlist CPU Time:
|
|     Routine              Sec        %
|     ---------------------------------
|     Set Up Cit           0.00    0.01
|     Build List           0.00    0.02
|     ---------------------------------
|     Total                0.00    0.03

|  PME Direct Force CPU Time:
|
|     Routine              Sec        %
|     ---------------------------------
|     NonBonded Calc       0.01    0.50
|     Exclude Masked       0.01    0.34
|     Other                0.01    0.38
|     ---------------------------------
|     Total                0.03    1.21

|  PME Reciprocal Force CPU Time:
|
|     Routine              Sec        %
|     ---------------------------------
|     1D bspline           0.00    0.15
|     Grid Charges         0.08    3.92
|     Scalar Sum           0.85   39.52
|     Gradient Sum         0.01    0.54
|     FFT                  1.15   53.64
|     ---------------------------------
|     Total                2.10   97.77

|  Setup CPU time:            0.04 seconds
|  NonSetup CPU time:         2.14 seconds
|  Total CPU time:            2.18 seconds     0.00 hours

|  Setup wall time:           0    seconds
|  NonSetup wall time:        2    seconds
|  Total wall time:           2    seconds     0.00 hours
