
          -------------------------------------------------------
          Amber 20 PMEMD                              2020
          -------------------------------------------------------

| PMEMD implementation of SANDER, Release 18

|  Compiled date/time: Tue Apr 28 23:52:05 2020
| Run on 05/02/2020 at 16:02:36

|   Executable path: pmemd
| Working directory: /home/cerutti/OpenForceField/Dipeptides/CTerminal/TRP
|          Hostname: Unknown
  [-O]verwriting output

File Assignments:
|   MDIN: ../../min.in                                                          
|  MDOUT: min.out                                                               
| INPCRD: TRP.inpcrd                                                            
|   PARM: TRP.prmtop                                                            
| RESTRT: mincrd                                                                
|   REFC: refc                                                                  
|  MDVEL: mdvel                                                                 
|   MDEN: mden                                                                  
|  MDCRD: mdcrd                                                                 
| MDINFO: mdinfo                                                                
|  MDFRC: mdfrc                                                                 


 Here is the input file:

Initial minimization                                                           
 &cntrl                                                                        
  ntx    = 1,       irest  = 0,       ntrx   = 1,      ntxo   = 1,             
  ntpr   = 100,     ntwx   = 0,       ntwv   = 0,      ntwe   = 0,             
                                                                               
  ntf    = 1,       ntb    = 1,                                                
  ntc    = 1,                                                                  
                                                                               
  cut    = 14.0,                                                               
                                                                               
  imin   = 1,                                                                  
  maxcyc = 1000,                                                               
  ncyc   = 100,                                                                
 &end                                                                          
 &ewald                                                                        
  nfft1 = 32, nfft2 = 32, nfft3 = 32,                                          
 &end                                                                          


Note: ig = -1. Setting random seed to   931121 based on wallclock time in 
      microseconds.
| irandom = 1, using AMBER's internal random number generator (default).
 
 
| Conditional Compilation Defines Used:
| FFTW_FFT
| BINTRAJ
| MKL
| EMIL

| Largest sphere to fit in unit cell has radius =    24.000

| New format PARM file being parsed.
| Version =    1.000 Date = 05/02/20 Time = 16:02:36

| Note: 1-4 EEL scale factors are being read from the topology file.

| Note: 1-4 VDW scale factors are being read from the topology file.
| Duplicated    0 dihedrals

| Duplicated    0 dihedrals

--------------------------------------------------------------------------------
   1.  RESOURCE   USE: 
--------------------------------------------------------------------------------

 getting new box info from bottom of inpcrd
 NATOM  =      31 NTYPES =       9 NBONH =      13 MBONA  =      19
 NTHETH =      28 MTHETA =      26 NPHIH =      59 MPHIA  =      55
 NHPARM =       0 NPARM  =       0 NNB   =     157 NRES   =       2
 NBONA  =      19 NTHETA =      26 NPHIA =      55 NUMBND =      22
 NUMANG =      40 NPTRA  =      35 NATYP =      17 NPHB   =       0
 IFBOX  =       1 NMXRS  =      25 IFCAP =       0 NEXTRA =       0
 NCOPY  =       0

| Coordinate Index Table dimensions:     6    6    6
| Direct force subcell size =     8.0000    8.0000    8.0000

     BOX TYPE: RECTILINEAR

--------------------------------------------------------------------------------
   2.  CONTROL  DATA  FOR  THE  RUN
--------------------------------------------------------------------------------

ACE                                                                             

General flags:
     imin    =       1, nmropt  =       0

Nature and format of input:
     ntx     =       1, irest   =       0, ntrx    =       1

Nature and format of output:
     ntxo    =       1, ntpr    =     100, ntrx    =       1, ntwr    =       1
     iwrap   =       0, ntwx    =       0, ntwv    =       0, ntwe    =       0
     ioutfm  =       1, ntwprt  =       0, idecomp =       0, rbornstat=      0

Potential function:
     ntf     =       1, ntb     =       1, igb     =       0, nsnb    =      25
     ipol    =       0, gbsa    =       0, iesp    =       0
     dielc   =   1.00000, cut     =  14.00000, intdiel =   1.00000

Frozen or restrained atoms:
     ibelly  =       0, ntr     =       0

Energy minimization:
     maxcyc  =    1000, ncyc    =     100, ntmin   =       1
     dx0     =   0.01000, drms    =   0.00010

| Intermolecular bonds treatment:
|     no_intermolecular_bonds =       1

| Energy averages sample interval:
|     ene_avg_sampling =       1

Ewald parameters:
     verbose =       0, ew_type =       0, nbflag  =       1, use_pme =       1
     vdwmeth =       1, eedmeth =       1, netfrc  =       0
     Box X =   48.000   Box Y =   48.000   Box Z =   48.000
     Alpha =   90.000   Beta  =   90.000   Gamma =   90.000
     NFFT1 =   32       NFFT2 =   32       NFFT3 =   32
     Cutoff=   14.000   Tol   =0.100E-04
     Ewald Coefficient =  0.19234
     Interpolation order =    4

--------------------------------------------------------------------------------
   3.  ATOMIC COORDINATES AND VELOCITIES
--------------------------------------------------------------------------------

ACE                                                                             
 begin time read from input coords =     0.000 ps

 
 Number of triangulated 3-point waters found:        0

     Sum of charges from parm topology file =  -1.00000000
     Assuming uniform neutralizing plasma

| Dynamic Memory, Types Used:
| Reals              200417
| Integers             3665

| Nonbonded Pairs Initial Allocation:       23633

--------------------------------------------------------------------------------
   4.  RESULTS
--------------------------------------------------------------------------------

 ---------------------------------------------------
 APPROXIMATING switch and d/dx switch using CUBIC SPLINE INTERPOLATION
 using   5000.0 points per unit in tabled values
 TESTING RELATIVE ERROR over r ranging from 0.0 to cutoff
| CHECK switch(x): max rel err =   0.2738E-14   at   2.422500
| CHECK d/dx switch(x): max rel err =   0.7883E-11   at   2.684960
 ---------------------------------------------------
|---------------------------------------------------
| APPROXIMATING direct energy using CUBIC SPLINE INTERPOLATION
|  with   50.0 points per unit in tabled values
| Relative Error Limit not exceeded for r .gt.   2.24
| APPROXIMATING direct force using CUBIC SPLINE INTERPOLATION
|  with   50.0 points per unit in tabled values
| Relative Error Limit not exceeded for r .gt.   2.76
|---------------------------------------------------


   NSTEP       ENERGY          RMS            GMAX         NAME    NUMBER
      1       1.2592E+03     1.0775E+03     5.5319E+03     OXT        31

 BOND    =       10.1877  ANGLE   =        8.4785  DIHED      =       10.6217
 VDWAALS =     1243.7489  EEL     =     -111.0043  HBOND      =        0.0000
 1-4 VDW =        8.6269  1-4 EEL =       88.4985  RESTRAINT  =        0.0000


   NSTEP       ENERGY          RMS            GMAX         NAME    NUMBER
    100      -7.5049E+00     2.9076E+00     1.1783E+01     CZ3        24

 BOND    =        0.9058  ANGLE   =        4.3331  DIHED      =       11.8913
 VDWAALS =       -1.4754  EEL     =     -120.4763  HBOND      =        0.0000
 1-4 VDW =        6.4529  1-4 EEL =       90.8635  RESTRAINT  =        0.0000


   NSTEP       ENERGY          RMS            GMAX         NAME    NUMBER
    200      -1.0463E+01     5.0634E-01     1.5803E+00     HE3        27

 BOND    =        0.9166  ANGLE   =        4.7409  DIHED      =       10.7464
 VDWAALS =       -3.1159  EEL     =     -119.8880  HBOND      =        0.0000
 1-4 VDW =        5.9694  1-4 EEL =       90.1675  RESTRAINT  =        0.0000


   NSTEP       ENERGY          RMS            GMAX         NAME    NUMBER
    300      -1.1319E+01     8.5049E-01     2.3353E+00     HE3        27

 BOND    =        0.9634  ANGLE   =        4.6908  DIHED      =       10.7424
 VDWAALS =       -3.0817  EEL     =     -121.1144  HBOND      =        0.0000
 1-4 VDW =        6.2837  1-4 EEL =       90.1969  RESTRAINT  =        0.0000


   NSTEP       ENERGY          RMS            GMAX         NAME    NUMBER
    400      -1.3583E+01     1.1995E+00     3.8265E+00     HE3        27

 BOND    =        0.8429  ANGLE   =        4.2858  DIHED      =       10.3971
 VDWAALS =       -3.2604  EEL     =     -121.3618  HBOND      =        0.0000
 1-4 VDW =        5.9588  1-4 EEL =       89.5550  RESTRAINT  =        0.0000


   NSTEP       ENERGY          RMS            GMAX         NAME    NUMBER
    500      -1.5401E+01     5.3926E-01     1.6992E+00     CB         11

 BOND    =        0.5627  ANGLE   =        3.4045  DIHED      =        9.6724
 VDWAALS =       -3.6246  EEL     =     -119.7942  HBOND      =        0.0000
 1-4 VDW =        5.3837  1-4 EEL =       88.9945  RESTRAINT  =        0.0000


   NSTEP       ENERGY          RMS            GMAX         NAME    NUMBER
    600      -1.6309E+01     6.9442E-01     1.7905E+00     C          29

 BOND    =        0.5568  ANGLE   =        3.1244  DIHED      =        8.9728
 VDWAALS =       -3.9373  EEL     =     -118.8312  HBOND      =        0.0000
 1-4 VDW =        5.3157  1-4 EEL =       88.4897  RESTRAINT  =        0.0000


   NSTEP       ENERGY          RMS            GMAX         NAME    NUMBER
    700      -1.7127E+01     3.1366E-01     8.6829E-01     HE3        27

 BOND    =        0.4981  ANGLE   =        2.9509  DIHED      =        8.4650
 VDWAALS =       -4.1230  EEL     =     -118.8347  HBOND      =        0.0000
 1-4 VDW =        5.3883  1-4 EEL =       88.5286  RESTRAINT  =        0.0000


   NSTEP       ENERGY          RMS            GMAX         NAME    NUMBER
    800      -2.0000E+01     3.5045E-01     1.0337E+00     CA          9

 BOND    =        0.4321  ANGLE   =        2.5927  DIHED      =        7.7761
 VDWAALS =       -4.3769  EEL     =     -120.3881  HBOND      =        0.0000
 1-4 VDW =        5.3484  1-4 EEL =       88.6159  RESTRAINT  =        0.0000


   NSTEP       ENERGY          RMS            GMAX         NAME    NUMBER
    900      -2.0811E+01     2.7821E-01     7.0245E-01     HE3        27

 BOND    =        0.4180  ANGLE   =        2.5610  DIHED      =        7.9058
 VDWAALS =       -4.3048  EEL     =     -121.2605  HBOND      =        0.0000
 1-4 VDW =        5.2602  1-4 EEL =       88.6094  RESTRAINT  =        0.0000


   NSTEP       ENERGY          RMS            GMAX         NAME    NUMBER
   1000      -2.1321E+01     2.0094E-01     5.4760E-01     CZ3        24

 BOND    =        0.4275  ANGLE   =        2.5093  DIHED      =        8.0698
 VDWAALS =       -4.2017  EEL     =     -121.9330  HBOND      =        0.0000
 1-4 VDW =        5.1869  1-4 EEL =       88.6206  RESTRAINT  =        0.0000


  Maximum number of minimization cycles reached.


                    FINAL RESULTS



   NSTEP       ENERGY          RMS            GMAX         NAME    NUMBER
   1000      -2.1321E+01     2.0094E-01     5.4760E-01     CZ3        24

 BOND    =        0.4275  ANGLE   =        2.5093  DIHED      =        8.0698
 VDWAALS =       -4.2017  EEL     =     -121.9330  HBOND      =        0.0000
 1-4 VDW =        5.1869  1-4 EEL =       88.6206  RESTRAINT  =        0.0000
--------------------------------------------------------------------------------
   5.  TIMINGS
--------------------------------------------------------------------------------

|  NonSetup CPU Time in Major Routines:
|
|     Routine           Sec        %
|     ------------------------------
|     Nonbond           2.15   98.18
|     Bond              0.00    0.12
|     Angle             0.01    0.32
|     Dihedral          0.03    1.15
|     Shake             0.00    0.00
|     Other             0.00    0.23
|     ------------------------------
|     Total             2.19

|  PME Nonbond Pairlist CPU Time:
|
|     Routine              Sec        %
|     ---------------------------------
|     Set Up Cit           0.00    0.00
|     Build List           0.00    0.01
|     ---------------------------------
|     Total                0.00    0.01

|  PME Direct Force CPU Time:
|
|     Routine              Sec        %
|     ---------------------------------
|     NonBonded Calc       0.03    1.24
|     Exclude Masked       0.01    0.57
|     Other                0.01    0.38
|     ---------------------------------
|     Total                0.05    2.19

|  PME Reciprocal Force CPU Time:
|
|     Routine              Sec        %
|     ---------------------------------
|     1D bspline           0.00    0.20
|     Grid Charges         0.09    4.01
|     Scalar Sum           0.85   38.78
|     Gradient Sum         0.02    0.82
|     FFT                  1.14   52.27
|     ---------------------------------
|     Total                2.10   96.07

|  Setup CPU time:            0.04 seconds
|  NonSetup CPU time:         2.19 seconds
|  Total CPU time:            2.23 seconds     0.00 hours

|  Setup wall time:           0    seconds
|  NonSetup wall time:        2    seconds
|  Total wall time:           2    seconds     0.00 hours
