
          -------------------------------------------------------
          Amber 20 PMEMD                              2020
          -------------------------------------------------------

| PMEMD implementation of SANDER, Release 18

|  Compiled date/time: Tue Apr 28 23:52:05 2020
| Run on 05/02/2020 at 16:02:16

|   Executable path: pmemd
| Working directory: /home/cerutti/OpenForceField/Dipeptides/CTerminal/HIP
|          Hostname: Unknown
  [-O]verwriting output

File Assignments:
|   MDIN: ../../min.in                                                          
|  MDOUT: min.out                                                               
| INPCRD: HIP.inpcrd                                                            
|   PARM: HIP.prmtop                                                            
| RESTRT: mincrd                                                                
|   REFC: refc                                                                  
|  MDVEL: mdvel                                                                 
|   MDEN: mden                                                                  
|  MDCRD: mdcrd                                                                 
| MDINFO: mdinfo                                                                
|  MDFRC: mdfrc                                                                 


 Here is the input file:

Initial minimization                                                           
 &cntrl                                                                        
  ntx    = 1,       irest  = 0,       ntrx   = 1,      ntxo   = 1,             
  ntpr   = 100,     ntwx   = 0,       ntwv   = 0,      ntwe   = 0,             
                                                                               
  ntf    = 1,       ntb    = 1,                                                
  ntc    = 1,                                                                  
                                                                               
  cut    = 14.0,                                                               
                                                                               
  imin   = 1,                                                                  
  maxcyc = 1000,                                                               
  ncyc   = 100,                                                                
 &end                                                                          
 &ewald                                                                        
  nfft1 = 32, nfft2 = 32, nfft3 = 32,                                          
 &end                                                                          


Note: ig = -1. Setting random seed to    57138 based on wallclock time in 
      microseconds.
| irandom = 1, using AMBER's internal random number generator (default).
 
 
| Conditional Compilation Defines Used:
| FFTW_FFT
| BINTRAJ
| MKL
| EMIL

| Largest sphere to fit in unit cell has radius =    24.000

| New format PARM file being parsed.
| Version =    1.000 Date = 05/02/20 Time = 16:02:16

| Note: 1-4 EEL scale factors are being read from the topology file.

| Note: 1-4 VDW scale factors are being read from the topology file.
| Duplicated    0 dihedrals

| Duplicated    0 dihedrals

--------------------------------------------------------------------------------
   1.  RESOURCE   USE: 
--------------------------------------------------------------------------------

 getting new box info from bottom of inpcrd
 NATOM  =      25 NTYPES =       9 NBONH =      11 MBONA  =      14
 NTHETH =      24 MTHETA =      18 NPHIH =      50 MPHIA  =      37
 NHPARM =       0 NPARM  =       0 NNB   =     121 NRES   =       2
 NBONA  =      14 NTHETA =      18 NPHIA =      37 NUMBND =      18
 NUMANG =      32 NPTRA  =      30 NATYP =      15 NPHB   =       0
 IFBOX  =       1 NMXRS  =      19 IFCAP =       0 NEXTRA =       0
 NCOPY  =       0

| Coordinate Index Table dimensions:     6    6    6
| Direct force subcell size =     8.0000    8.0000    8.0000

     BOX TYPE: RECTILINEAR

--------------------------------------------------------------------------------
   2.  CONTROL  DATA  FOR  THE  RUN
--------------------------------------------------------------------------------

ACE                                                                             

General flags:
     imin    =       1, nmropt  =       0

Nature and format of input:
     ntx     =       1, irest   =       0, ntrx    =       1

Nature and format of output:
     ntxo    =       1, ntpr    =     100, ntrx    =       1, ntwr    =       1
     iwrap   =       0, ntwx    =       0, ntwv    =       0, ntwe    =       0
     ioutfm  =       1, ntwprt  =       0, idecomp =       0, rbornstat=      0

Potential function:
     ntf     =       1, ntb     =       1, igb     =       0, nsnb    =      25
     ipol    =       0, gbsa    =       0, iesp    =       0
     dielc   =   1.00000, cut     =  14.00000, intdiel =   1.00000

Frozen or restrained atoms:
     ibelly  =       0, ntr     =       0

Energy minimization:
     maxcyc  =    1000, ncyc    =     100, ntmin   =       1
     dx0     =   0.01000, drms    =   0.00010

| Intermolecular bonds treatment:
|     no_intermolecular_bonds =       1

| Energy averages sample interval:
|     ene_avg_sampling =       1

Ewald parameters:
     verbose =       0, ew_type =       0, nbflag  =       1, use_pme =       1
     vdwmeth =       1, eedmeth =       1, netfrc  =       0
     Box X =   48.000   Box Y =   48.000   Box Z =   48.000
     Alpha =   90.000   Beta  =   90.000   Gamma =   90.000
     NFFT1 =   32       NFFT2 =   32       NFFT3 =   32
     Cutoff=   14.000   Tol   =0.100E-04
     Ewald Coefficient =  0.19234
     Interpolation order =    4

--------------------------------------------------------------------------------
   3.  ATOMIC COORDINATES AND VELOCITIES
--------------------------------------------------------------------------------

ACE                                                                             
 begin time read from input coords =     0.000 ps

 
 Number of triangulated 3-point waters found:        0

     Sum of charges from parm topology file =   0.00000000
     Forcing neutrality...

| Dynamic Memory, Types Used:
| Reals              200205
| Integers             2844

| Nonbonded Pairs Initial Allocation:       19059

--------------------------------------------------------------------------------
   4.  RESULTS
--------------------------------------------------------------------------------

 ---------------------------------------------------
 APPROXIMATING switch and d/dx switch using CUBIC SPLINE INTERPOLATION
 using   5000.0 points per unit in tabled values
 TESTING RELATIVE ERROR over r ranging from 0.0 to cutoff
| CHECK switch(x): max rel err =   0.2738E-14   at   2.422500
| CHECK d/dx switch(x): max rel err =   0.7883E-11   at   2.684960
 ---------------------------------------------------
|---------------------------------------------------
| APPROXIMATING direct energy using CUBIC SPLINE INTERPOLATION
|  with   50.0 points per unit in tabled values
| Relative Error Limit not exceeded for r .gt.   2.24
| APPROXIMATING direct force using CUBIC SPLINE INTERPOLATION
|  with   50.0 points per unit in tabled values
| Relative Error Limit not exceeded for r .gt.   2.76
|---------------------------------------------------


   NSTEP       ENERGY          RMS            GMAX         NAME    NUMBER
      1       1.9061E+01     2.7436E+01     1.4145E+02     OXT        25

 BOND    =        1.7189  ANGLE   =       27.3286  DIHED      =        8.3690
 VDWAALS =       37.2950  EEL     =     -144.8627  HBOND      =        0.0000
 1-4 VDW =        3.8831  1-4 EEL =       85.3294  RESTRAINT  =        0.0000


   NSTEP       ENERGY          RMS            GMAX         NAME    NUMBER
    100      -2.0768E+01     1.3898E+00     4.9201E+00     CE1        17

 BOND    =        0.6498  ANGLE   =       24.0642  DIHED      =        8.6034
 VDWAALS =        0.7591  EEL     =     -143.0441  HBOND      =        0.0000
 1-4 VDW =        3.5439  1-4 EEL =       84.6557  RESTRAINT  =        0.0000


   NSTEP       ENERGY          RMS            GMAX         NAME    NUMBER
    200      -2.3269E+01     3.7108E-01     7.9084E-01     N           7

 BOND    =        0.3689  ANGLE   =       22.3506  DIHED      =        8.0749
 VDWAALS =       -0.4839  EEL     =     -140.2828  HBOND      =        0.0000
 1-4 VDW =        2.7717  1-4 EEL =       83.9317  RESTRAINT  =        0.0000


   NSTEP       ENERGY          RMS            GMAX         NAME    NUMBER
    300      -2.3567E+01     3.4425E-01     9.8866E-01     CG         14

 BOND    =        0.3638  ANGLE   =       22.2360  DIHED      =        8.2420
 VDWAALS =       -0.6846  EEL     =     -140.1763  HBOND      =        0.0000
 1-4 VDW =        2.6996  1-4 EEL =       83.7520  RESTRAINT  =        0.0000


   NSTEP       ENERGY          RMS            GMAX         NAME    NUMBER
    400      -2.3736E+01     1.9953E-01     5.3173E-01     N           7

 BOND    =        0.3521  ANGLE   =       22.1349  DIHED      =        8.4665
 VDWAALS =       -0.8123  EEL     =     -140.2487  HBOND      =        0.0000
 1-4 VDW =        2.6992  1-4 EEL =       83.6728  RESTRAINT  =        0.0000


   NSTEP       ENERGY          RMS            GMAX         NAME    NUMBER
    500      -2.3852E+01     3.3578E-01     1.0657E+00     CA          9

 BOND    =        0.3557  ANGLE   =       22.0414  DIHED      =        8.7414
 VDWAALS =       -0.9227  EEL     =     -140.3639  HBOND      =        0.0000
 1-4 VDW =        2.7124  1-4 EEL =       83.5840  RESTRAINT  =        0.0000


   NSTEP       ENERGY          RMS            GMAX         NAME    NUMBER
    600      -2.3944E+01     1.5638E-01     4.1018E-01     C           5

 BOND    =        0.3473  ANGLE   =       21.9423  DIHED      =        9.0650
 VDWAALS =       -1.0336  EEL     =     -140.4955  HBOND      =        0.0000
 1-4 VDW =        2.7303  1-4 EEL =       83.5003  RESTRAINT  =        0.0000


   NSTEP       ENERGY          RMS            GMAX         NAME    NUMBER
    700      -2.4023E+01     1.2541E-01     3.2446E-01     CA          9

 BOND    =        0.3490  ANGLE   =       21.8399  DIHED      =        9.4280
 VDWAALS =       -1.1425  EEL     =     -140.6674  HBOND      =        0.0000
 1-4 VDW =        2.7618  1-4 EEL =       83.4085  RESTRAINT  =        0.0000


   NSTEP       ENERGY          RMS            GMAX         NAME    NUMBER
    800      -2.4129E+01     1.7457E-01     7.4961E-01     CA          9

 BOND    =        0.3439  ANGLE   =       21.6749  DIHED      =        9.9899
 VDWAALS =       -1.3014  EEL     =     -140.9364  HBOND      =        0.0000
 1-4 VDW =        2.8141  1-4 EEL =       83.2861  RESTRAINT  =        0.0000


   NSTEP       ENERGY          RMS            GMAX         NAME    NUMBER
    900      -2.4397E+01     2.9608E-01     8.6062E-01     NE2        19

 BOND    =        0.3538  ANGLE   =       21.3133  DIHED      =       11.1607
 VDWAALS =       -1.6195  EEL     =     -141.5825  HBOND      =        0.0000
 1-4 VDW =        2.9102  1-4 EEL =       83.0670  RESTRAINT  =        0.0000


   NSTEP       ENERGY          RMS            GMAX         NAME    NUMBER
   1000      -2.6637E+01     1.1375E+00     2.8736E+00     C           5

 BOND    =        0.3501  ANGLE   =       20.4665  DIHED      =       14.3517
 VDWAALS =       -2.5335  EEL     =     -144.6953  HBOND      =        0.0000
 1-4 VDW =        3.1887  1-4 EEL =       82.2349  RESTRAINT  =        0.0000


  Maximum number of minimization cycles reached.


                    FINAL RESULTS



   NSTEP       ENERGY          RMS            GMAX         NAME    NUMBER
   1000      -2.6637E+01     1.1375E+00     2.8736E+00     C           5

 BOND    =        0.3501  ANGLE   =       20.4665  DIHED      =       14.3517
 VDWAALS =       -2.5335  EEL     =     -144.6953  HBOND      =        0.0000
 1-4 VDW =        3.1887  1-4 EEL =       82.2349  RESTRAINT  =        0.0000
--------------------------------------------------------------------------------
   5.  TIMINGS
--------------------------------------------------------------------------------

|  NonSetup CPU Time in Major Routines:
|
|     Routine           Sec        %
|     ------------------------------
|     Nonbond           2.13   98.50
|     Bond              0.00    0.10
|     Angle             0.01    0.26
|     Dihedral          0.02    0.91
|     Shake             0.00    0.00
|     Other             0.00    0.22
|     ------------------------------
|     Total             2.17

|  PME Nonbond Pairlist CPU Time:
|
|     Routine              Sec        %
|     ---------------------------------
|     Set Up Cit           0.00    0.00
|     Build List           0.00    0.01
|     ---------------------------------
|     Total                0.00    0.01

|  PME Direct Force CPU Time:
|
|     Routine              Sec        %
|     ---------------------------------
|     NonBonded Calc       0.02    0.84
|     Exclude Masked       0.01    0.45
|     Other                0.01    0.38
|     ---------------------------------
|     Total                0.04    1.66

|  PME Reciprocal Force CPU Time:
|
|     Routine              Sec        %
|     ---------------------------------
|     1D bspline           0.00    0.17
|     Grid Charges         0.09    3.97
|     Scalar Sum           0.85   39.12
|     Gradient Sum         0.01    0.68
|     FFT                  1.15   52.98
|     ---------------------------------
|     Total                2.10   96.93

|  Setup CPU time:            0.04 seconds
|  NonSetup CPU time:         2.17 seconds
|  Total CPU time:            2.21 seconds     0.00 hours

|  Setup wall time:           0    seconds
|  NonSetup wall time:        2    seconds
|  Total wall time:           2    seconds     0.00 hours
