
          -------------------------------------------------------
          Amber 20 PMEMD                              2020
          -------------------------------------------------------

| PMEMD implementation of SANDER, Release 18

|  Compiled date/time: Tue Apr 28 23:52:05 2020
| Run on 05/02/2020 at 16:02:09

|   Executable path: pmemd
| Working directory: /home/cerutti/OpenForceField/Dipeptides/CTerminal/GLY
|          Hostname: Unknown
  [-O]verwriting output

File Assignments:
|   MDIN: ../../min.in                                                          
|  MDOUT: min.out                                                               
| INPCRD: GLY.inpcrd                                                            
|   PARM: GLY.prmtop                                                            
| RESTRT: mincrd                                                                
|   REFC: refc                                                                  
|  MDVEL: mdvel                                                                 
|   MDEN: mden                                                                  
|  MDCRD: mdcrd                                                                 
| MDINFO: mdinfo                                                                
|  MDFRC: mdfrc                                                                 


 Here is the input file:

Initial minimization                                                           
 &cntrl                                                                        
  ntx    = 1,       irest  = 0,       ntrx   = 1,      ntxo   = 1,             
  ntpr   = 100,     ntwx   = 0,       ntwv   = 0,      ntwe   = 0,             
                                                                               
  ntf    = 1,       ntb    = 1,                                                
  ntc    = 1,                                                                  
                                                                               
  cut    = 14.0,                                                               
                                                                               
  imin   = 1,                                                                  
  maxcyc = 1000,                                                               
  ncyc   = 100,                                                                
 &end                                                                          
 &ewald                                                                        
  nfft1 = 32, nfft2 = 32, nfft3 = 32,                                          
 &end                                                                          


Note: ig = -1. Setting random seed to    77450 based on wallclock time in 
      microseconds.
| irandom = 1, using AMBER's internal random number generator (default).
 
 
| Conditional Compilation Defines Used:
| FFTW_FFT
| BINTRAJ
| MKL
| EMIL

| Largest sphere to fit in unit cell has radius =    24.000

| New format PARM file being parsed.
| Version =    1.000 Date = 05/02/20 Time = 16:02:09

| Note: 1-4 EEL scale factors are being read from the topology file.

| Note: 1-4 VDW scale factors are being read from the topology file.
| Duplicated    0 dihedrals

| Duplicated    0 dihedrals

--------------------------------------------------------------------------------
   1.  RESOURCE   USE: 
--------------------------------------------------------------------------------

 getting new box info from bottom of inpcrd
 NATOM  =      14 NTYPES =       7 NBONH =       6 MBONA  =       7
 NTHETH =      13 MTHETA =       8 NPHIH =      25 MPHIA  =      10
 NHPARM =       0 NPARM  =       0 NNB   =      57 NRES   =       2
 NBONA  =       7 NTHETA =       8 NPHIA =      10 NUMBND =       9
 NUMANG =      14 NPTRA  =      11 NATYP =       9 NPHB   =       0
 IFBOX  =       1 NMXRS  =       8 IFCAP =       0 NEXTRA =       0
 NCOPY  =       0

| Coordinate Index Table dimensions:     6    6    6
| Direct force subcell size =     8.0000    8.0000    8.0000

     BOX TYPE: RECTILINEAR

--------------------------------------------------------------------------------
   2.  CONTROL  DATA  FOR  THE  RUN
--------------------------------------------------------------------------------

ACE                                                                             

General flags:
     imin    =       1, nmropt  =       0

Nature and format of input:
     ntx     =       1, irest   =       0, ntrx    =       1

Nature and format of output:
     ntxo    =       1, ntpr    =     100, ntrx    =       1, ntwr    =       1
     iwrap   =       0, ntwx    =       0, ntwv    =       0, ntwe    =       0
     ioutfm  =       1, ntwprt  =       0, idecomp =       0, rbornstat=      0

Potential function:
     ntf     =       1, ntb     =       1, igb     =       0, nsnb    =      25
     ipol    =       0, gbsa    =       0, iesp    =       0
     dielc   =   1.00000, cut     =  14.00000, intdiel =   1.00000

Frozen or restrained atoms:
     ibelly  =       0, ntr     =       0

Energy minimization:
     maxcyc  =    1000, ncyc    =     100, ntmin   =       1
     dx0     =   0.01000, drms    =   0.00010

| Intermolecular bonds treatment:
|     no_intermolecular_bonds =       1

| Energy averages sample interval:
|     ene_avg_sampling =       1

Ewald parameters:
     verbose =       0, ew_type =       0, nbflag  =       1, use_pme =       1
     vdwmeth =       1, eedmeth =       1, netfrc  =       0
     Box X =   48.000   Box Y =   48.000   Box Z =   48.000
     Alpha =   90.000   Beta  =   90.000   Gamma =   90.000
     NFFT1 =   32       NFFT2 =   32       NFFT3 =   32
     Cutoff=   14.000   Tol   =0.100E-04
     Ewald Coefficient =  0.19234
     Interpolation order =    4

--------------------------------------------------------------------------------
   3.  ATOMIC COORDINATES AND VELOCITIES
--------------------------------------------------------------------------------

ACE                                                                             
 begin time read from input coords =     0.000 ps

 
 Number of triangulated 3-point waters found:        0

     Sum of charges from parm topology file =  -1.00000001
     Assuming uniform neutralizing plasma

| Dynamic Memory, Types Used:
| Reals              199670
| Integers             1299

| Nonbonded Pairs Initial Allocation:       10673

--------------------------------------------------------------------------------
   4.  RESULTS
--------------------------------------------------------------------------------

 ---------------------------------------------------
 APPROXIMATING switch and d/dx switch using CUBIC SPLINE INTERPOLATION
 using   5000.0 points per unit in tabled values
 TESTING RELATIVE ERROR over r ranging from 0.0 to cutoff
| CHECK switch(x): max rel err =   0.2738E-14   at   2.422500
| CHECK d/dx switch(x): max rel err =   0.7883E-11   at   2.684960
 ---------------------------------------------------
|---------------------------------------------------
| APPROXIMATING direct energy using CUBIC SPLINE INTERPOLATION
|  with   50.0 points per unit in tabled values
| Relative Error Limit not exceeded for r .gt.   2.24
| APPROXIMATING direct force using CUBIC SPLINE INTERPOLATION
|  with   50.0 points per unit in tabled values
| Relative Error Limit not exceeded for r .gt.   2.76
|---------------------------------------------------


   NSTEP       ENERGY          RMS            GMAX         NAME    NUMBER
      1      -4.5593E+01     9.9752E+00     3.8190E+01     O          13

 BOND    =        0.5989  ANGLE   =        1.7883  DIHED      =        2.9277
 VDWAALS =       -0.6748  EEL     =     -113.0862  HBOND      =        0.0000
 1-4 VDW =        2.3805  1-4 EEL =       60.4727  RESTRAINT  =        0.0000


   NSTEP       ENERGY          RMS            GMAX         NAME    NUMBER
    100      -4.9654E+01     1.6956E-01     3.8319E-01     N           7

 BOND    =        0.1791  ANGLE   =        0.9408  DIHED      =        2.9409
 VDWAALS =       -0.7143  EEL     =     -113.2128  HBOND      =        0.0000
 1-4 VDW =        2.1481  1-4 EEL =       58.0644  RESTRAINT  =        0.0000


   NSTEP       ENERGY          RMS            GMAX         NAME    NUMBER
    200      -4.9696E+01     1.0580E-03     2.7524E-03     H           8

 BOND    =        0.1788  ANGLE   =        1.1157  DIHED      =        2.9373
 VDWAALS =       -0.7198  EEL     =     -113.7926  HBOND      =        0.0000
 1-4 VDW =        2.2426  1-4 EEL =       58.3423  RESTRAINT  =        0.0000


   NSTEP       ENERGY          RMS            GMAX         NAME    NUMBER
    300      -4.9696E+01     5.2897E-04     1.5630E-03     CH3         2

 BOND    =        0.1787  ANGLE   =        1.1156  DIHED      =        2.9373
 VDWAALS =       -0.7198  EEL     =     -113.7925  HBOND      =        0.0000
 1-4 VDW =        2.2426  1-4 EEL =       58.3423  RESTRAINT  =        0.0000


   NSTEP       ENERGY          RMS            GMAX         NAME    NUMBER
    400      -4.9696E+01     1.0249E-03     2.7409E-03     O           6

 BOND    =        0.1787  ANGLE   =        1.1156  DIHED      =        2.9373
 VDWAALS =       -0.7198  EEL     =     -113.7924  HBOND      =        0.0000
 1-4 VDW =        2.2426  1-4 EEL =       58.3422  RESTRAINT  =        0.0000


   NSTEP       ENERGY          RMS            GMAX         NAME    NUMBER
    500      -4.9696E+01     1.5954E-03     4.6617E-03     O           6

 BOND    =        0.1788  ANGLE   =        1.1154  DIHED      =        2.9373
 VDWAALS =       -0.7198  EEL     =     -113.7919  HBOND      =        0.0000
 1-4 VDW =        2.2425  1-4 EEL =       58.3420  RESTRAINT  =        0.0000


   NSTEP       ENERGY          RMS            GMAX         NAME    NUMBER
    600      -4.9696E+01     7.5405E-04     1.8608E-03     H           8

 BOND    =        0.1787  ANGLE   =        1.1156  DIHED      =        2.9373
 VDWAALS =       -0.7198  EEL     =     -113.7925  HBOND      =        0.0000
 1-4 VDW =        2.2425  1-4 EEL =       58.3423  RESTRAINT  =        0.0000


   NSTEP       ENERGY          RMS            GMAX         NAME    NUMBER
    700      -4.9696E+01     2.1676E-03     6.8694E-03     C          12

 BOND    =        0.1787  ANGLE   =        1.1156  DIHED      =        2.9373
 VDWAALS =       -0.7198  EEL     =     -113.7926  HBOND      =        0.0000
 1-4 VDW =        2.2425  1-4 EEL =       58.3425  RESTRAINT  =        0.0000


   NSTEP       ENERGY          RMS            GMAX         NAME    NUMBER
    800      -4.9696E+01     1.5732E-03     3.9212E-03     OXT        14

 BOND    =        0.1787  ANGLE   =        1.1157  DIHED      =        2.9373
 VDWAALS =       -0.7198  EEL     =     -113.7928  HBOND      =        0.0000
 1-4 VDW =        2.2425  1-4 EEL =       58.3425  RESTRAINT  =        0.0000


   NSTEP       ENERGY          RMS            GMAX         NAME    NUMBER
    900      -4.9696E+01     1.0080E-03     3.1660E-03     CA          9

 BOND    =        0.1787  ANGLE   =        1.1157  DIHED      =        2.9373
 VDWAALS =       -0.7198  EEL     =     -113.7928  HBOND      =        0.0000
 1-4 VDW =        2.2426  1-4 EEL =       58.3425  RESTRAINT  =        0.0000


   NSTEP       ENERGY          RMS            GMAX         NAME    NUMBER
   1000      -4.9696E+01     1.0021E-03     2.4585E-03     C           5

 BOND    =        0.1787  ANGLE   =        1.1158  DIHED      =        2.9373
 VDWAALS =       -0.7198  EEL     =     -113.7930  HBOND      =        0.0000
 1-4 VDW =        2.2425  1-4 EEL =       58.3426  RESTRAINT  =        0.0000


  Maximum number of minimization cycles reached.


                    FINAL RESULTS



   NSTEP       ENERGY          RMS            GMAX         NAME    NUMBER
   1000      -4.9696E+01     1.0021E-03     2.4585E-03     C           5

 BOND    =        0.1787  ANGLE   =        1.1158  DIHED      =        2.9373
 VDWAALS =       -0.7198  EEL     =     -113.7930  HBOND      =        0.0000
 1-4 VDW =        2.2425  1-4 EEL =       58.3426  RESTRAINT  =        0.0000
--------------------------------------------------------------------------------
   5.  TIMINGS
--------------------------------------------------------------------------------

|  NonSetup CPU Time in Major Routines:
|
|     Routine           Sec        %
|     ------------------------------
|     Nonbond           2.18   99.19
|     Bond              0.00    0.08
|     Angle             0.00    0.15
|     Dihedral          0.01    0.38
|     Shake             0.00    0.00
|     Other             0.00    0.20
|     ------------------------------
|     Total             2.20

|  PME Nonbond Pairlist CPU Time:
|
|     Routine              Sec        %
|     ---------------------------------
|     Set Up Cit           0.00    0.01
|     Build List           0.00    0.01
|     ---------------------------------
|     Total                0.00    0.02

|  PME Direct Force CPU Time:
|
|     Routine              Sec        %
|     ---------------------------------
|     NonBonded Calc       0.01    0.29
|     Exclude Masked       0.00    0.22
|     Other                0.01    0.36
|     ---------------------------------
|     Total                0.02    0.87

|  PME Reciprocal Force CPU Time:
|
|     Routine              Sec        %
|     ---------------------------------
|     1D bspline           0.00    0.12
|     Grid Charges         0.08    3.75
|     Scalar Sum           0.85   38.84
|     Gradient Sum         0.01    0.40
|     FFT                  1.22   55.29
|     ---------------------------------
|     Total                2.16   98.40

|  Setup CPU time:            0.04 seconds
|  NonSetup CPU time:         2.20 seconds
|  Total CPU time:            2.24 seconds     0.00 hours

|  Setup wall time:           0    seconds
|  NonSetup wall time:        2    seconds
|  Total wall time:           2    seconds     0.00 hours
