
          -------------------------------------------------------
          Amber 20 PMEMD                              2020
          -------------------------------------------------------

| PMEMD implementation of SANDER, Release 18

|  Compiled date/time: Tue Apr 28 23:52:05 2020
| Run on 05/02/2020 at 16:01:55

|   Executable path: pmemd
| Working directory: /home/cerutti/OpenForceField/Dipeptides/CTerminal/ARG
|          Hostname: Unknown
  [-O]verwriting output

File Assignments:
|   MDIN: ../../min.in                                                          
|  MDOUT: min.out                                                               
| INPCRD: ARG.inpcrd                                                            
|   PARM: ARG.prmtop                                                            
| RESTRT: mincrd                                                                
|   REFC: refc                                                                  
|  MDVEL: mdvel                                                                 
|   MDEN: mden                                                                  
|  MDCRD: mdcrd                                                                 
| MDINFO: mdinfo                                                                
|  MDFRC: mdfrc                                                                 


 Here is the input file:

Initial minimization                                                           
 &cntrl                                                                        
  ntx    = 1,       irest  = 0,       ntrx   = 1,      ntxo   = 1,             
  ntpr   = 100,     ntwx   = 0,       ntwv   = 0,      ntwe   = 0,             
                                                                               
  ntf    = 1,       ntb    = 1,                                                
  ntc    = 1,                                                                  
                                                                               
  cut    = 14.0,                                                               
                                                                               
  imin   = 1,                                                                  
  maxcyc = 1000,                                                               
  ncyc   = 100,                                                                
 &end                                                                          
 &ewald                                                                        
  nfft1 = 32, nfft2 = 32, nfft3 = 32,                                          
 &end                                                                          


Note: ig = -1. Setting random seed to   176632 based on wallclock time in 
      microseconds.
| irandom = 1, using AMBER's internal random number generator (default).
 
 
| Conditional Compilation Defines Used:
| FFTW_FFT
| BINTRAJ
| MKL
| EMIL

| Largest sphere to fit in unit cell has radius =    24.000

| New format PARM file being parsed.
| Version =    1.000 Date = 05/02/20 Time = 16:01:55

| Note: 1-4 EEL scale factors are being read from the topology file.

| Note: 1-4 VDW scale factors are being read from the topology file.
| Duplicated    0 dihedrals

| Duplicated    0 dihedrals

--------------------------------------------------------------------------------
   1.  RESOURCE   USE: 
--------------------------------------------------------------------------------

 getting new box info from bottom of inpcrd
 NATOM  =      31 NTYPES =       7 NBONH =      16 MBONA  =      14
 NTHETH =      34 MTHETA =      17 NPHIH =      73 MPHIA  =      29
 NHPARM =       0 NPARM  =       0 NNB   =     150 NRES   =       2
 NBONA  =      14 NTHETA =      17 NPHIA =      29 NUMBND =      16
 NUMANG =      30 NPTRA  =      22 NATYP =      12 NPHB   =       0
 IFBOX  =       1 NMXRS  =      25 IFCAP =       0 NEXTRA =       0
 NCOPY  =       0

| Coordinate Index Table dimensions:     6    6    6
| Direct force subcell size =     8.0000    8.0000    8.0000

     BOX TYPE: RECTILINEAR

--------------------------------------------------------------------------------
   2.  CONTROL  DATA  FOR  THE  RUN
--------------------------------------------------------------------------------

ACE                                                                             

General flags:
     imin    =       1, nmropt  =       0

Nature and format of input:
     ntx     =       1, irest   =       0, ntrx    =       1

Nature and format of output:
     ntxo    =       1, ntpr    =     100, ntrx    =       1, ntwr    =       1
     iwrap   =       0, ntwx    =       0, ntwv    =       0, ntwe    =       0
     ioutfm  =       1, ntwprt  =       0, idecomp =       0, rbornstat=      0

Potential function:
     ntf     =       1, ntb     =       1, igb     =       0, nsnb    =      25
     ipol    =       0, gbsa    =       0, iesp    =       0
     dielc   =   1.00000, cut     =  14.00000, intdiel =   1.00000

Frozen or restrained atoms:
     ibelly  =       0, ntr     =       0

Energy minimization:
     maxcyc  =    1000, ncyc    =     100, ntmin   =       1
     dx0     =   0.01000, drms    =   0.00010

| Intermolecular bonds treatment:
|     no_intermolecular_bonds =       1

| Energy averages sample interval:
|     ene_avg_sampling =       1

Ewald parameters:
     verbose =       0, ew_type =       0, nbflag  =       1, use_pme =       1
     vdwmeth =       1, eedmeth =       1, netfrc  =       0
     Box X =   48.000   Box Y =   48.000   Box Z =   48.000
     Alpha =   90.000   Beta  =   90.000   Gamma =   90.000
     NFFT1 =   32       NFFT2 =   32       NFFT3 =   32
     Cutoff=   14.000   Tol   =0.100E-04
     Ewald Coefficient =  0.19234
     Interpolation order =    4

--------------------------------------------------------------------------------
   3.  ATOMIC COORDINATES AND VELOCITIES
--------------------------------------------------------------------------------

ACE                                                                             
 begin time read from input coords =     0.000 ps

 
 Number of triangulated 3-point waters found:        0

     Sum of charges from parm topology file =  -0.00000000
     Forcing neutrality...

| Dynamic Memory, Types Used:
| Reals              200206
| Integers             3402

| Nonbonded Pairs Initial Allocation:       23633

--------------------------------------------------------------------------------
   4.  RESULTS
--------------------------------------------------------------------------------

 ---------------------------------------------------
 APPROXIMATING switch and d/dx switch using CUBIC SPLINE INTERPOLATION
 using   5000.0 points per unit in tabled values
 TESTING RELATIVE ERROR over r ranging from 0.0 to cutoff
| CHECK switch(x): max rel err =   0.2738E-14   at   2.422500
| CHECK d/dx switch(x): max rel err =   0.7883E-11   at   2.684960
 ---------------------------------------------------
|---------------------------------------------------
| APPROXIMATING direct energy using CUBIC SPLINE INTERPOLATION
|  with   50.0 points per unit in tabled values
| Relative Error Limit not exceeded for r .gt.   2.24
| APPROXIMATING direct force using CUBIC SPLINE INTERPOLATION
|  with   50.0 points per unit in tabled values
| Relative Error Limit not exceeded for r .gt.   2.76
|---------------------------------------------------


   NSTEP       ENERGY          RMS            GMAX         NAME    NUMBER
      1      -1.7969E+02     2.8992E+01     1.2736E+02     OXT        31

 BOND    =        0.8415  ANGLE   =        2.3109  DIHED      =        7.2303
 VDWAALS =       33.6762  EEL     =       -4.6256  HBOND      =        0.0000
 1-4 VDW =        6.0611  1-4 EEL =     -225.1854  RESTRAINT  =        0.0000


   NSTEP       ENERGY          RMS            GMAX         NAME    NUMBER
    100      -2.1800E+02     3.7626E-01     1.7053E+00     OXT        31

 BOND    =        2.2210  ANGLE   =        2.0132  DIHED      =        6.8625
 VDWAALS =       -1.0188  EEL     =       -0.3176  HBOND      =        0.0000
 1-4 VDW =        4.7531  1-4 EEL =     -232.5127  RESTRAINT  =        0.0000


   NSTEP       ENERGY          RMS            GMAX         NAME    NUMBER
    200      -2.1890E+02     2.4752E-01     7.4908E-01     C          29

 BOND    =        2.0727  ANGLE   =        1.7423  DIHED      =        6.6773
 VDWAALS =       -1.8092  EEL     =        1.0884  HBOND      =        0.0000
 1-4 VDW =        4.3129  1-4 EEL =     -232.9834  RESTRAINT  =        0.0000


   NSTEP       ENERGY          RMS            GMAX         NAME    NUMBER
    300      -2.1901E+02     1.7188E-01     5.5901E-01     CA          9

 BOND    =        2.1008  ANGLE   =        1.8234  DIHED      =        6.6789
 VDWAALS =       -1.8051  EEL     =        0.8151  HBOND      =        0.0000
 1-4 VDW =        4.2877  1-4 EEL =     -232.9103  RESTRAINT  =        0.0000


   NSTEP       ENERGY          RMS            GMAX         NAME    NUMBER
    400      -2.1906E+02     1.2339E-01     3.3826E-01     C           5

 BOND    =        2.1063  ANGLE   =        1.8815  DIHED      =        6.6852
 VDWAALS =       -1.7893  EEL     =        0.6474  HBOND      =        0.0000
 1-4 VDW =        4.2748  1-4 EEL =     -232.8647  RESTRAINT  =        0.0000


   NSTEP       ENERGY          RMS            GMAX         NAME    NUMBER
    500      -2.1909E+02     1.8248E-01     8.4521E-01     N           7

 BOND    =        2.1180  ANGLE   =        1.9428  DIHED      =        6.6992
 VDWAALS =       -1.7741  EEL     =        0.4588  HBOND      =        0.0000
 1-4 VDW =        4.2808  1-4 EEL =     -232.8152  RESTRAINT  =        0.0000


   NSTEP       ENERGY          RMS            GMAX         NAME    NUMBER
    600      -2.1910E+02     7.8111E-02     2.7721E-01     CB         11

 BOND    =        2.1161  ANGLE   =        1.9583  DIHED      =        6.7098
 VDWAALS =       -1.7646  EEL     =        0.3744  HBOND      =        0.0000
 1-4 VDW =        4.2764  1-4 EEL =     -232.7736  RESTRAINT  =        0.0000


   NSTEP       ENERGY          RMS            GMAX         NAME    NUMBER
    700      -2.1911E+02     5.8150E-02     1.3838E-01     C           5

 BOND    =        2.1174  ANGLE   =        1.9897  DIHED      =        6.7224
 VDWAALS =       -1.7524  EEL     =        0.2918  HBOND      =        0.0000
 1-4 VDW =        4.2752  1-4 EEL =     -232.7557  RESTRAINT  =        0.0000


   NSTEP       ENERGY          RMS            GMAX         NAME    NUMBER
    800      -2.1912E+02     1.9985E-02     6.4300E-02     CH3         2

 BOND    =        2.1183  ANGLE   =        2.0131  DIHED      =        6.7306
 VDWAALS =       -1.7431  EEL     =        0.2178  HBOND      =        0.0000
 1-4 VDW =        4.2851  1-4 EEL =     -232.7393  RESTRAINT  =        0.0000


   NSTEP       ENERGY          RMS            GMAX         NAME    NUMBER
    900      -2.1912E+02     6.4735E-03     2.0258E-02     O           6

 BOND    =        2.1212  ANGLE   =        2.0320  DIHED      =        6.7446
 VDWAALS =       -1.7331  EEL     =        0.1526  HBOND      =        0.0000
 1-4 VDW =        4.2910  1-4 EEL =     -232.7298  RESTRAINT  =        0.0000


   NSTEP       ENERGY          RMS            GMAX         NAME    NUMBER
   1000      -2.1912E+02     1.4576E-02     6.2763E-02     C          29

 BOND    =        2.1215  ANGLE   =        2.0349  DIHED      =        6.7470
 VDWAALS =       -1.7321  EEL     =        0.1445  HBOND      =        0.0000
 1-4 VDW =        4.2930  1-4 EEL =     -232.7309  RESTRAINT  =        0.0000


  Maximum number of minimization cycles reached.


                    FINAL RESULTS



   NSTEP       ENERGY          RMS            GMAX         NAME    NUMBER
   1000      -2.1912E+02     1.4576E-02     6.2763E-02     C          29

 BOND    =        2.1215  ANGLE   =        2.0349  DIHED      =        6.7470
 VDWAALS =       -1.7321  EEL     =        0.1445  HBOND      =        0.0000
 1-4 VDW =        4.2930  1-4 EEL =     -232.7309  RESTRAINT  =        0.0000
--------------------------------------------------------------------------------
   5.  TIMINGS
--------------------------------------------------------------------------------

|  NonSetup CPU Time in Major Routines:
|
|     Routine           Sec        %
|     ------------------------------
|     Nonbond           2.19   98.35
|     Bond              0.00    0.11
|     Angle             0.01    0.30
|     Dihedral          0.02    1.02
|     Shake             0.00    0.00
|     Other             0.00    0.22
|     ------------------------------
|     Total             2.23

|  PME Nonbond Pairlist CPU Time:
|
|     Routine              Sec        %
|     ---------------------------------
|     Set Up Cit           0.00    0.01
|     Build List           0.00    0.04
|     ---------------------------------
|     Total                0.00    0.05

|  PME Direct Force CPU Time:
|
|     Routine              Sec        %
|     ---------------------------------
|     NonBonded Calc       0.03    1.24
|     Exclude Masked       0.01    0.53
|     Other                0.01    0.38
|     ---------------------------------
|     Total                0.05    2.14

|  PME Reciprocal Force CPU Time:
|
|     Routine              Sec        %
|     ---------------------------------
|     1D bspline           0.00    0.19
|     Grid Charges         0.09    3.94
|     Scalar Sum           0.85   38.05
|     Gradient Sum         0.02    0.80
|     FFT                  1.19   53.26
|     ---------------------------------
|     Total                2.15   96.25

|  Setup CPU time:            0.04 seconds
|  NonSetup CPU time:         2.23 seconds
|  Total CPU time:            2.27 seconds     0.00 hours

|  Setup wall time:           0    seconds
|  NonSetup wall time:        2    seconds
|  Total wall time:           2    seconds     0.00 hours
