
          -------------------------------------------------------
          Amber 20 PMEMD                              2020
          -------------------------------------------------------

| PMEMD implementation of SANDER, Release 18

|  Compiled date/time: Tue Apr 28 23:52:05 2020
| Run on 05/02/2020 at 16:00:57

|   Executable path: pmemd
| Working directory: /home/cerutti/OpenForceField/Dipeptides/MainChain/ASP
|          Hostname: Unknown
  [-O]verwriting output

File Assignments:
|   MDIN: ../../min.in                                                          
|  MDOUT: min.out                                                               
| INPCRD: ASP.inpcrd                                                            
|   PARM: ASP.prmtop                                                            
| RESTRT: mincrd                                                                
|   REFC: refc                                                                  
|  MDVEL: mdvel                                                                 
|   MDEN: mden                                                                  
|  MDCRD: mdcrd                                                                 
| MDINFO: mdinfo                                                                
|  MDFRC: mdfrc                                                                 


 Here is the input file:

Initial minimization                                                           
 &cntrl                                                                        
  ntx    = 1,       irest  = 0,       ntrx   = 1,      ntxo   = 1,             
  ntpr   = 100,     ntwx   = 0,       ntwv   = 0,      ntwe   = 0,             
                                                                               
  ntf    = 1,       ntb    = 1,                                                
  ntc    = 1,                                                                  
                                                                               
  cut    = 14.0,                                                               
                                                                               
  imin   = 1,                                                                  
  maxcyc = 1000,                                                               
  ncyc   = 100,                                                                
 &end                                                                          
 &ewald                                                                        
  nfft1 = 32, nfft2 = 32, nfft3 = 32,                                          
 &end                                                                          


Note: ig = -1. Setting random seed to   461903 based on wallclock time in 
      microseconds.
| irandom = 1, using AMBER's internal random number generator (default).
 
 
| Conditional Compilation Defines Used:
| FFTW_FFT
| BINTRAJ
| MKL
| EMIL

| Largest sphere to fit in unit cell has radius =    24.000

| New format PARM file being parsed.
| Version =    1.000 Date = 05/02/20 Time = 16:00:57

| Note: 1-4 EEL scale factors are being read from the topology file.

| Note: 1-4 VDW scale factors are being read from the topology file.
| Duplicated    0 dihedrals

| Duplicated    0 dihedrals

--------------------------------------------------------------------------------
   1.  RESOURCE   USE: 
--------------------------------------------------------------------------------

 getting new box info from bottom of inpcrd
 NATOM  =      24 NTYPES =       7 NBONH =      11 MBONA  =      12
 NTHETH =      24 MTHETA =      15 NPHIH =      45 MPHIA  =      41
 NHPARM =       0 NPARM  =       0 NNB   =     111 NRES   =       3
 NBONA  =      12 NTHETA =      15 NPHIA =      41 NUMBND =      14
 NUMANG =      26 NPTRA  =      30 NATYP =      11 NPHB   =       0
 IFBOX  =       1 NMXRS  =      12 IFCAP =       0 NEXTRA =       0
 NCOPY  =       0

| Coordinate Index Table dimensions:     6    6    6
| Direct force subcell size =     8.0000    8.0000    8.0000

     BOX TYPE: RECTILINEAR

--------------------------------------------------------------------------------
   2.  CONTROL  DATA  FOR  THE  RUN
--------------------------------------------------------------------------------

ACE                                                                             

General flags:
     imin    =       1, nmropt  =       0

Nature and format of input:
     ntx     =       1, irest   =       0, ntrx    =       1

Nature and format of output:
     ntxo    =       1, ntpr    =     100, ntrx    =       1, ntwr    =       1
     iwrap   =       0, ntwx    =       0, ntwv    =       0, ntwe    =       0
     ioutfm  =       1, ntwprt  =       0, idecomp =       0, rbornstat=      0

Potential function:
     ntf     =       1, ntb     =       1, igb     =       0, nsnb    =      25
     ipol    =       0, gbsa    =       0, iesp    =       0
     dielc   =   1.00000, cut     =  14.00000, intdiel =   1.00000

Frozen or restrained atoms:
     ibelly  =       0, ntr     =       0

Energy minimization:
     maxcyc  =    1000, ncyc    =     100, ntmin   =       1
     dx0     =   0.01000, drms    =   0.00010

| Intermolecular bonds treatment:
|     no_intermolecular_bonds =       1

| Energy averages sample interval:
|     ene_avg_sampling =       1

Ewald parameters:
     verbose =       0, ew_type =       0, nbflag  =       1, use_pme =       1
     vdwmeth =       1, eedmeth =       1, netfrc  =       0
     Box X =   48.000   Box Y =   48.000   Box Z =   48.000
     Alpha =   90.000   Beta  =   90.000   Gamma =   90.000
     NFFT1 =   32       NFFT2 =   32       NFFT3 =   32
     Cutoff=   14.000   Tol   =0.100E-04
     Ewald Coefficient =  0.19234
     Interpolation order =    4

--------------------------------------------------------------------------------
   3.  ATOMIC COORDINATES AND VELOCITIES
--------------------------------------------------------------------------------

ACE                                                                             
 begin time read from input coords =     0.000 ps

 
 Number of triangulated 3-point waters found:        0

     Sum of charges from parm topology file =  -1.00000000
     Assuming uniform neutralizing plasma

| Dynamic Memory, Types Used:
| Reals              200096
| Integers             2662

| Nonbonded Pairs Initial Allocation:       18297

--------------------------------------------------------------------------------
   4.  RESULTS
--------------------------------------------------------------------------------

 ---------------------------------------------------
 APPROXIMATING switch and d/dx switch using CUBIC SPLINE INTERPOLATION
 using   5000.0 points per unit in tabled values
 TESTING RELATIVE ERROR over r ranging from 0.0 to cutoff
| CHECK switch(x): max rel err =   0.2738E-14   at   2.422500
| CHECK d/dx switch(x): max rel err =   0.7883E-11   at   2.684960
 ---------------------------------------------------
|---------------------------------------------------
| APPROXIMATING direct energy using CUBIC SPLINE INTERPOLATION
|  with   50.0 points per unit in tabled values
| Relative Error Limit not exceeded for r .gt.   2.24
| APPROXIMATING direct force using CUBIC SPLINE INTERPOLATION
|  with   50.0 points per unit in tabled values
| Relative Error Limit not exceeded for r .gt.   2.76
|---------------------------------------------------


   NSTEP       ENERGY          RMS            GMAX         NAME    NUMBER
      1       1.2056E+01     3.2084E+01     1.4844E+02     N          19

 BOND    =        0.1597  ANGLE   =        0.4186  DIHED      =       18.5745
 VDWAALS =       37.4821  EEL     =     -109.8762  HBOND      =        0.0000
 1-4 VDW =        6.0357  1-4 EEL =       59.2611  RESTRAINT  =        0.0000


   NSTEP       ENERGY          RMS            GMAX         NAME    NUMBER
    100      -2.9422E+01     1.1311E+00     4.1302E+00     C          17

 BOND    =        0.8167  ANGLE   =        1.5032  DIHED      =       18.6752
 VDWAALS =       -0.8798  EEL     =     -108.2676  HBOND      =        0.0000
 1-4 VDW =        3.6474  1-4 EEL =       55.0825  RESTRAINT  =        0.0000


   NSTEP       ENERGY          RMS            GMAX         NAME    NUMBER
    200      -3.5456E+01     4.9788E-01     2.0748E+00     OD2        16

 BOND    =        0.7596  ANGLE   =        1.6793  DIHED      =       15.4713
 VDWAALS =        0.2161  EEL     =     -112.0532  HBOND      =        0.0000
 1-4 VDW =        3.9463  1-4 EEL =       54.5250  RESTRAINT  =        0.0000


   NSTEP       ENERGY          RMS            GMAX         NAME    NUMBER
    300      -3.5695E+01     2.8030E-01     6.2684E-01     CB         11

 BOND    =        0.7777  ANGLE   =        1.6720  DIHED      =       15.3222
 VDWAALS =        0.1276  EEL     =     -111.5975  HBOND      =        0.0000
 1-4 VDW =        3.8861  1-4 EEL =       54.1170  RESTRAINT  =        0.0000


   NSTEP       ENERGY          RMS            GMAX         NAME    NUMBER
    400      -3.5782E+01     2.8235E-01     9.8199E-01     CB         11

 BOND    =        0.7550  ANGLE   =        1.6700  DIHED      =       15.3132
 VDWAALS =        0.0482  EEL     =     -111.4318  HBOND      =        0.0000
 1-4 VDW =        3.8564  1-4 EEL =       54.0066  RESTRAINT  =        0.0000


   NSTEP       ENERGY          RMS            GMAX         NAME    NUMBER
    500      -3.5824E+01     1.4735E-01     3.8468E-01     N           7

 BOND    =        0.7551  ANGLE   =        1.6482  DIHED      =       15.3216
 VDWAALS =        0.0153  EEL     =     -111.4028  HBOND      =        0.0000
 1-4 VDW =        3.8446  1-4 EEL =       53.9937  RESTRAINT  =        0.0000


   NSTEP       ENERGY          RMS            GMAX         NAME    NUMBER
    600      -3.5855E+01     1.0018E-01     3.1609E-01     N          19

 BOND    =        0.7501  ANGLE   =        1.6396  DIHED      =       15.3249
 VDWAALS =       -0.0289  EEL     =     -111.3669  HBOND      =        0.0000
 1-4 VDW =        3.8418  1-4 EEL =       53.9839  RESTRAINT  =        0.0000


   NSTEP       ENERGY          RMS            GMAX         NAME    NUMBER
    700      -3.5885E+01     5.5241E-02     1.5124E-01     H          20

 BOND    =        0.7498  ANGLE   =        1.6161  DIHED      =       15.3265
 VDWAALS =       -0.0643  EEL     =     -111.3320  HBOND      =        0.0000
 1-4 VDW =        3.8402  1-4 EEL =       53.9791  RESTRAINT  =        0.0000


   NSTEP       ENERGY          RMS            GMAX         NAME    NUMBER
    800      -3.5916E+01     5.8754E-02     1.6675E-01     CG         14

 BOND    =        0.7576  ANGLE   =        1.5995  DIHED      =       15.3260
 VDWAALS =       -0.1142  EEL     =     -111.2889  HBOND      =        0.0000
 1-4 VDW =        3.8343  1-4 EEL =       53.9695  RESTRAINT  =        0.0000


   NSTEP       ENERGY          RMS            GMAX         NAME    NUMBER
    900      -3.5939E+01     4.4431E-02     1.1567E-01     CH3        21

 BOND    =        0.7450  ANGLE   =        1.5953  DIHED      =       15.3216
 VDWAALS =       -0.1504  EEL     =     -111.2664  HBOND      =        0.0000
 1-4 VDW =        3.8389  1-4 EEL =       53.9774  RESTRAINT  =        0.0000


   NSTEP       ENERGY          RMS            GMAX         NAME    NUMBER
   1000      -3.5958E+01     2.7479E-02     7.9039E-02     HH31       22

 BOND    =        0.7482  ANGLE   =        1.5905  DIHED      =       15.3187
 VDWAALS =       -0.1833  EEL     =     -111.2417  HBOND      =        0.0000
 1-4 VDW =        3.8387  1-4 EEL =       53.9713  RESTRAINT  =        0.0000


  Maximum number of minimization cycles reached.


                    FINAL RESULTS



   NSTEP       ENERGY          RMS            GMAX         NAME    NUMBER
   1000      -3.5958E+01     2.7479E-02     7.9039E-02     HH31       22

 BOND    =        0.7482  ANGLE   =        1.5905  DIHED      =       15.3187
 VDWAALS =       -0.1833  EEL     =     -111.2417  HBOND      =        0.0000
 1-4 VDW =        3.8387  1-4 EEL =       53.9713  RESTRAINT  =        0.0000
--------------------------------------------------------------------------------
   5.  TIMINGS
--------------------------------------------------------------------------------

|  NonSetup CPU Time in Major Routines:
|
|     Routine           Sec        %
|     ------------------------------
|     Nonbond           2.13   98.54
|     Bond              0.00    0.10
|     Angle             0.01    0.24
|     Dihedral          0.02    0.90
|     Shake             0.00    0.00
|     Other             0.00    0.22
|     ------------------------------
|     Total             2.16

|  PME Nonbond Pairlist CPU Time:
|
|     Routine              Sec        %
|     ---------------------------------
|     Set Up Cit           0.00    0.01
|     Build List           0.00    0.02
|     ---------------------------------
|     Total                0.00    0.03

|  PME Direct Force CPU Time:
|
|     Routine              Sec        %
|     ---------------------------------
|     NonBonded Calc       0.02    0.78
|     Exclude Masked       0.01    0.41
|     Other                0.01    0.38
|     ---------------------------------
|     Total                0.03    1.57

|  PME Reciprocal Force CPU Time:
|
|     Routine              Sec        %
|     ---------------------------------
|     1D bspline           0.00    0.17
|     Grid Charges         0.09    3.97
|     Scalar Sum           0.85   39.21
|     Gradient Sum         0.01    0.65
|     FFT                  1.15   53.03
|     ---------------------------------
|     Total                2.10   97.03

|  Setup CPU time:            0.04 seconds
|  NonSetup CPU time:         2.16 seconds
|  Total CPU time:            2.20 seconds     0.00 hours

|  Setup wall time:           1    seconds
|  NonSetup wall time:        2    seconds
|  Total wall time:           3    seconds     0.00 hours
