
          -------------------------------------------------------
          Amber 20 PMEMD                              2020
          -------------------------------------------------------

| PMEMD implementation of SANDER, Release 18

|  Compiled date/time: Tue Apr 28 23:52:05 2020
| Run on 05/02/2020 at 19:25:03

|   Executable path: pmemd
| Working directory: /home/cerutti/OpenForceField/Dipeptides/NTerminal/LYS
|          Hostname: Unknown
  [-O]verwriting output

File Assignments:
|   MDIN: ../../min.in                                                          
|  MDOUT: min.out                                                               
| INPCRD: LYS.inpcrd                                                            
|   PARM: LYS.prmtop                                                            
| RESTRT: mincrd                                                                
|   REFC: refc                                                                  
|  MDVEL: mdvel                                                                 
|   MDEN: mden                                                                  
|  MDCRD: mdcrd                                                                 
| MDINFO: mdinfo                                                                
|  MDFRC: mdfrc                                                                 


 Here is the input file:

Initial minimization                                                           
 &cntrl                                                                        
  ntx    = 1,       irest  = 0,       ntrx   = 1,      ntxo   = 1,             
  ntpr   = 100,     ntwx   = 0,       ntwv   = 0,      ntwe   = 0,             
                                                                               
  ntf    = 1,       ntb    = 1,                                                
  ntc    = 1,                                                                  
                                                                               
  cut    = 14.0,                                                               
                                                                               
  imin   = 1,                                                                  
  maxcyc = 1000,                                                               
  ncyc   = 100,                                                                
 &end                                                                          
 &ewald                                                                        
  nfft1 = 32, nfft2 = 32, nfft3 = 32,                                          
 &end                                                                          


Note: ig = -1. Setting random seed to   162099 based on wallclock time in 
      microseconds.
| irandom = 1, using AMBER's internal random number generator (default).
 
 
| Conditional Compilation Defines Used:
| FFTW_FFT
| BINTRAJ
| MKL
| EMIL

| Largest sphere to fit in unit cell has radius =    24.000

| New format PARM file being parsed.
| Version =    1.000 Date = 05/02/20 Time = 19:25:03

| Note: 1-4 EEL scale factors are being read from the topology file.

| Note: 1-4 VDW scale factors are being read from the topology file.
| Duplicated    0 dihedrals

| Duplicated    0 dihedrals

--------------------------------------------------------------------------------
   1.  RESOURCE   USE: 
--------------------------------------------------------------------------------

 getting new box info from bottom of inpcrd
 NATOM  =      30 NTYPES =       8 NBONH =      19 MBONA  =      10
 NTHETH =      43 MTHETA =      11 NPHIH =      61 MPHIA  =      19
 NHPARM =       0 NPARM  =       0 NNB   =     155 NRES   =       2
 NBONA  =      10 NTHETA =      11 NPHIA =      19 NUMBND =      14
 NUMANG =      26 NPTRA  =      15 NATYP =      11 NPHB   =       0
 IFBOX  =       1 NMXRS  =      24 IFCAP =       0 NEXTRA =       0
 NCOPY  =       0

| Coordinate Index Table dimensions:     6    6    6
| Direct force subcell size =     8.0000    8.0000    8.0000

     BOX TYPE: RECTILINEAR

--------------------------------------------------------------------------------
   2.  CONTROL  DATA  FOR  THE  RUN
--------------------------------------------------------------------------------

NLYS                                                                            

General flags:
     imin    =       1, nmropt  =       0

Nature and format of input:
     ntx     =       1, irest   =       0, ntrx    =       1

Nature and format of output:
     ntxo    =       1, ntpr    =     100, ntrx    =       1, ntwr    =       1
     iwrap   =       0, ntwx    =       0, ntwv    =       0, ntwe    =       0
     ioutfm  =       1, ntwprt  =       0, idecomp =       0, rbornstat=      0

Potential function:
     ntf     =       1, ntb     =       1, igb     =       0, nsnb    =      25
     ipol    =       0, gbsa    =       0, iesp    =       0
     dielc   =   1.00000, cut     =  14.00000, intdiel =   1.00000

Frozen or restrained atoms:
     ibelly  =       0, ntr     =       0

Energy minimization:
     maxcyc  =    1000, ncyc    =     100, ntmin   =       1
     dx0     =   0.01000, drms    =   0.00010

| Intermolecular bonds treatment:
|     no_intermolecular_bonds =       1

| Energy averages sample interval:
|     ene_avg_sampling =       1

Ewald parameters:
     verbose =       0, ew_type =       0, nbflag  =       1, use_pme =       1
     vdwmeth =       1, eedmeth =       1, netfrc  =       0
     Box X =   48.000   Box Y =   48.000   Box Z =   48.000
     Alpha =   90.000   Beta  =   90.000   Gamma =   90.000
     NFFT1 =   32       NFFT2 =   32       NFFT3 =   32
     Cutoff=   14.000   Tol   =0.100E-04
     Ewald Coefficient =  0.19234
     Interpolation order =    4

--------------------------------------------------------------------------------
   3.  ATOMIC COORDINATES AND VELOCITIES
--------------------------------------------------------------------------------

NLYS                                                                            
 begin time read from input coords =     0.000 ps

 
 Number of triangulated 3-point waters found:        0

     Sum of charges from parm topology file =   2.00000000
     Assuming uniform neutralizing plasma

| Dynamic Memory, Types Used:
| Reals              200132
| Integers             3222

| Nonbonded Pairs Initial Allocation:       22871

--------------------------------------------------------------------------------
   4.  RESULTS
--------------------------------------------------------------------------------

 ---------------------------------------------------
 APPROXIMATING switch and d/dx switch using CUBIC SPLINE INTERPOLATION
 using   5000.0 points per unit in tabled values
 TESTING RELATIVE ERROR over r ranging from 0.0 to cutoff
| CHECK switch(x): max rel err =   0.2738E-14   at   2.422500
| CHECK d/dx switch(x): max rel err =   0.7883E-11   at   2.684960
 ---------------------------------------------------
|---------------------------------------------------
| APPROXIMATING direct energy using CUBIC SPLINE INTERPOLATION
|  with   50.0 points per unit in tabled values
| Relative Error Limit not exceeded for r .gt.   2.24
| APPROXIMATING direct force using CUBIC SPLINE INTERPOLATION
|  with   50.0 points per unit in tabled values
| Relative Error Limit not exceeded for r .gt.   2.76
|---------------------------------------------------


   NSTEP       ENERGY          RMS            GMAX         NAME    NUMBER
      1       1.6873E+02     9.8824E+01     4.6993E+02     HG2        11

 BOND    =        0.1792  ANGLE   =        2.0563  DIHED      =        4.0032
 VDWAALS =      104.9488  EEL     =      -27.9205  HBOND      =        0.0000
 1-4 VDW =        5.2835  1-4 EEL =       80.1842  RESTRAINT  =        0.0000


   NSTEP       ENERGY          RMS            GMAX         NAME    NUMBER
    100       5.8308E+01     8.1620E-01     3.3857E+00     C          23

 BOND    =        0.8144  ANGLE   =        2.5425  DIHED      =        4.6809
 VDWAALS =        0.3709  EEL     =      -31.5359  HBOND      =        0.0000
 1-4 VDW =        3.5066  1-4 EEL =       77.9289  RESTRAINT  =        0.0000


   NSTEP       ENERGY          RMS            GMAX         NAME    NUMBER
    200       5.3599E+01     1.1982E+00     3.1579E+00     C          23

 BOND    =        0.9808  ANGLE   =        2.0133  DIHED      =        3.4084
 VDWAALS =       -1.3246  EEL     =      -32.8014  HBOND      =        0.0000
 1-4 VDW =        2.9894  1-4 EEL =       78.3333  RESTRAINT  =        0.0000


   NSTEP       ENERGY          RMS            GMAX         NAME    NUMBER
    300       5.1895E+01     2.0350E-01     5.5274E-01     H2          3

 BOND    =        0.8499  ANGLE   =        1.9670  DIHED      =        1.6952
 VDWAALS =       -1.5612  EEL     =      -32.0946  HBOND      =        0.0000
 1-4 VDW =        2.8420  1-4 EEL =       78.1966  RESTRAINT  =        0.0000


   NSTEP       ENERGY          RMS            GMAX         NAME    NUMBER
    400       5.1783E+01     4.7085E-02     1.3871E-01     CB          7

 BOND    =        0.8289  ANGLE   =        1.9718  DIHED      =        1.6374
 VDWAALS =       -1.6432  EEL     =      -32.0064  HBOND      =        0.0000
 1-4 VDW =        2.7660  1-4 EEL =       78.2290  RESTRAINT  =        0.0000


   NSTEP       ENERGY          RMS            GMAX         NAME    NUMBER
    500       5.1770E+01     3.3877E-02     9.4979E-02     CD         13

 BOND    =        0.8261  ANGLE   =        1.9827  DIHED      =        1.6533
 VDWAALS =       -1.6701  EEL     =      -32.0180  HBOND      =        0.0000
 1-4 VDW =        2.7485  1-4 EEL =       78.2479  RESTRAINT  =        0.0000


   NSTEP       ENERGY          RMS            GMAX         NAME    NUMBER
    600       5.1766E+01     5.8851E-02     1.8461E-01     CA          5

 BOND    =        0.8236  ANGLE   =        1.9884  DIHED      =        1.6572
 VDWAALS =       -1.6814  EEL     =      -32.0247  HBOND      =        0.0000
 1-4 VDW =        2.7470  1-4 EEL =       78.2561  RESTRAINT  =        0.0000


   NSTEP       ENERGY          RMS            GMAX         NAME    NUMBER
    700       5.1764E+01     5.4939E-02     1.5244E-01     CE         16

 BOND    =        0.8211  ANGLE   =        1.9830  DIHED      =        1.6590
 VDWAALS =       -1.6846  EEL     =      -32.0235  HBOND      =        0.0000
 1-4 VDW =        2.7452  1-4 EEL =       78.2634  RESTRAINT  =        0.0000


   NSTEP       ENERGY          RMS            GMAX         NAME    NUMBER
    800       5.1762E+01     3.0350E-02     7.4801E-02     CA          5

 BOND    =        0.8243  ANGLE   =        1.9792  DIHED      =        1.6585
 VDWAALS =       -1.6858  EEL     =      -32.0219  HBOND      =        0.0000
 1-4 VDW =        2.7461  1-4 EEL =       78.2615  RESTRAINT  =        0.0000


   NSTEP       ENERGY          RMS            GMAX         NAME    NUMBER
    900       5.1760E+01     6.6012E-02     2.0781E-01     CH3        27

 BOND    =        0.8254  ANGLE   =        1.9852  DIHED      =        1.6558
 VDWAALS =       -1.6881  EEL     =      -32.0282  HBOND      =        0.0000
 1-4 VDW =        2.7485  1-4 EEL =       78.2611  RESTRAINT  =        0.0000


   NSTEP       ENERGY          RMS            GMAX         NAME    NUMBER
   1000       5.1759E+01     1.9982E-02     4.9467E-02     HB3         9

 BOND    =        0.8220  ANGLE   =        1.9816  DIHED      =        1.6554
 VDWAALS =       -1.6879  EEL     =      -32.0272  HBOND      =        0.0000
 1-4 VDW =        2.7506  1-4 EEL =       78.2640  RESTRAINT  =        0.0000


  Maximum number of minimization cycles reached.


                    FINAL RESULTS



   NSTEP       ENERGY          RMS            GMAX         NAME    NUMBER
   1000       5.1759E+01     1.9982E-02     4.9467E-02     HB3         9

 BOND    =        0.8220  ANGLE   =        1.9816  DIHED      =        1.6554
 VDWAALS =       -1.6879  EEL     =      -32.0272  HBOND      =        0.0000
 1-4 VDW =        2.7506  1-4 EEL =       78.2640  RESTRAINT  =        0.0000
--------------------------------------------------------------------------------
   5.  TIMINGS
--------------------------------------------------------------------------------

|  NonSetup CPU Time in Major Routines:
|
|     Routine           Sec        %
|     ------------------------------
|     Nonbond           2.14   98.51
|     Bond              0.00    0.11
|     Angle             0.01    0.31
|     Dihedral          0.02    0.85
|     Shake             0.00    0.00
|     Other             0.00    0.22
|     ------------------------------
|     Total             2.18

|  PME Nonbond Pairlist CPU Time:
|
|     Routine              Sec        %
|     ---------------------------------
|     Set Up Cit           0.00    0.01
|     Build List           0.00    0.04
|     ---------------------------------
|     Total                0.00    0.05

|  PME Direct Force CPU Time:
|
|     Routine              Sec        %
|     ---------------------------------
|     NonBonded Calc       0.03    1.17
|     Exclude Masked       0.01    0.55
|     Other                0.01    0.38
|     ---------------------------------
|     Total                0.05    2.10

|  PME Reciprocal Force CPU Time:
|
|     Routine              Sec        %
|     ---------------------------------
|     1D bspline           0.00    0.20
|     Grid Charges         0.09    4.03
|     Scalar Sum           0.85   38.91
|     Gradient Sum         0.02    0.80
|     FFT                  1.14   52.50
|     ---------------------------------
|     Total                2.10   96.45

|  Setup CPU time:            0.04 seconds
|  NonSetup CPU time:         2.18 seconds
|  Total CPU time:            2.22 seconds     0.00 hours

|  Setup wall time:           0    seconds
|  NonSetup wall time:        2    seconds
|  Total wall time:           2    seconds     0.00 hours
