
          -------------------------------------------------------
          Amber 20 PMEMD                              2020
          -------------------------------------------------------

| PMEMD implementation of SANDER, Release 18

|  Compiled date/time: Tue Apr 28 23:52:05 2020
| Run on 05/02/2020 at 16:02:34

|   Executable path: pmemd
| Working directory: /home/cerutti/OpenForceField/Dipeptides/CTerminal/THR
|          Hostname: Unknown
  [-O]verwriting output

File Assignments:
|   MDIN: ../../min.in                                                          
|  MDOUT: min.out                                                               
| INPCRD: THR.inpcrd                                                            
|   PARM: THR.prmtop                                                            
| RESTRT: mincrd                                                                
|   REFC: refc                                                                  
|  MDVEL: mdvel                                                                 
|   MDEN: mden                                                                  
|  MDCRD: mdcrd                                                                 
| MDINFO: mdinfo                                                                
|  MDFRC: mdfrc                                                                 


 Here is the input file:

Initial minimization                                                           
 &cntrl                                                                        
  ntx    = 1,       irest  = 0,       ntrx   = 1,      ntxo   = 1,             
  ntpr   = 100,     ntwx   = 0,       ntwv   = 0,      ntwe   = 0,             
                                                                               
  ntf    = 1,       ntb    = 1,                                                
  ntc    = 1,                                                                  
                                                                               
  cut    = 14.0,                                                               
                                                                               
  imin   = 1,                                                                  
  maxcyc = 1000,                                                               
  ncyc   = 100,                                                                
 &end                                                                          
 &ewald                                                                        
  nfft1 = 32, nfft2 = 32, nfft3 = 32,                                          
 &end                                                                          


Note: ig = -1. Setting random seed to   616726 based on wallclock time in 
      microseconds.
| irandom = 1, using AMBER's internal random number generator (default).
 
 
| Conditional Compilation Defines Used:
| FFTW_FFT
| BINTRAJ
| MKL
| EMIL

| Largest sphere to fit in unit cell has radius =    24.000

| New format PARM file being parsed.
| Version =    1.000 Date = 05/02/20 Time = 16:02:34

| Note: 1-4 EEL scale factors are being read from the topology file.

| Note: 1-4 VDW scale factors are being read from the topology file.
| Duplicated    0 dihedrals

| Duplicated    0 dihedrals

--------------------------------------------------------------------------------
   1.  RESOURCE   USE: 
--------------------------------------------------------------------------------

 getting new box info from bottom of inpcrd
 NATOM  =      21 NTYPES =       9 NBONH =      10 MBONA  =      10
 NTHETH =      21 MTHETA =      13 NPHIH =      49 MPHIA  =      32
 NHPARM =       0 NPARM  =       0 NNB   =      99 NRES   =       2
 NBONA  =      10 NTHETA =      13 NPHIA =      32 NUMBND =      14
 NUMANG =      24 NPTRA  =      39 NATYP =      12 NPHB   =       0
 IFBOX  =       1 NMXRS  =      15 IFCAP =       0 NEXTRA =       0
 NCOPY  =       0

| Coordinate Index Table dimensions:     6    6    6
| Direct force subcell size =     8.0000    8.0000    8.0000

     BOX TYPE: RECTILINEAR

--------------------------------------------------------------------------------
   2.  CONTROL  DATA  FOR  THE  RUN
--------------------------------------------------------------------------------

ACE                                                                             

General flags:
     imin    =       1, nmropt  =       0

Nature and format of input:
     ntx     =       1, irest   =       0, ntrx    =       1

Nature and format of output:
     ntxo    =       1, ntpr    =     100, ntrx    =       1, ntwr    =       1
     iwrap   =       0, ntwx    =       0, ntwv    =       0, ntwe    =       0
     ioutfm  =       1, ntwprt  =       0, idecomp =       0, rbornstat=      0

Potential function:
     ntf     =       1, ntb     =       1, igb     =       0, nsnb    =      25
     ipol    =       0, gbsa    =       0, iesp    =       0
     dielc   =   1.00000, cut     =  14.00000, intdiel =   1.00000

Frozen or restrained atoms:
     ibelly  =       0, ntr     =       0

Energy minimization:
     maxcyc  =    1000, ncyc    =     100, ntmin   =       1
     dx0     =   0.01000, drms    =   0.00010

| Intermolecular bonds treatment:
|     no_intermolecular_bonds =       1

| Energy averages sample interval:
|     ene_avg_sampling =       1

Ewald parameters:
     verbose =       0, ew_type =       0, nbflag  =       1, use_pme =       1
     vdwmeth =       1, eedmeth =       1, netfrc  =       0
     Box X =   48.000   Box Y =   48.000   Box Z =   48.000
     Alpha =   90.000   Beta  =   90.000   Gamma =   90.000
     NFFT1 =   32       NFFT2 =   32       NFFT3 =   32
     Cutoff=   14.000   Tol   =0.100E-04
     Ewald Coefficient =  0.19234
     Interpolation order =    4

--------------------------------------------------------------------------------
   3.  ATOMIC COORDINATES AND VELOCITIES
--------------------------------------------------------------------------------

ACE                                                                             
 begin time read from input coords =     0.000 ps

 
 Number of triangulated 3-point waters found:        0

     Sum of charges from parm topology file =  -1.00000000
     Assuming uniform neutralizing plasma

| Dynamic Memory, Types Used:
| Reals              200149
| Integers             2472

| Nonbonded Pairs Initial Allocation:       16009

--------------------------------------------------------------------------------
   4.  RESULTS
--------------------------------------------------------------------------------

 ---------------------------------------------------
 APPROXIMATING switch and d/dx switch using CUBIC SPLINE INTERPOLATION
 using   5000.0 points per unit in tabled values
 TESTING RELATIVE ERROR over r ranging from 0.0 to cutoff
| CHECK switch(x): max rel err =   0.2738E-14   at   2.422500
| CHECK d/dx switch(x): max rel err =   0.7883E-11   at   2.684960
 ---------------------------------------------------
|---------------------------------------------------
| APPROXIMATING direct energy using CUBIC SPLINE INTERPOLATION
|  with   50.0 points per unit in tabled values
| Relative Error Limit not exceeded for r .gt.   2.24
| APPROXIMATING direct force using CUBIC SPLINE INTERPOLATION
|  with   50.0 points per unit in tabled values
| Relative Error Limit not exceeded for r .gt.   2.76
|---------------------------------------------------


   NSTEP       ENERGY          RMS            GMAX         NAME    NUMBER
      1       9.2991E+02     1.3908E+03     7.0739E+03     O           6

 BOND    =        0.7275  ANGLE   =        2.0940  DIHED      =       12.8075
 VDWAALS =      984.3210  EEL     =      -58.2013  HBOND      =        0.0000
 1-4 VDW =        5.4140  1-4 EEL =      -17.2511  RESTRAINT  =        0.0000


   NSTEP       ENERGY          RMS            GMAX         NAME    NUMBER
    100      -6.0490E+01     1.8010E+00     1.0532E+01     C          19

 BOND    =        0.4257  ANGLE   =        2.4152  DIHED      =       13.0059
 VDWAALS =       -1.1659  EEL     =      -60.3351  HBOND      =        0.0000
 1-4 VDW =        3.8836  1-4 EEL =      -18.7196  RESTRAINT  =        0.0000


   NSTEP       ENERGY          RMS            GMAX         NAME    NUMBER
    200      -7.4764E+01     3.9562E+00     1.4072E+01     C          19

 BOND    =        0.4622  ANGLE   =        3.0113  DIHED      =       11.2836
 VDWAALS =       -1.7914  EEL     =      -68.7733  HBOND      =        0.0000
 1-4 VDW =        3.5429  1-4 EEL =      -22.4992  RESTRAINT  =        0.0000


   NSTEP       ENERGY          RMS            GMAX         NAME    NUMBER
    300      -7.6347E+01     3.8478E-01     9.7483E-01     C          19

 BOND    =        0.5474  ANGLE   =        2.2378  DIHED      =       11.2939
 VDWAALS =       -0.2099  EEL     =      -70.3119  HBOND      =        0.0000
 1-4 VDW =        3.4350  1-4 EEL =      -23.3398  RESTRAINT  =        0.0000


   NSTEP       ENERGY          RMS            GMAX         NAME    NUMBER
    400      -7.6403E+01     9.4348E-02     2.9418E-01     HG23       16

 BOND    =        0.5668  ANGLE   =        2.1975  DIHED      =       11.2860
 VDWAALS =       -0.1569  EEL     =      -70.2707  HBOND      =        0.0000
 1-4 VDW =        3.4107  1-4 EEL =      -23.4366  RESTRAINT  =        0.0000


   NSTEP       ENERGY          RMS            GMAX         NAME    NUMBER
    500      -7.6423E+01     5.0006E-02     1.5032E-01     C           5

 BOND    =        0.5725  ANGLE   =        2.1869  DIHED      =       11.2883
 VDWAALS =       -0.1495  EEL     =      -70.2475  HBOND      =        0.0000
 1-4 VDW =        3.4029  1-4 EEL =      -23.4764  RESTRAINT  =        0.0000


   NSTEP       ENERGY          RMS            GMAX         NAME    NUMBER
    600      -7.6428E+01     5.4068E-02     1.4709E-01     CA          9

 BOND    =        0.5785  ANGLE   =        2.1685  DIHED      =       11.2882
 VDWAALS =       -0.1545  EEL     =      -70.2297  HBOND      =        0.0000
 1-4 VDW =        3.3978  1-4 EEL =      -23.4763  RESTRAINT  =        0.0000


   NSTEP       ENERGY          RMS            GMAX         NAME    NUMBER
    700      -7.6429E+01     9.3862E-03     2.7773E-02     CG2        13

 BOND    =        0.5726  ANGLE   =        2.1709  DIHED      =       11.2875
 VDWAALS =       -0.1562  EEL     =      -70.2207  HBOND      =        0.0000
 1-4 VDW =        3.3968  1-4 EEL =      -23.4794  RESTRAINT  =        0.0000


   NSTEP       ENERGY          RMS            GMAX         NAME    NUMBER
    800      -7.6429E+01     6.6004E-03     1.6310E-02     CA          9

 BOND    =        0.5723  ANGLE   =        2.1696  DIHED      =       11.2878
 VDWAALS =       -0.1565  EEL     =      -70.2120  HBOND      =        0.0000
 1-4 VDW =        3.3956  1-4 EEL =      -23.4857  RESTRAINT  =        0.0000


   NSTEP       ENERGY          RMS            GMAX         NAME    NUMBER
    900      -7.6429E+01     1.5099E-03     5.0721E-03     N           7

 BOND    =        0.5725  ANGLE   =        2.1690  DIHED      =       11.2879
 VDWAALS =       -0.1562  EEL     =      -70.2125  HBOND      =        0.0000
 1-4 VDW =        3.3957  1-4 EEL =      -23.4852  RESTRAINT  =        0.0000


   NSTEP       ENERGY          RMS            GMAX         NAME    NUMBER
   1000      -7.6429E+01     1.0796E-03     3.0452E-03     CA          9

 BOND    =        0.5726  ANGLE   =        2.1685  DIHED      =       11.2880
 VDWAALS =       -0.1562  EEL     =      -70.2119  HBOND      =        0.0000
 1-4 VDW =        3.3956  1-4 EEL =      -23.4856  RESTRAINT  =        0.0000


  Maximum number of minimization cycles reached.


                    FINAL RESULTS



   NSTEP       ENERGY          RMS            GMAX         NAME    NUMBER
   1000      -7.6429E+01     1.0796E-03     3.0452E-03     CA          9

 BOND    =        0.5726  ANGLE   =        2.1685  DIHED      =       11.2880
 VDWAALS =       -0.1562  EEL     =      -70.2119  HBOND      =        0.0000
 1-4 VDW =        3.3956  1-4 EEL =      -23.4856  RESTRAINT  =        0.0000
--------------------------------------------------------------------------------
   5.  TIMINGS
--------------------------------------------------------------------------------

|  NonSetup CPU Time in Major Routines:
|
|     Routine           Sec        %
|     ------------------------------
|     Nonbond           2.14   98.63
|     Bond              0.00    0.10
|     Angle             0.00    0.22
|     Dihedral          0.02    0.84
|     Shake             0.00    0.00
|     Other             0.00    0.21
|     ------------------------------
|     Total             2.17

|  PME Nonbond Pairlist CPU Time:
|
|     Routine              Sec        %
|     ---------------------------------
|     Set Up Cit           0.00    0.01
|     Build List           0.00    0.03
|     ---------------------------------
|     Total                0.00    0.04

|  PME Direct Force CPU Time:
|
|     Routine              Sec        %
|     ---------------------------------
|     NonBonded Calc       0.01    0.61
|     Exclude Masked       0.01    0.37
|     Other                0.01    0.37
|     ---------------------------------
|     Total                0.03    1.35

|  PME Reciprocal Force CPU Time:
|
|     Routine              Sec        %
|     ---------------------------------
|     1D bspline           0.00    0.15
|     Grid Charges         0.08    3.91
|     Scalar Sum           0.86   39.61
|     Gradient Sum         0.01    0.58
|     FFT                  1.15   53.08
|     ---------------------------------
|     Total                2.11   97.34

|  Setup CPU time:            0.04 seconds
|  NonSetup CPU time:         2.17 seconds
|  Total CPU time:            2.21 seconds     0.00 hours

|  Setup wall time:           0    seconds
|  NonSetup wall time:        2    seconds
|  Total wall time:           2    seconds     0.00 hours
