
          -------------------------------------------------------
          Amber 20 PMEMD                              2020
          -------------------------------------------------------

| PMEMD implementation of SANDER, Release 18

|  Compiled date/time: Tue Apr 28 23:52:05 2020
| Run on 05/02/2020 at 19:25:19

|   Executable path: pmemd
| Working directory: /home/cerutti/OpenForceField/Dipeptides/NTerminal/TYR
|          Hostname: Unknown
  [-O]verwriting output

File Assignments:
|   MDIN: ../../min.in                                                          
|  MDOUT: min.out                                                               
| INPCRD: TYR.inpcrd                                                            
|   PARM: TYR.prmtop                                                            
| RESTRT: mincrd                                                                
|   REFC: refc                                                                  
|  MDVEL: mdvel                                                                 
|   MDEN: mden                                                                  
|  MDCRD: mdcrd                                                                 
| MDINFO: mdinfo                                                                
|  MDFRC: mdfrc                                                                 


 Here is the input file:

Initial minimization                                                           
 &cntrl                                                                        
  ntx    = 1,       irest  = 0,       ntrx   = 1,      ntxo   = 1,             
  ntpr   = 100,     ntwx   = 0,       ntwv   = 0,      ntwe   = 0,             
                                                                               
  ntf    = 1,       ntb    = 1,                                                
  ntc    = 1,                                                                  
                                                                               
  cut    = 14.0,                                                               
                                                                               
  imin   = 1,                                                                  
  maxcyc = 1000,                                                               
  ncyc   = 100,                                                                
 &end                                                                          
 &ewald                                                                        
  nfft1 = 32, nfft2 = 32, nfft3 = 32,                                          
 &end                                                                          


Note: ig = -1. Setting random seed to   494592 based on wallclock time in 
      microseconds.
| irandom = 1, using AMBER's internal random number generator (default).
 
 
| Conditional Compilation Defines Used:
| FFTW_FFT
| BINTRAJ
| MKL
| EMIL

| Largest sphere to fit in unit cell has radius =    24.000

| New format PARM file being parsed.
| Version =    1.000 Date = 05/02/20 Time = 19:25:19

| Note: 1-4 EEL scale factors are being read from the topology file.

| Note: 1-4 VDW scale factors are being read from the topology file.
| Duplicated    0 dihedrals

| Duplicated    0 dihedrals

--------------------------------------------------------------------------------
   1.  RESOURCE   USE: 
--------------------------------------------------------------------------------

 getting new box info from bottom of inpcrd
 NATOM  =      29 NTYPES =      11 NBONH =      15 MBONA  =      14
 NTHETH =      31 MTHETA =      18 NPHIH =      58 MPHIA  =      38
 NHPARM =       0 NPARM  =       0 NNB   =     143 NRES   =       2
 NBONA  =      14 NTHETA =      18 NPHIA =      38 NUMBND =      17
 NUMANG =      28 NPTRA  =      24 NATYP =      14 NPHB   =       0
 IFBOX  =       1 NMXRS  =      23 IFCAP =       0 NEXTRA =       0
 NCOPY  =       0

| Coordinate Index Table dimensions:     6    6    6
| Direct force subcell size =     8.0000    8.0000    8.0000

     BOX TYPE: RECTILINEAR

--------------------------------------------------------------------------------
   2.  CONTROL  DATA  FOR  THE  RUN
--------------------------------------------------------------------------------

NTYR                                                                            

General flags:
     imin    =       1, nmropt  =       0

Nature and format of input:
     ntx     =       1, irest   =       0, ntrx    =       1

Nature and format of output:
     ntxo    =       1, ntpr    =     100, ntrx    =       1, ntwr    =       1
     iwrap   =       0, ntwx    =       0, ntwv    =       0, ntwe    =       0
     ioutfm  =       1, ntwprt  =       0, idecomp =       0, rbornstat=      0

Potential function:
     ntf     =       1, ntb     =       1, igb     =       0, nsnb    =      25
     ipol    =       0, gbsa    =       0, iesp    =       0
     dielc   =   1.00000, cut     =  14.00000, intdiel =   1.00000

Frozen or restrained atoms:
     ibelly  =       0, ntr     =       0

Energy minimization:
     maxcyc  =    1000, ncyc    =     100, ntmin   =       1
     dx0     =   0.01000, drms    =   0.00010

| Intermolecular bonds treatment:
|     no_intermolecular_bonds =       1

| Energy averages sample interval:
|     ene_avg_sampling =       1

Ewald parameters:
     verbose =       0, ew_type =       0, nbflag  =       1, use_pme =       1
     vdwmeth =       1, eedmeth =       1, netfrc  =       0
     Box X =   48.000   Box Y =   48.000   Box Z =   48.000
     Alpha =   90.000   Beta  =   90.000   Gamma =   90.000
     NFFT1 =   32       NFFT2 =   32       NFFT3 =   32
     Cutoff=   14.000   Tol   =0.100E-04
     Ewald Coefficient =  0.19234
     Interpolation order =    4

--------------------------------------------------------------------------------
   3.  ATOMIC COORDINATES AND VELOCITIES
--------------------------------------------------------------------------------

NTYR                                                                            
 begin time read from input coords =     0.000 ps

 
 Number of triangulated 3-point waters found:        0

     Sum of charges from parm topology file =   1.00000000
     Assuming uniform neutralizing plasma

| Dynamic Memory, Types Used:
| Reals              200294
| Integers             3302

| Nonbonded Pairs Initial Allocation:       22108

--------------------------------------------------------------------------------
   4.  RESULTS
--------------------------------------------------------------------------------

 ---------------------------------------------------
 APPROXIMATING switch and d/dx switch using CUBIC SPLINE INTERPOLATION
 using   5000.0 points per unit in tabled values
 TESTING RELATIVE ERROR over r ranging from 0.0 to cutoff
| CHECK switch(x): max rel err =   0.2738E-14   at   2.422500
| CHECK d/dx switch(x): max rel err =   0.7883E-11   at   2.684960
 ---------------------------------------------------
|---------------------------------------------------
| APPROXIMATING direct energy using CUBIC SPLINE INTERPOLATION
|  with   50.0 points per unit in tabled values
| Relative Error Limit not exceeded for r .gt.   2.24
| APPROXIMATING direct force using CUBIC SPLINE INTERPOLATION
|  with   50.0 points per unit in tabled values
| Relative Error Limit not exceeded for r .gt.   2.76
|---------------------------------------------------


   NSTEP       ENERGY          RMS            GMAX         NAME    NUMBER
      1       1.9238E+04     3.4550E+04     1.6569E+05     H          25

 BOND    =        0.4079  ANGLE   =        2.3768  DIHED      =        4.2662
 VDWAALS =    19264.1912  EEL     =      -64.2697  HBOND      =        0.0000
 1-4 VDW =        9.7682  1-4 EEL =       21.4458  RESTRAINT  =        0.0000


   NSTEP       ENERGY          RMS            GMAX         NAME    NUMBER
    100      -2.2443E+01     3.2508E+00     1.3431E+01     C          22

 BOND    =        0.8787  ANGLE   =        2.8554  DIHED      =        8.1689
 VDWAALS =        1.2811  EEL     =      -62.1315  HBOND      =        0.0000
 1-4 VDW =        6.6369  1-4 EEL =       19.8676  RESTRAINT  =        0.0000


   NSTEP       ENERGY          RMS            GMAX         NAME    NUMBER
    200      -3.1251E+01     1.1228E+00     2.8460E+00     CD2        20

 BOND    =        0.5252  ANGLE   =        1.9886  DIHED      =        2.8898
 VDWAALS =       -1.6318  EEL     =      -61.7945  HBOND      =        0.0000
 1-4 VDW =        6.9204  1-4 EEL =       19.8518  RESTRAINT  =        0.0000


   NSTEP       ENERGY          RMS            GMAX         NAME    NUMBER
    300      -3.2698E+01     9.7467E-01     2.6882E+00     CB          7

 BOND    =        0.4530  ANGLE   =        1.3060  DIHED      =        2.2729
 VDWAALS =       -2.1849  EEL     =      -61.0765  HBOND      =        0.0000
 1-4 VDW =        6.7413  1-4 EEL =       19.7901  RESTRAINT  =        0.0000


   NSTEP       ENERGY          RMS            GMAX         NAME    NUMBER
    400      -3.3259E+01     8.1999E-01     3.4396E+00     CD1        11

 BOND    =        0.4046  ANGLE   =        1.1825  DIHED      =        2.2157
 VDWAALS =       -2.3333  EEL     =      -61.3695  HBOND      =        0.0000
 1-4 VDW =        6.7395  1-4 EEL =       19.9016  RESTRAINT  =        0.0000


   NSTEP       ENERGY          RMS            GMAX         NAME    NUMBER
    500      -3.3606E+01     4.4639E-01     1.1605E+00     CE1        13

 BOND    =        0.3807  ANGLE   =        1.1067  DIHED      =        2.1437
 VDWAALS =       -2.4646  EEL     =      -61.4234  HBOND      =        0.0000
 1-4 VDW =        6.7106  1-4 EEL =       19.9403  RESTRAINT  =        0.0000


   NSTEP       ENERGY          RMS            GMAX         NAME    NUMBER
    600      -3.3693E+01     1.1031E-01     3.6648E-01     HE1        14

 BOND    =        0.3600  ANGLE   =        1.0826  DIHED      =        2.1334
 VDWAALS =       -2.5018  EEL     =      -61.4064  HBOND      =        0.0000
 1-4 VDW =        6.6976  1-4 EEL =       19.9422  RESTRAINT  =        0.0000


   NSTEP       ENERGY          RMS            GMAX         NAME    NUMBER
    700      -3.3729E+01     2.9038E-01     8.3323E-01     CD1        11

 BOND    =        0.3504  ANGLE   =        1.0687  DIHED      =        2.1277
 VDWAALS =       -2.5270  EEL     =      -61.4059  HBOND      =        0.0000
 1-4 VDW =        6.6915  1-4 EEL =       19.9655  RESTRAINT  =        0.0000


   NSTEP       ENERGY          RMS            GMAX         NAME    NUMBER
    800      -3.3756E+01     1.3426E-01     3.7327E-01     HH33       29

 BOND    =        0.3511  ANGLE   =        1.0556  DIHED      =        2.1226
 VDWAALS =       -2.5441  EEL     =      -61.4015  HBOND      =        0.0000
 1-4 VDW =        6.6844  1-4 EEL =       19.9757  RESTRAINT  =        0.0000


   NSTEP       ENERGY          RMS            GMAX         NAME    NUMBER
    900      -3.3772E+01     1.4285E-01     5.1823E-01     C          22

 BOND    =        0.3669  ANGLE   =        1.0388  DIHED      =        2.1181
 VDWAALS =       -2.5514  EEL     =      -61.4073  HBOND      =        0.0000
 1-4 VDW =        6.6771  1-4 EEL =       19.9861  RESTRAINT  =        0.0000


   NSTEP       ENERGY          RMS            GMAX         NAME    NUMBER
   1000      -3.3782E+01     5.4639E-02     1.6949E-01     HA          6

 BOND    =        0.3545  ANGLE   =        1.0436  DIHED      =        2.1175
 VDWAALS =       -2.5593  EEL     =      -61.4194  HBOND      =        0.0000
 1-4 VDW =        6.6856  1-4 EEL =       19.9952  RESTRAINT  =        0.0000


  Maximum number of minimization cycles reached.


                    FINAL RESULTS



   NSTEP       ENERGY          RMS            GMAX         NAME    NUMBER
   1000      -3.3782E+01     5.4639E-02     1.6949E-01     HA          6

 BOND    =        0.3545  ANGLE   =        1.0436  DIHED      =        2.1175
 VDWAALS =       -2.5593  EEL     =      -61.4194  HBOND      =        0.0000
 1-4 VDW =        6.6856  1-4 EEL =       19.9952  RESTRAINT  =        0.0000
--------------------------------------------------------------------------------
   5.  TIMINGS
--------------------------------------------------------------------------------

|  NonSetup CPU Time in Major Routines:
|
|     Routine           Sec        %
|     ------------------------------
|     Nonbond           2.15   98.38
|     Bond              0.00    0.11
|     Angle             0.01    0.29
|     Dihedral          0.02    0.99
|     Shake             0.00    0.00
|     Other             0.00    0.23
|     ------------------------------
|     Total             2.18

|  PME Nonbond Pairlist CPU Time:
|
|     Routine              Sec        %
|     ---------------------------------
|     Set Up Cit           0.00    0.01
|     Build List           0.00    0.02
|     ---------------------------------
|     Total                0.00    0.03

|  PME Direct Force CPU Time:
|
|     Routine              Sec        %
|     ---------------------------------
|     NonBonded Calc       0.02    1.08
|     Exclude Masked       0.01    0.52
|     Other                0.01    0.39
|     ---------------------------------
|     Total                0.04    1.98

|  PME Reciprocal Force CPU Time:
|
|     Routine              Sec        %
|     ---------------------------------
|     1D bspline           0.00    0.19
|     Grid Charges         0.09    4.01
|     Scalar Sum           0.85   38.81
|     Gradient Sum         0.02    0.77
|     FFT                  1.15   52.67
|     ---------------------------------
|     Total                2.11   96.46

|  Setup CPU time:            0.04 seconds
|  NonSetup CPU time:         2.18 seconds
|  Total CPU time:            2.23 seconds     0.00 hours

|  Setup wall time:           1    seconds
|  NonSetup wall time:        2    seconds
|  Total wall time:           3    seconds     0.00 hours
