
          -------------------------------------------------------
          Amber 20 PMEMD                              2020
          -------------------------------------------------------

| PMEMD implementation of SANDER, Release 18

|  Compiled date/time: Tue Apr 28 23:52:05 2020
| Run on 05/02/2020 at 19:25:24

|   Executable path: pmemd
| Working directory: /home/cerutti/OpenForceField/Dipeptides/NTerminal/CYX
|          Hostname: Unknown
  [-O]verwriting output

File Assignments:
|   MDIN: ../../min.in                                                          
|  MDOUT: min.out                                                               
| INPCRD: CYX.inpcrd                                                            
|   PARM: CYX.prmtop                                                            
| RESTRT: mincrd                                                                
|   REFC: refc                                                                  
|  MDVEL: mdvel                                                                 
|   MDEN: mden                                                                  
|  MDCRD: mdcrd                                                                 
| MDINFO: mdinfo                                                                
|  MDFRC: mdfrc                                                                 


 Here is the input file:

Initial minimization                                                           
 &cntrl                                                                        
  ntx    = 1,       irest  = 0,       ntrx   = 1,      ntxo   = 1,             
  ntpr   = 100,     ntwx   = 0,       ntwv   = 0,      ntwe   = 0,             
                                                                               
  ntf    = 1,       ntb    = 1,                                                
  ntc    = 1,                                                                  
                                                                               
  cut    = 14.0,                                                               
                                                                               
  imin   = 1,                                                                  
  maxcyc = 1000,                                                               
  ncyc   = 100,                                                                
 &end                                                                          
 &ewald                                                                        
  nfft1 = 32, nfft2 = 32, nfft3 = 32,                                          
 &end                                                                          


Note: ig = -1. Setting random seed to   179780 based on wallclock time in 
      microseconds.
| irandom = 1, using AMBER's internal random number generator (default).
 
 
| Conditional Compilation Defines Used:
| FFTW_FFT
| BINTRAJ
| MKL
| EMIL

| Largest sphere to fit in unit cell has radius =    24.000

| New format PARM file being parsed.
| Version =    1.000 Date = 05/02/20 Time = 19:25:24

| Note: 1-4 EEL scale factors are being read from the topology file.

| Note: 1-4 VDW scale factors are being read from the topology file.
| Duplicated    0 dihedrals

| Duplicated    0 dihedrals

--------------------------------------------------------------------------------
   1.  RESOURCE   USE: 
--------------------------------------------------------------------------------

 getting new box info from bottom of inpcrd
 NATOM  =      40 NTYPES =       9 NBONH =      21 MBONA  =      18
 NTHETH =      46 MTHETA =      22 NPHIH =      73 MPHIA  =      62
 NHPARM =       0 NPARM  =       0 NNB   =     191 NRES   =       5
 NBONA  =      18 NTHETA =      22 NPHIA =      62 NUMBND =      17
 NUMANG =      32 NPTRA  =      36 NATYP =      12 NPHB   =       0
 IFBOX  =       1 NMXRS  =      12 IFCAP =       0 NEXTRA =       0
 NCOPY  =       0

| Coordinate Index Table dimensions:     6    6    6
| Direct force subcell size =     8.0000    8.0000    8.0000

     BOX TYPE: RECTILINEAR

--------------------------------------------------------------------------------
   2.  CONTROL  DATA  FOR  THE  RUN
--------------------------------------------------------------------------------

NCYX                                                                            

General flags:
     imin    =       1, nmropt  =       0

Nature and format of input:
     ntx     =       1, irest   =       0, ntrx    =       1

Nature and format of output:
     ntxo    =       1, ntpr    =     100, ntrx    =       1, ntwr    =       1
     iwrap   =       0, ntwx    =       0, ntwv    =       0, ntwe    =       0
     ioutfm  =       1, ntwprt  =       0, idecomp =       0, rbornstat=      0

Potential function:
     ntf     =       1, ntb     =       1, igb     =       0, nsnb    =      25
     ipol    =       0, gbsa    =       0, iesp    =       0
     dielc   =   1.00000, cut     =  14.00000, intdiel =   1.00000

Frozen or restrained atoms:
     ibelly  =       0, ntr     =       0

Energy minimization:
     maxcyc  =    1000, ncyc    =     100, ntmin   =       1
     dx0     =   0.01000, drms    =   0.00010

| Intermolecular bonds treatment:
|     no_intermolecular_bonds =       1

| Energy averages sample interval:
|     ene_avg_sampling =       1

Ewald parameters:
     verbose =       0, ew_type =       0, nbflag  =       1, use_pme =       1
     vdwmeth =       1, eedmeth =       1, netfrc  =       0
     Box X =   48.000   Box Y =   48.000   Box Z =   48.000
     Alpha =   90.000   Beta  =   90.000   Gamma =   90.000
     NFFT1 =   32       NFFT2 =   32       NFFT3 =   32
     Cutoff=   14.000   Tol   =0.100E-04
     Ewald Coefficient =  0.19234
     Interpolation order =    4

--------------------------------------------------------------------------------
   3.  ATOMIC COORDINATES AND VELOCITIES
--------------------------------------------------------------------------------

NCYX                                                                            
 begin time read from input coords =     0.000 ps

 
 Number of triangulated 3-point waters found:        0

     Sum of charges from parm topology file =   1.00000000
     Assuming uniform neutralizing plasma

| Dynamic Memory, Types Used:
| Reals              200577
| Integers             4412

| Nonbonded Pairs Initial Allocation:       30495

--------------------------------------------------------------------------------
   4.  RESULTS
--------------------------------------------------------------------------------

 ---------------------------------------------------
 APPROXIMATING switch and d/dx switch using CUBIC SPLINE INTERPOLATION
 using   5000.0 points per unit in tabled values
 TESTING RELATIVE ERROR over r ranging from 0.0 to cutoff
| CHECK switch(x): max rel err =   0.2738E-14   at   2.422500
| CHECK d/dx switch(x): max rel err =   0.7883E-11   at   2.684960
 ---------------------------------------------------
|---------------------------------------------------
| APPROXIMATING direct energy using CUBIC SPLINE INTERPOLATION
|  with   50.0 points per unit in tabled values
| Relative Error Limit not exceeded for r .gt.   2.24
| APPROXIMATING direct force using CUBIC SPLINE INTERPOLATION
|  with   50.0 points per unit in tabled values
| Relative Error Limit not exceeded for r .gt.   2.76
|---------------------------------------------------


   NSTEP       ENERGY          RMS            GMAX         NAME    NUMBER
      1       4.7033E+03     2.8690E+02     1.7136E+03     SG         10

 BOND    =     4413.3225  ANGLE   =       82.4866  DIHED      =       31.3954
 VDWAALS =      246.5518  EEL     =     -158.8613  HBOND      =        0.0000
 1-4 VDW =        8.2615  1-4 EEL =       80.1769  RESTRAINT  =        0.0000


   NSTEP       ENERGY          RMS            GMAX         NAME    NUMBER
    100      -8.3050E+00     3.2185E+00     1.4116E+01     N          35

 BOND    =        2.8313  ANGLE   =       18.1846  DIHED      =       31.3412
 VDWAALS =        1.7410  EEL     =     -145.6892  HBOND      =        0.0000
 1-4 VDW =        7.7886  1-4 EEL =       75.4975  RESTRAINT  =        0.0000


   NSTEP       ENERGY          RMS            GMAX         NAME    NUMBER
    200      -4.0878E+01     1.2482E+00     4.3044E+00     CA         27

 BOND    =        0.8189  ANGLE   =        2.5260  DIHED      =       24.7440
 VDWAALS =       -2.6765  EEL     =     -149.1335  HBOND      =        0.0000
 1-4 VDW =        5.0890  1-4 EEL =       77.7536  RESTRAINT  =        0.0000


   NSTEP       ENERGY          RMS            GMAX         NAME    NUMBER
    300      -4.3885E+01     1.3174E+00     4.8070E+00     N           1

 BOND    =        0.6683  ANGLE   =        2.3609  DIHED      =       24.3127
 VDWAALS =       -2.8163  EEL     =     -151.0809  HBOND      =        0.0000
 1-4 VDW =        5.2953  1-4 EEL =       77.3749  RESTRAINT  =        0.0000


   NSTEP       ENERGY          RMS            GMAX         NAME    NUMBER
    400      -4.5697E+01     7.8800E-01     2.0929E+00     CB         29

 BOND    =        0.6586  ANGLE   =        2.3689  DIHED      =       22.7857
 VDWAALS =       -2.7805  EEL     =     -151.3479  HBOND      =        0.0000
 1-4 VDW =        5.1893  1-4 EEL =       77.4284  RESTRAINT  =        0.0000


   NSTEP       ENERGY          RMS            GMAX         NAME    NUMBER
    500      -4.6751E+01     5.9288E-01     1.8770E+00     H3          4

 BOND    =        0.6978  ANGLE   =        2.4491  DIHED      =       21.4761
 VDWAALS =       -2.8860  EEL     =     -151.2522  HBOND      =        0.0000
 1-4 VDW =        5.0600  1-4 EEL =       77.7043  RESTRAINT  =        0.0000


   NSTEP       ENERGY          RMS            GMAX         NAME    NUMBER
    600      -4.6928E+01     3.6644E-01     1.2129E+00     C          11

 BOND    =        0.6663  ANGLE   =        2.4467  DIHED      =       21.5487
 VDWAALS =       -2.8648  EEL     =     -151.3016  HBOND      =        0.0000
 1-4 VDW =        4.9888  1-4 EEL =       77.5878  RESTRAINT  =        0.0000


   NSTEP       ENERGY          RMS            GMAX         NAME    NUMBER
    700      -4.7041E+01     1.4808E-01     3.7908E-01     HB2         8

 BOND    =        0.6527  ANGLE   =        2.4183  DIHED      =       21.5992
 VDWAALS =       -2.8209  EEL     =     -151.3447  HBOND      =        0.0000
 1-4 VDW =        4.9727  1-4 EEL =       77.4820  RESTRAINT  =        0.0000


   NSTEP       ENERGY          RMS            GMAX         NAME    NUMBER
    800      -4.7136E+01     1.4419E-01     5.4647E-01     HB2         8

 BOND    =        0.6560  ANGLE   =        2.3999  DIHED      =       21.6233
 VDWAALS =       -2.8657  EEL     =     -151.3448  HBOND      =        0.0000
 1-4 VDW =        4.9516  1-4 EEL =       77.4439  RESTRAINT  =        0.0000


   NSTEP       ENERGY          RMS            GMAX         NAME    NUMBER
    900      -4.7224E+01     1.3511E-01     5.7112E-01     HB2         8

 BOND    =        0.6501  ANGLE   =        2.3591  DIHED      =       21.6455
 VDWAALS =       -2.9151  EEL     =     -151.3425  HBOND      =        0.0000
 1-4 VDW =        4.9323  1-4 EEL =       77.4464  RESTRAINT  =        0.0000


   NSTEP       ENERGY          RMS            GMAX         NAME    NUMBER
   1000      -4.7318E+01     1.5414E-01     5.5151E-01     CB          7

 BOND    =        0.6463  ANGLE   =        2.3181  DIHED      =       21.6567
 VDWAALS =       -2.9925  EEL     =     -151.3292  HBOND      =        0.0000
 1-4 VDW =        4.9203  1-4 EEL =       77.4629  RESTRAINT  =        0.0000


  Maximum number of minimization cycles reached.


                    FINAL RESULTS



   NSTEP       ENERGY          RMS            GMAX         NAME    NUMBER
   1000      -4.7318E+01     1.5414E-01     5.5151E-01     CB          7

 BOND    =        0.6463  ANGLE   =        2.3181  DIHED      =       21.6567
 VDWAALS =       -2.9925  EEL     =     -151.3292  HBOND      =        0.0000
 1-4 VDW =        4.9203  1-4 EEL =       77.4629  RESTRAINT  =        0.0000
--------------------------------------------------------------------------------
   5.  TIMINGS
--------------------------------------------------------------------------------

|  NonSetup CPU Time in Major Routines:
|
|     Routine           Sec        %
|     ------------------------------
|     Nonbond           2.18   97.91
|     Bond              0.00    0.13
|     Angle             0.01    0.37
|     Dihedral          0.03    1.35
|     Shake             0.00    0.00
|     Other             0.01    0.23
|     ------------------------------
|     Total             2.22

|  PME Nonbond Pairlist CPU Time:
|
|     Routine              Sec        %
|     ---------------------------------
|     Set Up Cit           0.00    0.01
|     Build List           0.00    0.03
|     ---------------------------------
|     Total                0.00    0.04

|  PME Direct Force CPU Time:
|
|     Routine              Sec        %
|     ---------------------------------
|     NonBonded Calc       0.04    2.01
|     Exclude Masked       0.01    0.67
|     Other                0.01    0.39
|     ---------------------------------
|     Total                0.07    3.06

|  PME Reciprocal Force CPU Time:
|
|     Routine              Sec        %
|     ---------------------------------
|     1D bspline           0.01    0.24
|     Grid Charges         0.09    4.07
|     Scalar Sum           0.85   38.15
|     Gradient Sum         0.02    1.02
|     FFT                  1.14   51.42
|     ---------------------------------
|     Total                2.11   94.90

|  Setup CPU time:            0.05 seconds
|  NonSetup CPU time:         2.22 seconds
|  Total CPU time:            2.27 seconds     0.00 hours

|  Setup wall time:           0    seconds
|  NonSetup wall time:        2    seconds
|  Total wall time:           2    seconds     0.00 hours
