
          -------------------------------------------------------
          Amber 20 PMEMD                              2020
          -------------------------------------------------------

| PMEMD implementation of SANDER, Release 18

|  Compiled date/time: Tue Apr 28 23:52:05 2020
| Run on 05/02/2020 at 16:02:39

|   Executable path: pmemd
| Working directory: /home/cerutti/OpenForceField/Dipeptides/CTerminal/TYR
|          Hostname: Unknown
  [-O]verwriting output

File Assignments:
|   MDIN: ../../min.in                                                          
|  MDOUT: min.out                                                               
| INPCRD: TYR.inpcrd                                                            
|   PARM: TYR.prmtop                                                            
| RESTRT: mincrd                                                                
|   REFC: refc                                                                  
|  MDVEL: mdvel                                                                 
|   MDEN: mden                                                                  
|  MDCRD: mdcrd                                                                 
| MDINFO: mdinfo                                                                
|  MDFRC: mdfrc                                                                 


 Here is the input file:

Initial minimization                                                           
 &cntrl                                                                        
  ntx    = 1,       irest  = 0,       ntrx   = 1,      ntxo   = 1,             
  ntpr   = 100,     ntwx   = 0,       ntwv   = 0,      ntwe   = 0,             
                                                                               
  ntf    = 1,       ntb    = 1,                                                
  ntc    = 1,                                                                  
                                                                               
  cut    = 14.0,                                                               
                                                                               
  imin   = 1,                                                                  
  maxcyc = 1000,                                                               
  ncyc   = 100,                                                                
 &end                                                                          
 &ewald                                                                        
  nfft1 = 32, nfft2 = 32, nfft3 = 32,                                          
 &end                                                                          


Note: ig = -1. Setting random seed to   271268 based on wallclock time in 
      microseconds.
| irandom = 1, using AMBER's internal random number generator (default).
 
 
| Conditional Compilation Defines Used:
| FFTW_FFT
| BINTRAJ
| MKL
| EMIL

| Largest sphere to fit in unit cell has radius =    24.000

| New format PARM file being parsed.
| Version =    1.000 Date = 05/02/20 Time = 16:02:39

| Note: 1-4 EEL scale factors are being read from the topology file.

| Note: 1-4 VDW scale factors are being read from the topology file.
| Duplicated    0 dihedrals

| Duplicated    0 dihedrals

--------------------------------------------------------------------------------
   1.  RESOURCE   USE: 
--------------------------------------------------------------------------------

 getting new box info from bottom of inpcrd
 NATOM  =      28 NTYPES =      10 NBONH =      12 MBONA  =      16
 NTHETH =      25 MTHETA =      21 NPHIH =      59 MPHIA  =      44
 NHPARM =       0 NPARM  =       0 NNB   =     136 NRES   =       2
 NBONA  =      16 NTHETA =      21 NPHIA =      44 NUMBND =      16
 NUMANG =      27 NPTRA  =      27 NATYP =      13 NPHB   =       0
 IFBOX  =       1 NMXRS  =      22 IFCAP =       0 NEXTRA =       0
 NCOPY  =       0

| Coordinate Index Table dimensions:     6    6    6
| Direct force subcell size =     8.0000    8.0000    8.0000

     BOX TYPE: RECTILINEAR

--------------------------------------------------------------------------------
   2.  CONTROL  DATA  FOR  THE  RUN
--------------------------------------------------------------------------------

ACE                                                                             

General flags:
     imin    =       1, nmropt  =       0

Nature and format of input:
     ntx     =       1, irest   =       0, ntrx    =       1

Nature and format of output:
     ntxo    =       1, ntpr    =     100, ntrx    =       1, ntwr    =       1
     iwrap   =       0, ntwx    =       0, ntwv    =       0, ntwe    =       0
     ioutfm  =       1, ntwprt  =       0, idecomp =       0, rbornstat=      0

Potential function:
     ntf     =       1, ntb     =       1, igb     =       0, nsnb    =      25
     ipol    =       0, gbsa    =       0, iesp    =       0
     dielc   =   1.00000, cut     =  14.00000, intdiel =   1.00000

Frozen or restrained atoms:
     ibelly  =       0, ntr     =       0

Energy minimization:
     maxcyc  =    1000, ncyc    =     100, ntmin   =       1
     dx0     =   0.01000, drms    =   0.00010

| Intermolecular bonds treatment:
|     no_intermolecular_bonds =       1

| Energy averages sample interval:
|     ene_avg_sampling =       1

Ewald parameters:
     verbose =       0, ew_type =       0, nbflag  =       1, use_pme =       1
     vdwmeth =       1, eedmeth =       1, netfrc  =       0
     Box X =   48.000   Box Y =   48.000   Box Z =   48.000
     Alpha =   90.000   Beta  =   90.000   Gamma =   90.000
     NFFT1 =   32       NFFT2 =   32       NFFT3 =   32
     Cutoff=   14.000   Tol   =0.100E-04
     Ewald Coefficient =  0.19234
     Interpolation order =    4

--------------------------------------------------------------------------------
   3.  ATOMIC COORDINATES AND VELOCITIES
--------------------------------------------------------------------------------

ACE                                                                             
 begin time read from input coords =     0.000 ps

 
 Number of triangulated 3-point waters found:        0

     Sum of charges from parm topology file =  -1.00000000
     Assuming uniform neutralizing plasma

| Dynamic Memory, Types Used:
| Reals              200255
| Integers             3263

| Nonbonded Pairs Initial Allocation:       21346

--------------------------------------------------------------------------------
   4.  RESULTS
--------------------------------------------------------------------------------

 ---------------------------------------------------
 APPROXIMATING switch and d/dx switch using CUBIC SPLINE INTERPOLATION
 using   5000.0 points per unit in tabled values
 TESTING RELATIVE ERROR over r ranging from 0.0 to cutoff
| CHECK switch(x): max rel err =   0.2738E-14   at   2.422500
| CHECK d/dx switch(x): max rel err =   0.7883E-11   at   2.684960
 ---------------------------------------------------
|---------------------------------------------------
| APPROXIMATING direct energy using CUBIC SPLINE INTERPOLATION
|  with   50.0 points per unit in tabled values
| Relative Error Limit not exceeded for r .gt.   2.24
| APPROXIMATING direct force using CUBIC SPLINE INTERPOLATION
|  with   50.0 points per unit in tabled values
| Relative Error Limit not exceeded for r .gt.   2.76
|---------------------------------------------------


   NSTEP       ENERGY          RMS            GMAX         NAME    NUMBER
      1       6.7839E+02     7.4587E+02     3.5131E+03     OXT        28

 BOND    =        0.8292  ANGLE   =        2.4720  DIHED      =        7.8933
 VDWAALS =      714.0819  EEL     =     -130.5523  HBOND      =        0.0000
 1-4 VDW =       10.0302  1-4 EEL =       73.6322  RESTRAINT  =        0.0000


   NSTEP       ENERGY          RMS            GMAX         NAME    NUMBER
    100      -3.9470E+01     9.2862E-01     2.9148E+00     OH         20

 BOND    =        1.0729  ANGLE   =        3.4929  DIHED      =        8.7219
 VDWAALS =       -0.1322  EEL     =     -133.6643  HBOND      =        0.0000
 1-4 VDW =        7.4583  1-4 EEL =       73.5805  RESTRAINT  =        0.0000


   NSTEP       ENERGY          RMS            GMAX         NAME    NUMBER
    200      -4.4530E+01     1.4190E+00     7.5978E+00     C          26

 BOND    =        0.7253  ANGLE   =        2.6374  DIHED      =        7.7923
 VDWAALS =       -1.9968  EEL     =     -132.0703  HBOND      =        0.0000
 1-4 VDW =        6.1729  1-4 EEL =       72.2090  RESTRAINT  =        0.0000


   NSTEP       ENERGY          RMS            GMAX         NAME    NUMBER
    300      -4.4775E+01     1.9785E-01     5.8084E-01     CA          9

 BOND    =        0.6379  ANGLE   =        2.4597  DIHED      =        7.5872
 VDWAALS =       -1.9164  EEL     =     -131.8406  HBOND      =        0.0000
 1-4 VDW =        6.0913  1-4 EEL =       72.2062  RESTRAINT  =        0.0000


   NSTEP       ENERGY          RMS            GMAX         NAME    NUMBER
    400      -4.4816E+01     1.6755E-01     4.9486E-01     CD2        24

 BOND    =        0.6331  ANGLE   =        2.4680  DIHED      =        7.5545
 VDWAALS =       -1.9271  EEL     =     -131.8175  HBOND      =        0.0000
 1-4 VDW =        6.0855  1-4 EEL =       72.1879  RESTRAINT  =        0.0000


   NSTEP       ENERGY          RMS            GMAX         NAME    NUMBER
    500      -4.4830E+01     5.6954E-02     1.4100E-01     CD2        24

 BOND    =        0.6252  ANGLE   =        2.4655  DIHED      =        7.5283
 VDWAALS =       -1.9390  EEL     =     -131.7614  HBOND      =        0.0000
 1-4 VDW =        6.0829  1-4 EEL =       72.1686  RESTRAINT  =        0.0000


   NSTEP       ENERGY          RMS            GMAX         NAME    NUMBER
    600      -4.4837E+01     5.6305E-02     1.5572E-01     C           5

 BOND    =        0.6163  ANGLE   =        2.4582  DIHED      =        7.5206
 VDWAALS =       -1.9553  EEL     =     -131.7181  HBOND      =        0.0000
 1-4 VDW =        6.0831  1-4 EEL =       72.1584  RESTRAINT  =        0.0000


   NSTEP       ENERGY          RMS            GMAX         NAME    NUMBER
    700      -4.4841E+01     2.1836E-02     5.9002E-02     CD2        24

 BOND    =        0.6212  ANGLE   =        2.4451  DIHED      =        7.5157
 VDWAALS =       -1.9761  EEL     =     -131.6591  HBOND      =        0.0000
 1-4 VDW =        6.0791  1-4 EEL =       72.1329  RESTRAINT  =        0.0000


   NSTEP       ENERGY          RMS            GMAX         NAME    NUMBER
    800      -4.4847E+01     1.6623E-02     5.7161E-02     CA          9

 BOND    =        0.6155  ANGLE   =        2.4189  DIHED      =        7.5075
 VDWAALS =       -2.0083  EEL     =     -131.5720  HBOND      =        0.0000
 1-4 VDW =        6.0802  1-4 EEL =       72.1108  RESTRAINT  =        0.0000


   NSTEP       ENERGY          RMS            GMAX         NAME    NUMBER
    900      -4.4849E+01     1.4329E-02     4.1037E-02     N           7

 BOND    =        0.6119  ANGLE   =        2.4085  DIHED      =        7.5079
 VDWAALS =       -2.0212  EEL     =     -131.5405  HBOND      =        0.0000
 1-4 VDW =        6.0814  1-4 EEL =       72.1032  RESTRAINT  =        0.0000


   NSTEP       ENERGY          RMS            GMAX         NAME    NUMBER
   1000      -4.4850E+01     8.0465E-03     2.2747E-02     C           5

 BOND    =        0.6133  ANGLE   =        2.3985  DIHED      =        7.5068
 VDWAALS =       -2.0321  EEL     =     -131.5127  HBOND      =        0.0000
 1-4 VDW =        6.0805  1-4 EEL =       72.0959  RESTRAINT  =        0.0000


  Maximum number of minimization cycles reached.


                    FINAL RESULTS



   NSTEP       ENERGY          RMS            GMAX         NAME    NUMBER
   1000      -4.4850E+01     8.0465E-03     2.2747E-02     C           5

 BOND    =        0.6133  ANGLE   =        2.3985  DIHED      =        7.5068
 VDWAALS =       -2.0321  EEL     =     -131.5127  HBOND      =        0.0000
 1-4 VDW =        6.0805  1-4 EEL =       72.0959  RESTRAINT  =        0.0000
--------------------------------------------------------------------------------
   5.  TIMINGS
--------------------------------------------------------------------------------

|  NonSetup CPU Time in Major Routines:
|
|     Routine           Sec        %
|     ------------------------------
|     Nonbond           2.15   98.34
|     Bond              0.00    0.11
|     Angle             0.01    0.28
|     Dihedral          0.02    1.05
|     Shake             0.00    0.00
|     Other             0.00    0.22
|     ------------------------------
|     Total             2.18

|  PME Nonbond Pairlist CPU Time:
|
|     Routine              Sec        %
|     ---------------------------------
|     Set Up Cit           0.00    0.01
|     Build List           0.00    0.05
|     ---------------------------------
|     Total                0.00    0.06

|  PME Direct Force CPU Time:
|
|     Routine              Sec        %
|     ---------------------------------
|     NonBonded Calc       0.02    1.02
|     Exclude Masked       0.01    0.50
|     Other                0.01    0.38
|     ---------------------------------
|     Total                0.04    1.90

|  PME Reciprocal Force CPU Time:
|
|     Routine              Sec        %
|     ---------------------------------
|     1D bspline           0.00    0.19
|     Grid Charges         0.09    3.99
|     Scalar Sum           0.85   38.87
|     Gradient Sum         0.02    0.75
|     FFT                  1.15   52.68
|     ---------------------------------
|     Total                2.11   96.48

|  Setup CPU time:            0.04 seconds
|  NonSetup CPU time:         2.18 seconds
|  Total CPU time:            2.22 seconds     0.00 hours

|  Setup wall time:           0    seconds
|  NonSetup wall time:        3    seconds
|  Total wall time:           3    seconds     0.00 hours
