
          -------------------------------------------------------
          Amber 20 PMEMD                              2020
          -------------------------------------------------------

| PMEMD implementation of SANDER, Release 18

|  Compiled date/time: Tue Apr 28 23:52:05 2020
| Run on 05/02/2020 at 19:24:37

|   Executable path: pmemd
| Working directory: /home/cerutti/OpenForceField/Dipeptides/NTerminal/ASN
|          Hostname: Unknown
  [-O]verwriting output

File Assignments:
|   MDIN: ../../min.in                                                          
|  MDOUT: min.out                                                               
| INPCRD: ASN.inpcrd                                                            
|   PARM: ASN.prmtop                                                            
| RESTRT: mincrd                                                                
|   REFC: refc                                                                  
|  MDVEL: mdvel                                                                 
|   MDEN: mden                                                                  
|  MDCRD: mdcrd                                                                 
| MDINFO: mdinfo                                                                
|  MDFRC: mdfrc                                                                 


 Here is the input file:

Initial minimization                                                           
 &cntrl                                                                        
  ntx    = 1,       irest  = 0,       ntrx   = 1,      ntxo   = 1,             
  ntpr   = 100,     ntwx   = 0,       ntwv   = 0,      ntwe   = 0,             
                                                                               
  ntf    = 1,       ntb    = 1,                                                
  ntc    = 1,                                                                  
                                                                               
  cut    = 14.0,                                                               
                                                                               
  imin   = 1,                                                                  
  maxcyc = 1000,                                                               
  ncyc   = 100,                                                                
 &end                                                                          
 &ewald                                                                        
  nfft1 = 32, nfft2 = 32, nfft3 = 32,                                          
 &end                                                                          


Note: ig = -1. Setting random seed to   671857 based on wallclock time in 
      microseconds.
| irandom = 1, using AMBER's internal random number generator (default).
 
 
| Conditional Compilation Defines Used:
| FFTW_FFT
| BINTRAJ
| MKL
| EMIL

| Largest sphere to fit in unit cell has radius =    24.000

| New format PARM file being parsed.
| Version =    1.000 Date = 05/02/20 Time = 19:24:37

| Note: 1-4 EEL scale factors are being read from the topology file.

| Note: 1-4 VDW scale factors are being read from the topology file.
| Duplicated    0 dihedrals

| Duplicated    0 dihedrals

--------------------------------------------------------------------------------
   1.  RESOURCE   USE: 
--------------------------------------------------------------------------------

 getting new box info from bottom of inpcrd
 NATOM  =      22 NTYPES =       8 NBONH =      12 MBONA  =       9
 NTHETH =      25 MTHETA =      11 NPHIH =      43 MPHIA  =      24
 NHPARM =       0 NPARM  =       0 NNB   =     103 NRES   =       2
 NBONA  =       9 NTHETA =      11 NPHIA =      24 NUMBND =      12
 NUMANG =      23 NPTRA  =      25 NATYP =      11 NPHB   =       0
 IFBOX  =       1 NMXRS  =      16 IFCAP =       0 NEXTRA =       0
 NCOPY  =       0

| Coordinate Index Table dimensions:     6    6    6
| Direct force subcell size =     8.0000    8.0000    8.0000

     BOX TYPE: RECTILINEAR

--------------------------------------------------------------------------------
   2.  CONTROL  DATA  FOR  THE  RUN
--------------------------------------------------------------------------------

NASN                                                                            

General flags:
     imin    =       1, nmropt  =       0

Nature and format of input:
     ntx     =       1, irest   =       0, ntrx    =       1

Nature and format of output:
     ntxo    =       1, ntpr    =     100, ntrx    =       1, ntwr    =       1
     iwrap   =       0, ntwx    =       0, ntwv    =       0, ntwe    =       0
     ioutfm  =       1, ntwprt  =       0, idecomp =       0, rbornstat=      0

Potential function:
     ntf     =       1, ntb     =       1, igb     =       0, nsnb    =      25
     ipol    =       0, gbsa    =       0, iesp    =       0
     dielc   =   1.00000, cut     =  14.00000, intdiel =   1.00000

Frozen or restrained atoms:
     ibelly  =       0, ntr     =       0

Energy minimization:
     maxcyc  =    1000, ncyc    =     100, ntmin   =       1
     dx0     =   0.01000, drms    =   0.00010

| Intermolecular bonds treatment:
|     no_intermolecular_bonds =       1

| Energy averages sample interval:
|     ene_avg_sampling =       1

Ewald parameters:
     verbose =       0, ew_type =       0, nbflag  =       1, use_pme =       1
     vdwmeth =       1, eedmeth =       1, netfrc  =       0
     Box X =   48.000   Box Y =   48.000   Box Z =   48.000
     Alpha =   90.000   Beta  =   90.000   Gamma =   90.000
     NFFT1 =   32       NFFT2 =   32       NFFT3 =   32
     Cutoff=   14.000   Tol   =0.100E-04
     Ewald Coefficient =  0.19234
     Interpolation order =    4

--------------------------------------------------------------------------------
   3.  ATOMIC COORDINATES AND VELOCITIES
--------------------------------------------------------------------------------

NASN                                                                            
 begin time read from input coords =     0.000 ps

 
 Number of triangulated 3-point waters found:        0

     Sum of charges from parm topology file =   1.00000000
     Assuming uniform neutralizing plasma

| Dynamic Memory, Types Used:
| Reals              200018
| Integers             2343

| Nonbonded Pairs Initial Allocation:       16772

--------------------------------------------------------------------------------
   4.  RESULTS
--------------------------------------------------------------------------------

 ---------------------------------------------------
 APPROXIMATING switch and d/dx switch using CUBIC SPLINE INTERPOLATION
 using   5000.0 points per unit in tabled values
 TESTING RELATIVE ERROR over r ranging from 0.0 to cutoff
| CHECK switch(x): max rel err =   0.2738E-14   at   2.422500
| CHECK d/dx switch(x): max rel err =   0.7883E-11   at   2.684960
 ---------------------------------------------------
|---------------------------------------------------
| APPROXIMATING direct energy using CUBIC SPLINE INTERPOLATION
|  with   50.0 points per unit in tabled values
| Relative Error Limit not exceeded for r .gt.   2.24
| APPROXIMATING direct force using CUBIC SPLINE INTERPOLATION
|  with   50.0 points per unit in tabled values
| Relative Error Limit not exceeded for r .gt.   2.76
|---------------------------------------------------


   NSTEP       ENERGY          RMS            GMAX         NAME    NUMBER
      1       1.2963E+03     2.5954E+03     1.1024E+04     OD1        11

 BOND    =        0.1779  ANGLE   =        2.0088  DIHED      =       13.8355
 VDWAALS =     1378.4865  EEL     =     -131.3036  HBOND      =        0.0000
 1-4 VDW =        5.1028  1-4 EEL =       27.9751  RESTRAINT  =        0.0000


   NSTEP       ENERGY          RMS            GMAX         NAME    NUMBER
    100      -7.1745E+01     9.6421E-01     3.8305E+00     C          15

 BOND    =        0.6840  ANGLE   =        2.2665  DIHED      =       14.0628
 VDWAALS =        0.6549  EEL     =     -114.4024  HBOND      =        0.0000
 1-4 VDW =        3.7176  1-4 EEL =       21.2716  RESTRAINT  =        0.0000


   NSTEP       ENERGY          RMS            GMAX         NAME    NUMBER
    200      -7.2763E+01     4.6302E-01     1.2699E+00     OD1        11

 BOND    =        0.5473  ANGLE   =        1.8919  DIHED      =       13.9258
 VDWAALS =       -0.1593  EEL     =     -114.8749  HBOND      =        0.0000
 1-4 VDW =        3.8546  1-4 EEL =       22.0513  RESTRAINT  =        0.0000


   NSTEP       ENERGY          RMS            GMAX         NAME    NUMBER
    300      -7.4461E+01     5.4812E-01     1.8831E+00     CB          7

 BOND    =        0.5651  ANGLE   =        1.7627  DIHED      =       11.6983
 VDWAALS =       -0.2879  EEL     =     -113.9569  HBOND      =        0.0000
 1-4 VDW =        3.8363  1-4 EEL =       21.9211  RESTRAINT  =        0.0000


   NSTEP       ENERGY          RMS            GMAX         NAME    NUMBER
    400      -7.4855E+01     1.0489E-01     2.7803E-01     HD21       13

 BOND    =        0.5489  ANGLE   =        1.7828  DIHED      =       11.4201
 VDWAALS =       -0.4812  EEL     =     -113.8289  HBOND      =        0.0000
 1-4 VDW =        3.8247  1-4 EEL =       21.8788  RESTRAINT  =        0.0000


   NSTEP       ENERGY          RMS            GMAX         NAME    NUMBER
    500      -7.4886E+01     8.8450E-02     2.0506E-01     CB          7

 BOND    =        0.5450  ANGLE   =        1.7598  DIHED      =       11.4407
 VDWAALS =       -0.5122  EEL     =     -113.8655  HBOND      =        0.0000
 1-4 VDW =        3.8491  1-4 EEL =       21.8975  RESTRAINT  =        0.0000


   NSTEP       ENERGY          RMS            GMAX         NAME    NUMBER
    600      -7.4915E+01     1.0842E-01     2.9512E-01     CB          7

 BOND    =        0.5481  ANGLE   =        1.7456  DIHED      =       11.4428
 VDWAALS =       -0.5442  EEL     =     -113.8565  HBOND      =        0.0000
 1-4 VDW =        3.8561  1-4 EEL =       21.8936  RESTRAINT  =        0.0000


   NSTEP       ENERGY          RMS            GMAX         NAME    NUMBER
    700      -7.4940E+01     1.0443E-01     4.2646E-01     CA          5

 BOND    =        0.5448  ANGLE   =        1.7427  DIHED      =       11.4406
 VDWAALS =       -0.5767  EEL     =     -113.8370  HBOND      =        0.0000
 1-4 VDW =        3.8671  1-4 EEL =       21.8783  RESTRAINT  =        0.0000


   NSTEP       ENERGY          RMS            GMAX         NAME    NUMBER
    800      -7.4953E+01     5.1230E-02     1.4182E-01     N           1

 BOND    =        0.5510  ANGLE   =        1.7551  DIHED      =       11.4384
 VDWAALS =       -0.5923  EEL     =     -113.8300  HBOND      =        0.0000
 1-4 VDW =        3.8656  1-4 EEL =       21.8594  RESTRAINT  =        0.0000


   NSTEP       ENERGY          RMS            GMAX         NAME    NUMBER
    900      -7.4967E+01     4.4605E-02     1.5475E-01     CG         10

 BOND    =        0.5520  ANGLE   =        1.7854  DIHED      =       11.4305
 VDWAALS =       -0.6071  EEL     =     -113.8310  HBOND      =        0.0000
 1-4 VDW =        3.8599  1-4 EEL =       21.8433  RESTRAINT  =        0.0000


   NSTEP       ENERGY          RMS            GMAX         NAME    NUMBER
   1000      -7.4972E+01     5.5999E-02     1.8296E-01     CH3        19

 BOND    =        0.5522  ANGLE   =        1.7879  DIHED      =       11.4308
 VDWAALS =       -0.6146  EEL     =     -113.8264  HBOND      =        0.0000
 1-4 VDW =        3.8678  1-4 EEL =       21.8308  RESTRAINT  =        0.0000


  Maximum number of minimization cycles reached.


                    FINAL RESULTS



   NSTEP       ENERGY          RMS            GMAX         NAME    NUMBER
   1000      -7.4972E+01     5.5999E-02     1.8296E-01     CH3        19

 BOND    =        0.5522  ANGLE   =        1.7879  DIHED      =       11.4308
 VDWAALS =       -0.6146  EEL     =     -113.8264  HBOND      =        0.0000
 1-4 VDW =        3.8678  1-4 EEL =       21.8308  RESTRAINT  =        0.0000
--------------------------------------------------------------------------------
   5.  TIMINGS
--------------------------------------------------------------------------------

|  NonSetup CPU Time in Major Routines:
|
|     Routine           Sec        %
|     ------------------------------
|     Nonbond           2.13   98.73
|     Bond              0.00    0.10
|     Angle             0.00    0.23
|     Dihedral          0.02    0.72
|     Shake             0.00    0.00
|     Other             0.00    0.22
|     ------------------------------
|     Total             2.16

|  PME Nonbond Pairlist CPU Time:
|
|     Routine              Sec        %
|     ---------------------------------
|     Set Up Cit           0.00    0.01
|     Build List           0.00    0.03
|     ---------------------------------
|     Total                0.00    0.04

|  PME Direct Force CPU Time:
|
|     Routine              Sec        %
|     ---------------------------------
|     NonBonded Calc       0.01    0.66
|     Exclude Masked       0.01    0.39
|     Other                0.01    0.38
|     ---------------------------------
|     Total                0.03    1.42

|  PME Reciprocal Force CPU Time:
|
|     Routine              Sec        %
|     ---------------------------------
|     1D bspline           0.00    0.17
|     Grid Charges         0.09    3.97
|     Scalar Sum           0.85   39.28
|     Gradient Sum         0.01    0.62
|     FFT                  1.15   53.33
|     ---------------------------------
|     Total                2.10   97.37

|  Setup CPU time:            0.04 seconds
|  NonSetup CPU time:         2.16 seconds
|  Total CPU time:            2.20 seconds     0.00 hours

|  Setup wall time:           0    seconds
|  NonSetup wall time:        2    seconds
|  Total wall time:           2    seconds     0.00 hours
