
          -------------------------------------------------------
          Amber 20 PMEMD                              2020
          -------------------------------------------------------

| PMEMD implementation of SANDER, Release 18

|  Compiled date/time: Tue Apr 28 23:52:05 2020
| Run on 05/02/2020 at 16:01:06

|   Executable path: pmemd
| Working directory: /home/cerutti/OpenForceField/Dipeptides/MainChain/GLU
|          Hostname: Unknown
  [-O]verwriting output

File Assignments:
|   MDIN: ../../min.in                                                          
|  MDOUT: min.out                                                               
| INPCRD: GLU.inpcrd                                                            
|   PARM: GLU.prmtop                                                            
| RESTRT: mincrd                                                                
|   REFC: refc                                                                  
|  MDVEL: mdvel                                                                 
|   MDEN: mden                                                                  
|  MDCRD: mdcrd                                                                 
| MDINFO: mdinfo                                                                
|  MDFRC: mdfrc                                                                 


 Here is the input file:

Initial minimization                                                           
 &cntrl                                                                        
  ntx    = 1,       irest  = 0,       ntrx   = 1,      ntxo   = 1,             
  ntpr   = 100,     ntwx   = 0,       ntwv   = 0,      ntwe   = 0,             
                                                                               
  ntf    = 1,       ntb    = 1,                                                
  ntc    = 1,                                                                  
                                                                               
  cut    = 14.0,                                                               
                                                                               
  imin   = 1,                                                                  
  maxcyc = 1000,                                                               
  ncyc   = 100,                                                                
 &end                                                                          
 &ewald                                                                        
  nfft1 = 32, nfft2 = 32, nfft3 = 32,                                          
 &end                                                                          


Note: ig = -1. Setting random seed to   780224 based on wallclock time in 
      microseconds.
| irandom = 1, using AMBER's internal random number generator (default).
 
 
| Conditional Compilation Defines Used:
| FFTW_FFT
| BINTRAJ
| MKL
| EMIL

| Largest sphere to fit in unit cell has radius =    24.000

| New format PARM file being parsed.
| Version =    1.000 Date = 05/02/20 Time = 16:01:06

| Note: 1-4 EEL scale factors are being read from the topology file.

| Note: 1-4 VDW scale factors are being read from the topology file.
| Duplicated    0 dihedrals

| Duplicated    0 dihedrals

--------------------------------------------------------------------------------
   1.  RESOURCE   USE: 
--------------------------------------------------------------------------------

 getting new box info from bottom of inpcrd
 NATOM  =      27 NTYPES =       7 NBONH =      13 MBONA  =      13
 NTHETH =      29 MTHETA =      16 NPHIH =      53 MPHIA  =      41
 NHPARM =       0 NPARM  =       0 NNB   =     129 NRES   =       3
 NBONA  =      13 NTHETA =      16 NPHIA =      41 NUMBND =      15
 NUMANG =      28 NPTRA  =      35 NATYP =      11 NPHB   =       0
 IFBOX  =       1 NMXRS  =      15 IFCAP =       0 NEXTRA =       0
 NCOPY  =       0

| Coordinate Index Table dimensions:     6    6    6
| Direct force subcell size =     8.0000    8.0000    8.0000

     BOX TYPE: RECTILINEAR

--------------------------------------------------------------------------------
   2.  CONTROL  DATA  FOR  THE  RUN
--------------------------------------------------------------------------------

ACE                                                                             

General flags:
     imin    =       1, nmropt  =       0

Nature and format of input:
     ntx     =       1, irest   =       0, ntrx    =       1

Nature and format of output:
     ntxo    =       1, ntpr    =     100, ntrx    =       1, ntwr    =       1
     iwrap   =       0, ntwx    =       0, ntwv    =       0, ntwe    =       0
     ioutfm  =       1, ntwprt  =       0, idecomp =       0, rbornstat=      0

Potential function:
     ntf     =       1, ntb     =       1, igb     =       0, nsnb    =      25
     ipol    =       0, gbsa    =       0, iesp    =       0
     dielc   =   1.00000, cut     =  14.00000, intdiel =   1.00000

Frozen or restrained atoms:
     ibelly  =       0, ntr     =       0

Energy minimization:
     maxcyc  =    1000, ncyc    =     100, ntmin   =       1
     dx0     =   0.01000, drms    =   0.00010

| Intermolecular bonds treatment:
|     no_intermolecular_bonds =       1

| Energy averages sample interval:
|     ene_avg_sampling =       1

Ewald parameters:
     verbose =       0, ew_type =       0, nbflag  =       1, use_pme =       1
     vdwmeth =       1, eedmeth =       1, netfrc  =       0
     Box X =   48.000   Box Y =   48.000   Box Z =   48.000
     Alpha =   90.000   Beta  =   90.000   Gamma =   90.000
     NFFT1 =   32       NFFT2 =   32       NFFT3 =   32
     Cutoff=   14.000   Tol   =0.100E-04
     Ewald Coefficient =  0.19234
     Interpolation order =    4

--------------------------------------------------------------------------------
   3.  ATOMIC COORDINATES AND VELOCITIES
--------------------------------------------------------------------------------

ACE                                                                             
 begin time read from input coords =     0.000 ps

 
 Number of triangulated 3-point waters found:        0

     Sum of charges from parm topology file =  -1.00000000
     Assuming uniform neutralizing plasma

| Dynamic Memory, Types Used:
| Reals              200212
| Integers             3016

| Nonbonded Pairs Initial Allocation:       20584

--------------------------------------------------------------------------------
   4.  RESULTS
--------------------------------------------------------------------------------

 ---------------------------------------------------
 APPROXIMATING switch and d/dx switch using CUBIC SPLINE INTERPOLATION
 using   5000.0 points per unit in tabled values
 TESTING RELATIVE ERROR over r ranging from 0.0 to cutoff
| CHECK switch(x): max rel err =   0.2738E-14   at   2.422500
| CHECK d/dx switch(x): max rel err =   0.7883E-11   at   2.684960
 ---------------------------------------------------
|---------------------------------------------------
| APPROXIMATING direct energy using CUBIC SPLINE INTERPOLATION
|  with   50.0 points per unit in tabled values
| Relative Error Limit not exceeded for r .gt.   2.24
| APPROXIMATING direct force using CUBIC SPLINE INTERPOLATION
|  with   50.0 points per unit in tabled values
| Relative Error Limit not exceeded for r .gt.   2.76
|---------------------------------------------------


   NSTEP       ENERGY          RMS            GMAX         NAME    NUMBER
      1       9.4642E+01     1.0765E+02     4.7878E+02     HG2        15

 BOND    =        0.2391  ANGLE   =        0.4187  DIHED      =       16.5863
 VDWAALS =      109.3618  EEL     =      -85.4891  HBOND      =        0.0000
 1-4 VDW =        6.7832  1-4 EEL =       46.7417  RESTRAINT  =        0.0000


   NSTEP       ENERGY          RMS            GMAX         NAME    NUMBER
    100      -1.6129E+01     7.0276E-01     2.7086E+00     O           6

 BOND    =        0.8843  ANGLE   =        2.0238  DIHED      =       17.1765
 VDWAALS =       -0.2494  EEL     =      -85.2215  HBOND      =        0.0000
 1-4 VDW =        3.6957  1-4 EEL =       45.5621  RESTRAINT  =        0.0000


   NSTEP       ENERGY          RMS            GMAX         NAME    NUMBER
    200      -1.9980E+01     5.9437E-01     2.3010E+00     CG         14

 BOND    =        0.6554  ANGLE   =        1.3351  DIHED      =       15.9576
 VDWAALS =       -1.8410  EEL     =      -84.6581  HBOND      =        0.0000
 1-4 VDW =        3.7127  1-4 EEL =       44.8581  RESTRAINT  =        0.0000


   NSTEP       ENERGY          RMS            GMAX         NAME    NUMBER
    300      -2.0728E+01     5.4718E-01     2.2165E+00     CD         17

 BOND    =        0.6369  ANGLE   =        1.2326  DIHED      =       15.4255
 VDWAALS =       -1.9051  EEL     =      -84.7726  HBOND      =        0.0000
 1-4 VDW =        3.8696  1-4 EEL =       44.7854  RESTRAINT  =        0.0000


   NSTEP       ENERGY          RMS            GMAX         NAME    NUMBER
    400      -2.1108E+01     2.2804E-01     8.4078E-01     CA          9

 BOND    =        0.6340  ANGLE   =        1.1796  DIHED      =       15.1402
 VDWAALS =       -1.8966  EEL     =      -84.9281  HBOND      =        0.0000
 1-4 VDW =        4.0138  1-4 EEL =       44.7493  RESTRAINT  =        0.0000


   NSTEP       ENERGY          RMS            GMAX         NAME    NUMBER
    500      -2.1238E+01     2.7510E-01     7.4153E-01     CG         14

 BOND    =        0.6215  ANGLE   =        1.2094  DIHED      =       15.0467
 VDWAALS =       -1.9175  EEL     =      -84.9679  HBOND      =        0.0000
 1-4 VDW =        4.0449  1-4 EEL =       44.7249  RESTRAINT  =        0.0000


   NSTEP       ENERGY          RMS            GMAX         NAME    NUMBER
    600      -2.1289E+01     6.5509E-02     1.6640E-01     C          20

 BOND    =        0.6098  ANGLE   =        1.2251  DIHED      =       15.0127
 VDWAALS =       -1.9335  EEL     =      -85.0014  HBOND      =        0.0000
 1-4 VDW =        4.0560  1-4 EEL =       44.7426  RESTRAINT  =        0.0000


   NSTEP       ENERGY          RMS            GMAX         NAME    NUMBER
    700      -2.1314E+01     7.4828E-02     3.3404E-01     CB         11

 BOND    =        0.6074  ANGLE   =        1.2354  DIHED      =       15.0009
 VDWAALS =       -1.9435  EEL     =      -85.0229  HBOND      =        0.0000
 1-4 VDW =        4.0685  1-4 EEL =       44.7403  RESTRAINT  =        0.0000


   NSTEP       ENERGY          RMS            GMAX         NAME    NUMBER
    800      -2.1328E+01     2.8571E-02     1.2383E-01     CD         17

 BOND    =        0.6044  ANGLE   =        1.2437  DIHED      =       14.9983
 VDWAALS =       -1.9527  EEL     =      -85.0356  HBOND      =        0.0000
 1-4 VDW =        4.0730  1-4 EEL =       44.7409  RESTRAINT  =        0.0000


   NSTEP       ENERGY          RMS            GMAX         NAME    NUMBER
    900      -2.1333E+01     2.5532E-02     5.3230E-02     CG         14

 BOND    =        0.6057  ANGLE   =        1.2494  DIHED      =       15.0002
 VDWAALS =       -1.9585  EEL     =      -85.0331  HBOND      =        0.0000
 1-4 VDW =        4.0707  1-4 EEL =       44.7325  RESTRAINT  =        0.0000


   NSTEP       ENERGY          RMS            GMAX         NAME    NUMBER
   1000      -2.1336E+01     3.0288E-02     7.6898E-02     CD         17

 BOND    =        0.6048  ANGLE   =        1.2501  DIHED      =       15.0023
 VDWAALS =       -1.9621  EEL     =      -85.0388  HBOND      =        0.0000
 1-4 VDW =        4.0697  1-4 EEL =       44.7381  RESTRAINT  =        0.0000


  Maximum number of minimization cycles reached.


                    FINAL RESULTS



   NSTEP       ENERGY          RMS            GMAX         NAME    NUMBER
   1000      -2.1336E+01     3.0288E-02     7.6898E-02     CD         17

 BOND    =        0.6048  ANGLE   =        1.2501  DIHED      =       15.0023
 VDWAALS =       -1.9621  EEL     =      -85.0388  HBOND      =        0.0000
 1-4 VDW =        4.0697  1-4 EEL =       44.7381  RESTRAINT  =        0.0000
--------------------------------------------------------------------------------
   5.  TIMINGS
--------------------------------------------------------------------------------

|  NonSetup CPU Time in Major Routines:
|
|     Routine           Sec        %
|     ------------------------------
|     Nonbond           2.15   98.43
|     Bond              0.00    0.11
|     Angle             0.01    0.27
|     Dihedral          0.02    0.98
|     Shake             0.00    0.00
|     Other             0.00    0.22
|     ------------------------------
|     Total             2.18

|  PME Nonbond Pairlist CPU Time:
|
|     Routine              Sec        %
|     ---------------------------------
|     Set Up Cit           0.00    0.01
|     Build List           0.00    0.03
|     ---------------------------------
|     Total                0.00    0.04

|  PME Direct Force CPU Time:
|
|     Routine              Sec        %
|     ---------------------------------
|     NonBonded Calc       0.02    0.96
|     Exclude Masked       0.01    0.47
|     Other                0.01    0.38
|     ---------------------------------
|     Total                0.04    1.81

|  PME Reciprocal Force CPU Time:
|
|     Routine              Sec        %
|     ---------------------------------
|     1D bspline           0.00    0.18
|     Grid Charges         0.09    3.98
|     Scalar Sum           0.85   38.86
|     Gradient Sum         0.02    0.73
|     FFT                  1.15   52.92
|     ---------------------------------
|     Total                2.11   96.67

|  Setup CPU time:            0.04 seconds
|  NonSetup CPU time:         2.18 seconds
|  Total CPU time:            2.22 seconds     0.00 hours

|  Setup wall time:           0    seconds
|  NonSetup wall time:        2    seconds
|  Total wall time:           2    seconds     0.00 hours
