
          -------------------------------------------------------
          Amber 20 PMEMD                              2020
          -------------------------------------------------------

| PMEMD implementation of SANDER, Release 18

|  Compiled date/time: Tue Apr 28 23:52:05 2020
| Run on 05/02/2020 at 16:01:30

|   Executable path: pmemd
| Working directory: /home/cerutti/OpenForceField/Dipeptides/MainChain/PHE
|          Hostname: Unknown
  [-O]verwriting output

File Assignments:
|   MDIN: ../../min.in                                                          
|  MDOUT: min.out                                                               
| INPCRD: PHE.inpcrd                                                            
|   PARM: PHE.prmtop                                                            
| RESTRT: mincrd                                                                
|   REFC: refc                                                                  
|  MDVEL: mdvel                                                                 
|   MDEN: mden                                                                  
|  MDCRD: mdcrd                                                                 
| MDINFO: mdinfo                                                                
|  MDFRC: mdfrc                                                                 


 Here is the input file:

Initial minimization                                                           
 &cntrl                                                                        
  ntx    = 1,       irest  = 0,       ntrx   = 1,      ntxo   = 1,             
  ntpr   = 100,     ntwx   = 0,       ntwv   = 0,      ntwe   = 0,             
                                                                               
  ntf    = 1,       ntb    = 1,                                                
  ntc    = 1,                                                                  
                                                                               
  cut    = 14.0,                                                               
                                                                               
  imin   = 1,                                                                  
  maxcyc = 1000,                                                               
  ncyc   = 100,                                                                
 &end                                                                          
 &ewald                                                                        
  nfft1 = 32, nfft2 = 32, nfft3 = 32,                                          
 &end                                                                          


Note: ig = -1. Setting random seed to   187939 based on wallclock time in 
      microseconds.
| irandom = 1, using AMBER's internal random number generator (default).
 
 
| Conditional Compilation Defines Used:
| FFTW_FFT
| BINTRAJ
| MKL
| EMIL

| Largest sphere to fit in unit cell has radius =    24.000

| New format PARM file being parsed.
| Version =    1.000 Date = 05/02/20 Time = 16:01:30

| Note: 1-4 EEL scale factors are being read from the topology file.

| Note: 1-4 VDW scale factors are being read from the topology file.
| Duplicated    0 dihedrals

| Duplicated    0 dihedrals

--------------------------------------------------------------------------------
   1.  RESOURCE   USE: 
--------------------------------------------------------------------------------

 getting new box info from bottom of inpcrd
 NATOM  =      32 NTYPES =       8 NBONH =      16 MBONA  =      16
 NTHETH =      34 MTHETA =      20 NPHIH =      66 MPHIA  =      49
 NHPARM =       0 NPARM  =       0 NNB   =     156 NRES   =       3
 NBONA  =      16 NTHETA =      20 NPHIA =      49 NUMBND =      14
 NUMANG =      26 NPTRA  =      31 NATYP =      10 NPHB   =       0
 IFBOX  =       1 NMXRS  =      20 IFCAP =       0 NEXTRA =       0
 NCOPY  =       0

| Coordinate Index Table dimensions:     6    6    6
| Direct force subcell size =     8.0000    8.0000    8.0000

     BOX TYPE: RECTILINEAR

--------------------------------------------------------------------------------
   2.  CONTROL  DATA  FOR  THE  RUN
--------------------------------------------------------------------------------

ACE                                                                             

General flags:
     imin    =       1, nmropt  =       0

Nature and format of input:
     ntx     =       1, irest   =       0, ntrx    =       1

Nature and format of output:
     ntxo    =       1, ntpr    =     100, ntrx    =       1, ntwr    =       1
     iwrap   =       0, ntwx    =       0, ntwv    =       0, ntwe    =       0
     ioutfm  =       1, ntwprt  =       0, idecomp =       0, rbornstat=      0

Potential function:
     ntf     =       1, ntb     =       1, igb     =       0, nsnb    =      25
     ipol    =       0, gbsa    =       0, iesp    =       0
     dielc   =   1.00000, cut     =  14.00000, intdiel =   1.00000

Frozen or restrained atoms:
     ibelly  =       0, ntr     =       0

Energy minimization:
     maxcyc  =    1000, ncyc    =     100, ntmin   =       1
     dx0     =   0.01000, drms    =   0.00010

| Intermolecular bonds treatment:
|     no_intermolecular_bonds =       1

| Energy averages sample interval:
|     ene_avg_sampling =       1

Ewald parameters:
     verbose =       0, ew_type =       0, nbflag  =       1, use_pme =       1
     vdwmeth =       1, eedmeth =       1, netfrc  =       0
     Box X =   48.000   Box Y =   48.000   Box Z =   48.000
     Alpha =   90.000   Beta  =   90.000   Gamma =   90.000
     NFFT1 =   32       NFFT2 =   32       NFFT3 =   32
     Cutoff=   14.000   Tol   =0.100E-04
     Ewald Coefficient =  0.19234
     Interpolation order =    4

--------------------------------------------------------------------------------
   3.  ATOMIC COORDINATES AND VELOCITIES
--------------------------------------------------------------------------------

ACE                                                                             
 begin time read from input coords =     0.000 ps

 
 Number of triangulated 3-point waters found:        0

     Sum of charges from parm topology file =  -0.00000000
     Forcing neutrality...

| Dynamic Memory, Types Used:
| Reals              200304
| Integers             3651

| Nonbonded Pairs Initial Allocation:       24396

--------------------------------------------------------------------------------
   4.  RESULTS
--------------------------------------------------------------------------------

 ---------------------------------------------------
 APPROXIMATING switch and d/dx switch using CUBIC SPLINE INTERPOLATION
 using   5000.0 points per unit in tabled values
 TESTING RELATIVE ERROR over r ranging from 0.0 to cutoff
| CHECK switch(x): max rel err =   0.2738E-14   at   2.422500
| CHECK d/dx switch(x): max rel err =   0.7883E-11   at   2.684960
 ---------------------------------------------------
|---------------------------------------------------
| APPROXIMATING direct energy using CUBIC SPLINE INTERPOLATION
|  with   50.0 points per unit in tabled values
| Relative Error Limit not exceeded for r .gt.   2.24
| APPROXIMATING direct force using CUBIC SPLINE INTERPOLATION
|  with   50.0 points per unit in tabled values
| Relative Error Limit not exceeded for r .gt.   2.76
|---------------------------------------------------


   NSTEP       ENERGY          RMS            GMAX         NAME    NUMBER
      1       1.1062E+04     2.1848E+04     1.1550E+05     HD2        24

 BOND    =        0.2041  ANGLE   =        0.6331  DIHED      =       10.4470
 VDWAALS =    11072.4455  EEL     =      -78.5664  HBOND      =        0.0000
 1-4 VDW =       10.0839  1-4 EEL =       46.8217  RESTRAINT  =        0.0000


   NSTEP       ENERGY          RMS            GMAX         NAME    NUMBER
    100      -1.0622E+01     2.6432E+00     9.4736E+00     CD2        23

 BOND    =        1.3184  ANGLE   =        3.3953  DIHED      =       13.1679
 VDWAALS =        0.6610  EEL     =      -80.8830  HBOND      =        0.0000
 1-4 VDW =        6.8853  1-4 EEL =       44.8330  RESTRAINT  =        0.0000


   NSTEP       ENERGY          RMS            GMAX         NAME    NUMBER
    200      -1.7823E+01     8.0158E-01     2.4627E+00     CZ         19

 BOND    =        0.8728  ANGLE   =        1.8832  DIHED      =       10.5357
 VDWAALS =       -2.2355  EEL     =      -81.4755  HBOND      =        0.0000
 1-4 VDW =        7.2269  1-4 EEL =       45.3692  RESTRAINT  =        0.0000


   NSTEP       ENERGY          RMS            GMAX         NAME    NUMBER
    300      -1.9906E+01     3.2457E-01     9.0206E-01     HA         10

 BOND    =        0.6534  ANGLE   =        1.0369  DIHED      =       10.2221
 VDWAALS =       -2.8886  EEL     =      -80.9824  HBOND      =        0.0000
 1-4 VDW =        7.0724  1-4 EEL =       44.9801  RESTRAINT  =        0.0000


   NSTEP       ENERGY          RMS            GMAX         NAME    NUMBER
    400      -2.1602E+01     1.3119E-01     4.8006E-01     HE1        18

 BOND    =        0.5401  ANGLE   =        0.6541  DIHED      =       10.0286
 VDWAALS =       -3.5590  EEL     =      -81.2817  HBOND      =        0.0000
 1-4 VDW =        6.9933  1-4 EEL =       45.0222  RESTRAINT  =        0.0000


   NSTEP       ENERGY          RMS            GMAX         NAME    NUMBER
    500      -2.1826E+01     2.1322E-01     5.5979E-01     CG         14

 BOND    =        0.5129  ANGLE   =        0.6223  DIHED      =       10.0321
 VDWAALS =       -3.6463  EEL     =      -81.2675  HBOND      =        0.0000
 1-4 VDW =        6.9639  1-4 EEL =       44.9562  RESTRAINT  =        0.0000


   NSTEP       ENERGY          RMS            GMAX         NAME    NUMBER
    600      -2.1889E+01     1.6560E-01     4.1945E-01     HA         10

 BOND    =        0.5041  ANGLE   =        0.6033  DIHED      =       10.0308
 VDWAALS =       -3.6673  EEL     =      -81.2912  HBOND      =        0.0000
 1-4 VDW =        6.9618  1-4 EEL =       44.9692  RESTRAINT  =        0.0000


   NSTEP       ENERGY          RMS            GMAX         NAME    NUMBER
    700      -2.1926E+01     1.5835E-01     6.7322E-01     CB         11

 BOND    =        0.5190  ANGLE   =        0.5902  DIHED      =       10.0359
 VDWAALS =       -3.6784  EEL     =      -81.3072  HBOND      =        0.0000
 1-4 VDW =        6.9442  1-4 EEL =       44.9706  RESTRAINT  =        0.0000


   NSTEP       ENERGY          RMS            GMAX         NAME    NUMBER
    800      -2.1942E+01     4.0869E-02     1.2375E-01     HE2        22

 BOND    =        0.5103  ANGLE   =        0.5883  DIHED      =       10.0369
 VDWAALS =       -3.6846  EEL     =      -81.3298  HBOND      =        0.0000
 1-4 VDW =        6.9482  1-4 EEL =       44.9890  RESTRAINT  =        0.0000


   NSTEP       ENERGY          RMS            GMAX         NAME    NUMBER
    900      -2.1951E+01     2.6780E-02     9.7708E-02     HE2        22

 BOND    =        0.5115  ANGLE   =        0.5855  DIHED      =       10.0389
 VDWAALS =       -3.6870  EEL     =      -81.3408  HBOND      =        0.0000
 1-4 VDW =        6.9446  1-4 EEL =       44.9959  RESTRAINT  =        0.0000


   NSTEP       ENERGY          RMS            GMAX         NAME    NUMBER
   1000      -2.1957E+01     1.2292E-01     5.2160E-01     N          27

 BOND    =        0.5094  ANGLE   =        0.5860  DIHED      =       10.0430
 VDWAALS =       -3.6896  EEL     =      -81.3454  HBOND      =        0.0000
 1-4 VDW =        6.9408  1-4 EEL =       44.9990  RESTRAINT  =        0.0000


  Maximum number of minimization cycles reached.


                    FINAL RESULTS



   NSTEP       ENERGY          RMS            GMAX         NAME    NUMBER
   1000      -2.1957E+01     1.2292E-01     5.2160E-01     N          27

 BOND    =        0.5094  ANGLE   =        0.5860  DIHED      =       10.0430
 VDWAALS =       -3.6896  EEL     =      -81.3454  HBOND      =        0.0000
 1-4 VDW =        6.9408  1-4 EEL =       44.9990  RESTRAINT  =        0.0000
--------------------------------------------------------------------------------
   5.  TIMINGS
--------------------------------------------------------------------------------

|  NonSetup CPU Time in Major Routines:
|
|     Routine           Sec        %
|     ------------------------------
|     Nonbond           2.15   98.17
|     Bond              0.00    0.12
|     Angle             0.01    0.32
|     Dihedral          0.03    1.17
|     Shake             0.00    0.00
|     Other             0.00    0.23
|     ------------------------------
|     Total             2.19

|  PME Nonbond Pairlist CPU Time:
|
|     Routine              Sec        %
|     ---------------------------------
|     Set Up Cit           0.00    0.01
|     Build List           0.00    0.03
|     ---------------------------------
|     Total                0.00    0.03

|  PME Direct Force CPU Time:
|
|     Routine              Sec        %
|     ---------------------------------
|     NonBonded Calc       0.03    1.33
|     Exclude Masked       0.01    0.55
|     Other                0.01    0.38
|     ---------------------------------
|     Total                0.05    2.26

|  PME Reciprocal Force CPU Time:
|
|     Routine              Sec        %
|     ---------------------------------
|     1D bspline           0.00    0.20
|     Grid Charges         0.09    4.02
|     Scalar Sum           0.85   38.70
|     Gradient Sum         0.02    0.84
|     FFT                  1.14   52.20
|     ---------------------------------
|     Total                2.10   95.97

|  Setup CPU time:            0.04 seconds
|  NonSetup CPU time:         2.19 seconds
|  Total CPU time:            2.23 seconds     0.00 hours

|  Setup wall time:           0    seconds
|  NonSetup wall time:        2    seconds
|  Total wall time:           2    seconds     0.00 hours
