
          -------------------------------------------------------
          Amber 20 PMEMD                              2020
          -------------------------------------------------------

| PMEMD implementation of SANDER, Release 18

|  Compiled date/time: Tue Apr 28 23:52:05 2020
| Run on 05/02/2020 at 16:01:37

|   Executable path: pmemd
| Working directory: /home/cerutti/OpenForceField/Dipeptides/MainChain/THR
|          Hostname: Unknown
  [-O]verwriting output

File Assignments:
|   MDIN: ../../min.in                                                          
|  MDOUT: min.out                                                               
| INPCRD: THR.inpcrd                                                            
|   PARM: THR.prmtop                                                            
| RESTRT: mincrd                                                                
|   REFC: refc                                                                  
|  MDVEL: mdvel                                                                 
|   MDEN: mden                                                                  
|  MDCRD: mdcrd                                                                 
| MDINFO: mdinfo                                                                
|  MDFRC: mdfrc                                                                 


 Here is the input file:

Initial minimization                                                           
 &cntrl                                                                        
  ntx    = 1,       irest  = 0,       ntrx   = 1,      ntxo   = 1,             
  ntpr   = 100,     ntwx   = 0,       ntwv   = 0,      ntwe   = 0,             
                                                                               
  ntf    = 1,       ntb    = 1,                                                
  ntc    = 1,                                                                  
                                                                               
  cut    = 14.0,                                                               
                                                                               
  imin   = 1,                                                                  
  maxcyc = 1000,                                                               
  ncyc   = 100,                                                                
 &end                                                                          
 &ewald                                                                        
  nfft1 = 32, nfft2 = 32, nfft3 = 32,                                          
 &end                                                                          


Note: ig = -1. Setting random seed to   195085 based on wallclock time in 
      microseconds.
| irandom = 1, using AMBER's internal random number generator (default).
 
 
| Conditional Compilation Defines Used:
| FFTW_FFT
| BINTRAJ
| MKL
| EMIL

| Largest sphere to fit in unit cell has radius =    24.000

| New format PARM file being parsed.
| Version =    1.000 Date = 05/02/20 Time = 16:01:37

| Note: 1-4 EEL scale factors are being read from the topology file.

| Note: 1-4 VDW scale factors are being read from the topology file.
| Duplicated    0 dihedrals

| Duplicated    0 dihedrals

--------------------------------------------------------------------------------
   1.  RESOURCE   USE: 
--------------------------------------------------------------------------------

 getting new box info from bottom of inpcrd
 NATOM  =      26 NTYPES =       9 NBONH =      14 MBONA  =      11
 NTHETH =      29 MTHETA =      14 NPHIH =      61 MPHIA  =      40
 NHPARM =       0 NPARM  =       0 NNB   =     123 NRES   =       3
 NBONA  =      11 NTHETA =      14 NPHIA =      40 NUMBND =      15
 NUMANG =      28 NPTRA  =      45 NATYP =      11 NPHB   =       0
 IFBOX  =       1 NMXRS  =      14 IFCAP =       0 NEXTRA =       0
 NCOPY  =       0

| Coordinate Index Table dimensions:     6    6    6
| Direct force subcell size =     8.0000    8.0000    8.0000

     BOX TYPE: RECTILINEAR

--------------------------------------------------------------------------------
   2.  CONTROL  DATA  FOR  THE  RUN
--------------------------------------------------------------------------------

ACE                                                                             

General flags:
     imin    =       1, nmropt  =       0

Nature and format of input:
     ntx     =       1, irest   =       0, ntrx    =       1

Nature and format of output:
     ntxo    =       1, ntpr    =     100, ntrx    =       1, ntwr    =       1
     iwrap   =       0, ntwx    =       0, ntwv    =       0, ntwe    =       0
     ioutfm  =       1, ntwprt  =       0, idecomp =       0, rbornstat=      0

Potential function:
     ntf     =       1, ntb     =       1, igb     =       0, nsnb    =      25
     ipol    =       0, gbsa    =       0, iesp    =       0
     dielc   =   1.00000, cut     =  14.00000, intdiel =   1.00000

Frozen or restrained atoms:
     ibelly  =       0, ntr     =       0

Energy minimization:
     maxcyc  =    1000, ncyc    =     100, ntmin   =       1
     dx0     =   0.01000, drms    =   0.00010

| Intermolecular bonds treatment:
|     no_intermolecular_bonds =       1

| Energy averages sample interval:
|     ene_avg_sampling =       1

Ewald parameters:
     verbose =       0, ew_type =       0, nbflag  =       1, use_pme =       1
     vdwmeth =       1, eedmeth =       1, netfrc  =       0
     Box X =   48.000   Box Y =   48.000   Box Z =   48.000
     Alpha =   90.000   Beta  =   90.000   Gamma =   90.000
     NFFT1 =   32       NFFT2 =   32       NFFT3 =   32
     Cutoff=   14.000   Tol   =0.100E-04
     Ewald Coefficient =  0.19234
     Interpolation order =    4

--------------------------------------------------------------------------------
   3.  ATOMIC COORDINATES AND VELOCITIES
--------------------------------------------------------------------------------

ACE                                                                             
 begin time read from input coords =     0.000 ps

 
 Number of triangulated 3-point waters found:        0

     Sum of charges from parm topology file =   0.00000000
     Forcing neutrality...

| Dynamic Memory, Types Used:
| Reals              200321
| Integers             3050

| Nonbonded Pairs Initial Allocation:       19821

--------------------------------------------------------------------------------
   4.  RESULTS
--------------------------------------------------------------------------------

 ---------------------------------------------------
 APPROXIMATING switch and d/dx switch using CUBIC SPLINE INTERPOLATION
 using   5000.0 points per unit in tabled values
 TESTING RELATIVE ERROR over r ranging from 0.0 to cutoff
| CHECK switch(x): max rel err =   0.2738E-14   at   2.422500
| CHECK d/dx switch(x): max rel err =   0.7883E-11   at   2.684960
 ---------------------------------------------------
|---------------------------------------------------
| APPROXIMATING direct energy using CUBIC SPLINE INTERPOLATION
|  with   50.0 points per unit in tabled values
| Relative Error Limit not exceeded for r .gt.   2.24
| APPROXIMATING direct force using CUBIC SPLINE INTERPOLATION
|  with   50.0 points per unit in tabled values
| Relative Error Limit not exceeded for r .gt.   2.76
|---------------------------------------------------


   NSTEP       ENERGY          RMS            GMAX         NAME    NUMBER
      1       9.4788E+02     1.2498E+03     7.0743E+03     O           6

 BOND    =        0.1489  ANGLE   =        0.3779  DIHED      =       15.6212
 VDWAALS =      984.8584  EEL     =      -59.0409  HBOND      =        0.0000
 1-4 VDW =        6.9140  1-4 EEL =       -0.9966  RESTRAINT  =        0.0000


   NSTEP       ENERGY          RMS            GMAX         NAME    NUMBER
    100      -3.9593E+01     1.3368E+00     4.7016E+00     N          21

 BOND    =        0.7390  ANGLE   =        1.8414  DIHED      =       15.4991
 VDWAALS =       -1.3755  EEL     =      -55.7807  HBOND      =        0.0000
 1-4 VDW =        4.3482  1-4 EEL =       -4.8646  RESTRAINT  =        0.0000


   NSTEP       ENERGY          RMS            GMAX         NAME    NUMBER
    200      -4.1073E+01     4.3636E-01     1.6101E+00     H1          1

 BOND    =        0.5546  ANGLE   =        1.5437  DIHED      =       15.0770
 VDWAALS =       -2.0111  EEL     =      -55.9852  HBOND      =        0.0000
 1-4 VDW =        4.2058  1-4 EEL =       -4.4582  RESTRAINT  =        0.0000


   NSTEP       ENERGY          RMS            GMAX         NAME    NUMBER
    300      -4.1318E+01     5.4385E-01     1.5516E+00     CA          9

 BOND    =        0.5434  ANGLE   =        1.3709  DIHED      =       15.0329
 VDWAALS =       -2.0902  EEL     =      -55.9755  HBOND      =        0.0000
 1-4 VDW =        4.1145  1-4 EEL =       -4.3142  RESTRAINT  =        0.0000


   NSTEP       ENERGY          RMS            GMAX         NAME    NUMBER
    400      -4.1442E+01     1.7402E-01     5.1128E-01     H1          1

 BOND    =        0.5009  ANGLE   =        1.2941  DIHED      =       15.0369
 VDWAALS =       -2.1683  EEL     =      -55.9974  HBOND      =        0.0000
 1-4 VDW =        4.0868  1-4 EEL =       -4.1947  RESTRAINT  =        0.0000


   NSTEP       ENERGY          RMS            GMAX         NAME    NUMBER
    500      -4.1509E+01     1.4917E-01     4.6497E-01     OG1        17

 BOND    =        0.4983  ANGLE   =        1.2442  DIHED      =       15.0476
 VDWAALS =       -2.2364  EEL     =      -56.0294  HBOND      =        0.0000
 1-4 VDW =        4.0749  1-4 EEL =       -4.1087  RESTRAINT  =        0.0000


   NSTEP       ENERGY          RMS            GMAX         NAME    NUMBER
    600      -4.1562E+01     1.0137E-01     2.8391E-01     C           5

 BOND    =        0.4842  ANGLE   =        1.2191  DIHED      =       15.0566
 VDWAALS =       -2.2911  EEL     =      -56.0349  HBOND      =        0.0000
 1-4 VDW =        4.0680  1-4 EEL =       -4.0635  RESTRAINT  =        0.0000


   NSTEP       ENERGY          RMS            GMAX         NAME    NUMBER
    700      -4.1588E+01     7.5353E-02     2.1605E-01     C          19

 BOND    =        0.4856  ANGLE   =        1.1971  DIHED      =       15.0610
 VDWAALS =       -2.3229  EEL     =      -56.0477  HBOND      =        0.0000
 1-4 VDW =        4.0754  1-4 EEL =       -4.0369  RESTRAINT  =        0.0000


   NSTEP       ENERGY          RMS            GMAX         NAME    NUMBER
    800      -4.1612E+01     1.4638E-01     4.1587E-01     CG2        13

 BOND    =        0.4892  ANGLE   =        1.1826  DIHED      =       15.0598
 VDWAALS =       -2.3538  EEL     =      -56.0584  HBOND      =        0.0000
 1-4 VDW =        4.0781  1-4 EEL =       -4.0092  RESTRAINT  =        0.0000


   NSTEP       ENERGY          RMS            GMAX         NAME    NUMBER
    900      -4.1626E+01     1.5571E-01     5.2695E-01     N           7

 BOND    =        0.4888  ANGLE   =        1.1818  DIHED      =       15.0575
 VDWAALS =       -2.3715  EEL     =      -56.0709  HBOND      =        0.0000
 1-4 VDW =        4.0911  1-4 EEL =       -4.0031  RESTRAINT  =        0.0000


   NSTEP       ENERGY          RMS            GMAX         NAME    NUMBER
   1000      -4.1634E+01     1.1860E-01     3.1285E-01     C          19

 BOND    =        0.4714  ANGLE   =        1.1654  DIHED      =       15.0602
 VDWAALS =       -2.3738  EEL     =      -56.0716  HBOND      =        0.0000
 1-4 VDW =        4.1139  1-4 EEL =       -3.9998  RESTRAINT  =        0.0000


  Maximum number of minimization cycles reached.


                    FINAL RESULTS



   NSTEP       ENERGY          RMS            GMAX         NAME    NUMBER
   1000      -4.1634E+01     1.1860E-01     3.1285E-01     C          19

 BOND    =        0.4714  ANGLE   =        1.1654  DIHED      =       15.0602
 VDWAALS =       -2.3738  EEL     =      -56.0716  HBOND      =        0.0000
 1-4 VDW =        4.1139  1-4 EEL =       -3.9998  RESTRAINT  =        0.0000
--------------------------------------------------------------------------------
   5.  TIMINGS
--------------------------------------------------------------------------------

|  NonSetup CPU Time in Major Routines:
|
|     Routine           Sec        %
|     ------------------------------
|     Nonbond           2.16   98.39
|     Bond              0.00    0.10
|     Angle             0.01    0.26
|     Dihedral          0.02    1.03
|     Shake             0.00    0.00
|     Other             0.00    0.22
|     ------------------------------
|     Total             2.20

|  PME Nonbond Pairlist CPU Time:
|
|     Routine              Sec        %
|     ---------------------------------
|     Set Up Cit           0.00    0.01
|     Build List           0.00    0.04
|     ---------------------------------
|     Total                0.00    0.05

|  PME Direct Force CPU Time:
|
|     Routine              Sec        %
|     ---------------------------------
|     NonBonded Calc       0.02    0.89
|     Exclude Masked       0.01    0.45
|     Other                0.01    0.38
|     ---------------------------------
|     Total                0.04    1.71

|  PME Reciprocal Force CPU Time:
|
|     Routine              Sec        %
|     ---------------------------------
|     1D bspline           0.00    0.17
|     Grid Charges         0.09    3.92
|     Scalar Sum           0.85   38.58
|     Gradient Sum         0.02    0.69
|     FFT                  1.17   53.36
|     ---------------------------------
|     Total                2.13   96.73

|  Setup CPU time:            0.04 seconds
|  NonSetup CPU time:         2.20 seconds
|  Total CPU time:            2.24 seconds     0.00 hours

|  Setup wall time:           0    seconds
|  NonSetup wall time:        2    seconds
|  Total wall time:           2    seconds     0.00 hours
