
          -------------------------------------------------------
          Amber 20 PMEMD                              2020
          -------------------------------------------------------

| PMEMD implementation of SANDER, Release 18

|  Compiled date/time: Tue Apr 28 23:52:05 2020
| Run on 05/02/2020 at 16:01:23

|   Executable path: pmemd
| Working directory: /home/cerutti/OpenForceField/Dipeptides/MainChain/LYN
|          Hostname: Unknown
  [-O]verwriting output

File Assignments:
|   MDIN: ../../min.in                                                          
|  MDOUT: min.out                                                               
| INPCRD: LYN.inpcrd                                                            
|   PARM: LYN.prmtop                                                            
| RESTRT: mincrd                                                                
|   REFC: refc                                                                  
|  MDVEL: mdvel                                                                 
|   MDEN: mden                                                                  
|  MDCRD: mdcrd                                                                 
| MDINFO: mdinfo                                                                
|  MDFRC: mdfrc                                                                 


 Here is the input file:

Initial minimization                                                           
 &cntrl                                                                        
  ntx    = 1,       irest  = 0,       ntrx   = 1,      ntxo   = 1,             
  ntpr   = 100,     ntwx   = 0,       ntwv   = 0,      ntwe   = 0,             
                                                                               
  ntf    = 1,       ntb    = 1,                                                
  ntc    = 1,                                                                  
                                                                               
  cut    = 14.0,                                                               
                                                                               
  imin   = 1,                                                                  
  maxcyc = 1000,                                                               
  ncyc   = 100,                                                                
 &end                                                                          
 &ewald                                                                        
  nfft1 = 32, nfft2 = 32, nfft3 = 32,                                          
 &end                                                                          


Note: ig = -1. Setting random seed to   136495 based on wallclock time in 
      microseconds.
| irandom = 1, using AMBER's internal random number generator (default).
 
 
| Conditional Compilation Defines Used:
| FFTW_FFT
| BINTRAJ
| MKL
| EMIL

| Largest sphere to fit in unit cell has radius =    24.000

| New format PARM file being parsed.
| Version =    1.000 Date = 05/02/20 Time = 16:01:23

| Note: 1-4 EEL scale factors are being read from the topology file.

| Note: 1-4 VDW scale factors are being read from the topology file.
| Duplicated    0 dihedrals

| Duplicated    0 dihedrals

--------------------------------------------------------------------------------
   1.  RESOURCE   USE: 
--------------------------------------------------------------------------------

 getting new box info from bottom of inpcrd
 NATOM  =      33 NTYPES =       8 NBONH =      19 MBONA  =      13
 NTHETH =      42 MTHETA =      15 NPHIH =      71 MPHIA  =      33
 NHPARM =       0 NPARM  =       0 NNB   =     165 NRES   =       3
 NBONA  =      13 NTHETA =      15 NPHIA =      33 NUMBND =      15
 NUMANG =      30 NPTRA  =      25 NATYP =      10 NPHB   =       0
 IFBOX  =       1 NMXRS  =      21 IFCAP =       0 NEXTRA =       0
 NCOPY  =       0

| Coordinate Index Table dimensions:     6    6    6
| Direct force subcell size =     8.0000    8.0000    8.0000

     BOX TYPE: RECTILINEAR

--------------------------------------------------------------------------------
   2.  CONTROL  DATA  FOR  THE  RUN
--------------------------------------------------------------------------------

ACE                                                                             

General flags:
     imin    =       1, nmropt  =       0

Nature and format of input:
     ntx     =       1, irest   =       0, ntrx    =       1

Nature and format of output:
     ntxo    =       1, ntpr    =     100, ntrx    =       1, ntwr    =       1
     iwrap   =       0, ntwx    =       0, ntwv    =       0, ntwe    =       0
     ioutfm  =       1, ntwprt  =       0, idecomp =       0, rbornstat=      0

Potential function:
     ntf     =       1, ntb     =       1, igb     =       0, nsnb    =      25
     ipol    =       0, gbsa    =       0, iesp    =       0
     dielc   =   1.00000, cut     =  14.00000, intdiel =   1.00000

Frozen or restrained atoms:
     ibelly  =       0, ntr     =       0

Energy minimization:
     maxcyc  =    1000, ncyc    =     100, ntmin   =       1
     dx0     =   0.01000, drms    =   0.00010

| Intermolecular bonds treatment:
|     no_intermolecular_bonds =       1

| Energy averages sample interval:
|     ene_avg_sampling =       1

Ewald parameters:
     verbose =       0, ew_type =       0, nbflag  =       1, use_pme =       1
     vdwmeth =       1, eedmeth =       1, netfrc  =       0
     Box X =   48.000   Box Y =   48.000   Box Z =   48.000
     Alpha =   90.000   Beta  =   90.000   Gamma =   90.000
     NFFT1 =   32       NFFT2 =   32       NFFT3 =   32
     Cutoff=   14.000   Tol   =0.100E-04
     Ewald Coefficient =  0.19234
     Interpolation order =    4

--------------------------------------------------------------------------------
   3.  ATOMIC COORDINATES AND VELOCITIES
--------------------------------------------------------------------------------

ACE                                                                             
 begin time read from input coords =     0.000 ps

 
 Number of triangulated 3-point waters found:        0

     Sum of charges from parm topology file =  -0.00000000
     Forcing neutrality...

| Dynamic Memory, Types Used:
| Reals              200292
| Integers             3654

| Nonbonded Pairs Initial Allocation:       25158

--------------------------------------------------------------------------------
   4.  RESULTS
--------------------------------------------------------------------------------

 ---------------------------------------------------
 APPROXIMATING switch and d/dx switch using CUBIC SPLINE INTERPOLATION
 using   5000.0 points per unit in tabled values
 TESTING RELATIVE ERROR over r ranging from 0.0 to cutoff
| CHECK switch(x): max rel err =   0.2738E-14   at   2.422500
| CHECK d/dx switch(x): max rel err =   0.7883E-11   at   2.684960
 ---------------------------------------------------
|---------------------------------------------------
| APPROXIMATING direct energy using CUBIC SPLINE INTERPOLATION
|  with   50.0 points per unit in tabled values
| Relative Error Limit not exceeded for r .gt.   2.24
| APPROXIMATING direct force using CUBIC SPLINE INTERPOLATION
|  with   50.0 points per unit in tabled values
| Relative Error Limit not exceeded for r .gt.   2.76
|---------------------------------------------------


   NSTEP       ENERGY          RMS            GMAX         NAME    NUMBER
      1       8.1379E+01     9.4468E+01     4.6991E+02     HG2        15

 BOND    =        0.0219  ANGLE   =        0.4353  DIHED      =       10.4440
 VDWAALS =      106.7710  EEL     =      -80.2239  HBOND      =        0.0000
 1-4 VDW =        7.0733  1-4 EEL =       36.8577  RESTRAINT  =        0.0000


   NSTEP       ENERGY          RMS            GMAX         NAME    NUMBER
    100      -2.7061E+01     8.3015E-01     3.7109E+00     C          26

 BOND    =        0.7201  ANGLE   =        2.0579  DIHED      =       10.8287
 VDWAALS =       -0.2685  EEL     =      -79.0616  HBOND      =        0.0000
 1-4 VDW =        4.1978  1-4 EEL =       34.4644  RESTRAINT  =        0.0000


   NSTEP       ENERGY          RMS            GMAX         NAME    NUMBER
    200      -3.1488E+01     4.7257E-01     1.6512E+00     N           7

 BOND    =        0.4350  ANGLE   =        0.7979  DIHED      =        9.9997
 VDWAALS =       -2.3293  EEL     =      -79.1149  HBOND      =        0.0000
 1-4 VDW =        4.0179  1-4 EEL =       34.7061  RESTRAINT  =        0.0000


   NSTEP       ENERGY          RMS            GMAX         NAME    NUMBER
    300      -3.1780E+01     1.6852E-01     5.0360E-01     N          28

 BOND    =        0.4149  ANGLE   =        0.7902  DIHED      =        9.9840
 VDWAALS =       -2.5167  EEL     =      -79.0693  HBOND      =        0.0000
 1-4 VDW =        3.9394  1-4 EEL =       34.6775  RESTRAINT  =        0.0000


   NSTEP       ENERGY          RMS            GMAX         NAME    NUMBER
    400      -3.1872E+01     1.5324E-01     4.0935E-01     NZ         23

 BOND    =        0.4173  ANGLE   =        0.7850  DIHED      =        9.9977
 VDWAALS =       -2.5903  EEL     =      -79.0554  HBOND      =        0.0000
 1-4 VDW =        3.9116  1-4 EEL =       34.6619  RESTRAINT  =        0.0000


   NSTEP       ENERGY          RMS            GMAX         NAME    NUMBER
    500      -3.1906E+01     4.0233E-02     1.0338E-01     CA          9

 BOND    =        0.4202  ANGLE   =        0.7757  DIHED      =       10.0133
 VDWAALS =       -2.6207  EEL     =      -79.0517  HBOND      =        0.0000
 1-4 VDW =        3.9042  1-4 EEL =       34.6531  RESTRAINT  =        0.0000


   NSTEP       ENERGY          RMS            GMAX         NAME    NUMBER
    600      -3.1921E+01     3.5655E-02     1.0793E-01     C          26

 BOND    =        0.4196  ANGLE   =        0.7718  DIHED      =       10.0263
 VDWAALS =       -2.6383  EEL     =      -79.0531  HBOND      =        0.0000
 1-4 VDW =        3.9021  1-4 EEL =       34.6508  RESTRAINT  =        0.0000


   NSTEP       ENERGY          RMS            GMAX         NAME    NUMBER
    700      -3.1927E+01     2.1653E-02     7.1901E-02     CH3        30

 BOND    =        0.4213  ANGLE   =        0.7672  DIHED      =       10.0326
 VDWAALS =       -2.6479  EEL     =      -79.0540  HBOND      =        0.0000
 1-4 VDW =        3.9029  1-4 EEL =       34.6509  RESTRAINT  =        0.0000


   NSTEP       ENERGY          RMS            GMAX         NAME    NUMBER
    800      -3.1929E+01     3.4687E-02     1.0736E-01     N          28

 BOND    =        0.4197  ANGLE   =        0.7665  DIHED      =       10.0343
 VDWAALS =       -2.6505  EEL     =      -79.0589  HBOND      =        0.0000
 1-4 VDW =        3.9038  1-4 EEL =       34.6557  RESTRAINT  =        0.0000


   NSTEP       ENERGY          RMS            GMAX         NAME    NUMBER
    900      -3.1932E+01     7.6287E-02     2.1359E-01     CD         17

 BOND    =        0.4192  ANGLE   =        0.7632  DIHED      =       10.0354
 VDWAALS =       -2.6529  EEL     =      -79.0638  HBOND      =        0.0000
 1-4 VDW =        3.9067  1-4 EEL =       34.6605  RESTRAINT  =        0.0000


   NSTEP       ENERGY          RMS            GMAX         NAME    NUMBER
   1000      -3.1933E+01     1.3839E-02     3.7699E-02     CD         17

 BOND    =        0.4209  ANGLE   =        0.7629  DIHED      =       10.0354
 VDWAALS =       -2.6540  EEL     =      -79.0678  HBOND      =        0.0000
 1-4 VDW =        3.9067  1-4 EEL =       34.6628  RESTRAINT  =        0.0000


  Maximum number of minimization cycles reached.


                    FINAL RESULTS



   NSTEP       ENERGY          RMS            GMAX         NAME    NUMBER
   1000      -3.1933E+01     1.3839E-02     3.7699E-02     CD         17

 BOND    =        0.4209  ANGLE   =        0.7629  DIHED      =       10.0354
 VDWAALS =       -2.6540  EEL     =      -79.0678  HBOND      =        0.0000
 1-4 VDW =        3.9067  1-4 EEL =       34.6628  RESTRAINT  =        0.0000
--------------------------------------------------------------------------------
   5.  TIMINGS
--------------------------------------------------------------------------------

|  NonSetup CPU Time in Major Routines:
|
|     Routine           Sec        %
|     ------------------------------
|     Nonbond           2.17   98.26
|     Bond              0.00    0.12
|     Angle             0.01    0.33
|     Dihedral          0.02    1.07
|     Shake             0.00    0.00
|     Other             0.01    0.23
|     ------------------------------
|     Total             2.21

|  PME Nonbond Pairlist CPU Time:
|
|     Routine              Sec        %
|     ---------------------------------
|     Set Up Cit           0.00    0.01
|     Build List           0.00    0.05
|     ---------------------------------
|     Total                0.00    0.06

|  PME Direct Force CPU Time:
|
|     Routine              Sec        %
|     ---------------------------------
|     NonBonded Calc       0.03    1.40
|     Exclude Masked       0.01    0.57
|     Other                0.01    0.38
|     ---------------------------------
|     Total                0.05    2.35

|  PME Reciprocal Force CPU Time:
|
|     Routine              Sec        %
|     ---------------------------------
|     1D bspline           0.00    0.21
|     Grid Charges         0.09    4.01
|     Scalar Sum           0.86   38.85
|     Gradient Sum         0.02    0.86
|     FFT                  1.15   52.01
|     ---------------------------------
|     Total                2.12   95.94

|  Setup CPU time:            0.04 seconds
|  NonSetup CPU time:         2.21 seconds
|  Total CPU time:            2.25 seconds     0.00 hours

|  Setup wall time:           0    seconds
|  NonSetup wall time:        2    seconds
|  Total wall time:           2    seconds     0.00 hours
