
          -------------------------------------------------------
          Amber 20 PMEMD                              2020
          -------------------------------------------------------

| PMEMD implementation of SANDER, Release 18

|  Compiled date/time: Tue Apr 28 23:52:05 2020
| Run on 05/02/2020 at 19:24:51

|   Executable path: pmemd
| Working directory: /home/cerutti/OpenForceField/Dipeptides/NTerminal/HID
|          Hostname: Unknown
  [-O]verwriting output

File Assignments:
|   MDIN: ../../min.in                                                          
|  MDOUT: min.out                                                               
| INPCRD: HID.inpcrd                                                            
|   PARM: HID.prmtop                                                            
| RESTRT: mincrd                                                                
|   REFC: refc                                                                  
|  MDVEL: mdvel                                                                 
|   MDEN: mden                                                                  
|  MDCRD: mdcrd                                                                 
| MDINFO: mdinfo                                                                
|  MDFRC: mdfrc                                                                 


 Here is the input file:

Initial minimization                                                           
 &cntrl                                                                        
  ntx    = 1,       irest  = 0,       ntrx   = 1,      ntxo   = 1,             
  ntpr   = 100,     ntwx   = 0,       ntwv   = 0,      ntwe   = 0,             
                                                                               
  ntf    = 1,       ntb    = 1,                                                
  ntc    = 1,                                                                  
                                                                               
  cut    = 14.0,                                                               
                                                                               
  imin   = 1,                                                                  
  maxcyc = 1000,                                                               
  ncyc   = 100,                                                                
 &end                                                                          
 &ewald                                                                        
  nfft1 = 32, nfft2 = 32, nfft3 = 32,                                          
 &end                                                                          


Note: ig = -1. Setting random seed to   510757 based on wallclock time in 
      microseconds.
| irandom = 1, using AMBER's internal random number generator (default).
 
 
| Conditional Compilation Defines Used:
| FFTW_FFT
| BINTRAJ
| MKL
| EMIL

| Largest sphere to fit in unit cell has radius =    24.000

| New format PARM file being parsed.
| Version =    1.000 Date = 05/02/20 Time = 19:24:51

| Note: 1-4 EEL scale factors are being read from the topology file.

| Note: 1-4 VDW scale factors are being read from the topology file.
| Duplicated    0 dihedrals

| Duplicated    0 dihedrals

--------------------------------------------------------------------------------
   1.  RESOURCE   USE: 
--------------------------------------------------------------------------------

 getting new box info from bottom of inpcrd
 NATOM  =      25 NTYPES =      10 NBONH =      13 MBONA  =      12
 NTHETH =      28 MTHETA =      15 NPHIH =      44 MPHIA  =      34
 NHPARM =       0 NPARM  =       0 NNB   =     121 NRES   =       2
 NBONA  =      12 NTHETA =      15 NPHIA =      34 NUMBND =      20
 NUMANG =      33 NPTRA  =      31 NATYP =      17 NPHB   =       0
 IFBOX  =       1 NMXRS  =      19 IFCAP =       0 NEXTRA =       0
 NCOPY  =       0

| Coordinate Index Table dimensions:     6    6    6
| Direct force subcell size =     8.0000    8.0000    8.0000

     BOX TYPE: RECTILINEAR

--------------------------------------------------------------------------------
   2.  CONTROL  DATA  FOR  THE  RUN
--------------------------------------------------------------------------------

NHID                                                                            

General flags:
     imin    =       1, nmropt  =       0

Nature and format of input:
     ntx     =       1, irest   =       0, ntrx    =       1

Nature and format of output:
     ntxo    =       1, ntpr    =     100, ntrx    =       1, ntwr    =       1
     iwrap   =       0, ntwx    =       0, ntwv    =       0, ntwe    =       0
     ioutfm  =       1, ntwprt  =       0, idecomp =       0, rbornstat=      0

Potential function:
     ntf     =       1, ntb     =       1, igb     =       0, nsnb    =      25
     ipol    =       0, gbsa    =       0, iesp    =       0
     dielc   =   1.00000, cut     =  14.00000, intdiel =   1.00000

Frozen or restrained atoms:
     ibelly  =       0, ntr     =       0

Energy minimization:
     maxcyc  =    1000, ncyc    =     100, ntmin   =       1
     dx0     =   0.01000, drms    =   0.00010

| Intermolecular bonds treatment:
|     no_intermolecular_bonds =       1

| Energy averages sample interval:
|     ene_avg_sampling =       1

Ewald parameters:
     verbose =       0, ew_type =       0, nbflag  =       1, use_pme =       1
     vdwmeth =       1, eedmeth =       1, netfrc  =       0
     Box X =   48.000   Box Y =   48.000   Box Z =   48.000
     Alpha =   90.000   Beta  =   90.000   Gamma =   90.000
     NFFT1 =   32       NFFT2 =   32       NFFT3 =   32
     Cutoff=   14.000   Tol   =0.100E-04
     Ewald Coefficient =  0.19234
     Interpolation order =    4

--------------------------------------------------------------------------------
   3.  ATOMIC COORDINATES AND VELOCITIES
--------------------------------------------------------------------------------

NHID                                                                            
 begin time read from input coords =     0.000 ps

 
 Number of triangulated 3-point waters found:        0

     Sum of charges from parm topology file =   1.00000000
     Assuming uniform neutralizing plasma

| Dynamic Memory, Types Used:
| Reals              200257
| Integers             2761

| Nonbonded Pairs Initial Allocation:       19059

--------------------------------------------------------------------------------
   4.  RESULTS
--------------------------------------------------------------------------------

 ---------------------------------------------------
 APPROXIMATING switch and d/dx switch using CUBIC SPLINE INTERPOLATION
 using   5000.0 points per unit in tabled values
 TESTING RELATIVE ERROR over r ranging from 0.0 to cutoff
| CHECK switch(x): max rel err =   0.2738E-14   at   2.422500
| CHECK d/dx switch(x): max rel err =   0.7883E-11   at   2.684960
 ---------------------------------------------------
|---------------------------------------------------
| APPROXIMATING direct energy using CUBIC SPLINE INTERPOLATION
|  with   50.0 points per unit in tabled values
| Relative Error Limit not exceeded for r .gt.   2.24
| APPROXIMATING direct force using CUBIC SPLINE INTERPOLATION
|  with   50.0 points per unit in tabled values
| Relative Error Limit not exceeded for r .gt.   2.76
|---------------------------------------------------


   NSTEP       ENERGY          RMS            GMAX         NAME    NUMBER
      1       8.1030E+02     1.3315E+03     7.1248E+03     H          21

 BOND    =        1.4219  ANGLE   =       25.3844  DIHED      =        6.2419
 VDWAALS =      790.2261  EEL     =      -44.7527  HBOND      =        0.0000
 1-4 VDW =        3.6851  1-4 EEL =       28.0915  RESTRAINT  =        0.0000


   NSTEP       ENERGY          RMS            GMAX         NAME    NUMBER
    100       8.8747E+00     2.9736E+00     1.1367E+01     C          18

 BOND    =        0.5351  ANGLE   =       22.1844  DIHED      =        6.9562
 VDWAALS =       -0.2113  EEL     =      -49.9705  HBOND      =        0.0000
 1-4 VDW =        2.7608  1-4 EEL =       26.6200  RESTRAINT  =        0.0000


   NSTEP       ENERGY          RMS            GMAX         NAME    NUMBER
    200       3.8938E+00     1.2713E+00     3.1419E+00     CG         10

 BOND    =        0.4465  ANGLE   =       20.2846  DIHED      =        6.1554
 VDWAALS =       -1.7072  EEL     =      -50.5197  HBOND      =        0.0000
 1-4 VDW =        2.8366  1-4 EEL =       26.3976  RESTRAINT  =        0.0000


   NSTEP       ENERGY          RMS            GMAX         NAME    NUMBER
    300       2.5275E+00     4.3510E-01     1.4593E+00     CG         10

 BOND    =        0.3239  ANGLE   =       20.2037  DIHED      =        4.9682
 VDWAALS =       -1.7688  EEL     =      -50.7144  HBOND      =        0.0000
 1-4 VDW =        3.0483  1-4 EEL =       26.4667  RESTRAINT  =        0.0000


   NSTEP       ENERGY          RMS            GMAX         NAME    NUMBER
    400       2.1947E+00     4.1350E-01     1.3282E+00     CB          7

 BOND    =        0.2817  ANGLE   =       20.0544  DIHED      =        5.0868
 VDWAALS =       -1.8383  EEL     =      -50.8806  HBOND      =        0.0000
 1-4 VDW =        3.0662  1-4 EEL =       26.4244  RESTRAINT  =        0.0000


   NSTEP       ENERGY          RMS            GMAX         NAME    NUMBER
    500       1.9626E+00     3.1897E-01     1.1704E+00     CG         10

 BOND    =        0.2946  ANGLE   =       20.0053  DIHED      =        5.2228
 VDWAALS =       -1.9303  EEL     =      -50.9969  HBOND      =        0.0000
 1-4 VDW =        2.9821  1-4 EEL =       26.3850  RESTRAINT  =        0.0000


   NSTEP       ENERGY          RMS            GMAX         NAME    NUMBER
    600       1.6531E+00     7.1125E-01     2.2943E+00     N          20

 BOND    =        0.2808  ANGLE   =       19.9221  DIHED      =        5.3363
 VDWAALS =       -2.0369  EEL     =      -51.1261  HBOND      =        0.0000
 1-4 VDW =        2.8918  1-4 EEL =       26.3851  RESTRAINT  =        0.0000


   NSTEP       ENERGY          RMS            GMAX         NAME    NUMBER
    700       1.3310E+00     2.9983E-01     8.7643E-01     CA          5

 BOND    =        0.2629  ANGLE   =       19.8868  DIHED      =        5.3084
 VDWAALS =       -2.1249  EEL     =      -51.1283  HBOND      =        0.0000
 1-4 VDW =        2.8183  1-4 EEL =       26.3076  RESTRAINT  =        0.0000


   NSTEP       ENERGY          RMS            GMAX         NAME    NUMBER
    800       1.1162E+00     4.8846E-01     1.4571E+00     CD2        16

 BOND    =        0.2503  ANGLE   =       19.8379  DIHED      =        5.2234
 VDWAALS =       -2.1830  EEL     =      -51.0277  HBOND      =        0.0000
 1-4 VDW =        2.7441  1-4 EEL =       26.2712  RESTRAINT  =        0.0000


   NSTEP       ENERGY          RMS            GMAX         NAME    NUMBER
    900       9.8458E-01     2.4490E-01     7.0005E-01     CD2        16

 BOND    =        0.2556  ANGLE   =       19.7678  DIHED      =        5.1014
 VDWAALS =       -2.2219  EEL     =      -50.8640  HBOND      =        0.0000
 1-4 VDW =        2.6840  1-4 EEL =       26.2616  RESTRAINT  =        0.0000


   NSTEP       ENERGY          RMS            GMAX         NAME    NUMBER
   1000       9.4239E-01     7.7859E-02     2.2979E-01     CD2        16

 BOND    =        0.2429  ANGLE   =       19.7590  DIHED      =        5.0219
 VDWAALS =       -2.2430  EEL     =      -50.7653  HBOND      =        0.0000
 1-4 VDW =        2.6562  1-4 EEL =       26.2706  RESTRAINT  =        0.0000


  Maximum number of minimization cycles reached.


                    FINAL RESULTS



   NSTEP       ENERGY          RMS            GMAX         NAME    NUMBER
   1000       9.4239E-01     7.7859E-02     2.2979E-01     CD2        16

 BOND    =        0.2429  ANGLE   =       19.7590  DIHED      =        5.0219
 VDWAALS =       -2.2430  EEL     =      -50.7653  HBOND      =        0.0000
 1-4 VDW =        2.6562  1-4 EEL =       26.2706  RESTRAINT  =        0.0000
--------------------------------------------------------------------------------
   5.  TIMINGS
--------------------------------------------------------------------------------

|  NonSetup CPU Time in Major Routines:
|
|     Routine           Sec        %
|     ------------------------------
|     Nonbond           2.14   98.59
|     Bond              0.00    0.10
|     Angle             0.01    0.26
|     Dihedral          0.02    0.82
|     Shake             0.00    0.00
|     Other             0.00    0.22
|     ------------------------------
|     Total             2.17

|  PME Nonbond Pairlist CPU Time:
|
|     Routine              Sec        %
|     ---------------------------------
|     Set Up Cit           0.00    0.00
|     Build List           0.00    0.01
|     ---------------------------------
|     Total                0.00    0.01

|  PME Direct Force CPU Time:
|
|     Routine              Sec        %
|     ---------------------------------
|     NonBonded Calc       0.02    0.82
|     Exclude Masked       0.01    0.45
|     Other                0.01    0.38
|     ---------------------------------
|     Total                0.04    1.65

|  PME Reciprocal Force CPU Time:
|
|     Routine              Sec        %
|     ---------------------------------
|     1D bspline           0.00    0.17
|     Grid Charges         0.09    3.97
|     Scalar Sum           0.85   39.33
|     Gradient Sum         0.01    0.68
|     FFT                  1.15   52.88
|     ---------------------------------
|     Total                2.10   97.03

|  Setup CPU time:            0.04 seconds
|  NonSetup CPU time:         2.17 seconds
|  Total CPU time:            2.21 seconds     0.00 hours

|  Setup wall time:           0    seconds
|  NonSetup wall time:        2    seconds
|  Total wall time:           2    seconds     0.00 hours
