
          -------------------------------------------------------
          Amber 20 PMEMD                              2020
          -------------------------------------------------------

| PMEMD implementation of SANDER, Release 18

|  Compiled date/time: Tue Apr 28 23:52:05 2020
| Run on 05/02/2020 at 16:02:11

|   Executable path: pmemd
| Working directory: /home/cerutti/OpenForceField/Dipeptides/CTerminal/HID
|          Hostname: Unknown
  [-O]verwriting output

File Assignments:
|   MDIN: ../../min.in                                                          
|  MDOUT: min.out                                                               
| INPCRD: HID.inpcrd                                                            
|   PARM: HID.prmtop                                                            
| RESTRT: mincrd                                                                
|   REFC: refc                                                                  
|  MDVEL: mdvel                                                                 
|   MDEN: mden                                                                  
|  MDCRD: mdcrd                                                                 
| MDINFO: mdinfo                                                                
|  MDFRC: mdfrc                                                                 


 Here is the input file:

Initial minimization                                                           
 &cntrl                                                                        
  ntx    = 1,       irest  = 0,       ntrx   = 1,      ntxo   = 1,             
  ntpr   = 100,     ntwx   = 0,       ntwv   = 0,      ntwe   = 0,             
                                                                               
  ntf    = 1,       ntb    = 1,                                                
  ntc    = 1,                                                                  
                                                                               
  cut    = 14.0,                                                               
                                                                               
  imin   = 1,                                                                  
  maxcyc = 1000,                                                               
  ncyc   = 100,                                                                
 &end                                                                          
 &ewald                                                                        
  nfft1 = 32, nfft2 = 32, nfft3 = 32,                                          
 &end                                                                          


Note: ig = -1. Setting random seed to   427627 based on wallclock time in 
      microseconds.
| irandom = 1, using AMBER's internal random number generator (default).
 
 
| Conditional Compilation Defines Used:
| FFTW_FFT
| BINTRAJ
| MKL
| EMIL

| Largest sphere to fit in unit cell has radius =    24.000

| New format PARM file being parsed.
| Version =    1.000 Date = 05/02/20 Time = 16:02:11

| Note: 1-4 EEL scale factors are being read from the topology file.

| Note: 1-4 VDW scale factors are being read from the topology file.
| Duplicated    0 dihedrals

| Duplicated    0 dihedrals

--------------------------------------------------------------------------------
   1.  RESOURCE   USE: 
--------------------------------------------------------------------------------

 getting new box info from bottom of inpcrd
 NATOM  =      24 NTYPES =       9 NBONH =      10 MBONA  =      14
 NTHETH =      22 MTHETA =      18 NPHIH =      45 MPHIA  =      40
 NHPARM =       0 NPARM  =       0 NNB   =     114 NRES   =       2
 NBONA  =      14 NTHETA =      18 NPHIA =      40 NUMBND =      19
 NUMANG =      32 NPTRA  =      35 NATYP =      16 NPHB   =       0
 IFBOX  =       1 NMXRS  =      18 IFCAP =       0 NEXTRA =       0
 NCOPY  =       0

| Coordinate Index Table dimensions:     6    6    6
| Direct force subcell size =     8.0000    8.0000    8.0000

     BOX TYPE: RECTILINEAR

--------------------------------------------------------------------------------
   2.  CONTROL  DATA  FOR  THE  RUN
--------------------------------------------------------------------------------

ACE                                                                             

General flags:
     imin    =       1, nmropt  =       0

Nature and format of input:
     ntx     =       1, irest   =       0, ntrx    =       1

Nature and format of output:
     ntxo    =       1, ntpr    =     100, ntrx    =       1, ntwr    =       1
     iwrap   =       0, ntwx    =       0, ntwv    =       0, ntwe    =       0
     ioutfm  =       1, ntwprt  =       0, idecomp =       0, rbornstat=      0

Potential function:
     ntf     =       1, ntb     =       1, igb     =       0, nsnb    =      25
     ipol    =       0, gbsa    =       0, iesp    =       0
     dielc   =   1.00000, cut     =  14.00000, intdiel =   1.00000

Frozen or restrained atoms:
     ibelly  =       0, ntr     =       0

Energy minimization:
     maxcyc  =    1000, ncyc    =     100, ntmin   =       1
     dx0     =   0.01000, drms    =   0.00010

| Intermolecular bonds treatment:
|     no_intermolecular_bonds =       1

| Energy averages sample interval:
|     ene_avg_sampling =       1

Ewald parameters:
     verbose =       0, ew_type =       0, nbflag  =       1, use_pme =       1
     vdwmeth =       1, eedmeth =       1, netfrc  =       0
     Box X =   48.000   Box Y =   48.000   Box Z =   48.000
     Alpha =   90.000   Beta  =   90.000   Gamma =   90.000
     NFFT1 =   32       NFFT2 =   32       NFFT3 =   32
     Cutoff=   14.000   Tol   =0.100E-04
     Ewald Coefficient =  0.19234
     Interpolation order =    4

--------------------------------------------------------------------------------
   3.  ATOMIC COORDINATES AND VELOCITIES
--------------------------------------------------------------------------------

ACE                                                                             
 begin time read from input coords =     0.000 ps

 
 Number of triangulated 3-point waters found:        0

     Sum of charges from parm topology file =  -1.00000000
     Assuming uniform neutralizing plasma

| Dynamic Memory, Types Used:
| Reals              200229
| Integers             2725

| Nonbonded Pairs Initial Allocation:       18297

--------------------------------------------------------------------------------
   4.  RESULTS
--------------------------------------------------------------------------------

 ---------------------------------------------------
 APPROXIMATING switch and d/dx switch using CUBIC SPLINE INTERPOLATION
 using   5000.0 points per unit in tabled values
 TESTING RELATIVE ERROR over r ranging from 0.0 to cutoff
| CHECK switch(x): max rel err =   0.2738E-14   at   2.422500
| CHECK d/dx switch(x): max rel err =   0.7883E-11   at   2.684960
 ---------------------------------------------------
|---------------------------------------------------
| APPROXIMATING direct energy using CUBIC SPLINE INTERPOLATION
|  with   50.0 points per unit in tabled values
| Relative Error Limit not exceeded for r .gt.   2.24
| APPROXIMATING direct force using CUBIC SPLINE INTERPOLATION
|  with   50.0 points per unit in tabled values
| Relative Error Limit not exceeded for r .gt.   2.76
|---------------------------------------------------


   NSTEP       ENERGY          RMS            GMAX         NAME    NUMBER
      1       2.9901E+01     2.9256E+01     1.5434E+02     OXT        24

 BOND    =        1.8432  ANGLE   =       25.4796  DIHED      =        9.8690
 VDWAALS =       37.3045  EEL     =     -113.0548  HBOND      =        0.0000
 1-4 VDW =        3.9077  1-4 EEL =       64.5516  RESTRAINT  =        0.0000


   NSTEP       ENERGY          RMS            GMAX         NAME    NUMBER
    100      -1.7192E+01     1.5009E+00     5.2467E+00     C          22

 BOND    =        0.7745  ANGLE   =       22.4986  DIHED      =        9.7523
 VDWAALS =       -0.9856  EEL     =     -116.9763  HBOND      =        0.0000
 1-4 VDW =        3.3612  1-4 EEL =       64.3834  RESTRAINT  =        0.0000


   NSTEP       ENERGY          RMS            GMAX         NAME    NUMBER
    200      -1.9644E+01     1.5957E-01     4.7618E-01     C           5

 BOND    =        0.4640  ANGLE   =       20.6179  DIHED      =        9.5654
 VDWAALS =       -2.0137  EEL     =     -114.7052  HBOND      =        0.0000
 1-4 VDW =        2.5215  1-4 EEL =       63.9059  RESTRAINT  =        0.0000


   NSTEP       ENERGY          RMS            GMAX         NAME    NUMBER
    300      -1.9696E+01     9.6559E-02     2.4155E-01     OXT        24

 BOND    =        0.4445  ANGLE   =       20.6351  DIHED      =        9.5406
 VDWAALS =       -2.0630  EEL     =     -114.7325  HBOND      =        0.0000
 1-4 VDW =        2.4796  1-4 EEL =       63.9999  RESTRAINT  =        0.0000


   NSTEP       ENERGY          RMS            GMAX         NAME    NUMBER
    400      -1.9713E+01     3.7711E-02     9.8349E-02     CE1        17

 BOND    =        0.4431  ANGLE   =       20.6315  DIHED      =        9.5155
 VDWAALS =       -2.0856  EEL     =     -114.6815  HBOND      =        0.0000
 1-4 VDW =        2.4663  1-4 EEL =       63.9978  RESTRAINT  =        0.0000


   NSTEP       ENERGY          RMS            GMAX         NAME    NUMBER
    500      -1.9719E+01     1.7628E-02     4.9542E-02     HE1        18

 BOND    =        0.4409  ANGLE   =       20.6265  DIHED      =        9.5011
 VDWAALS =       -2.1030  EEL     =     -114.6418  HBOND      =        0.0000
 1-4 VDW =        2.4602  1-4 EEL =       63.9966  RESTRAINT  =        0.0000


   NSTEP       ENERGY          RMS            GMAX         NAME    NUMBER
    600      -1.9723E+01     9.2855E-03     2.5202E-02     N           7

 BOND    =        0.4417  ANGLE   =       20.6184  DIHED      =        9.4894
 VDWAALS =       -2.1212  EEL     =     -114.6004  HBOND      =        0.0000
 1-4 VDW =        2.4552  1-4 EEL =       63.9941  RESTRAINT  =        0.0000


   NSTEP       ENERGY          RMS            GMAX         NAME    NUMBER
    700      -1.9724E+01     2.4433E-03     5.7416E-03     HD2        21

 BOND    =        0.4405  ANGLE   =       20.6144  DIHED      =        9.4848
 VDWAALS =       -2.1303  EEL     =     -114.5811  HBOND      =        0.0000
 1-4 VDW =        2.4529  1-4 EEL =       63.9953  RESTRAINT  =        0.0000


   NSTEP       ENERGY          RMS            GMAX         NAME    NUMBER
    800      -1.9724E+01     6.0645E-03     1.8701E-02     CG         14

 BOND    =        0.4409  ANGLE   =       20.6132  DIHED      =        9.4836
 VDWAALS =       -2.1327  EEL     =     -114.5762  HBOND      =        0.0000
 1-4 VDW =        2.4519  1-4 EEL =       63.9958  RESTRAINT  =        0.0000


   NSTEP       ENERGY          RMS            GMAX         NAME    NUMBER
    900      -1.9724E+01     2.8572E-03     8.0158E-03     CB         11

 BOND    =        0.4405  ANGLE   =       20.6127  DIHED      =        9.4832
 VDWAALS =       -2.1335  EEL     =     -114.5739  HBOND      =        0.0000
 1-4 VDW =        2.4519  1-4 EEL =       63.9954  RESTRAINT  =        0.0000


   NSTEP       ENERGY          RMS            GMAX         NAME    NUMBER
   1000      -1.9724E+01     1.1069E-03     2.9155E-03     HB2        12

 BOND    =        0.4401  ANGLE   =       20.6120  DIHED      =        9.4825
 VDWAALS =       -2.1347  EEL     =     -114.5705  HBOND      =        0.0000
 1-4 VDW =        2.4517  1-4 EEL =       63.9951  RESTRAINT  =        0.0000


  Maximum number of minimization cycles reached.


                    FINAL RESULTS



   NSTEP       ENERGY          RMS            GMAX         NAME    NUMBER
   1000      -1.9724E+01     1.1069E-03     2.9155E-03     HB2        12

 BOND    =        0.4401  ANGLE   =       20.6120  DIHED      =        9.4825
 VDWAALS =       -2.1347  EEL     =     -114.5705  HBOND      =        0.0000
 1-4 VDW =        2.4517  1-4 EEL =       63.9951  RESTRAINT  =        0.0000
--------------------------------------------------------------------------------
   5.  TIMINGS
--------------------------------------------------------------------------------

|  NonSetup CPU Time in Major Routines:
|
|     Routine           Sec        %
|     ------------------------------
|     Nonbond           2.13   98.55
|     Bond              0.00    0.10
|     Angle             0.01    0.25
|     Dihedral          0.02    0.88
|     Shake             0.00    0.00
|     Other             0.00    0.22
|     ------------------------------
|     Total             2.16

|  PME Nonbond Pairlist CPU Time:
|
|     Routine              Sec        %
|     ---------------------------------
|     Set Up Cit           0.00    0.01
|     Build List           0.00    0.04
|     ---------------------------------
|     Total                0.00    0.05

|  PME Direct Force CPU Time:
|
|     Routine              Sec        %
|     ---------------------------------
|     NonBonded Calc       0.02    0.77
|     Exclude Masked       0.01    0.43
|     Other                0.01    0.38
|     ---------------------------------
|     Total                0.03    1.57

|  PME Reciprocal Force CPU Time:
|
|     Routine              Sec        %
|     ---------------------------------
|     1D bspline           0.00    0.17
|     Grid Charges         0.09    3.96
|     Scalar Sum           0.85   39.19
|     Gradient Sum         0.01    0.65
|     FFT                  1.15   53.05
|     ---------------------------------
|     Total                2.10   97.02

|  Setup CPU time:            0.04 seconds
|  NonSetup CPU time:         2.16 seconds
|  Total CPU time:            2.20 seconds     0.00 hours

|  Setup wall time:           0    seconds
|  NonSetup wall time:        3    seconds
|  Total wall time:           3    seconds     0.00 hours
