
          -------------------------------------------------------
          Amber 20 PMEMD                              2020
          -------------------------------------------------------

| PMEMD implementation of SANDER, Release 18

|  Compiled date/time: Tue Apr 28 23:52:05 2020
| Run on 05/02/2020 at 19:25:10

|   Executable path: pmemd
| Working directory: /home/cerutti/OpenForceField/Dipeptides/NTerminal/PRO
|          Hostname: Unknown
  [-O]verwriting output

File Assignments:
|   MDIN: ../../min.in                                                          
|  MDOUT: min.out                                                               
| INPCRD: PRO.inpcrd                                                            
|   PARM: PRO.prmtop                                                            
| RESTRT: mincrd                                                                
|   REFC: refc                                                                  
|  MDVEL: mdvel                                                                 
|   MDEN: mden                                                                  
|  MDCRD: mdcrd                                                                 
| MDINFO: mdinfo                                                                
|  MDFRC: mdfrc                                                                 


 Here is the input file:

Initial minimization                                                           
 &cntrl                                                                        
  ntx    = 1,       irest  = 0,       ntrx   = 1,      ntxo   = 1,             
  ntpr   = 100,     ntwx   = 0,       ntwv   = 0,      ntwe   = 0,             
                                                                               
  ntf    = 1,       ntb    = 1,                                                
  ntc    = 1,                                                                  
                                                                               
  cut    = 14.0,                                                               
                                                                               
  imin   = 1,                                                                  
  maxcyc = 1000,                                                               
  ncyc   = 100,                                                                
 &end                                                                          
 &ewald                                                                        
  nfft1 = 32, nfft2 = 32, nfft3 = 32,                                          
 &end                                                                          


Note: ig = -1. Setting random seed to   199972 based on wallclock time in 
      microseconds.
| irandom = 1, using AMBER's internal random number generator (default).
 
 
| Conditional Compilation Defines Used:
| FFTW_FFT
| BINTRAJ
| MKL
| EMIL

| Largest sphere to fit in unit cell has radius =    24.000

| New format PARM file being parsed.
| Version =    1.000 Date = 05/02/20 Time = 19:25:10

| Note: 1-4 EEL scale factors are being read from the topology file.

| Note: 1-4 VDW scale factors are being read from the topology file.
| Duplicated    0 dihedrals

| Duplicated    0 dihedrals

--------------------------------------------------------------------------------
   1.  RESOURCE   USE: 
--------------------------------------------------------------------------------

 getting new box info from bottom of inpcrd
 NATOM  =      22 NTYPES =       8 NBONH =      13 MBONA  =       9
 NTHETH =      31 MTHETA =      11 NPHIH =      50 MPHIA  =      19
 NHPARM =       0 NPARM  =       0 NNB   =     121 NRES   =       2
 NBONA  =       9 NTHETA =      11 NPHIA =      19 NUMBND =      14
 NUMANG =      27 NPTRA  =      15 NATYP =      10 NPHB   =       0
 IFBOX  =       1 NMXRS  =      16 IFCAP =       0 NEXTRA =       0
 NCOPY  =       0

| Coordinate Index Table dimensions:     6    6    6
| Direct force subcell size =     8.0000    8.0000    8.0000

     BOX TYPE: RECTILINEAR

--------------------------------------------------------------------------------
   2.  CONTROL  DATA  FOR  THE  RUN
--------------------------------------------------------------------------------

NPRO                                                                            

General flags:
     imin    =       1, nmropt  =       0

Nature and format of input:
     ntx     =       1, irest   =       0, ntrx    =       1

Nature and format of output:
     ntxo    =       1, ntpr    =     100, ntrx    =       1, ntwr    =       1
     iwrap   =       0, ntwx    =       0, ntwv    =       0, ntwe    =       0
     ioutfm  =       1, ntwprt  =       0, idecomp =       0, rbornstat=      0

Potential function:
     ntf     =       1, ntb     =       1, igb     =       0, nsnb    =      25
     ipol    =       0, gbsa    =       0, iesp    =       0
     dielc   =   1.00000, cut     =  14.00000, intdiel =   1.00000

Frozen or restrained atoms:
     ibelly  =       0, ntr     =       0

Energy minimization:
     maxcyc  =    1000, ncyc    =     100, ntmin   =       1
     dx0     =   0.01000, drms    =   0.00010

| Intermolecular bonds treatment:
|     no_intermolecular_bonds =       1

| Energy averages sample interval:
|     ene_avg_sampling =       1

Ewald parameters:
     verbose =       0, ew_type =       0, nbflag  =       1, use_pme =       1
     vdwmeth =       1, eedmeth =       1, netfrc  =       0
     Box X =   48.000   Box Y =   48.000   Box Z =   48.000
     Alpha =   90.000   Beta  =   90.000   Gamma =   90.000
     NFFT1 =   32       NFFT2 =   32       NFFT3 =   32
     Cutoff=   14.000   Tol   =0.100E-04
     Ewald Coefficient =  0.19234
     Interpolation order =    4

--------------------------------------------------------------------------------
   3.  ATOMIC COORDINATES AND VELOCITIES
--------------------------------------------------------------------------------

NPRO                                                                            
 begin time read from input coords =     0.000 ps

 
 Number of triangulated 3-point waters found:        0

     Sum of charges from parm topology file =   1.00000000
     Assuming uniform neutralizing plasma

| Dynamic Memory, Types Used:
| Reals              199958
| Integers             2601

| Nonbonded Pairs Initial Allocation:       16772

--------------------------------------------------------------------------------
   4.  RESULTS
--------------------------------------------------------------------------------

 ---------------------------------------------------
 APPROXIMATING switch and d/dx switch using CUBIC SPLINE INTERPOLATION
 using   5000.0 points per unit in tabled values
 TESTING RELATIVE ERROR over r ranging from 0.0 to cutoff
| CHECK switch(x): max rel err =   0.2738E-14   at   2.422500
| CHECK d/dx switch(x): max rel err =   0.7883E-11   at   2.684960
 ---------------------------------------------------
|---------------------------------------------------
| APPROXIMATING direct energy using CUBIC SPLINE INTERPOLATION
|  with   50.0 points per unit in tabled values
| Relative Error Limit not exceeded for r .gt.   2.24
| APPROXIMATING direct force using CUBIC SPLINE INTERPOLATION
|  with   50.0 points per unit in tabled values
| Relative Error Limit not exceeded for r .gt.   2.76
|---------------------------------------------------


   NSTEP       ENERGY          RMS            GMAX         NAME    NUMBER
      1       6.4492E+01     9.5817E+00     3.4912E+01     CB         10

 BOND    =        1.0325  ANGLE   =        8.6855  DIHED      =       12.3159
 VDWAALS =       -0.1737  EEL     =      -48.4541  HBOND      =        0.0000
 1-4 VDW =        2.6280  1-4 EEL =       88.4582  RESTRAINT  =        0.0000


   NSTEP       ENERGY          RMS            GMAX         NAME    NUMBER
    100       5.3919E+01     1.5887E+00     6.8251E+00     C          15

 BOND    =        0.4946  ANGLE   =        2.3145  DIHED      =       10.9652
 VDWAALS =       -0.7688  EEL     =      -48.0326  HBOND      =        0.0000
 1-4 VDW =        2.3976  1-4 EEL =       86.5489  RESTRAINT  =        0.0000


   NSTEP       ENERGY          RMS            GMAX         NAME    NUMBER
    200       5.2907E+01     4.3005E-01     1.3141E+00     HG3         9

 BOND    =        0.4122  ANGLE   =        3.5649  DIHED      =        8.5442
 VDWAALS =       -0.8609  EEL     =      -47.2550  HBOND      =        0.0000
 1-4 VDW =        2.3679  1-4 EEL =       86.1335  RESTRAINT  =        0.0000


   NSTEP       ENERGY          RMS            GMAX         NAME    NUMBER
    300       5.2777E+01     2.6948E-01     9.2517E-01     CD          4

 BOND    =        0.4068  ANGLE   =        3.5686  DIHED      =        8.4661
 VDWAALS =       -0.8869  EEL     =      -47.1428  HBOND      =        0.0000
 1-4 VDW =        2.2246  1-4 EEL =       86.1409  RESTRAINT  =        0.0000


   NSTEP       ENERGY          RMS            GMAX         NAME    NUMBER
    400       5.2684E+01     4.7861E-01     1.6624E+00     C          15

 BOND    =        0.3951  ANGLE   =        3.5693  DIHED      =        8.4395
 VDWAALS =       -0.9080  EEL     =      -47.2053  HBOND      =        0.0000
 1-4 VDW =        2.1555  1-4 EEL =       86.2382  RESTRAINT  =        0.0000


   NSTEP       ENERGY          RMS            GMAX         NAME    NUMBER
    500       5.2605E+01     1.5785E-01     5.5864E-01     HB3        12

 BOND    =        0.3889  ANGLE   =        3.5303  DIHED      =        8.4235
 VDWAALS =       -0.9426  EEL     =      -47.2353  HBOND      =        0.0000
 1-4 VDW =        2.1206  1-4 EEL =       86.3199  RESTRAINT  =        0.0000


   NSTEP       ENERGY          RMS            GMAX         NAME    NUMBER
    600       5.2506E+01     2.5275E-01     7.7623E-01     CH3        19

 BOND    =        0.3574  ANGLE   =        3.5225  DIHED      =        8.4113
 VDWAALS =       -1.0096  EEL     =      -47.2820  HBOND      =        0.0000
 1-4 VDW =        2.0908  1-4 EEL =       86.4153  RESTRAINT  =        0.0000


   NSTEP       ENERGY          RMS            GMAX         NAME    NUMBER
    700       5.2440E+01     2.3635E-01     5.9593E-01     H3          3

 BOND    =        0.3677  ANGLE   =        3.4850  DIHED      =        8.4057
 VDWAALS =       -1.0631  EEL     =      -47.3323  HBOND      =        0.0000
 1-4 VDW =        2.0759  1-4 EEL =       86.5014  RESTRAINT  =        0.0000


   NSTEP       ENERGY          RMS            GMAX         NAME    NUMBER
    800       5.2403E+01     1.1440E-01     3.5660E-01     N           1

 BOND    =        0.3574  ANGLE   =        3.4839  DIHED      =        8.3890
 VDWAALS =       -1.0933  EEL     =      -47.3657  HBOND      =        0.0000
 1-4 VDW =        2.0767  1-4 EEL =       86.5550  RESTRAINT  =        0.0000


   NSTEP       ENERGY          RMS            GMAX         NAME    NUMBER
    900       5.2379E+01     6.6630E-02     2.4480E-01     H2          2

 BOND    =        0.3424  ANGLE   =        3.4767  DIHED      =        8.3832
 VDWAALS =       -1.1169  EEL     =      -47.3909  HBOND      =        0.0000
 1-4 VDW =        2.0807  1-4 EEL =       86.6040  RESTRAINT  =        0.0000


   NSTEP       ENERGY          RMS            GMAX         NAME    NUMBER
   1000       5.2360E+01     1.0636E-01     3.0911E-01     N          17

 BOND    =        0.3426  ANGLE   =        3.4788  DIHED      =        8.3785
 VDWAALS =       -1.1376  EEL     =      -47.3863  HBOND      =        0.0000
 1-4 VDW =        2.0694  1-4 EEL =       86.6144  RESTRAINT  =        0.0000


  Maximum number of minimization cycles reached.


                    FINAL RESULTS



   NSTEP       ENERGY          RMS            GMAX         NAME    NUMBER
   1000       5.2360E+01     1.0636E-01     3.0911E-01     N          17

 BOND    =        0.3426  ANGLE   =        3.4788  DIHED      =        8.3785
 VDWAALS =       -1.1376  EEL     =      -47.3863  HBOND      =        0.0000
 1-4 VDW =        2.0694  1-4 EEL =       86.6144  RESTRAINT  =        0.0000
--------------------------------------------------------------------------------
   5.  TIMINGS
--------------------------------------------------------------------------------

|  NonSetup CPU Time in Major Routines:
|
|     Routine           Sec        %
|     ------------------------------
|     Nonbond           2.13   98.70
|     Bond              0.00    0.10
|     Angle             0.01    0.26
|     Dihedral          0.02    0.73
|     Shake             0.00    0.00
|     Other             0.00    0.22
|     ------------------------------
|     Total             2.16

|  PME Nonbond Pairlist CPU Time:
|
|     Routine              Sec        %
|     ---------------------------------
|     Set Up Cit           0.00    0.01
|     Build List           0.00    0.02
|     ---------------------------------
|     Total                0.00    0.02

|  PME Direct Force CPU Time:
|
|     Routine              Sec        %
|     ---------------------------------
|     NonBonded Calc       0.01    0.63
|     Exclude Masked       0.01    0.45
|     Other                0.01    0.38
|     ---------------------------------
|     Total                0.03    1.46

|  PME Reciprocal Force CPU Time:
|
|     Routine              Sec        %
|     ---------------------------------
|     1D bspline           0.00    0.16
|     Grid Charges         0.08    3.93
|     Scalar Sum           0.85   39.22
|     Gradient Sum         0.01    0.61
|     FFT                  1.15   53.39
|     ---------------------------------
|     Total                2.10   97.31

|  Setup CPU time:            0.04 seconds
|  NonSetup CPU time:         2.16 seconds
|  Total CPU time:            2.20 seconds     0.00 hours

|  Setup wall time:           0    seconds
|  NonSetup wall time:        2    seconds
|  Total wall time:           2    seconds     0.00 hours
