
          -------------------------------------------------------
          Amber 20 PMEMD                              2020
          -------------------------------------------------------

| PMEMD implementation of SANDER, Release 18

|  Compiled date/time: Tue Apr 28 23:52:05 2020
| Run on 05/02/2020 at 16:01:18

|   Executable path: pmemd
| Working directory: /home/cerutti/OpenForceField/Dipeptides/MainChain/ILE
|          Hostname: Unknown
  [-O]verwriting output

File Assignments:
|   MDIN: ../../min.in                                                          
|  MDOUT: min.out                                                               
| INPCRD: ILE.inpcrd                                                            
|   PARM: ILE.prmtop                                                            
| RESTRT: mincrd                                                                
|   REFC: refc                                                                  
|  MDVEL: mdvel                                                                 
|   MDEN: mden                                                                  
|  MDCRD: mdcrd                                                                 
| MDINFO: mdinfo                                                                
|  MDFRC: mdfrc                                                                 


 Here is the input file:

Initial minimization                                                           
 &cntrl                                                                        
  ntx    = 1,       irest  = 0,       ntrx   = 1,      ntxo   = 1,             
  ntpr   = 100,     ntwx   = 0,       ntwv   = 0,      ntwe   = 0,             
                                                                               
  ntf    = 1,       ntb    = 1,                                                
  ntc    = 1,                                                                  
                                                                               
  cut    = 14.0,                                                               
                                                                               
  imin   = 1,                                                                  
  maxcyc = 1000,                                                               
  ncyc   = 100,                                                                
 &end                                                                          
 &ewald                                                                        
  nfft1 = 32, nfft2 = 32, nfft3 = 32,                                          
 &end                                                                          


Note: ig = -1. Setting random seed to   441735 based on wallclock time in 
      microseconds.
| irandom = 1, using AMBER's internal random number generator (default).
 
 
| Conditional Compilation Defines Used:
| FFTW_FFT
| BINTRAJ
| MKL
| EMIL

| Largest sphere to fit in unit cell has radius =    24.000

| New format PARM file being parsed.
| Version =    1.000 Date = 05/02/20 Time = 16:01:18

| Note: 1-4 EEL scale factors are being read from the topology file.

| Note: 1-4 VDW scale factors are being read from the topology file.
| Duplicated    0 dihedrals

| Duplicated    0 dihedrals

--------------------------------------------------------------------------------
   1.  RESOURCE   USE: 
--------------------------------------------------------------------------------

 getting new box info from bottom of inpcrd
 NATOM  =      31 NTYPES =       7 NBONH =      18 MBONA  =      12
 NTHETH =      39 MTHETA =      15 NPHIH =      64 MPHIA  =      48
 NHPARM =       0 NPARM  =       0 NNB   =     154 NRES   =       3
 NBONA  =      12 NTHETA =      15 NPHIA =      48 NUMBND =      16
 NUMANG =      32 NPTRA  =      43 NATYP =      10 NPHB   =       0
 IFBOX  =       1 NMXRS  =      19 IFCAP =       0 NEXTRA =       0
 NCOPY  =       0

| Coordinate Index Table dimensions:     6    6    6
| Direct force subcell size =     8.0000    8.0000    8.0000

     BOX TYPE: RECTILINEAR

--------------------------------------------------------------------------------
   2.  CONTROL  DATA  FOR  THE  RUN
--------------------------------------------------------------------------------

ACE                                                                             

General flags:
     imin    =       1, nmropt  =       0

Nature and format of input:
     ntx     =       1, irest   =       0, ntrx    =       1

Nature and format of output:
     ntxo    =       1, ntpr    =     100, ntrx    =       1, ntwr    =       1
     iwrap   =       0, ntwx    =       0, ntwv    =       0, ntwe    =       0
     ioutfm  =       1, ntwprt  =       0, idecomp =       0, rbornstat=      0

Potential function:
     ntf     =       1, ntb     =       1, igb     =       0, nsnb    =      25
     ipol    =       0, gbsa    =       0, iesp    =       0
     dielc   =   1.00000, cut     =  14.00000, intdiel =   1.00000

Frozen or restrained atoms:
     ibelly  =       0, ntr     =       0

Energy minimization:
     maxcyc  =    1000, ncyc    =     100, ntmin   =       1
     dx0     =   0.01000, drms    =   0.00010

| Intermolecular bonds treatment:
|     no_intermolecular_bonds =       1

| Energy averages sample interval:
|     ene_avg_sampling =       1

Ewald parameters:
     verbose =       0, ew_type =       0, nbflag  =       1, use_pme =       1
     vdwmeth =       1, eedmeth =       1, netfrc  =       0
     Box X =   48.000   Box Y =   48.000   Box Z =   48.000
     Alpha =   90.000   Beta  =   90.000   Gamma =   90.000
     NFFT1 =   32       NFFT2 =   32       NFFT3 =   32
     Cutoff=   14.000   Tol   =0.100E-04
     Ewald Coefficient =  0.19234
     Interpolation order =    4

--------------------------------------------------------------------------------
   3.  ATOMIC COORDINATES AND VELOCITIES
--------------------------------------------------------------------------------

ACE                                                                             
 begin time read from input coords =     0.000 ps

 
 Number of triangulated 3-point waters found:        0

     Sum of charges from parm topology file =  -0.00000000
     Forcing neutrality...

| Dynamic Memory, Types Used:
| Reals              200378
| Integers             3580

| Nonbonded Pairs Initial Allocation:       23633

--------------------------------------------------------------------------------
   4.  RESULTS
--------------------------------------------------------------------------------

 ---------------------------------------------------
 APPROXIMATING switch and d/dx switch using CUBIC SPLINE INTERPOLATION
 using   5000.0 points per unit in tabled values
 TESTING RELATIVE ERROR over r ranging from 0.0 to cutoff
| CHECK switch(x): max rel err =   0.2738E-14   at   2.422500
| CHECK d/dx switch(x): max rel err =   0.7883E-11   at   2.684960
 ---------------------------------------------------
|---------------------------------------------------
| APPROXIMATING direct energy using CUBIC SPLINE INTERPOLATION
|  with   50.0 points per unit in tabled values
| Relative Error Limit not exceeded for r .gt.   2.24
| APPROXIMATING direct force using CUBIC SPLINE INTERPOLATION
|  with   50.0 points per unit in tabled values
| Relative Error Limit not exceeded for r .gt.   2.76
|---------------------------------------------------


   NSTEP       ENERGY          RMS            GMAX         NAME    NUMBER
      1       6.4697E+01     6.5166E+01     3.0702E+02     HG12       18

 BOND    =        0.0215  ANGLE   =        0.2098  DIHED      =       13.6428
 VDWAALS =       80.7215  EEL     =      -77.9882  HBOND      =        0.0000
 1-4 VDW =        9.2679  1-4 EEL =       38.8215  RESTRAINT  =        0.0000


   NSTEP       ENERGY          RMS            GMAX         NAME    NUMBER
    100      -1.6710E+01     1.2991E+00     7.6453E+00     C          24

 BOND    =        1.2175  ANGLE   =        2.4416  DIHED      =       14.3217
 VDWAALS =        0.0762  EEL     =      -77.2432  HBOND      =        0.0000
 1-4 VDW =        4.7512  1-4 EEL =       37.7246  RESTRAINT  =        0.0000


   NSTEP       ENERGY          RMS            GMAX         NAME    NUMBER
    200      -2.0581E+01     4.9412E-01     1.7030E+00     CA          9

 BOND    =        0.8759  ANGLE   =        1.5865  DIHED      =       13.5781
 VDWAALS =       -1.9434  EEL     =      -76.1859  HBOND      =        0.0000
 1-4 VDW =        4.5733  1-4 EEL =       36.9341  RESTRAINT  =        0.0000


   NSTEP       ENERGY          RMS            GMAX         NAME    NUMBER
    300      -2.0786E+01     4.4351E-01     1.8473E+00     CA          9

 BOND    =        0.7996  ANGLE   =        1.5010  DIHED      =       13.5896
 VDWAALS =       -2.0948  EEL     =      -76.2401  HBOND      =        0.0000
 1-4 VDW =        4.5989  1-4 EEL =       37.0595  RESTRAINT  =        0.0000


   NSTEP       ENERGY          RMS            GMAX         NAME    NUMBER
    400      -2.0861E+01     1.1698E-01     2.9850E-01     HG12       18

 BOND    =        0.7727  ANGLE   =        1.4705  DIHED      =       13.5882
 VDWAALS =       -2.1566  EEL     =      -76.3029  HBOND      =        0.0000
 1-4 VDW =        4.6178  1-4 EEL =       37.1491  RESTRAINT  =        0.0000


   NSTEP       ENERGY          RMS            GMAX         NAME    NUMBER
    500      -2.0890E+01     9.8642E-02     2.8359E-01     N           7

 BOND    =        0.7625  ANGLE   =        1.4520  DIHED      =       13.5849
 VDWAALS =       -2.1778  EEL     =      -76.3351  HBOND      =        0.0000
 1-4 VDW =        4.6254  1-4 EEL =       37.1986  RESTRAINT  =        0.0000


   NSTEP       ENERGY          RMS            GMAX         NAME    NUMBER
    600      -2.0906E+01     9.8577E-02     2.8094E-01     H          27

 BOND    =        0.7571  ANGLE   =        1.4503  DIHED      =       13.5820
 VDWAALS =       -2.1952  EEL     =      -76.3543  HBOND      =        0.0000
 1-4 VDW =        4.6279  1-4 EEL =       37.2261  RESTRAINT  =        0.0000


   NSTEP       ENERGY          RMS            GMAX         NAME    NUMBER
    700      -2.0915E+01     5.1277E-02     1.5307E-01     N           7

 BOND    =        0.7550  ANGLE   =        1.4439  DIHED      =       13.5802
 VDWAALS =       -2.2095  EEL     =      -76.3649  HBOND      =        0.0000
 1-4 VDW =        4.6273  1-4 EEL =       37.2526  RESTRAINT  =        0.0000


   NSTEP       ENERGY          RMS            GMAX         NAME    NUMBER
    800      -2.0922E+01     3.8725E-02     1.3218E-01     CB         11

 BOND    =        0.7464  ANGLE   =        1.4390  DIHED      =       13.5770
 VDWAALS =       -2.2145  EEL     =      -76.3775  HBOND      =        0.0000
 1-4 VDW =        4.6331  1-4 EEL =       37.2745  RESTRAINT  =        0.0000


   NSTEP       ENERGY          RMS            GMAX         NAME    NUMBER
    900      -2.0926E+01     7.7993E-02     2.6180E-01     C           5

 BOND    =        0.7435  ANGLE   =        1.4429  DIHED      =       13.5758
 VDWAALS =       -2.2207  EEL     =      -76.3796  HBOND      =        0.0000
 1-4 VDW =        4.6359  1-4 EEL =       37.2756  RESTRAINT  =        0.0000


   NSTEP       ENERGY          RMS            GMAX         NAME    NUMBER
   1000      -2.0930E+01     2.3165E-02     6.1873E-02     CB         11

 BOND    =        0.7447  ANGLE   =        1.4319  DIHED      =       13.5746
 VDWAALS =       -2.2238  EEL     =      -76.3858  HBOND      =        0.0000
 1-4 VDW =        4.6382  1-4 EEL =       37.2903  RESTRAINT  =        0.0000


  Maximum number of minimization cycles reached.


                    FINAL RESULTS



   NSTEP       ENERGY          RMS            GMAX         NAME    NUMBER
   1000      -2.0930E+01     2.3165E-02     6.1873E-02     CB         11

 BOND    =        0.7447  ANGLE   =        1.4319  DIHED      =       13.5746
 VDWAALS =       -2.2238  EEL     =      -76.3858  HBOND      =        0.0000
 1-4 VDW =        4.6382  1-4 EEL =       37.2903  RESTRAINT  =        0.0000
--------------------------------------------------------------------------------
   5.  TIMINGS
--------------------------------------------------------------------------------

|  NonSetup CPU Time in Major Routines:
|
|     Routine           Sec        %
|     ------------------------------
|     Nonbond           2.15   98.21
|     Bond              0.00    0.11
|     Angle             0.01    0.31
|     Dihedral          0.02    1.14
|     Shake             0.00    0.00
|     Other             0.00    0.23
|     ------------------------------
|     Total             2.19

|  PME Nonbond Pairlist CPU Time:
|
|     Routine              Sec        %
|     ---------------------------------
|     Set Up Cit           0.00    0.01
|     Build List           0.00    0.05
|     ---------------------------------
|     Total                0.00    0.06

|  PME Direct Force CPU Time:
|
|     Routine              Sec        %
|     ---------------------------------
|     NonBonded Calc       0.03    1.24
|     Exclude Masked       0.01    0.55
|     Other                0.01    0.38
|     ---------------------------------
|     Total                0.05    2.17

|  PME Reciprocal Force CPU Time:
|
|     Routine              Sec        %
|     ---------------------------------
|     1D bspline           0.00    0.20
|     Grid Charges         0.09    4.00
|     Scalar Sum           0.85   38.67
|     Gradient Sum         0.02    0.82
|     FFT                  1.15   52.38
|     ---------------------------------
|     Total                2.11   96.07

|  Setup CPU time:            0.04 seconds
|  NonSetup CPU time:         2.19 seconds
|  Total CPU time:            2.23 seconds     0.00 hours

|  Setup wall time:           1    seconds
|  NonSetup wall time:        2    seconds
|  Total wall time:           3    seconds     0.00 hours
