
          -------------------------------------------------------
          Amber 20 PMEMD                              2020
          -------------------------------------------------------

| PMEMD implementation of SANDER, Release 18

|  Compiled date/time: Tue Apr 28 23:52:05 2020
| Run on 05/02/2020 at 16:01:02

|   Executable path: pmemd
| Working directory: /home/cerutti/OpenForceField/Dipeptides/MainChain/GLH
|          Hostname: Unknown
  [-O]verwriting output

File Assignments:
|   MDIN: ../../min.in                                                          
|  MDOUT: min.out                                                               
| INPCRD: GLH.inpcrd                                                            
|   PARM: GLH.prmtop                                                            
| RESTRT: mincrd                                                                
|   REFC: refc                                                                  
|  MDVEL: mdvel                                                                 
|   MDEN: mden                                                                  
|  MDCRD: mdcrd                                                                 
| MDINFO: mdinfo                                                                
|  MDFRC: mdfrc                                                                 


 Here is the input file:

Initial minimization                                                           
 &cntrl                                                                        
  ntx    = 1,       irest  = 0,       ntrx   = 1,      ntxo   = 1,             
  ntpr   = 100,     ntwx   = 0,       ntwv   = 0,      ntwe   = 0,             
                                                                               
  ntf    = 1,       ntb    = 1,                                                
  ntc    = 1,                                                                  
                                                                               
  cut    = 14.0,                                                               
                                                                               
  imin   = 1,                                                                  
  maxcyc = 1000,                                                               
  ncyc   = 100,                                                                
 &end                                                                          
 &ewald                                                                        
  nfft1 = 32, nfft2 = 32, nfft3 = 32,                                          
 &end                                                                          


Note: ig = -1. Setting random seed to    92616 based on wallclock time in 
      microseconds.
| irandom = 1, using AMBER's internal random number generator (default).
 
 
| Conditional Compilation Defines Used:
| FFTW_FFT
| BINTRAJ
| MKL
| EMIL

| Largest sphere to fit in unit cell has radius =    24.000

| New format PARM file being parsed.
| Version =    1.000 Date = 05/02/20 Time = 16:01:02

| Note: 1-4 EEL scale factors are being read from the topology file.

| Note: 1-4 VDW scale factors are being read from the topology file.
| Duplicated    0 dihedrals

| Duplicated    0 dihedrals

--------------------------------------------------------------------------------
   1.  RESOURCE   USE: 
--------------------------------------------------------------------------------

 getting new box info from bottom of inpcrd
 NATOM  =      28 NTYPES =       9 NBONH =      14 MBONA  =      13
 NTHETH =      30 MTHETA =      16 NPHIH =      63 MPHIA  =      42
 NHPARM =       0 NPARM  =       0 NNB   =     133 NRES   =       3
 NBONA  =      13 NTHETA =      16 NPHIA =      42 NUMBND =      16
 NUMANG =      30 NPTRA  =      43 NATYP =      11 NPHB   =       0
 IFBOX  =       1 NMXRS  =      16 IFCAP =       0 NEXTRA =       0
 NCOPY  =       0

| Coordinate Index Table dimensions:     6    6    6
| Direct force subcell size =     8.0000    8.0000    8.0000

     BOX TYPE: RECTILINEAR

--------------------------------------------------------------------------------
   2.  CONTROL  DATA  FOR  THE  RUN
--------------------------------------------------------------------------------

ACE                                                                             

General flags:
     imin    =       1, nmropt  =       0

Nature and format of input:
     ntx     =       1, irest   =       0, ntrx    =       1

Nature and format of output:
     ntxo    =       1, ntpr    =     100, ntrx    =       1, ntwr    =       1
     iwrap   =       0, ntwx    =       0, ntwv    =       0, ntwe    =       0
     ioutfm  =       1, ntwprt  =       0, idecomp =       0, rbornstat=      0

Potential function:
     ntf     =       1, ntb     =       1, igb     =       0, nsnb    =      25
     ipol    =       0, gbsa    =       0, iesp    =       0
     dielc   =   1.00000, cut     =  14.00000, intdiel =   1.00000

Frozen or restrained atoms:
     ibelly  =       0, ntr     =       0

Energy minimization:
     maxcyc  =    1000, ncyc    =     100, ntmin   =       1
     dx0     =   0.01000, drms    =   0.00010

| Intermolecular bonds treatment:
|     no_intermolecular_bonds =       1

| Energy averages sample interval:
|     ene_avg_sampling =       1

Ewald parameters:
     verbose =       0, ew_type =       0, nbflag  =       1, use_pme =       1
     vdwmeth =       1, eedmeth =       1, netfrc  =       0
     Box X =   48.000   Box Y =   48.000   Box Z =   48.000
     Alpha =   90.000   Beta  =   90.000   Gamma =   90.000
     NFFT1 =   32       NFFT2 =   32       NFFT3 =   32
     Cutoff=   14.000   Tol   =0.100E-04
     Ewald Coefficient =  0.19234
     Interpolation order =    4

--------------------------------------------------------------------------------
   3.  ATOMIC COORDINATES AND VELOCITIES
--------------------------------------------------------------------------------

ACE                                                                             
 begin time read from input coords =     0.000 ps

 
 Number of triangulated 3-point waters found:        0

     Sum of charges from parm topology file =   0.00000000
     Forcing neutrality...

| Dynamic Memory, Types Used:
| Reals              200359
| Integers             3241

| Nonbonded Pairs Initial Allocation:       21346

--------------------------------------------------------------------------------
   4.  RESULTS
--------------------------------------------------------------------------------

 ---------------------------------------------------
 APPROXIMATING switch and d/dx switch using CUBIC SPLINE INTERPOLATION
 using   5000.0 points per unit in tabled values
 TESTING RELATIVE ERROR over r ranging from 0.0 to cutoff
| CHECK switch(x): max rel err =   0.2738E-14   at   2.422500
| CHECK d/dx switch(x): max rel err =   0.7883E-11   at   2.684960
 ---------------------------------------------------
|---------------------------------------------------
| APPROXIMATING direct energy using CUBIC SPLINE INTERPOLATION
|  with   50.0 points per unit in tabled values
| Relative Error Limit not exceeded for r .gt.   2.24
| APPROXIMATING direct force using CUBIC SPLINE INTERPOLATION
|  with   50.0 points per unit in tabled values
| Relative Error Limit not exceeded for r .gt.   2.76
|---------------------------------------------------


   NSTEP       ENERGY          RMS            GMAX         NAME    NUMBER
      1       7.3471E+01     1.0743E+02     4.8456E+02     HG2        15

 BOND    =        5.5229  ANGLE   =        2.8767  DIHED      =       22.2173
 VDWAALS =      109.3419  EEL     =      -80.2280  HBOND      =        0.0000
 1-4 VDW =        6.8941  1-4 EEL =        6.8463  RESTRAINT  =        0.0000


   NSTEP       ENERGY          RMS            GMAX         NAME    NUMBER
    100      -4.5000E+01     2.6365E+00     9.9208E+00     OE2        19

 BOND    =        1.0012  ANGLE   =        4.2665  DIHED      =       22.6785
 VDWAALS =       -0.4278  EEL     =      -79.6633  HBOND      =        0.0000
 1-4 VDW =        3.6936  1-4 EEL =        3.4513  RESTRAINT  =        0.0000


   NSTEP       ENERGY          RMS            GMAX         NAME    NUMBER
    200      -4.9232E+01     4.0368E-01     1.3995E+00     C          21

 BOND    =        0.6299  ANGLE   =        3.0173  DIHED      =       21.8857
 VDWAALS =       -2.4689  EEL     =      -79.5487  HBOND      =        0.0000
 1-4 VDW =        3.7366  1-4 EEL =        3.5157  RESTRAINT  =        0.0000


   NSTEP       ENERGY          RMS            GMAX         NAME    NUMBER
    300      -4.9462E+01     3.8418E-01     1.4300E+00     C          21

 BOND    =        0.6104  ANGLE   =        2.9857  DIHED      =       21.8247
 VDWAALS =       -2.5737  EEL     =      -79.4484  HBOND      =        0.0000
 1-4 VDW =        3.6741  1-4 EEL =        3.4652  RESTRAINT  =        0.0000


   NSTEP       ENERGY          RMS            GMAX         NAME    NUMBER
    400      -4.9548E+01     1.3481E-01     4.3565E-01     CH3        25

 BOND    =        0.5986  ANGLE   =        2.9813  DIHED      =       21.7968
 VDWAALS =       -2.6155  EEL     =      -79.4130  HBOND      =        0.0000
 1-4 VDW =        3.6571  1-4 EEL =        3.4471  RESTRAINT  =        0.0000


   NSTEP       ENERGY          RMS            GMAX         NAME    NUMBER
    500      -4.9591E+01     1.0435E-01     3.2113E-01     HA         10

 BOND    =        0.5972  ANGLE   =        2.9777  DIHED      =       21.7760
 VDWAALS =       -2.6394  EEL     =      -79.3817  HBOND      =        0.0000
 1-4 VDW =        3.6447  1-4 EEL =        3.4343  RESTRAINT  =        0.0000


   NSTEP       ENERGY          RMS            GMAX         NAME    NUMBER
    600      -4.9621E+01     1.7351E-01     5.7664E-01     HA         10

 BOND    =        0.6122  ANGLE   =        2.9692  DIHED      =       21.7416
 VDWAALS =       -2.6470  EEL     =      -79.3548  HBOND      =        0.0000
 1-4 VDW =        3.6318  1-4 EEL =        3.4265  RESTRAINT  =        0.0000


   NSTEP       ENERGY          RMS            GMAX         NAME    NUMBER
    700      -4.9650E+01     1.8580E-01     5.2585E-01     N           7

 BOND    =        0.5929  ANGLE   =        2.9848  DIHED      =       21.6874
 VDWAALS =       -2.6368  EEL     =      -79.3601  HBOND      =        0.0000
 1-4 VDW =        3.6260  1-4 EEL =        3.4558  RESTRAINT  =        0.0000


   NSTEP       ENERGY          RMS            GMAX         NAME    NUMBER
    800      -4.9683E+01     1.4342E-01     4.4300E-01     C          21

 BOND    =        0.5990  ANGLE   =        2.9830  DIHED      =       21.6040
 VDWAALS =       -2.6083  EEL     =      -79.3498  HBOND      =        0.0000
 1-4 VDW =        3.6246  1-4 EEL =        3.4646  RESTRAINT  =        0.0000


   NSTEP       ENERGY          RMS            GMAX         NAME    NUMBER
    900      -4.9726E+01     3.1760E-01     1.0728E+00     CA          9

 BOND    =        0.5777  ANGLE   =        3.0862  DIHED      =       21.4538
 VDWAALS =       -2.5430  EEL     =      -79.3282  HBOND      =        0.0000
 1-4 VDW =        3.6208  1-4 EEL =        3.4069  RESTRAINT  =        0.0000


   NSTEP       ENERGY          RMS            GMAX         NAME    NUMBER
   1000      -4.9752E+01     2.2252E-01     8.8919E-01     C           5

 BOND    =        0.6055  ANGLE   =        3.0274  DIHED      =       21.3704
 VDWAALS =       -2.5009  EEL     =      -79.3436  HBOND      =        0.0000
 1-4 VDW =        3.6208  1-4 EEL =        3.4690  RESTRAINT  =        0.0000


  Maximum number of minimization cycles reached.


                    FINAL RESULTS



   NSTEP       ENERGY          RMS            GMAX         NAME    NUMBER
   1000      -4.9752E+01     2.2252E-01     8.8919E-01     C           5

 BOND    =        0.6055  ANGLE   =        3.0274  DIHED      =       21.3704
 VDWAALS =       -2.5009  EEL     =      -79.3436  HBOND      =        0.0000
 1-4 VDW =        3.6208  1-4 EEL =        3.4690  RESTRAINT  =        0.0000
--------------------------------------------------------------------------------
   5.  TIMINGS
--------------------------------------------------------------------------------

|  NonSetup CPU Time in Major Routines:
|
|     Routine           Sec        %
|     ------------------------------
|     Nonbond           2.15   98.32
|     Bond              0.00    0.11
|     Angle             0.01    0.28
|     Dihedral          0.02    1.08
|     Shake             0.00    0.00
|     Other             0.00    0.22
|     ------------------------------
|     Total             2.19

|  PME Nonbond Pairlist CPU Time:
|
|     Routine              Sec        %
|     ---------------------------------
|     Set Up Cit           0.00    0.01
|     Build List           0.00    0.03
|     ---------------------------------
|     Total                0.00    0.04

|  PME Direct Force CPU Time:
|
|     Routine              Sec        %
|     ---------------------------------
|     NonBonded Calc       0.02    1.03
|     Exclude Masked       0.01    0.48
|     Other                0.01    0.38
|     ---------------------------------
|     Total                0.04    1.89

|  PME Reciprocal Force CPU Time:
|
|     Routine              Sec        %
|     ---------------------------------
|     1D bspline           0.00    0.18
|     Grid Charges         0.09    3.99
|     Scalar Sum           0.85   38.77
|     Gradient Sum         0.02    0.75
|     FFT                  1.15   52.79
|     ---------------------------------
|     Total                2.11   96.49

|  Setup CPU time:            0.04 seconds
|  NonSetup CPU time:         2.19 seconds
|  Total CPU time:            2.23 seconds     0.00 hours

|  Setup wall time:           0    seconds
|  NonSetup wall time:        2    seconds
|  Total wall time:           2    seconds     0.00 hours
