
          -------------------------------------------------------
          Amber 20 PMEMD                              2020
          -------------------------------------------------------

| PMEMD implementation of SANDER, Release 18

|  Compiled date/time: Tue Apr 28 23:52:05 2020
| Run on 05/02/2020 at 19:24:33

|   Executable path: pmemd
| Working directory: /home/cerutti/OpenForceField/Dipeptides/NTerminal/ALA
|          Hostname: Unknown
  [-O]verwriting output

File Assignments:
|   MDIN: ../../min.in                                                          
|  MDOUT: min.out                                                               
| INPCRD: ALA.inpcrd                                                            
|   PARM: ALA.prmtop                                                            
| RESTRT: mincrd                                                                
|   REFC: refc                                                                  
|  MDVEL: mdvel                                                                 
|   MDEN: mden                                                                  
|  MDCRD: mdcrd                                                                 
| MDINFO: mdinfo                                                                
|  MDFRC: mdfrc                                                                 


 Here is the input file:

Initial minimization                                                           
 &cntrl                                                                        
  ntx    = 1,       irest  = 0,       ntrx   = 1,      ntxo   = 1,             
  ntpr   = 100,     ntwx   = 0,       ntwv   = 0,      ntwe   = 0,             
                                                                               
  ntf    = 1,       ntb    = 1,                                                
  ntc    = 1,                                                                  
                                                                               
  cut    = 14.0,                                                               
                                                                               
  imin   = 1,                                                                  
  maxcyc = 1000,                                                               
  ncyc   = 100,                                                                
 &end                                                                          
 &ewald                                                                        
  nfft1 = 32, nfft2 = 32, nfft3 = 32,                                          
 &end                                                                          


Note: ig = -1. Setting random seed to    17999 based on wallclock time in 
      microseconds.
| irandom = 1, using AMBER's internal random number generator (default).
 
 
| Conditional Compilation Defines Used:
| FFTW_FFT
| BINTRAJ
| MKL
| EMIL

| Largest sphere to fit in unit cell has radius =    24.000

| New format PARM file being parsed.
| Version =    1.000 Date = 05/02/20 Time = 19:24:33

| Note: 1-4 EEL scale factors are being read from the topology file.

| Note: 1-4 VDW scale factors are being read from the topology file.
| Duplicated    0 dihedrals

| Duplicated    0 dihedrals

--------------------------------------------------------------------------------
   1.  RESOURCE   USE: 
--------------------------------------------------------------------------------

 getting new box info from bottom of inpcrd
 NATOM  =      18 NTYPES =       8 NBONH =      11 MBONA  =       6
 NTHETH =      23 MTHETA =       7 NPHIH =      30 MPHIA  =      10
 NHPARM =       0 NPARM  =       0 NNB   =      82 NRES   =       2
 NBONA  =       6 NTHETA =       7 NPHIA =      10 NUMBND =      11
 NUMANG =      18 NPTRA  =      10 NATYP =      10 NPHB   =       0
 IFBOX  =       1 NMXRS  =      12 IFCAP =       0 NEXTRA =       0
 NCOPY  =       0

| Coordinate Index Table dimensions:     6    6    6
| Direct force subcell size =     8.0000    8.0000    8.0000

     BOX TYPE: RECTILINEAR

--------------------------------------------------------------------------------
   2.  CONTROL  DATA  FOR  THE  RUN
--------------------------------------------------------------------------------

NALA                                                                            

General flags:
     imin    =       1, nmropt  =       0

Nature and format of input:
     ntx     =       1, irest   =       0, ntrx    =       1

Nature and format of output:
     ntxo    =       1, ntpr    =     100, ntrx    =       1, ntwr    =       1
     iwrap   =       0, ntwx    =       0, ntwv    =       0, ntwe    =       0
     ioutfm  =       1, ntwprt  =       0, idecomp =       0, rbornstat=      0

Potential function:
     ntf     =       1, ntb     =       1, igb     =       0, nsnb    =      25
     ipol    =       0, gbsa    =       0, iesp    =       0
     dielc   =   1.00000, cut     =  14.00000, intdiel =   1.00000

Frozen or restrained atoms:
     ibelly  =       0, ntr     =       0

Energy minimization:
     maxcyc  =    1000, ncyc    =     100, ntmin   =       1
     dx0     =   0.01000, drms    =   0.00010

| Intermolecular bonds treatment:
|     no_intermolecular_bonds =       1

| Energy averages sample interval:
|     ene_avg_sampling =       1

Ewald parameters:
     verbose =       0, ew_type =       0, nbflag  =       1, use_pme =       1
     vdwmeth =       1, eedmeth =       1, netfrc  =       0
     Box X =   48.000   Box Y =   48.000   Box Z =   48.000
     Alpha =   90.000   Beta  =   90.000   Gamma =   90.000
     NFFT1 =   32       NFFT2 =   32       NFFT3 =   32
     Cutoff=   14.000   Tol   =0.100E-04
     Ewald Coefficient =  0.19234
     Interpolation order =    4

--------------------------------------------------------------------------------
   3.  ATOMIC COORDINATES AND VELOCITIES
--------------------------------------------------------------------------------

NALA                                                                            
 begin time read from input coords =     0.000 ps

 
 Number of triangulated 3-point waters found:        0

     Sum of charges from parm topology file =   1.00000000
     Assuming uniform neutralizing plasma

| Dynamic Memory, Types Used:
| Reals              199794
| Integers             1727

| Nonbonded Pairs Initial Allocation:       13722

--------------------------------------------------------------------------------
   4.  RESULTS
--------------------------------------------------------------------------------

 ---------------------------------------------------
 APPROXIMATING switch and d/dx switch using CUBIC SPLINE INTERPOLATION
 using   5000.0 points per unit in tabled values
 TESTING RELATIVE ERROR over r ranging from 0.0 to cutoff
| CHECK switch(x): max rel err =   0.2738E-14   at   2.422500
| CHECK d/dx switch(x): max rel err =   0.7883E-11   at   2.684960
 ---------------------------------------------------
|---------------------------------------------------
| APPROXIMATING direct energy using CUBIC SPLINE INTERPOLATION
|  with   50.0 points per unit in tabled values
| Relative Error Limit not exceeded for r .gt.   2.24
| APPROXIMATING direct force using CUBIC SPLINE INTERPOLATION
|  with   50.0 points per unit in tabled values
| Relative Error Limit not exceeded for r .gt.   2.76
|---------------------------------------------------


   NSTEP       ENERGY          RMS            GMAX         NAME    NUMBER
      1      -1.6283E+00     6.1817E+00     1.7311E+01     CA          5

 BOND    =        0.1779  ANGLE   =        1.9830  DIHED      =        3.2032
 VDWAALS =        0.7355  EEL     =      -63.8135  HBOND      =        0.0000
 1-4 VDW =        3.3218  1-4 EEL =       52.7638  RESTRAINT  =        0.0000


   NSTEP       ENERGY          RMS            GMAX         NAME    NUMBER
    100      -6.3684E+00     2.0972E-01     8.2279E-01     C          11

 BOND    =        0.2127  ANGLE   =        0.8639  DIHED      =        3.2238
 VDWAALS =       -0.2250  EEL     =      -64.3616  HBOND      =        0.0000
 1-4 VDW =        2.9522  1-4 EEL =       50.9654  RESTRAINT  =        0.0000


   NSTEP       ENERGY          RMS            GMAX         NAME    NUMBER
    200      -6.7483E+00     1.9382E+00     7.2118E+00     N          13

 BOND    =        0.2675  ANGLE   =        1.0388  DIHED      =        2.5857
 VDWAALS =       -0.3974  EEL     =      -63.3807  HBOND      =        0.0000
 1-4 VDW =        2.5309  1-4 EEL =       50.6069  RESTRAINT  =        0.0000


   NSTEP       ENERGY          RMS            GMAX         NAME    NUMBER
    300      -8.3686E+00     6.8791E-01     2.3799E+00     H2          3

 BOND    =        0.2749  ANGLE   =        0.9486  DIHED      =        0.4960
 VDWAALS =       -0.4171  EEL     =      -62.8444  HBOND      =        0.0000
 1-4 VDW =        2.6350  1-4 EEL =       50.5385  RESTRAINT  =        0.0000


   NSTEP       ENERGY          RMS            GMAX         NAME    NUMBER
    400      -8.5243E+00     1.6767E-01     6.0079E-01     N           1

 BOND    =        0.2159  ANGLE   =        0.8498  DIHED      =        0.3947
 VDWAALS =       -0.4425  EEL     =      -62.9527  HBOND      =        0.0000
 1-4 VDW =        2.7003  1-4 EEL =       50.7102  RESTRAINT  =        0.0000


   NSTEP       ENERGY          RMS            GMAX         NAME    NUMBER
    500      -8.5704E+00     1.7092E-01     4.8459E-01     CB          7

 BOND    =        0.2097  ANGLE   =        0.8102  DIHED      =        0.4007
 VDWAALS =       -0.5014  EEL     =      -62.9282  HBOND      =        0.0000
 1-4 VDW =        2.6807  1-4 EEL =       50.7580  RESTRAINT  =        0.0000


   NSTEP       ENERGY          RMS            GMAX         NAME    NUMBER
    600      -8.6226E+00     1.6289E-01     3.8639E-01     CA          5

 BOND    =        0.2039  ANGLE   =        0.7860  DIHED      =        0.3994
 VDWAALS =       -0.5736  EEL     =      -62.8977  HBOND      =        0.0000
 1-4 VDW =        2.6802  1-4 EEL =       50.7793  RESTRAINT  =        0.0000


   NSTEP       ENERGY          RMS            GMAX         NAME    NUMBER
    700      -8.6589E+00     1.1050E-01     2.7255E-01     C          11

 BOND    =        0.1928  ANGLE   =        0.7602  DIHED      =        0.3983
 VDWAALS =       -0.6079  EEL     =      -62.9682  HBOND      =        0.0000
 1-4 VDW =        2.7197  1-4 EEL =       50.8462  RESTRAINT  =        0.0000


   NSTEP       ENERGY          RMS            GMAX         NAME    NUMBER
    800      -8.6793E+00     1.3768E-01     4.1326E-01     H1          2

 BOND    =        0.1936  ANGLE   =        0.7473  DIHED      =        0.3974
 VDWAALS =       -0.6355  EEL     =      -62.9874  HBOND      =        0.0000
 1-4 VDW =        2.7407  1-4 EEL =       50.8647  RESTRAINT  =        0.0000


   NSTEP       ENERGY          RMS            GMAX         NAME    NUMBER
    900      -8.6976E+00     2.3931E-01     8.9157E-01     CA          5

 BOND    =        0.1863  ANGLE   =        0.7380  DIHED      =        0.3960
 VDWAALS =       -0.6586  EEL     =      -63.0149  HBOND      =        0.0000
 1-4 VDW =        2.7571  1-4 EEL =       50.8986  RESTRAINT  =        0.0000


   NSTEP       ENERGY          RMS            GMAX         NAME    NUMBER
   1000      -8.7026E+00     7.4193E-02     2.1635E-01     N          13

 BOND    =        0.1886  ANGLE   =        0.7331  DIHED      =        0.3946
 VDWAALS =       -0.6635  EEL     =      -63.0245  HBOND      =        0.0000
 1-4 VDW =        2.7660  1-4 EEL =       50.9031  RESTRAINT  =        0.0000


  Maximum number of minimization cycles reached.


                    FINAL RESULTS



   NSTEP       ENERGY          RMS            GMAX         NAME    NUMBER
   1000      -8.7026E+00     7.4193E-02     2.1635E-01     N          13

 BOND    =        0.1886  ANGLE   =        0.7331  DIHED      =        0.3946
 VDWAALS =       -0.6635  EEL     =      -63.0245  HBOND      =        0.0000
 1-4 VDW =        2.7660  1-4 EEL =       50.9031  RESTRAINT  =        0.0000
--------------------------------------------------------------------------------
   5.  TIMINGS
--------------------------------------------------------------------------------

|  NonSetup CPU Time in Major Routines:
|
|     Routine           Sec        %
|     ------------------------------
|     Nonbond           2.11   99.05
|     Bond              0.00    0.09
|     Angle             0.00    0.19
|     Dihedral          0.01    0.45
|     Shake             0.00    0.00
|     Other             0.00    0.21
|     ------------------------------
|     Total             2.13

|  PME Nonbond Pairlist CPU Time:
|
|     Routine              Sec        %
|     ---------------------------------
|     Set Up Cit           0.00    0.01
|     Build List           0.00    0.02
|     ---------------------------------
|     Total                0.00    0.03

|  PME Direct Force CPU Time:
|
|     Routine              Sec        %
|     ---------------------------------
|     NonBonded Calc       0.01    0.46
|     Exclude Masked       0.01    0.32
|     Other                0.01    0.37
|     ---------------------------------
|     Total                0.02    1.16

|  PME Reciprocal Force CPU Time:
|
|     Routine              Sec        %
|     ---------------------------------
|     1D bspline           0.00    0.14
|     Grid Charges         0.08    3.93
|     Scalar Sum           0.85   39.73
|     Gradient Sum         0.01    0.52
|     FFT                  1.14   53.64
|     ---------------------------------
|     Total                2.09   97.96

|  Setup CPU time:            0.04 seconds
|  NonSetup CPU time:         2.13 seconds
|  Total CPU time:            2.18 seconds     0.00 hours

|  Setup wall time:           0    seconds
|  NonSetup wall time:        2    seconds
|  Total wall time:           2    seconds     0.00 hours
