
          -------------------------------------------------------
          Amber 20 PMEMD                              2020
          -------------------------------------------------------

| PMEMD implementation of SANDER, Release 18

|  Compiled date/time: Tue Apr 28 23:52:05 2020
| Run on 05/02/2020 at 19:25:07

|   Executable path: pmemd
| Working directory: /home/cerutti/OpenForceField/Dipeptides/NTerminal/PHE
|          Hostname: Unknown
  [-O]verwriting output

File Assignments:
|   MDIN: ../../min.in                                                          
|  MDOUT: min.out                                                               
| INPCRD: PHE.inpcrd                                                            
|   PARM: PHE.prmtop                                                            
| RESTRT: mincrd                                                                
|   REFC: refc                                                                  
|  MDVEL: mdvel                                                                 
|   MDEN: mden                                                                  
|  MDCRD: mdcrd                                                                 
| MDINFO: mdinfo                                                                
|  MDFRC: mdfrc                                                                 


 Here is the input file:

Initial minimization                                                           
 &cntrl                                                                        
  ntx    = 1,       irest  = 0,       ntrx   = 1,      ntxo   = 1,             
  ntpr   = 100,     ntwx   = 0,       ntwv   = 0,      ntwe   = 0,             
                                                                               
  ntf    = 1,       ntb    = 1,                                                
  ntc    = 1,                                                                  
                                                                               
  cut    = 14.0,                                                               
                                                                               
  imin   = 1,                                                                  
  maxcyc = 1000,                                                               
  ncyc   = 100,                                                                
 &end                                                                          
 &ewald                                                                        
  nfft1 = 32, nfft2 = 32, nfft3 = 32,                                          
 &end                                                                          


Note: ig = -1. Setting random seed to   811656 based on wallclock time in 
      microseconds.
| irandom = 1, using AMBER's internal random number generator (default).
 
 
| Conditional Compilation Defines Used:
| FFTW_FFT
| BINTRAJ
| MKL
| EMIL

| Largest sphere to fit in unit cell has radius =    24.000

| New format PARM file being parsed.
| Version =    1.000 Date = 05/02/20 Time = 19:25:07

| Note: 1-4 EEL scale factors are being read from the topology file.

| Note: 1-4 VDW scale factors are being read from the topology file.
| Duplicated    0 dihedrals

| Duplicated    0 dihedrals

--------------------------------------------------------------------------------
   1.  RESOURCE   USE: 
--------------------------------------------------------------------------------

 getting new box info from bottom of inpcrd
 NATOM  =      28 NTYPES =       9 NBONH =      15 MBONA  =      13
 NTHETH =      32 MTHETA =      16 NPHIH =      53 MPHIA  =      35
 NHPARM =       0 NPARM  =       0 NNB   =     139 NRES   =       2
 NBONA  =      13 NTHETA =      16 NPHIA =      35 NUMBND =      14
 NUMANG =      23 NPTRA  =      22 NATYP =      12 NPHB   =       0
 IFBOX  =       1 NMXRS  =      22 IFCAP =       0 NEXTRA =       0
 NCOPY  =       0

| Coordinate Index Table dimensions:     6    6    6
| Direct force subcell size =     8.0000    8.0000    8.0000

     BOX TYPE: RECTILINEAR

--------------------------------------------------------------------------------
   2.  CONTROL  DATA  FOR  THE  RUN
--------------------------------------------------------------------------------

NPHE                                                                            

General flags:
     imin    =       1, nmropt  =       0

Nature and format of input:
     ntx     =       1, irest   =       0, ntrx    =       1

Nature and format of output:
     ntxo    =       1, ntpr    =     100, ntrx    =       1, ntwr    =       1
     iwrap   =       0, ntwx    =       0, ntwv    =       0, ntwe    =       0
     ioutfm  =       1, ntwprt  =       0, idecomp =       0, rbornstat=      0

Potential function:
     ntf     =       1, ntb     =       1, igb     =       0, nsnb    =      25
     ipol    =       0, gbsa    =       0, iesp    =       0
     dielc   =   1.00000, cut     =  14.00000, intdiel =   1.00000

Frozen or restrained atoms:
     ibelly  =       0, ntr     =       0

Energy minimization:
     maxcyc  =    1000, ncyc    =     100, ntmin   =       1
     dx0     =   0.01000, drms    =   0.00010

| Intermolecular bonds treatment:
|     no_intermolecular_bonds =       1

| Energy averages sample interval:
|     ene_avg_sampling =       1

Ewald parameters:
     verbose =       0, ew_type =       0, nbflag  =       1, use_pme =       1
     vdwmeth =       1, eedmeth =       1, netfrc  =       0
     Box X =   48.000   Box Y =   48.000   Box Z =   48.000
     Alpha =   90.000   Beta  =   90.000   Gamma =   90.000
     NFFT1 =   32       NFFT2 =   32       NFFT3 =   32
     Cutoff=   14.000   Tol   =0.100E-04
     Ewald Coefficient =  0.19234
     Interpolation order =    4

--------------------------------------------------------------------------------
   3.  ATOMIC COORDINATES AND VELOCITIES
--------------------------------------------------------------------------------

NPHE                                                                            
 begin time read from input coords =     0.000 ps

 
 Number of triangulated 3-point waters found:        0

     Sum of charges from parm topology file =   1.00000000
     Assuming uniform neutralizing plasma

| Dynamic Memory, Types Used:
| Reals              200165
| Integers             3108

| Nonbonded Pairs Initial Allocation:       21346

--------------------------------------------------------------------------------
   4.  RESULTS
--------------------------------------------------------------------------------

 ---------------------------------------------------
 APPROXIMATING switch and d/dx switch using CUBIC SPLINE INTERPOLATION
 using   5000.0 points per unit in tabled values
 TESTING RELATIVE ERROR over r ranging from 0.0 to cutoff
| CHECK switch(x): max rel err =   0.2738E-14   at   2.422500
| CHECK d/dx switch(x): max rel err =   0.7883E-11   at   2.684960
 ---------------------------------------------------
|---------------------------------------------------
| APPROXIMATING direct energy using CUBIC SPLINE INTERPOLATION
|  with   50.0 points per unit in tabled values
| Relative Error Limit not exceeded for r .gt.   2.24
| APPROXIMATING direct force using CUBIC SPLINE INTERPOLATION
|  with   50.0 points per unit in tabled values
| Relative Error Limit not exceeded for r .gt.   2.76
|---------------------------------------------------


   NSTEP       ENERGY          RMS            GMAX         NAME    NUMBER
      1       1.1068E+04     2.3357E+04     1.1550E+05     HD2        20

 BOND    =        0.3614  ANGLE   =        2.2541  DIHED      =        4.0062
 VDWAALS =    11070.4086  EEL     =      -54.7549  HBOND      =        0.0000
 1-4 VDW =        8.3612  1-4 EEL =       37.5762  RESTRAINT  =        0.0000


   NSTEP       ENERGY          RMS            GMAX         NAME    NUMBER
    100      -5.1729E+00     2.6977E+00     7.0142E+00     CD1        11

 BOND    =        0.7640  ANGLE   =        2.9595  DIHED      =        6.7839
 VDWAALS =        0.8363  EEL     =      -58.9393  HBOND      =        0.0000
 1-4 VDW =        6.6168  1-4 EEL =       35.8059  RESTRAINT  =        0.0000


   NSTEP       ENERGY          RMS            GMAX         NAME    NUMBER
    200      -1.2467E+01     1.1815E+00     3.5207E+00     N          23

 BOND    =        0.5425  ANGLE   =        1.9880  DIHED      =        2.6346
 VDWAALS =       -1.5012  EEL     =      -58.6544  HBOND      =        0.0000
 1-4 VDW =        6.8182  1-4 EEL =       35.7048  RESTRAINT  =        0.0000


   NSTEP       ENERGY          RMS            GMAX         NAME    NUMBER
    300      -1.3894E+01     2.6637E-01     7.8166E-01     HE1        14

 BOND    =        0.4661  ANGLE   =        1.5440  DIHED      =        1.8816
 VDWAALS =       -1.8239  EEL     =      -58.4835  HBOND      =        0.0000
 1-4 VDW =        6.8253  1-4 EEL =       35.6965  RESTRAINT  =        0.0000


   NSTEP       ENERGY          RMS            GMAX         NAME    NUMBER
    400      -1.4769E+01     1.9210E-01     5.6696E-01     CB          7

 BOND    =        0.3833  ANGLE   =        1.2969  DIHED      =        1.8255
 VDWAALS =       -2.0543  EEL     =      -58.7682  HBOND      =        0.0000
 1-4 VDW =        6.7932  1-4 EEL =       35.7545  RESTRAINT  =        0.0000


   NSTEP       ENERGY          RMS            GMAX         NAME    NUMBER
    500      -1.5130E+01     2.2554E-01     6.8277E-01     CD1        11

 BOND    =        0.3567  ANGLE   =        1.1863  DIHED      =        1.7937
 VDWAALS =       -2.1406  EEL     =      -58.8635  HBOND      =        0.0000
 1-4 VDW =        6.7470  1-4 EEL =       35.7909  RESTRAINT  =        0.0000


   NSTEP       ENERGY          RMS            GMAX         NAME    NUMBER
    600      -1.5271E+01     1.6710E-01     4.4490E-01     CD1        11

 BOND    =        0.3439  ANGLE   =        1.1370  DIHED      =        1.7931
 VDWAALS =       -2.2047  EEL     =      -58.8733  HBOND      =        0.0000
 1-4 VDW =        6.7100  1-4 EEL =       35.8227  RESTRAINT  =        0.0000


   NSTEP       ENERGY          RMS            GMAX         NAME    NUMBER
    700      -1.5344E+01     1.8279E-01     5.5413E-01     O          22

 BOND    =        0.3545  ANGLE   =        1.0905  DIHED      =        1.7886
 VDWAALS =       -2.2561  EEL     =      -58.8521  HBOND      =        0.0000
 1-4 VDW =        6.6780  1-4 EEL =       35.8525  RESTRAINT  =        0.0000


   NSTEP       ENERGY          RMS            GMAX         NAME    NUMBER
    800      -1.5384E+01     1.5301E-01     4.5606E-01     CH3        25

 BOND    =        0.3400  ANGLE   =        1.0784  DIHED      =        1.7809
 VDWAALS =       -2.2887  EEL     =      -58.8517  HBOND      =        0.0000
 1-4 VDW =        6.6772  1-4 EEL =       35.8796  RESTRAINT  =        0.0000


   NSTEP       ENERGY          RMS            GMAX         NAME    NUMBER
    900      -1.5412E+01     9.4302E-02     2.6585E-01     H          24

 BOND    =        0.3375  ANGLE   =        1.0662  DIHED      =        1.7754
 VDWAALS =       -2.3139  EEL     =      -58.8513  HBOND      =        0.0000
 1-4 VDW =        6.6702  1-4 EEL =       35.9036  RESTRAINT  =        0.0000


   NSTEP       ENERGY          RMS            GMAX         NAME    NUMBER
   1000      -1.5434E+01     1.1389E-01     3.3869E-01     CH3        25

 BOND    =        0.3354  ANGLE   =        1.0542  DIHED      =        1.7738
 VDWAALS =       -2.3358  EEL     =      -58.8583  HBOND      =        0.0000
 1-4 VDW =        6.6715  1-4 EEL =       35.9250  RESTRAINT  =        0.0000


  Maximum number of minimization cycles reached.


                    FINAL RESULTS



   NSTEP       ENERGY          RMS            GMAX         NAME    NUMBER
   1000      -1.5434E+01     1.1389E-01     3.3869E-01     CH3        25

 BOND    =        0.3354  ANGLE   =        1.0542  DIHED      =        1.7738
 VDWAALS =       -2.3358  EEL     =      -58.8583  HBOND      =        0.0000
 1-4 VDW =        6.6715  1-4 EEL =       35.9250  RESTRAINT  =        0.0000
--------------------------------------------------------------------------------
   5.  TIMINGS
--------------------------------------------------------------------------------

|  NonSetup CPU Time in Major Routines:
|
|     Routine           Sec        %
|     ------------------------------
|     Nonbond           2.20   98.51
|     Bond              0.00    0.11
|     Angle             0.01    0.28
|     Dihedral          0.02    0.89
|     Shake             0.00    0.00
|     Other             0.00    0.22
|     ------------------------------
|     Total             2.23

|  PME Nonbond Pairlist CPU Time:
|
|     Routine              Sec        %
|     ---------------------------------
|     Set Up Cit           0.00    0.01
|     Build List           0.00    0.03
|     ---------------------------------
|     Total                0.00    0.03

|  PME Direct Force CPU Time:
|
|     Routine              Sec        %
|     ---------------------------------
|     NonBonded Calc       0.02    0.99
|     Exclude Masked       0.01    0.49
|     Other                0.01    0.37
|     ---------------------------------
|     Total                0.04    1.85

|  PME Reciprocal Force CPU Time:
|
|     Routine              Sec        %
|     ---------------------------------
|     1D bspline           0.00    0.18
|     Grid Charges         0.09    3.89
|     Scalar Sum           0.85   37.93
|     Gradient Sum         0.02    0.73
|     FFT                  1.21   53.98
|     ---------------------------------
|     Total                2.16   96.72

|  Setup CPU time:            0.04 seconds
|  NonSetup CPU time:         2.23 seconds
|  Total CPU time:            2.27 seconds     0.00 hours

|  Setup wall time:           0    seconds
|  NonSetup wall time:        2    seconds
|  Total wall time:           2    seconds     0.00 hours
