
          -------------------------------------------------------
          Amber 20 PMEMD                              2020
          -------------------------------------------------------

| PMEMD implementation of SANDER, Release 18

|  Compiled date/time: Tue Apr 28 23:52:05 2020
| Run on 05/02/2020 at 16:01:04

|   Executable path: pmemd
| Working directory: /home/cerutti/OpenForceField/Dipeptides/MainChain/GLN
|          Hostname: Unknown
  [-O]verwriting output

File Assignments:
|   MDIN: ../../min.in                                                          
|  MDOUT: min.out                                                               
| INPCRD: GLN.inpcrd                                                            
|   PARM: GLN.prmtop                                                            
| RESTRT: mincrd                                                                
|   REFC: refc                                                                  
|  MDVEL: mdvel                                                                 
|   MDEN: mden                                                                  
|  MDCRD: mdcrd                                                                 
| MDINFO: mdinfo                                                                
|  MDFRC: mdfrc                                                                 


 Here is the input file:

Initial minimization                                                           
 &cntrl                                                                        
  ntx    = 1,       irest  = 0,       ntrx   = 1,      ntxo   = 1,             
  ntpr   = 100,     ntwx   = 0,       ntwv   = 0,      ntwe   = 0,             
                                                                               
  ntf    = 1,       ntb    = 1,                                                
  ntc    = 1,                                                                  
                                                                               
  cut    = 14.0,                                                               
                                                                               
  imin   = 1,                                                                  
  maxcyc = 1000,                                                               
  ncyc   = 100,                                                                
 &end                                                                          
 &ewald                                                                        
  nfft1 = 32, nfft2 = 32, nfft3 = 32,                                          
 &end                                                                          


Note: ig = -1. Setting random seed to   428480 based on wallclock time in 
      microseconds.
| irandom = 1, using AMBER's internal random number generator (default).
 
 
| Conditional Compilation Defines Used:
| FFTW_FFT
| BINTRAJ
| MKL
| EMIL

| Largest sphere to fit in unit cell has radius =    24.000

| New format PARM file being parsed.
| Version =    1.000 Date = 05/02/20 Time = 16:01:04

| Note: 1-4 EEL scale factors are being read from the topology file.

| Note: 1-4 VDW scale factors are being read from the topology file.
| Duplicated    0 dihedrals

| Duplicated    0 dihedrals

--------------------------------------------------------------------------------
   1.  RESOURCE   USE: 
--------------------------------------------------------------------------------

 getting new box info from bottom of inpcrd
 NATOM  =      29 NTYPES =       7 NBONH =      15 MBONA  =      13
 NTHETH =      32 MTHETA =      16 NPHIH =      64 MPHIA  =      42
 NHPARM =       0 NPARM  =       0 NNB   =     138 NRES   =       3
 NBONA  =      13 NTHETA =      16 NPHIA =      42 NUMBND =      14
 NUMANG =      29 NPTRA  =      38 NATYP =       9 NPHB   =       0
 IFBOX  =       1 NMXRS  =      17 IFCAP =       0 NEXTRA =       0
 NCOPY  =       0

| Coordinate Index Table dimensions:     6    6    6
| Direct force subcell size =     8.0000    8.0000    8.0000

     BOX TYPE: RECTILINEAR

--------------------------------------------------------------------------------
   2.  CONTROL  DATA  FOR  THE  RUN
--------------------------------------------------------------------------------

ACE                                                                             

General flags:
     imin    =       1, nmropt  =       0

Nature and format of input:
     ntx     =       1, irest   =       0, ntrx    =       1

Nature and format of output:
     ntxo    =       1, ntpr    =     100, ntrx    =       1, ntwr    =       1
     iwrap   =       0, ntwx    =       0, ntwv    =       0, ntwe    =       0
     ioutfm  =       1, ntwprt  =       0, idecomp =       0, rbornstat=      0

Potential function:
     ntf     =       1, ntb     =       1, igb     =       0, nsnb    =      25
     ipol    =       0, gbsa    =       0, iesp    =       0
     dielc   =   1.00000, cut     =  14.00000, intdiel =   1.00000

Frozen or restrained atoms:
     ibelly  =       0, ntr     =       0

Energy minimization:
     maxcyc  =    1000, ncyc    =     100, ntmin   =       1
     dx0     =   0.01000, drms    =   0.00010

| Intermolecular bonds treatment:
|     no_intermolecular_bonds =       1

| Energy averages sample interval:
|     ene_avg_sampling =       1

Ewald parameters:
     verbose =       0, ew_type =       0, nbflag  =       1, use_pme =       1
     vdwmeth =       1, eedmeth =       1, netfrc  =       0
     Box X =   48.000   Box Y =   48.000   Box Z =   48.000
     Alpha =   90.000   Beta  =   90.000   Gamma =   90.000
     NFFT1 =   32       NFFT2 =   32       NFFT3 =   32
     Cutoff=   14.000   Tol   =0.100E-04
     Ewald Coefficient =  0.19234
     Interpolation order =    4

--------------------------------------------------------------------------------
   3.  ATOMIC COORDINATES AND VELOCITIES
--------------------------------------------------------------------------------

ACE                                                                             
 begin time read from input coords =     0.000 ps

 
 Number of triangulated 3-point waters found:        0

     Sum of charges from parm topology file =  -0.00000000
     Forcing neutrality...

| Dynamic Memory, Types Used:
| Reals              200276
| Integers             3285

| Nonbonded Pairs Initial Allocation:       22108

--------------------------------------------------------------------------------
   4.  RESULTS
--------------------------------------------------------------------------------

 ---------------------------------------------------
 APPROXIMATING switch and d/dx switch using CUBIC SPLINE INTERPOLATION
 using   5000.0 points per unit in tabled values
 TESTING RELATIVE ERROR over r ranging from 0.0 to cutoff
| CHECK switch(x): max rel err =   0.2738E-14   at   2.422500
| CHECK d/dx switch(x): max rel err =   0.7883E-11   at   2.684960
 ---------------------------------------------------
|---------------------------------------------------
| APPROXIMATING direct energy using CUBIC SPLINE INTERPOLATION
|  with   50.0 points per unit in tabled values
| Relative Error Limit not exceeded for r .gt.   2.24
| APPROXIMATING direct force using CUBIC SPLINE INTERPOLATION
|  with   50.0 points per unit in tabled values
| Relative Error Limit not exceeded for r .gt.   2.76
|---------------------------------------------------


   NSTEP       ENERGY          RMS            GMAX         NAME    NUMBER
      1       4.1385E+01     1.0084E+02     4.7020E+02     HG2        15

 BOND    =        0.0209  ANGLE   =        0.3879  DIHED      =       18.7380
 VDWAALS =      107.1002  EEL     =      -71.9851  HBOND      =        0.0000
 1-4 VDW =        7.5773  1-4 EEL =      -20.4541  RESTRAINT  =        0.0000


   NSTEP       ENERGY          RMS            GMAX         NAME    NUMBER
    100      -6.8989E+01     2.7193E+00     1.4989E+01     C          22

 BOND    =        1.3768  ANGLE   =        3.0907  DIHED      =       19.1482
 VDWAALS =       -0.1219  EEL     =      -72.0346  HBOND      =        0.0000
 1-4 VDW =        3.9752  1-4 EEL =      -24.4239  RESTRAINT  =        0.0000


   NSTEP       ENERGY          RMS            GMAX         NAME    NUMBER
    200      -7.4079E+01     5.4646E-01     1.5788E+00     CG         14

 BOND    =        0.8572  ANGLE   =        2.6492  DIHED      =       18.3488
 VDWAALS =       -2.2114  EEL     =      -72.4290  HBOND      =        0.0000
 1-4 VDW =        3.9074  1-4 EEL =      -25.2011  RESTRAINT  =        0.0000


   NSTEP       ENERGY          RMS            GMAX         NAME    NUMBER
    300      -7.4429E+01     3.2344E-01     8.2984E-01     HG2        15

 BOND    =        0.8492  ANGLE   =        2.4145  DIHED      =       18.3712
 VDWAALS =       -2.3786  EEL     =      -72.4889  HBOND      =        0.0000
 1-4 VDW =        3.8906  1-4 EEL =      -25.0870  RESTRAINT  =        0.0000


   NSTEP       ENERGY          RMS            GMAX         NAME    NUMBER
    400      -7.4544E+01     1.2847E-01     3.3947E-01     CB         11

 BOND    =        0.8054  ANGLE   =        2.3298  DIHED      =       18.3995
 VDWAALS =       -2.4405  EEL     =      -72.5154  HBOND      =        0.0000
 1-4 VDW =        3.8852  1-4 EEL =      -25.0078  RESTRAINT  =        0.0000


   NSTEP       ENERGY          RMS            GMAX         NAME    NUMBER
    500      -7.4593E+01     1.0367E-01     3.4170E-01     CD         17

 BOND    =        0.7869  ANGLE   =        2.2754  DIHED      =       18.4275
 VDWAALS =       -2.4695  EEL     =      -72.5253  HBOND      =        0.0000
 1-4 VDW =        3.8873  1-4 EEL =      -24.9751  RESTRAINT  =        0.0000


   NSTEP       ENERGY          RMS            GMAX         NAME    NUMBER
    600      -7.4613E+01     1.0116E-01     2.7749E-01     N          24

 BOND    =        0.7715  ANGLE   =        2.2688  DIHED      =       18.4487
 VDWAALS =       -2.4811  EEL     =      -72.5293  HBOND      =        0.0000
 1-4 VDW =        3.8888  1-4 EEL =      -24.9800  RESTRAINT  =        0.0000


   NSTEP       ENERGY          RMS            GMAX         NAME    NUMBER
    700      -7.4622E+01     4.4893E-02     1.1740E-01     CH3         2

 BOND    =        0.7676  ANGLE   =        2.2587  DIHED      =       18.4632
 VDWAALS =       -2.4861  EEL     =      -72.5303  HBOND      =        0.0000
 1-4 VDW =        3.8907  1-4 EEL =      -24.9858  RESTRAINT  =        0.0000


   NSTEP       ENERGY          RMS            GMAX         NAME    NUMBER
    800      -7.4627E+01     4.4149E-02     1.3426E-01     CH3        26

 BOND    =        0.7614  ANGLE   =        2.2348  DIHED      =       18.4733
 VDWAALS =       -2.4880  EEL     =      -72.5422  HBOND      =        0.0000
 1-4 VDW =        3.8897  1-4 EEL =      -24.9556  RESTRAINT  =        0.0000


   NSTEP       ENERGY          RMS            GMAX         NAME    NUMBER
    900      -7.4630E+01     1.9239E-02     5.7944E-02     C           5

 BOND    =        0.7613  ANGLE   =        2.2501  DIHED      =       18.4810
 VDWAALS =       -2.4917  EEL     =      -72.5415  HBOND      =        0.0000
 1-4 VDW =        3.8889  1-4 EEL =      -24.9778  RESTRAINT  =        0.0000


   NSTEP       ENERGY          RMS            GMAX         NAME    NUMBER
   1000      -7.4631E+01     4.5328E-02     1.8508E-01     C           5

 BOND    =        0.7589  ANGLE   =        2.2469  DIHED      =       18.4833
 VDWAALS =       -2.4919  EEL     =      -72.5435  HBOND      =        0.0000
 1-4 VDW =        3.8898  1-4 EEL =      -24.9746  RESTRAINT  =        0.0000


  Maximum number of minimization cycles reached.


                    FINAL RESULTS



   NSTEP       ENERGY          RMS            GMAX         NAME    NUMBER
   1000      -7.4631E+01     4.5328E-02     1.8508E-01     C           5

 BOND    =        0.7589  ANGLE   =        2.2469  DIHED      =       18.4833
 VDWAALS =       -2.4919  EEL     =      -72.5435  HBOND      =        0.0000
 1-4 VDW =        3.8898  1-4 EEL =      -24.9746  RESTRAINT  =        0.0000
--------------------------------------------------------------------------------
   5.  TIMINGS
--------------------------------------------------------------------------------

|  NonSetup CPU Time in Major Routines:
|
|     Routine           Sec        %
|     ------------------------------
|     Nonbond           2.15   98.30
|     Bond              0.00    0.11
|     Angle             0.01    0.29
|     Dihedral          0.02    1.08
|     Shake             0.00    0.00
|     Other             0.00    0.22
|     ------------------------------
|     Total             2.19

|  PME Nonbond Pairlist CPU Time:
|
|     Routine              Sec        %
|     ---------------------------------
|     Set Up Cit           0.00    0.01
|     Build List           0.00    0.04
|     ---------------------------------
|     Total                0.00    0.05

|  PME Direct Force CPU Time:
|
|     Routine              Sec        %
|     ---------------------------------
|     NonBonded Calc       0.02    1.10
|     Exclude Masked       0.01    0.50
|     Other                0.01    0.38
|     ---------------------------------
|     Total                0.04    1.98

|  PME Reciprocal Force CPU Time:
|
|     Routine              Sec        %
|     ---------------------------------
|     1D bspline           0.00    0.19
|     Grid Charges         0.09    3.98
|     Scalar Sum           0.85   38.71
|     Gradient Sum         0.02    0.78
|     FFT                  1.15   52.70
|     ---------------------------------
|     Total                2.11   96.37

|  Setup CPU time:            0.04 seconds
|  NonSetup CPU time:         2.19 seconds
|  Total CPU time:            2.23 seconds     0.00 hours

|  Setup wall time:           0    seconds
|  NonSetup wall time:        3    seconds
|  Total wall time:           3    seconds     0.00 hours
