-I: Adding /home/cerutti/amber20/dat/leap/prep to search path.
-I: Adding /home/cerutti/amber20/dat/leap/lib to search path.
-I: Adding /home/cerutti/amber20/dat/leap/parm to search path.
-I: Adding /home/cerutti/amber20/dat/leap/cmd to search path.
-f: Source tleap.in.

Welcome to LEaP!
(no leaprc in search path)
Sourcing: ./tleap.in
----- Source: ./leaprc.tmp
----- Source of ./leaprc.tmp done
Log file: ./leap.mylog
Loading parameters: /home/cerutti/amber20/dat/leap/parm/parm10.dat
Reading title:
PARM99 + frcmod.ff99SB + frcmod.parmbsc0 + OL3 for RNA
Loading parameters: /home/cerutti/amber20/dat/leap/parm/frcmod.ff14SB
Reading force field modification type file (frcmod)
Reading title:
ff14SB protein backbone and sidechain parameters
Loading library: /home/cerutti/amber20/dat/leap/lib/amino12.lib
Loading library: /home/cerutti/amber20/dat/leap/lib/aminoct12.lib
Loading library: /home/cerutti/amber20/dat/leap/lib/aminont12.lib
Checking Unit.
Building topology.
Building atom parameters.
Building bond parameters.
Building angle parameters.
Building proper torsion parameters.
Building improper torsion parameters.
 total 6 improper torsions applied
Building H-Bond parameters.
Incorporating Non-Bonded adjustments.
Not Marking per-residue atom chain types.
Marking per-residue atom chain types.
 (no restraints)
	Quit

Exiting LEaP: Errors = 0; Warnings = 0; Notes = 0.
