
          -------------------------------------------------------
          Amber 20 PMEMD                              2020
          -------------------------------------------------------

| PMEMD implementation of SANDER, Release 18

|  Compiled date/time: Tue Apr 28 23:52:05 2020
| Run on 05/02/2020 at 19:24:44

|   Executable path: pmemd
| Working directory: /home/cerutti/OpenForceField/Dipeptides/NTerminal/GLN
|          Hostname: Unknown
  [-O]verwriting output

File Assignments:
|   MDIN: ../../min.in                                                          
|  MDOUT: min.out                                                               
| INPCRD: GLN.inpcrd                                                            
|   PARM: GLN.prmtop                                                            
| RESTRT: mincrd                                                                
|   REFC: refc                                                                  
|  MDVEL: mdvel                                                                 
|   MDEN: mden                                                                  
|  MDCRD: mdcrd                                                                 
| MDINFO: mdinfo                                                                
|  MDFRC: mdfrc                                                                 


 Here is the input file:

Initial minimization                                                           
 &cntrl                                                                        
  ntx    = 1,       irest  = 0,       ntrx   = 1,      ntxo   = 1,             
  ntpr   = 100,     ntwx   = 0,       ntwv   = 0,      ntwe   = 0,             
                                                                               
  ntf    = 1,       ntb    = 1,                                                
  ntc    = 1,                                                                  
                                                                               
  cut    = 14.0,                                                               
                                                                               
  imin   = 1,                                                                  
  maxcyc = 1000,                                                               
  ncyc   = 100,                                                                
 &end                                                                          
 &ewald                                                                        
  nfft1 = 32, nfft2 = 32, nfft3 = 32,                                          
 &end                                                                          


Note: ig = -1. Setting random seed to   593393 based on wallclock time in 
      microseconds.
| irandom = 1, using AMBER's internal random number generator (default).
 
 
| Conditional Compilation Defines Used:
| FFTW_FFT
| BINTRAJ
| MKL
| EMIL

| Largest sphere to fit in unit cell has radius =    24.000

| New format PARM file being parsed.
| Version =    1.000 Date = 05/02/20 Time = 19:24:44

| Note: 1-4 EEL scale factors are being read from the topology file.

| Note: 1-4 VDW scale factors are being read from the topology file.
| Duplicated    0 dihedrals

| Duplicated    0 dihedrals

--------------------------------------------------------------------------------
   1.  RESOURCE   USE: 
--------------------------------------------------------------------------------

 getting new box info from bottom of inpcrd
 NATOM  =      25 NTYPES =       8 NBONH =      14 MBONA  =      10
 NTHETH =      30 MTHETA =      12 NPHIH =      51 MPHIA  =      28
 NHPARM =       0 NPARM  =       0 NNB   =     121 NRES   =       2
 NBONA  =      10 NTHETA =      12 NPHIA =      28 NUMBND =      13
 NUMANG =      25 NPTRA  =      31 NATYP =      11 NPHB   =       0
 IFBOX  =       1 NMXRS  =      19 IFCAP =       0 NEXTRA =       0
 NCOPY  =       0

| Coordinate Index Table dimensions:     6    6    6
| Direct force subcell size =     8.0000    8.0000    8.0000

     BOX TYPE: RECTILINEAR

--------------------------------------------------------------------------------
   2.  CONTROL  DATA  FOR  THE  RUN
--------------------------------------------------------------------------------

NGLN                                                                            

General flags:
     imin    =       1, nmropt  =       0

Nature and format of input:
     ntx     =       1, irest   =       0, ntrx    =       1

Nature and format of output:
     ntxo    =       1, ntpr    =     100, ntrx    =       1, ntwr    =       1
     iwrap   =       0, ntwx    =       0, ntwv    =       0, ntwe    =       0
     ioutfm  =       1, ntwprt  =       0, idecomp =       0, rbornstat=      0

Potential function:
     ntf     =       1, ntb     =       1, igb     =       0, nsnb    =      25
     ipol    =       0, gbsa    =       0, iesp    =       0
     dielc   =   1.00000, cut     =  14.00000, intdiel =   1.00000

Frozen or restrained atoms:
     ibelly  =       0, ntr     =       0

Energy minimization:
     maxcyc  =    1000, ncyc    =     100, ntmin   =       1
     dx0     =   0.01000, drms    =   0.00010

| Intermolecular bonds treatment:
|     no_intermolecular_bonds =       1

| Energy averages sample interval:
|     ene_avg_sampling =       1

Ewald parameters:
     verbose =       0, ew_type =       0, nbflag  =       1, use_pme =       1
     vdwmeth =       1, eedmeth =       1, netfrc  =       0
     Box X =   48.000   Box Y =   48.000   Box Z =   48.000
     Alpha =   90.000   Beta  =   90.000   Gamma =   90.000
     NFFT1 =   32       NFFT2 =   32       NFFT3 =   32
     Cutoff=   14.000   Tol   =0.100E-04
     Ewald Coefficient =  0.19234
     Interpolation order =    4

--------------------------------------------------------------------------------
   3.  ATOMIC COORDINATES AND VELOCITIES
--------------------------------------------------------------------------------

NGLN                                                                            
 begin time read from input coords =     0.000 ps

 
 Number of triangulated 3-point waters found:        0

     Sum of charges from parm topology file =   1.00000000
     Assuming uniform neutralizing plasma

| Dynamic Memory, Types Used:
| Reals              200142
| Integers             2742

| Nonbonded Pairs Initial Allocation:       19059

--------------------------------------------------------------------------------
   4.  RESULTS
--------------------------------------------------------------------------------

 ---------------------------------------------------
 APPROXIMATING switch and d/dx switch using CUBIC SPLINE INTERPOLATION
 using   5000.0 points per unit in tabled values
 TESTING RELATIVE ERROR over r ranging from 0.0 to cutoff
| CHECK switch(x): max rel err =   0.2738E-14   at   2.422500
| CHECK d/dx switch(x): max rel err =   0.7883E-11   at   2.684960
 ---------------------------------------------------
|---------------------------------------------------
| APPROXIMATING direct energy using CUBIC SPLINE INTERPOLATION
|  with   50.0 points per unit in tabled values
| Relative Error Limit not exceeded for r .gt.   2.24
| APPROXIMATING direct force using CUBIC SPLINE INTERPOLATION
|  with   50.0 points per unit in tabled values
| Relative Error Limit not exceeded for r .gt.   2.76
|---------------------------------------------------


   NSTEP       ENERGY          RMS            GMAX         NAME    NUMBER
      1       3.7693E+01     1.0856E+02     4.7033E+02     HG2        11

 BOND    =        0.1782  ANGLE   =        2.0089  DIHED      =       12.2972
 VDWAALS =      105.3291  EEL     =      -44.6380  HBOND      =        0.0000
 1-4 VDW =        5.8093  1-4 EEL =      -43.2916  RESTRAINT  =        0.0000


   NSTEP       ENERGY          RMS            GMAX         NAME    NUMBER
    100      -7.0950E+01     8.5827E-01     3.0232E+00     C          18

 BOND    =        0.8494  ANGLE   =        2.7774  DIHED      =       13.1354
 VDWAALS =        0.7438  EEL     =      -45.7697  HBOND      =        0.0000
 1-4 VDW =        3.7469  1-4 EEL =      -46.4330  RESTRAINT  =        0.0000


   NSTEP       ENERGY          RMS            GMAX         NAME    NUMBER
    200      -7.5279E+01     8.9557E-01     2.2299E+00     HE21       16

 BOND    =        0.8184  ANGLE   =        3.0680  DIHED      =       11.6485
 VDWAALS =       -1.0060  EEL     =      -46.4400  HBOND      =        0.0000
 1-4 VDW =        3.7826  1-4 EEL =      -47.1502  RESTRAINT  =        0.0000


   NSTEP       ENERGY          RMS            GMAX         NAME    NUMBER
    300      -7.6668E+01     3.0496E-01     8.9324E-01     N           1

 BOND    =        0.7231  ANGLE   =        2.7253  DIHED      =        9.9485
 VDWAALS =       -1.0929  EEL     =      -45.8719  HBOND      =        0.0000
 1-4 VDW =        3.8051  1-4 EEL =      -46.9052  RESTRAINT  =        0.0000


   NSTEP       ENERGY          RMS            GMAX         NAME    NUMBER
    400      -7.6770E+01     1.8399E-01     7.1913E-01     N          20

 BOND    =        0.7168  ANGLE   =        2.6960  DIHED      =        9.7922
 VDWAALS =       -1.1398  EEL     =      -45.7758  HBOND      =        0.0000
 1-4 VDW =        3.7858  1-4 EEL =      -46.8453  RESTRAINT  =        0.0000


   NSTEP       ENERGY          RMS            GMAX         NAME    NUMBER
    500      -7.6797E+01     1.4979E-01     3.9142E-01     N           1

 BOND    =        0.7070  ANGLE   =        2.6917  DIHED      =        9.7737
 VDWAALS =       -1.1732  EEL     =      -45.7436  HBOND      =        0.0000
 1-4 VDW =        3.7776  1-4 EEL =      -46.8296  RESTRAINT  =        0.0000


   NSTEP       ENERGY          RMS            GMAX         NAME    NUMBER
    600      -7.6811E+01     5.3107E-02     1.6620E-01     NE2        15

 BOND    =        0.7074  ANGLE   =        2.6848  DIHED      =        9.7674
 VDWAALS =       -1.1862  EEL     =      -45.7441  HBOND      =        0.0000
 1-4 VDW =        3.7756  1-4 EEL =      -46.8155  RESTRAINT  =        0.0000


   NSTEP       ENERGY          RMS            GMAX         NAME    NUMBER
    700      -7.6822E+01     2.7245E-02     8.4701E-02     C          18

 BOND    =        0.7040  ANGLE   =        2.6743  DIHED      =        9.7641
 VDWAALS =       -1.1935  EEL     =      -45.7486  HBOND      =        0.0000
 1-4 VDW =        3.7749  1-4 EEL =      -46.7967  RESTRAINT  =        0.0000


   NSTEP       ENERGY          RMS            GMAX         NAME    NUMBER
    800      -7.6830E+01     6.5110E-02     1.5417E-01     CB          7

 BOND    =        0.7081  ANGLE   =        2.6704  DIHED      =        9.7629
 VDWAALS =       -1.1974  EEL     =      -45.7519  HBOND      =        0.0000
 1-4 VDW =        3.7772  1-4 EEL =      -46.7991  RESTRAINT  =        0.0000


   NSTEP       ENERGY          RMS            GMAX         NAME    NUMBER
    900      -7.6832E+01     1.8789E-02     4.6088E-02     HH32       24

 BOND    =        0.6993  ANGLE   =        2.6662  DIHED      =        9.7612
 VDWAALS =       -1.1997  EEL     =      -45.7533  HBOND      =        0.0000
 1-4 VDW =        3.7807  1-4 EEL =      -46.7865  RESTRAINT  =        0.0000


   NSTEP       ENERGY          RMS            GMAX         NAME    NUMBER
   1000      -7.6834E+01     3.2350E-02     1.0831E-01     CD         13

 BOND    =        0.7023  ANGLE   =        2.6682  DIHED      =        9.7607
 VDWAALS =       -1.2020  EEL     =      -45.7534  HBOND      =        0.0000
 1-4 VDW =        3.7786  1-4 EEL =      -46.7882  RESTRAINT  =        0.0000


  Maximum number of minimization cycles reached.


                    FINAL RESULTS



   NSTEP       ENERGY          RMS            GMAX         NAME    NUMBER
   1000      -7.6834E+01     3.2350E-02     1.0831E-01     CD         13

 BOND    =        0.7023  ANGLE   =        2.6682  DIHED      =        9.7607
 VDWAALS =       -1.2020  EEL     =      -45.7534  HBOND      =        0.0000
 1-4 VDW =        3.7786  1-4 EEL =      -46.7882  RESTRAINT  =        0.0000
--------------------------------------------------------------------------------
   5.  TIMINGS
--------------------------------------------------------------------------------

|  NonSetup CPU Time in Major Routines:
|
|     Routine           Sec        %
|     ------------------------------
|     Nonbond           2.13   98.59
|     Bond              0.00    0.10
|     Angle             0.01    0.26
|     Dihedral          0.02    0.83
|     Shake             0.00    0.00
|     Other             0.00    0.22
|     ------------------------------
|     Total             2.16

|  PME Nonbond Pairlist CPU Time:
|
|     Routine              Sec        %
|     ---------------------------------
|     Set Up Cit           0.00    0.01
|     Build List           0.00    0.04
|     ---------------------------------
|     Total                0.00    0.05

|  PME Direct Force CPU Time:
|
|     Routine              Sec        %
|     ---------------------------------
|     NonBonded Calc       0.02    0.84
|     Exclude Masked       0.01    0.45
|     Other                0.01    0.38
|     ---------------------------------
|     Total                0.04    1.67

|  PME Reciprocal Force CPU Time:
|
|     Routine              Sec        %
|     ---------------------------------
|     1D bspline           0.00    0.17
|     Grid Charges         0.09    3.97
|     Scalar Sum           0.85   39.36
|     Gradient Sum         0.01    0.68
|     FFT                  1.14   52.79
|     ---------------------------------
|     Total                2.10   96.97

|  Setup CPU time:            0.05 seconds
|  NonSetup CPU time:         2.16 seconds
|  Total CPU time:            2.21 seconds     0.00 hours

|  Setup wall time:           0    seconds
|  NonSetup wall time:        2    seconds
|  Total wall time:           2    seconds     0.00 hours
