
          -------------------------------------------------------
          Amber 20 PMEMD                              2020
          -------------------------------------------------------

| PMEMD implementation of SANDER, Release 18

|  Compiled date/time: Tue Apr 28 23:52:05 2020
| Run on 05/02/2020 at 16:02:32

|   Executable path: pmemd
| Working directory: /home/cerutti/OpenForceField/Dipeptides/CTerminal/SER
|          Hostname: Unknown
  [-O]verwriting output

File Assignments:
|   MDIN: ../../min.in                                                          
|  MDOUT: min.out                                                               
| INPCRD: SER.inpcrd                                                            
|   PARM: SER.prmtop                                                            
| RESTRT: mincrd                                                                
|   REFC: refc                                                                  
|  MDVEL: mdvel                                                                 
|   MDEN: mden                                                                  
|  MDCRD: mdcrd                                                                 
| MDINFO: mdinfo                                                                
|  MDFRC: mdfrc                                                                 


 Here is the input file:

Initial minimization                                                           
 &cntrl                                                                        
  ntx    = 1,       irest  = 0,       ntrx   = 1,      ntxo   = 1,             
  ntpr   = 100,     ntwx   = 0,       ntwv   = 0,      ntwe   = 0,             
                                                                               
  ntf    = 1,       ntb    = 1,                                                
  ntc    = 1,                                                                  
                                                                               
  cut    = 14.0,                                                               
                                                                               
  imin   = 1,                                                                  
  maxcyc = 1000,                                                               
  ncyc   = 100,                                                                
 &end                                                                          
 &ewald                                                                        
  nfft1 = 32, nfft2 = 32, nfft3 = 32,                                          
 &end                                                                          


Note: ig = -1. Setting random seed to   326194 based on wallclock time in 
      microseconds.
| irandom = 1, using AMBER's internal random number generator (default).
 
 
| Conditional Compilation Defines Used:
| FFTW_FFT
| BINTRAJ
| MKL
| EMIL

| Largest sphere to fit in unit cell has radius =    24.000

| New format PARM file being parsed.
| Version =    1.000 Date = 05/02/20 Time = 16:02:32

| Note: 1-4 EEL scale factors are being read from the topology file.

| Note: 1-4 VDW scale factors are being read from the topology file.
| Duplicated    0 dihedrals

| Duplicated    0 dihedrals

--------------------------------------------------------------------------------
   1.  RESOURCE   USE: 
--------------------------------------------------------------------------------

 getting new box info from bottom of inpcrd
 NATOM  =      18 NTYPES =       9 NBONH =       8 MBONA  =       9
 NTHETH =      17 MTHETA =      11 NPHIH =      36 MPHIA  =      24
 NHPARM =       0 NPARM  =       0 NNB   =      81 NRES   =       2
 NBONA  =       9 NTHETA =      11 NPHIA =      24 NUMBND =      13
 NUMANG =      21 NPTRA  =      28 NATYP =      12 NPHB   =       0
 IFBOX  =       1 NMXRS  =      12 IFCAP =       0 NEXTRA =       0
 NCOPY  =       0

| Coordinate Index Table dimensions:     6    6    6
| Direct force subcell size =     8.0000    8.0000    8.0000

     BOX TYPE: RECTILINEAR

--------------------------------------------------------------------------------
   2.  CONTROL  DATA  FOR  THE  RUN
--------------------------------------------------------------------------------

ACE                                                                             

General flags:
     imin    =       1, nmropt  =       0

Nature and format of input:
     ntx     =       1, irest   =       0, ntrx    =       1

Nature and format of output:
     ntxo    =       1, ntpr    =     100, ntrx    =       1, ntwr    =       1
     iwrap   =       0, ntwx    =       0, ntwv    =       0, ntwe    =       0
     ioutfm  =       1, ntwprt  =       0, idecomp =       0, rbornstat=      0

Potential function:
     ntf     =       1, ntb     =       1, igb     =       0, nsnb    =      25
     ipol    =       0, gbsa    =       0, iesp    =       0
     dielc   =   1.00000, cut     =  14.00000, intdiel =   1.00000

Frozen or restrained atoms:
     ibelly  =       0, ntr     =       0

Energy minimization:
     maxcyc  =    1000, ncyc    =     100, ntmin   =       1
     dx0     =   0.01000, drms    =   0.00010

| Intermolecular bonds treatment:
|     no_intermolecular_bonds =       1

| Energy averages sample interval:
|     ene_avg_sampling =       1

Ewald parameters:
     verbose =       0, ew_type =       0, nbflag  =       1, use_pme =       1
     vdwmeth =       1, eedmeth =       1, netfrc  =       0
     Box X =   48.000   Box Y =   48.000   Box Z =   48.000
     Alpha =   90.000   Beta  =   90.000   Gamma =   90.000
     NFFT1 =   32       NFFT2 =   32       NFFT3 =   32
     Cutoff=   14.000   Tol   =0.100E-04
     Ewald Coefficient =  0.19234
     Interpolation order =    4

--------------------------------------------------------------------------------
   3.  ATOMIC COORDINATES AND VELOCITIES
--------------------------------------------------------------------------------

ACE                                                                             
 begin time read from input coords =     0.000 ps

 
 Number of triangulated 3-point waters found:        0

     Sum of charges from parm topology file =  -1.00000000
     Assuming uniform neutralizing plasma

| Dynamic Memory, Types Used:
| Reals              199983
| Integers             1969

| Nonbonded Pairs Initial Allocation:       13722

--------------------------------------------------------------------------------
   4.  RESULTS
--------------------------------------------------------------------------------

 ---------------------------------------------------
 APPROXIMATING switch and d/dx switch using CUBIC SPLINE INTERPOLATION
 using   5000.0 points per unit in tabled values
 TESTING RELATIVE ERROR over r ranging from 0.0 to cutoff
| CHECK switch(x): max rel err =   0.2738E-14   at   2.422500
| CHECK d/dx switch(x): max rel err =   0.7883E-11   at   2.684960
 ---------------------------------------------------
|---------------------------------------------------
| APPROXIMATING direct energy using CUBIC SPLINE INTERPOLATION
|  with   50.0 points per unit in tabled values
| Relative Error Limit not exceeded for r .gt.   2.24
| APPROXIMATING direct force using CUBIC SPLINE INTERPOLATION
|  with   50.0 points per unit in tabled values
| Relative Error Limit not exceeded for r .gt.   2.76
|---------------------------------------------------


   NSTEP       ENERGY          RMS            GMAX         NAME    NUMBER
      1      -1.9792E+01     1.1091E+01     4.1699E+01     O          17

 BOND    =        0.7272  ANGLE   =        2.0939  DIHED      =        9.1056
 VDWAALS =        3.3935  EEL     =      -70.5512  HBOND      =        0.0000
 1-4 VDW =        3.9111  1-4 EEL =       31.5277  RESTRAINT  =        0.0000


   NSTEP       ENERGY          RMS            GMAX         NAME    NUMBER
    100      -3.3678E+01     8.8183E-01     3.9258E+00     HG         15

 BOND    =        0.4819  ANGLE   =        1.9056  DIHED      =       10.1073
 VDWAALS =       -1.0136  EEL     =      -84.3536  HBOND      =        0.0000
 1-4 VDW =        3.1361  1-4 EEL =       36.0584  RESTRAINT  =        0.0000


   NSTEP       ENERGY          RMS            GMAX         NAME    NUMBER
    200      -5.3028E+01     7.6106E-01     1.8125E+00     C           5

 BOND    =        0.6935  ANGLE   =        1.4076  DIHED      =        9.1422
 VDWAALS =        1.2300  EEL     =      -94.4553  HBOND      =        0.0000
 1-4 VDW =        3.4976  1-4 EEL =       25.4562  RESTRAINT  =        0.0000


   NSTEP       ENERGY          RMS            GMAX         NAME    NUMBER
    300      -5.3161E+01     2.3331E-01     1.0616E+00     C          16

 BOND    =        0.7441  ANGLE   =        1.6331  DIHED      =        9.1006
 VDWAALS =        1.4795  EEL     =      -95.2662  HBOND      =        0.0000
 1-4 VDW =        3.4520  1-4 EEL =       25.6961  RESTRAINT  =        0.0000


   NSTEP       ENERGY          RMS            GMAX         NAME    NUMBER
    400      -5.3168E+01     5.6024E-02     1.5173E-01     CA          9

 BOND    =        0.7461  ANGLE   =        1.6350  DIHED      =        9.0894
 VDWAALS =        1.4451  EEL     =      -95.2519  HBOND      =        0.0000
 1-4 VDW =        3.4534  1-4 EEL =       25.7149  RESTRAINT  =        0.0000


   NSTEP       ENERGY          RMS            GMAX         NAME    NUMBER
    500      -5.3169E+01     2.2857E-02     7.0370E-02     O           6

 BOND    =        0.7467  ANGLE   =        1.6318  DIHED      =        9.0858
 VDWAALS =        1.4505  EEL     =      -95.2377  HBOND      =        0.0000
 1-4 VDW =        3.4461  1-4 EEL =       25.7076  RESTRAINT  =        0.0000


   NSTEP       ENERGY          RMS            GMAX         NAME    NUMBER
    600      -5.3169E+01     3.0634E-03     1.1158E-02     CA          9

 BOND    =        0.7476  ANGLE   =        1.6314  DIHED      =        9.0834
 VDWAALS =        1.4505  EEL     =      -95.2306  HBOND      =        0.0000
 1-4 VDW =        3.4443  1-4 EEL =       25.7041  RESTRAINT  =        0.0000


   NSTEP       ENERGY          RMS            GMAX         NAME    NUMBER
    700      -5.3169E+01     3.3740E-03     9.1820E-03     OXT        18

 BOND    =        0.7475  ANGLE   =        1.6309  DIHED      =        9.0832
 VDWAALS =        1.4498  EEL     =      -95.2298  HBOND      =        0.0000
 1-4 VDW =        3.4442  1-4 EEL =       25.7049  RESTRAINT  =        0.0000


   NSTEP       ENERGY          RMS            GMAX         NAME    NUMBER
    800      -5.3169E+01     1.7228E-03     6.8209E-03     C          16

 BOND    =        0.7474  ANGLE   =        1.6308  DIHED      =        9.0833
 VDWAALS =        1.4499  EEL     =      -95.2296  HBOND      =        0.0000
 1-4 VDW =        3.4442  1-4 EEL =       25.7048  RESTRAINT  =        0.0000


   NSTEP       ENERGY          RMS            GMAX         NAME    NUMBER
    900      -5.3169E+01     1.1670E-03     2.9780E-03     CA          9

 BOND    =        0.7473  ANGLE   =        1.6307  DIHED      =        9.0833
 VDWAALS =        1.4497  EEL     =      -95.2293  HBOND      =        0.0000
 1-4 VDW =        3.4442  1-4 EEL =       25.7048  RESTRAINT  =        0.0000


   NSTEP       ENERGY          RMS            GMAX         NAME    NUMBER
   1000      -5.3169E+01     1.2720E-03     4.7810E-03     CB         11

 BOND    =        0.7474  ANGLE   =        1.6308  DIHED      =        9.0833
 VDWAALS =        1.4498  EEL     =      -95.2292  HBOND      =        0.0000
 1-4 VDW =        3.4442  1-4 EEL =       25.7045  RESTRAINT  =        0.0000


  Maximum number of minimization cycles reached.


                    FINAL RESULTS



   NSTEP       ENERGY          RMS            GMAX         NAME    NUMBER
   1000      -5.3169E+01     1.2720E-03     4.7810E-03     CB         11

 BOND    =        0.7474  ANGLE   =        1.6308  DIHED      =        9.0833
 VDWAALS =        1.4498  EEL     =      -95.2292  HBOND      =        0.0000
 1-4 VDW =        3.4442  1-4 EEL =       25.7045  RESTRAINT  =        0.0000
--------------------------------------------------------------------------------
   5.  TIMINGS
--------------------------------------------------------------------------------

|  NonSetup CPU Time in Major Routines:
|
|     Routine           Sec        %
|     ------------------------------
|     Nonbond           2.12   98.86
|     Bond              0.00    0.09
|     Angle             0.00    0.19
|     Dihedral          0.01    0.65
|     Shake             0.00    0.00
|     Other             0.00    0.21
|     ------------------------------
|     Total             2.14

|  PME Nonbond Pairlist CPU Time:
|
|     Routine              Sec        %
|     ---------------------------------
|     Set Up Cit           0.00    0.01
|     Build List           0.00    0.02
|     ---------------------------------
|     Total                0.00    0.03

|  PME Direct Force CPU Time:
|
|     Routine              Sec        %
|     ---------------------------------
|     NonBonded Calc       0.01    0.47
|     Exclude Masked       0.01    0.31
|     Other                0.01    0.38
|     ---------------------------------
|     Total                0.02    1.16

|  PME Reciprocal Force CPU Time:
|
|     Routine              Sec        %
|     ---------------------------------
|     1D bspline           0.00    0.14
|     Grid Charges         0.08    3.91
|     Scalar Sum           0.85   39.55
|     Gradient Sum         0.01    0.52
|     FFT                  1.15   53.64
|     ---------------------------------
|     Total                2.09   97.77

|  Setup CPU time:            0.04 seconds
|  NonSetup CPU time:         2.14 seconds
|  Total CPU time:            2.19 seconds     0.00 hours

|  Setup wall time:           0    seconds
|  NonSetup wall time:        3    seconds
|  Total wall time:           3    seconds     0.00 hours
