
          -------------------------------------------------------
          Amber 20 PMEMD                              2020
          -------------------------------------------------------

| PMEMD implementation of SANDER, Release 18

|  Compiled date/time: Tue Apr 28 23:52:05 2020
| Run on 05/02/2020 at 19:25:17

|   Executable path: pmemd
| Working directory: /home/cerutti/OpenForceField/Dipeptides/NTerminal/TRP
|          Hostname: Unknown
  [-O]verwriting output

File Assignments:
|   MDIN: ../../min.in                                                          
|  MDOUT: min.out                                                               
| INPCRD: TRP.inpcrd                                                            
|   PARM: TRP.prmtop                                                            
| RESTRT: mincrd                                                                
|   REFC: refc                                                                  
|  MDVEL: mdvel                                                                 
|   MDEN: mden                                                                  
|  MDCRD: mdcrd                                                                 
| MDINFO: mdinfo                                                                
|  MDFRC: mdfrc                                                                 


 Here is the input file:

Initial minimization                                                           
 &cntrl                                                                        
  ntx    = 1,       irest  = 0,       ntrx   = 1,      ntxo   = 1,             
  ntpr   = 100,     ntwx   = 0,       ntwv   = 0,      ntwe   = 0,             
                                                                               
  ntf    = 1,       ntb    = 1,                                                
  ntc    = 1,                                                                  
                                                                               
  cut    = 14.0,                                                               
                                                                               
  imin   = 1,                                                                  
  maxcyc = 1000,                                                               
  ncyc   = 100,                                                                
 &end                                                                          
 &ewald                                                                        
  nfft1 = 32, nfft2 = 32, nfft3 = 32,                                          
 &end                                                                          


Note: ig = -1. Setting random seed to   111607 based on wallclock time in 
      microseconds.
| irandom = 1, using AMBER's internal random number generator (default).
 
 
| Conditional Compilation Defines Used:
| FFTW_FFT
| BINTRAJ
| MKL
| EMIL

| Largest sphere to fit in unit cell has radius =    24.000

| New format PARM file being parsed.
| Version =    1.000 Date = 05/02/20 Time = 19:25:17

| Note: 1-4 EEL scale factors are being read from the topology file.

| Note: 1-4 VDW scale factors are being read from the topology file.
| Duplicated    0 dihedrals

| Duplicated    0 dihedrals

--------------------------------------------------------------------------------
   1.  RESOURCE   USE: 
--------------------------------------------------------------------------------

 getting new box info from bottom of inpcrd
 NATOM  =      32 NTYPES =      10 NBONH =      16 MBONA  =      17
 NTHETH =      34 MTHETA =      23 NPHIH =      58 MPHIA  =      49
 NHPARM =       0 NPARM  =       0 NNB   =     164 NRES   =       2
 NBONA  =      17 NTHETA =      23 NPHIA =      49 NUMBND =      23
 NUMANG =      41 NPTRA  =      32 NATYP =      18 NPHB   =       0
 IFBOX  =       1 NMXRS  =      26 IFCAP =       0 NEXTRA =       0
 NCOPY  =       0

| Coordinate Index Table dimensions:     6    6    6
| Direct force subcell size =     8.0000    8.0000    8.0000

     BOX TYPE: RECTILINEAR

--------------------------------------------------------------------------------
   2.  CONTROL  DATA  FOR  THE  RUN
--------------------------------------------------------------------------------

NTRP                                                                            

General flags:
     imin    =       1, nmropt  =       0

Nature and format of input:
     ntx     =       1, irest   =       0, ntrx    =       1

Nature and format of output:
     ntxo    =       1, ntpr    =     100, ntrx    =       1, ntwr    =       1
     iwrap   =       0, ntwx    =       0, ntwv    =       0, ntwe    =       0
     ioutfm  =       1, ntwprt  =       0, idecomp =       0, rbornstat=      0

Potential function:
     ntf     =       1, ntb     =       1, igb     =       0, nsnb    =      25
     ipol    =       0, gbsa    =       0, iesp    =       0
     dielc   =   1.00000, cut     =  14.00000, intdiel =   1.00000

Frozen or restrained atoms:
     ibelly  =       0, ntr     =       0

Energy minimization:
     maxcyc  =    1000, ncyc    =     100, ntmin   =       1
     dx0     =   0.01000, drms    =   0.00010

| Intermolecular bonds treatment:
|     no_intermolecular_bonds =       1

| Energy averages sample interval:
|     ene_avg_sampling =       1

Ewald parameters:
     verbose =       0, ew_type =       0, nbflag  =       1, use_pme =       1
     vdwmeth =       1, eedmeth =       1, netfrc  =       0
     Box X =   48.000   Box Y =   48.000   Box Z =   48.000
     Alpha =   90.000   Beta  =   90.000   Gamma =   90.000
     NFFT1 =   32       NFFT2 =   32       NFFT3 =   32
     Cutoff=   14.000   Tol   =0.100E-04
     Ewald Coefficient =  0.19234
     Interpolation order =    4

--------------------------------------------------------------------------------
   3.  ATOMIC COORDINATES AND VELOCITIES
--------------------------------------------------------------------------------

NTRP                                                                            
 begin time read from input coords =     0.000 ps

 
 Number of triangulated 3-point waters found:        0

     Sum of charges from parm topology file =   1.00000000
     Assuming uniform neutralizing plasma

| Dynamic Memory, Types Used:
| Reals              200453
| Integers             3702

| Nonbonded Pairs Initial Allocation:       24396

--------------------------------------------------------------------------------
   4.  RESULTS
--------------------------------------------------------------------------------

 ---------------------------------------------------
 APPROXIMATING switch and d/dx switch using CUBIC SPLINE INTERPOLATION
 using   5000.0 points per unit in tabled values
 TESTING RELATIVE ERROR over r ranging from 0.0 to cutoff
| CHECK switch(x): max rel err =   0.2738E-14   at   2.422500
| CHECK d/dx switch(x): max rel err =   0.7883E-11   at   2.684960
 ---------------------------------------------------
|---------------------------------------------------
| APPROXIMATING direct energy using CUBIC SPLINE INTERPOLATION
|  with   50.0 points per unit in tabled values
| Relative Error Limit not exceeded for r .gt.   2.24
| APPROXIMATING direct force using CUBIC SPLINE INTERPOLATION
|  with   50.0 points per unit in tabled values
| Relative Error Limit not exceeded for r .gt.   2.76
|---------------------------------------------------


   NSTEP       ENERGY          RMS            GMAX         NAME    NUMBER
      1       1.4251E+04     2.1352E+04     1.3231E+05     CE3        22

 BOND    =        9.7664  ANGLE   =        8.3833  DIHED      =        6.9946
 VDWAALS =    14239.6040  EEL     =      -66.2758  HBOND      =        0.0000
 1-4 VDW =        8.4044  1-4 EEL =       43.8709  RESTRAINT  =        0.0000


   NSTEP       ENERGY          RMS            GMAX         NAME    NUMBER
    100       3.4750E+00     2.8230E+00     9.5531E+00     CD1        11

 BOND    =        0.7369  ANGLE   =        4.0138  DIHED      =       11.9212
 VDWAALS =       -0.0407  EEL     =      -62.3762  HBOND      =        0.0000
 1-4 VDW =        5.6095  1-4 EEL =       43.6105  RESTRAINT  =        0.0000


   NSTEP       ENERGY          RMS            GMAX         NAME    NUMBER
    200      -6.7031E+00     1.4372E+00     4.2985E+00     NE1        13

 BOND    =        0.6556  ANGLE   =        3.5102  DIHED      =        4.2696
 VDWAALS =       -2.3118  EEL     =      -61.9465  HBOND      =        0.0000
 1-4 VDW =        5.8946  1-4 EEL =       43.2251  RESTRAINT  =        0.0000


   NSTEP       ENERGY          RMS            GMAX         NAME    NUMBER
    300      -9.1484E+00     1.6346E+00     6.5295E+00     O          26

 BOND    =        0.6672  ANGLE   =        2.5958  DIHED      =        2.8731
 VDWAALS =       -3.2218  EEL     =      -60.6923  HBOND      =        0.0000
 1-4 VDW =        5.5450  1-4 EEL =       43.0846  RESTRAINT  =        0.0000


   NSTEP       ENERGY          RMS            GMAX         NAME    NUMBER
    400      -1.0074E+01     5.0095E-01     1.3929E+00     HA          6

 BOND    =        0.4007  ANGLE   =        2.3057  DIHED      =        2.5219
 VDWAALS =       -3.5643  EEL     =      -60.4689  HBOND      =        0.0000
 1-4 VDW =        5.7451  1-4 EEL =       42.9863  RESTRAINT  =        0.0000


   NSTEP       ENERGY          RMS            GMAX         NAME    NUMBER
    500      -1.0347E+01     7.4529E-01     2.2308E+00     CB          7

 BOND    =        0.4244  ANGLE   =        2.2497  DIHED      =        2.3629
 VDWAALS =       -3.6444  EEL     =      -60.4727  HBOND      =        0.0000
 1-4 VDW =        5.7496  1-4 EEL =       42.9837  RESTRAINT  =        0.0000


   NSTEP       ENERGY          RMS            GMAX         NAME    NUMBER
    600      -1.0540E+01     4.1050E-01     1.4815E+00     HB3         9

 BOND    =        0.3453  ANGLE   =        2.2698  DIHED      =        2.2556
 VDWAALS =       -3.6685  EEL     =      -60.5043  HBOND      =        0.0000
 1-4 VDW =        5.8008  1-4 EEL =       42.9611  RESTRAINT  =        0.0000


   NSTEP       ENERGY          RMS            GMAX         NAME    NUMBER
    700      -1.0662E+01     3.2712E-01     9.6302E-01     CE2        15

 BOND    =        0.3401  ANGLE   =        2.2181  DIHED      =        2.2210
 VDWAALS =       -3.6617  EEL     =      -60.5683  HBOND      =        0.0000
 1-4 VDW =        5.8140  1-4 EEL =       42.9751  RESTRAINT  =        0.0000


   NSTEP       ENERGY          RMS            GMAX         NAME    NUMBER
    800      -1.0724E+01     2.5583E-01     6.9546E-01     CD2        24

 BOND    =        0.3371  ANGLE   =        2.2059  DIHED      =        2.1870
 VDWAALS =       -3.6552  EEL     =      -60.5966  HBOND      =        0.0000
 1-4 VDW =        5.8249  1-4 EEL =       42.9729  RESTRAINT  =        0.0000


   NSTEP       ENERGY          RMS            GMAX         NAME    NUMBER
    900      -1.0771E+01     1.1476E-01     3.1420E-01     CA          5

 BOND    =        0.3330  ANGLE   =        2.2045  DIHED      =        2.1567
 VDWAALS =       -3.6462  EEL     =      -60.6414  HBOND      =        0.0000
 1-4 VDW =        5.8303  1-4 EEL =       42.9924  RESTRAINT  =        0.0000


   NSTEP       ENERGY          RMS            GMAX         NAME    NUMBER
   1000      -1.0803E+01     1.6664E-01     4.8625E-01     CE2        15

 BOND    =        0.3321  ANGLE   =        2.1949  DIHED      =        2.1388
 VDWAALS =       -3.6373  EEL     =      -60.6692  HBOND      =        0.0000
 1-4 VDW =        5.8375  1-4 EEL =       43.0005  RESTRAINT  =        0.0000


  Maximum number of minimization cycles reached.


                    FINAL RESULTS



   NSTEP       ENERGY          RMS            GMAX         NAME    NUMBER
   1000      -1.0803E+01     1.6664E-01     4.8625E-01     CE2        15

 BOND    =        0.3321  ANGLE   =        2.1949  DIHED      =        2.1388
 VDWAALS =       -3.6373  EEL     =      -60.6692  HBOND      =        0.0000
 1-4 VDW =        5.8375  1-4 EEL =       43.0005  RESTRAINT  =        0.0000
--------------------------------------------------------------------------------
   5.  TIMINGS
--------------------------------------------------------------------------------

|  NonSetup CPU Time in Major Routines:
|
|     Routine           Sec        %
|     ------------------------------
|     Nonbond           2.19   98.26
|     Bond              0.00    0.12
|     Angle             0.01    0.33
|     Dihedral          0.02    1.07
|     Shake             0.00    0.00
|     Other             0.00    0.22
|     ------------------------------
|     Total             2.23

|  PME Nonbond Pairlist CPU Time:
|
|     Routine              Sec        %
|     ---------------------------------
|     Set Up Cit           0.00    0.01
|     Build List           0.00    0.02
|     ---------------------------------
|     Total                0.00    0.03

|  PME Direct Force CPU Time:
|
|     Routine              Sec        %
|     ---------------------------------
|     NonBonded Calc       0.03    1.29
|     Exclude Masked       0.01    0.58
|     Other                0.01    0.37
|     ---------------------------------
|     Total                0.05    2.24

|  PME Reciprocal Force CPU Time:
|
|     Routine              Sec        %
|     ---------------------------------
|     1D bspline           0.00    0.20
|     Grid Charges         0.09    3.96
|     Scalar Sum           0.85   38.02
|     Gradient Sum         0.02    0.83
|     FFT                  1.18   53.08
|     ---------------------------------
|     Total                2.14   96.09

|  Setup CPU time:            0.04 seconds
|  NonSetup CPU time:         2.23 seconds
|  Total CPU time:            2.27 seconds     0.00 hours

|  Setup wall time:           0    seconds
|  NonSetup wall time:        2    seconds
|  Total wall time:           2    seconds     0.00 hours
