
          -------------------------------------------------------
          Amber 20 PMEMD                              2020
          -------------------------------------------------------

| PMEMD implementation of SANDER, Release 18

|  Compiled date/time: Tue Apr 28 23:52:05 2020
| Run on 05/02/2020 at 16:01:25

|   Executable path: pmemd
| Working directory: /home/cerutti/OpenForceField/Dipeptides/MainChain/LYS
|          Hostname: Unknown
  [-O]verwriting output

File Assignments:
|   MDIN: ../../min.in                                                          
|  MDOUT: min.out                                                               
| INPCRD: LYS.inpcrd                                                            
|   PARM: LYS.prmtop                                                            
| RESTRT: mincrd                                                                
|   REFC: refc                                                                  
|  MDVEL: mdvel                                                                 
|   MDEN: mden                                                                  
|  MDCRD: mdcrd                                                                 
| MDINFO: mdinfo                                                                
|  MDFRC: mdfrc                                                                 


 Here is the input file:

Initial minimization                                                           
 &cntrl                                                                        
  ntx    = 1,       irest  = 0,       ntrx   = 1,      ntxo   = 1,             
  ntpr   = 100,     ntwx   = 0,       ntwv   = 0,      ntwe   = 0,             
                                                                               
  ntf    = 1,       ntb    = 1,                                                
  ntc    = 1,                                                                  
                                                                               
  cut    = 14.0,                                                               
                                                                               
  imin   = 1,                                                                  
  maxcyc = 1000,                                                               
  ncyc   = 100,                                                                
 &end                                                                          
 &ewald                                                                        
  nfft1 = 32, nfft2 = 32, nfft3 = 32,                                          
 &end                                                                          


Note: ig = -1. Setting random seed to   502055 based on wallclock time in 
      microseconds.
| irandom = 1, using AMBER's internal random number generator (default).
 
 
| Conditional Compilation Defines Used:
| FFTW_FFT
| BINTRAJ
| MKL
| EMIL

| Largest sphere to fit in unit cell has radius =    24.000

| New format PARM file being parsed.
| Version =    1.000 Date = 05/02/20 Time = 16:01:25

| Note: 1-4 EEL scale factors are being read from the topology file.

| Note: 1-4 VDW scale factors are being read from the topology file.
| Duplicated    0 dihedrals

| Duplicated    0 dihedrals

--------------------------------------------------------------------------------
   1.  RESOURCE   USE: 
--------------------------------------------------------------------------------

 getting new box info from bottom of inpcrd
 NATOM  =      34 NTYPES =       8 NBONH =      20 MBONA  =      13
 NTHETH =      45 MTHETA =      15 NPHIH =      74 MPHIA  =      33
 NHPARM =       0 NPARM  =       0 NNB   =     172 NRES   =       3
 NBONA  =      13 NTHETA =      15 NPHIA =      33 NUMBND =      16
 NUMANG =      31 NPTRA  =      25 NATYP =      11 NPHB   =       0
 IFBOX  =       1 NMXRS  =      22 IFCAP =       0 NEXTRA =       0
 NCOPY  =       0

| Coordinate Index Table dimensions:     6    6    6
| Direct force subcell size =     8.0000    8.0000    8.0000

     BOX TYPE: RECTILINEAR

--------------------------------------------------------------------------------
   2.  CONTROL  DATA  FOR  THE  RUN
--------------------------------------------------------------------------------

ACE                                                                             

General flags:
     imin    =       1, nmropt  =       0

Nature and format of input:
     ntx     =       1, irest   =       0, ntrx    =       1

Nature and format of output:
     ntxo    =       1, ntpr    =     100, ntrx    =       1, ntwr    =       1
     iwrap   =       0, ntwx    =       0, ntwv    =       0, ntwe    =       0
     ioutfm  =       1, ntwprt  =       0, idecomp =       0, rbornstat=      0

Potential function:
     ntf     =       1, ntb     =       1, igb     =       0, nsnb    =      25
     ipol    =       0, gbsa    =       0, iesp    =       0
     dielc   =   1.00000, cut     =  14.00000, intdiel =   1.00000

Frozen or restrained atoms:
     ibelly  =       0, ntr     =       0

Energy minimization:
     maxcyc  =    1000, ncyc    =     100, ntmin   =       1
     dx0     =   0.01000, drms    =   0.00010

| Intermolecular bonds treatment:
|     no_intermolecular_bonds =       1

| Energy averages sample interval:
|     ene_avg_sampling =       1

Ewald parameters:
     verbose =       0, ew_type =       0, nbflag  =       1, use_pme =       1
     vdwmeth =       1, eedmeth =       1, netfrc  =       0
     Box X =   48.000   Box Y =   48.000   Box Z =   48.000
     Alpha =   90.000   Beta  =   90.000   Gamma =   90.000
     NFFT1 =   32       NFFT2 =   32       NFFT3 =   32
     Cutoff=   14.000   Tol   =0.100E-04
     Ewald Coefficient =  0.19234
     Interpolation order =    4

--------------------------------------------------------------------------------
   3.  ATOMIC COORDINATES AND VELOCITIES
--------------------------------------------------------------------------------

ACE                                                                             
 begin time read from input coords =     0.000 ps

 
 Number of triangulated 3-point waters found:        0

     Sum of charges from parm topology file =   1.00000000
     Assuming uniform neutralizing plasma

| Dynamic Memory, Types Used:
| Reals              200322
| Integers             3784

| Nonbonded Pairs Initial Allocation:       25920

--------------------------------------------------------------------------------
   4.  RESULTS
--------------------------------------------------------------------------------

 ---------------------------------------------------
 APPROXIMATING switch and d/dx switch using CUBIC SPLINE INTERPOLATION
 using   5000.0 points per unit in tabled values
 TESTING RELATIVE ERROR over r ranging from 0.0 to cutoff
| CHECK switch(x): max rel err =   0.2738E-14   at   2.422500
| CHECK d/dx switch(x): max rel err =   0.7883E-11   at   2.684960
 ---------------------------------------------------
|---------------------------------------------------
| APPROXIMATING direct energy using CUBIC SPLINE INTERPOLATION
|  with   50.0 points per unit in tabled values
| Relative Error Limit not exceeded for r .gt.   2.24
| APPROXIMATING direct force using CUBIC SPLINE INTERPOLATION
|  with   50.0 points per unit in tabled values
| Relative Error Limit not exceeded for r .gt.   2.76
|---------------------------------------------------


   NSTEP       ENERGY          RMS            GMAX         NAME    NUMBER
      1       1.2807E+02     9.2858E+01     4.6980E+02     HG2        15

 BOND    =        0.0219  ANGLE   =        0.4353  DIHED      =       10.4440
 VDWAALS =      106.7491  EEL     =      -90.2721  HBOND      =        0.0000
 1-4 VDW =        7.0515  1-4 EEL =       93.6415  RESTRAINT  =        0.0000


   NSTEP       ENERGY          RMS            GMAX         NAME    NUMBER
    100       1.8783E+01     2.5805E+00     1.4322E+01     C          27

 BOND    =        1.0049  ANGLE   =        2.0524  DIHED      =       10.8266
 VDWAALS =       -0.1378  EEL     =      -89.6170  HBOND      =        0.0000
 1-4 VDW =        4.1631  1-4 EEL =       90.4911  RESTRAINT  =        0.0000


   NSTEP       ENERGY          RMS            GMAX         NAME    NUMBER
    200       1.3044E+01     4.6446E-01     1.4234E+00     C          27

 BOND    =        0.6764  ANGLE   =        0.9877  DIHED      =       10.2326
 VDWAALS =       -2.3167  EEL     =      -90.8664  HBOND      =        0.0000
 1-4 VDW =        3.8180  1-4 EEL =       90.5121  RESTRAINT  =        0.0000


   NSTEP       ENERGY          RMS            GMAX         NAME    NUMBER
    300       1.2298E+01     1.9217E-01     5.4160E-01     CE         20

 BOND    =        0.5915  ANGLE   =        0.8884  DIHED      =       10.3552
 VDWAALS =       -2.6401  EEL     =      -91.1919  HBOND      =        0.0000
 1-4 VDW =        3.7465  1-4 EEL =       90.5481  RESTRAINT  =        0.0000


   NSTEP       ENERGY          RMS            GMAX         NAME    NUMBER
    400       1.2137E+01     6.3858E-02     1.9269E-01     C           5

 BOND    =        0.5778  ANGLE   =        0.8754  DIHED      =       10.5175
 VDWAALS =       -2.7195  EEL     =      -91.3124  HBOND      =        0.0000
 1-4 VDW =        3.7027  1-4 EEL =       90.4958  RESTRAINT  =        0.0000


   NSTEP       ENERGY          RMS            GMAX         NAME    NUMBER
    500       1.2114E+01     3.2251E-02     1.0625E-01     N          29

 BOND    =        0.5737  ANGLE   =        0.8765  DIHED      =       10.6031
 VDWAALS =       -2.7343  EEL     =      -91.3454  HBOND      =        0.0000
 1-4 VDW =        3.6885  1-4 EEL =       90.4524  RESTRAINT  =        0.0000


   NSTEP       ENERGY          RMS            GMAX         NAME    NUMBER
    600       1.2111E+01     1.8197E-02     6.3385E-02     C          27

 BOND    =        0.5733  ANGLE   =        0.8751  DIHED      =       10.6352
 VDWAALS =       -2.7361  EEL     =      -91.3550  HBOND      =        0.0000
 1-4 VDW =        3.6824  1-4 EEL =       90.4361  RESTRAINT  =        0.0000


   NSTEP       ENERGY          RMS            GMAX         NAME    NUMBER
    700       1.2110E+01     9.3917E-03     2.2703E-02     CB         11

 BOND    =        0.5744  ANGLE   =        0.8747  DIHED      =       10.6540
 VDWAALS =       -2.7363  EEL     =      -91.3618  HBOND      =        0.0000
 1-4 VDW =        3.6790  1-4 EEL =       90.4258  RESTRAINT  =        0.0000


   NSTEP       ENERGY          RMS            GMAX         NAME    NUMBER
    800       1.2109E+01     1.6523E-02     5.1926E-02     CE         20

 BOND    =        0.5762  ANGLE   =        0.8753  DIHED      =       10.6694
 VDWAALS =       -2.7357  EEL     =      -91.3584  HBOND      =        0.0000
 1-4 VDW =        3.6734  1-4 EEL =       90.4090  RESTRAINT  =        0.0000


   NSTEP       ENERGY          RMS            GMAX         NAME    NUMBER
    900       1.2109E+01     3.2849E-03     1.3850E-02     C           5

 BOND    =        0.5744  ANGLE   =        0.8759  DIHED      =       10.6713
 VDWAALS =       -2.7365  EEL     =      -91.3635  HBOND      =        0.0000
 1-4 VDW =        3.6747  1-4 EEL =       90.4128  RESTRAINT  =        0.0000


   NSTEP       ENERGY          RMS            GMAX         NAME    NUMBER
   1000       1.2109E+01     1.3930E-03     5.4367E-03     HH33       34

 BOND    =        0.5745  ANGLE   =        0.8758  DIHED      =       10.6736
 VDWAALS =       -2.7364  EEL     =      -91.3645  HBOND      =        0.0000
 1-4 VDW =        3.6743  1-4 EEL =       90.4116  RESTRAINT  =        0.0000


  Maximum number of minimization cycles reached.


                    FINAL RESULTS



   NSTEP       ENERGY          RMS            GMAX         NAME    NUMBER
   1000       1.2109E+01     1.3930E-03     5.4367E-03     HH33       34

 BOND    =        0.5745  ANGLE   =        0.8758  DIHED      =       10.6736
 VDWAALS =       -2.7364  EEL     =      -91.3645  HBOND      =        0.0000
 1-4 VDW =        3.6743  1-4 EEL =       90.4116  RESTRAINT  =        0.0000
--------------------------------------------------------------------------------
   5.  TIMINGS
--------------------------------------------------------------------------------

|  NonSetup CPU Time in Major Routines:
|
|     Routine           Sec        %
|     ------------------------------
|     Nonbond           2.16   98.21
|     Bond              0.00    0.12
|     Angle             0.01    0.34
|     Dihedral          0.02    1.10
|     Shake             0.00    0.00
|     Other             0.01    0.23
|     ------------------------------
|     Total             2.20

|  PME Nonbond Pairlist CPU Time:
|
|     Routine              Sec        %
|     ---------------------------------
|     Set Up Cit           0.00    0.01
|     Build List           0.00    0.05
|     ---------------------------------
|     Total                0.00    0.06

|  PME Direct Force CPU Time:
|
|     Routine              Sec        %
|     ---------------------------------
|     NonBonded Calc       0.03    1.48
|     Exclude Masked       0.01    0.60
|     Other                0.01    0.39
|     ---------------------------------
|     Total                0.05    2.46

|  PME Reciprocal Force CPU Time:
|
|     Routine              Sec        %
|     ---------------------------------
|     1D bspline           0.00    0.21
|     Grid Charges         0.09    4.04
|     Scalar Sum           0.85   38.57
|     Gradient Sum         0.02    0.89
|     FFT                  1.14   52.07
|     ---------------------------------
|     Total                2.10   95.78

|  Setup CPU time:            0.04 seconds
|  NonSetup CPU time:         2.20 seconds
|  Total CPU time:            2.24 seconds     0.00 hours

|  Setup wall time:           0    seconds
|  NonSetup wall time:        2    seconds
|  Total wall time:           2    seconds     0.00 hours
