
          -------------------------------------------------------
          Amber 20 PMEMD                              2020
          -------------------------------------------------------

| PMEMD implementation of SANDER, Release 18

|  Compiled date/time: Tue Apr 28 23:52:05 2020
| Run on 05/02/2020 at 19:24:42

|   Executable path: pmemd
| Working directory: /home/cerutti/OpenForceField/Dipeptides/NTerminal/CYS
|          Hostname: Unknown
  [-O]verwriting output

File Assignments:
|   MDIN: ../../min.in                                                          
|  MDOUT: min.out                                                               
| INPCRD: CYS.inpcrd                                                            
|   PARM: CYS.prmtop                                                            
| RESTRT: mincrd                                                                
|   REFC: refc                                                                  
|  MDVEL: mdvel                                                                 
|   MDEN: mden                                                                  
|  MDCRD: mdcrd                                                                 
| MDINFO: mdinfo                                                                
|  MDFRC: mdfrc                                                                 


 Here is the input file:

Initial minimization                                                           
 &cntrl                                                                        
  ntx    = 1,       irest  = 0,       ntrx   = 1,      ntxo   = 1,             
  ntpr   = 100,     ntwx   = 0,       ntwv   = 0,      ntwe   = 0,             
                                                                               
  ntf    = 1,       ntb    = 1,                                                
  ntc    = 1,                                                                  
                                                                               
  cut    = 14.0,                                                               
                                                                               
  imin   = 1,                                                                  
  maxcyc = 1000,                                                               
  ncyc   = 100,                                                                
 &end                                                                          
 &ewald                                                                        
  nfft1 = 32, nfft2 = 32, nfft3 = 32,                                          
 &end                                                                          


Note: ig = -1. Setting random seed to   286191 based on wallclock time in 
      microseconds.
| irandom = 1, using AMBER's internal random number generator (default).
 
 
| Conditional Compilation Defines Used:
| FFTW_FFT
| BINTRAJ
| MKL
| EMIL

| Largest sphere to fit in unit cell has radius =    24.000

| New format PARM file being parsed.
| Version =    1.000 Date = 05/02/20 Time = 19:24:42

| Note: 1-4 EEL scale factors are being read from the topology file.

| Note: 1-4 VDW scale factors are being read from the topology file.
| Duplicated    0 dihedrals

| Duplicated    0 dihedrals

--------------------------------------------------------------------------------
   1.  RESOURCE   USE: 
--------------------------------------------------------------------------------

 getting new box info from bottom of inpcrd
 NATOM  =      19 NTYPES =       8 NBONH =      11 MBONA  =       7
 NTHETH =      23 MTHETA =       8 NPHIH =      34 MPHIA  =      18
 NHPARM =       0 NPARM  =       0 NNB   =      88 NRES   =       2
 NBONA  =       7 NTHETA =       8 NPHIA =      18 NUMBND =      13
 NUMANG =      21 NPTRA  =      22 NATYP =      12 NPHB   =       0
 IFBOX  =       1 NMXRS  =      13 IFCAP =       0 NEXTRA =       0
 NCOPY  =       0

| Coordinate Index Table dimensions:     6    6    6
| Direct force subcell size =     8.0000    8.0000    8.0000

     BOX TYPE: RECTILINEAR

--------------------------------------------------------------------------------
   2.  CONTROL  DATA  FOR  THE  RUN
--------------------------------------------------------------------------------

NCYS                                                                            

General flags:
     imin    =       1, nmropt  =       0

Nature and format of input:
     ntx     =       1, irest   =       0, ntrx    =       1

Nature and format of output:
     ntxo    =       1, ntpr    =     100, ntrx    =       1, ntwr    =       1
     iwrap   =       0, ntwx    =       0, ntwv    =       0, ntwe    =       0
     ioutfm  =       1, ntwprt  =       0, idecomp =       0, rbornstat=      0

Potential function:
     ntf     =       1, ntb     =       1, igb     =       0, nsnb    =      25
     ipol    =       0, gbsa    =       0, iesp    =       0
     dielc   =   1.00000, cut     =  14.00000, intdiel =   1.00000

Frozen or restrained atoms:
     ibelly  =       0, ntr     =       0

Energy minimization:
     maxcyc  =    1000, ncyc    =     100, ntmin   =       1
     dx0     =   0.01000, drms    =   0.00010

| Intermolecular bonds treatment:
|     no_intermolecular_bonds =       1

| Energy averages sample interval:
|     ene_avg_sampling =       1

Ewald parameters:
     verbose =       0, ew_type =       0, nbflag  =       1, use_pme =       1
     vdwmeth =       1, eedmeth =       1, netfrc  =       0
     Box X =   48.000   Box Y =   48.000   Box Z =   48.000
     Alpha =   90.000   Beta  =   90.000   Gamma =   90.000
     NFFT1 =   32       NFFT2 =   32       NFFT3 =   32
     Cutoff=   14.000   Tol   =0.100E-04
     Ewald Coefficient =  0.19234
     Interpolation order =    4

--------------------------------------------------------------------------------
   3.  ATOMIC COORDINATES AND VELOCITIES
--------------------------------------------------------------------------------

NCYS                                                                            
 begin time read from input coords =     0.000 ps

 
 Number of triangulated 3-point waters found:        0

     Sum of charges from parm topology file =   1.00000000
     Assuming uniform neutralizing plasma

| Dynamic Memory, Types Used:
| Reals              199930
| Integers             1954

| Nonbonded Pairs Initial Allocation:       14485

--------------------------------------------------------------------------------
   4.  RESULTS
--------------------------------------------------------------------------------

 ---------------------------------------------------
 APPROXIMATING switch and d/dx switch using CUBIC SPLINE INTERPOLATION
 using   5000.0 points per unit in tabled values
 TESTING RELATIVE ERROR over r ranging from 0.0 to cutoff
| CHECK switch(x): max rel err =   0.2738E-14   at   2.422500
| CHECK d/dx switch(x): max rel err =   0.7883E-11   at   2.684960
 ---------------------------------------------------
|---------------------------------------------------
| APPROXIMATING direct energy using CUBIC SPLINE INTERPOLATION
|  with   50.0 points per unit in tabled values
| Relative Error Limit not exceeded for r .gt.   2.24
| APPROXIMATING direct force using CUBIC SPLINE INTERPOLATION
|  with   50.0 points per unit in tabled values
| Relative Error Limit not exceeded for r .gt.   2.76
|---------------------------------------------------


   NSTEP       ENERGY          RMS            GMAX         NAME    NUMBER
      1       1.8599E+01     1.0411E+01     2.8821E+01     N          14

 BOND    =        0.1878  ANGLE   =        3.1694  DIHED      =        5.1970
 VDWAALS =        8.2478  EEL     =      -49.5414  HBOND      =        0.0000
 1-4 VDW =        3.2726  1-4 EEL =       48.0658  RESTRAINT  =        0.0000


   NSTEP       ENERGY          RMS            GMAX         NAME    NUMBER
    100       6.3412E+00     4.1775E-01     1.1093E+00     N          14

 BOND    =        0.3790  ANGLE   =        1.6339  DIHED      =        5.6530
 VDWAALS =        0.6631  EEL     =      -50.6513  HBOND      =        0.0000
 1-4 VDW =        2.8063  1-4 EEL =       45.8572  RESTRAINT  =        0.0000


   NSTEP       ENERGY          RMS            GMAX         NAME    NUMBER
    200       5.8150E+00     1.2352E-01     3.4728E-01     CA          5

 BOND    =        0.3295  ANGLE   =        1.4702  DIHED      =        6.0653
 VDWAALS =        0.1658  EEL     =      -51.0560  HBOND      =        0.0000
 1-4 VDW =        2.8240  1-4 EEL =       46.0163  RESTRAINT  =        0.0000


   NSTEP       ENERGY          RMS            GMAX         NAME    NUMBER
    300       5.8078E+00     4.5004E-02     1.1007E-01     CH3        16

 BOND    =        0.3335  ANGLE   =        1.4760  DIHED      =        6.1053
 VDWAALS =        0.1538  EEL     =      -51.1457  HBOND      =        0.0000
 1-4 VDW =        2.8515  1-4 EEL =       46.0336  RESTRAINT  =        0.0000


   NSTEP       ENERGY          RMS            GMAX         NAME    NUMBER
    400       5.7891E+00     2.6007E-01     7.7857E-01     HA          6

 BOND    =        0.3570  ANGLE   =        1.5817  DIHED      =        6.0579
 VDWAALS =        0.1107  EEL     =      -51.0178  HBOND      =        0.0000
 1-4 VDW =        2.7949  1-4 EEL =       45.9047  RESTRAINT  =        0.0000


   NSTEP       ENERGY          RMS            GMAX         NAME    NUMBER
    500       4.5931E+00     7.1014E-01     1.6911E+00     H2          3

 BOND    =        0.4040  ANGLE   =        1.7820  DIHED      =        4.2424
 VDWAALS =       -0.0052  EEL     =      -50.0194  HBOND      =        0.0000
 1-4 VDW =        2.6743  1-4 EEL =       45.5152  RESTRAINT  =        0.0000


   NSTEP       ENERGY          RMS            GMAX         NAME    NUMBER
    600       3.7939E+00     2.0227E-01     5.2902E-01     C          12

 BOND    =        0.3410  ANGLE   =        1.4243  DIHED      =        3.3628
 VDWAALS =       -0.0420  EEL     =      -49.6989  HBOND      =        0.0000
 1-4 VDW =        2.6955  1-4 EEL =       45.7112  RESTRAINT  =        0.0000


   NSTEP       ENERGY          RMS            GMAX         NAME    NUMBER
    700       3.7290E+00     2.4414E-01     8.2620E-01     C          12

 BOND    =        0.3133  ANGLE   =        1.3731  DIHED      =        3.3485
 VDWAALS =       -0.1314  EEL     =      -49.6852  HBOND      =        0.0000
 1-4 VDW =        2.7138  1-4 EEL =       45.7969  RESTRAINT  =        0.0000


   NSTEP       ENERGY          RMS            GMAX         NAME    NUMBER
    800       3.6744E+00     2.6834E-01     7.1210E-01     CH3        16

 BOND    =        0.3063  ANGLE   =        1.3196  DIHED      =        3.3450
 VDWAALS =       -0.2096  EEL     =      -49.6412  HBOND      =        0.0000
 1-4 VDW =        2.7115  1-4 EEL =       45.8427  RESTRAINT  =        0.0000


   NSTEP       ENERGY          RMS            GMAX         NAME    NUMBER
    900       3.6423E+00     1.8418E-01     4.7310E-01     N           1

 BOND    =        0.3022  ANGLE   =        1.2784  DIHED      =        3.3504
 VDWAALS =       -0.2506  EEL     =      -49.6456  HBOND      =        0.0000
 1-4 VDW =        2.7204  1-4 EEL =       45.8871  RESTRAINT  =        0.0000


   NSTEP       ENERGY          RMS            GMAX         NAME    NUMBER
   1000       3.6072E+00     1.4010E-01     4.0400E-01     CA          5

 BOND    =        0.2976  ANGLE   =        1.2561  DIHED      =        3.3668
 VDWAALS =       -0.2861  EEL     =      -49.7064  HBOND      =        0.0000
 1-4 VDW =        2.7385  1-4 EEL =       45.9407  RESTRAINT  =        0.0000


  Maximum number of minimization cycles reached.


                    FINAL RESULTS



   NSTEP       ENERGY          RMS            GMAX         NAME    NUMBER
   1000       3.6072E+00     1.4010E-01     4.0400E-01     CA          5

 BOND    =        0.2976  ANGLE   =        1.2561  DIHED      =        3.3668
 VDWAALS =       -0.2861  EEL     =      -49.7064  HBOND      =        0.0000
 1-4 VDW =        2.7385  1-4 EEL =       45.9407  RESTRAINT  =        0.0000
--------------------------------------------------------------------------------
   5.  TIMINGS
--------------------------------------------------------------------------------

|  NonSetup CPU Time in Major Routines:
|
|     Routine           Sec        %
|     ------------------------------
|     Nonbond           2.13   98.92
|     Bond              0.00    0.09
|     Angle             0.00    0.20
|     Dihedral          0.01    0.57
|     Shake             0.00    0.00
|     Other             0.00    0.22
|     ------------------------------
|     Total             2.15

|  PME Nonbond Pairlist CPU Time:
|
|     Routine              Sec        %
|     ---------------------------------
|     Set Up Cit           0.00    0.01
|     Build List           0.00    0.02
|     ---------------------------------
|     Total                0.00    0.02

|  PME Direct Force CPU Time:
|
|     Routine              Sec        %
|     ---------------------------------
|     NonBonded Calc       0.01    0.50
|     Exclude Masked       0.01    0.34
|     Other                0.01    0.38
|     ---------------------------------
|     Total                0.03    1.21

|  PME Reciprocal Force CPU Time:
|
|     Routine              Sec        %
|     ---------------------------------
|     1D bspline           0.00    0.15
|     Grid Charges         0.08    3.91
|     Scalar Sum           0.85   39.43
|     Gradient Sum         0.01    0.54
|     FFT                  1.16   53.75
|     ---------------------------------
|     Total                2.10   97.78

|  Setup CPU time:            0.04 seconds
|  NonSetup CPU time:         2.15 seconds
|  Total CPU time:            2.19 seconds     0.00 hours

|  Setup wall time:           0    seconds
|  NonSetup wall time:        3    seconds
|  Total wall time:           3    seconds     0.00 hours
