
          -------------------------------------------------------
          Amber 20 PMEMD                              2020
          -------------------------------------------------------

| PMEMD implementation of SANDER, Release 18

|  Compiled date/time: Tue Apr 28 23:52:05 2020
| Run on 05/02/2020 at 19:25:05

|   Executable path: pmemd
| Working directory: /home/cerutti/OpenForceField/Dipeptides/NTerminal/MET
|          Hostname: Unknown
  [-O]verwriting output

File Assignments:
|   MDIN: ../../min.in                                                          
|  MDOUT: min.out                                                               
| INPCRD: MET.inpcrd                                                            
|   PARM: MET.prmtop                                                            
| RESTRT: mincrd                                                                
|   REFC: refc                                                                  
|  MDVEL: mdvel                                                                 
|   MDEN: mden                                                                  
|  MDCRD: mdcrd                                                                 
| MDINFO: mdinfo                                                                
|  MDFRC: mdfrc                                                                 


 Here is the input file:

Initial minimization                                                           
 &cntrl                                                                        
  ntx    = 1,       irest  = 0,       ntrx   = 1,      ntxo   = 1,             
  ntpr   = 100,     ntwx   = 0,       ntwv   = 0,      ntwe   = 0,             
                                                                               
  ntf    = 1,       ntb    = 1,                                                
  ntc    = 1,                                                                  
                                                                               
  cut    = 14.0,                                                               
                                                                               
  imin   = 1,                                                                  
  maxcyc = 1000,                                                               
  ncyc   = 100,                                                                
 &end                                                                          
 &ewald                                                                        
  nfft1 = 32, nfft2 = 32, nfft3 = 32,                                          
 &end                                                                          


Note: ig = -1. Setting random seed to   492549 based on wallclock time in 
      microseconds.
| irandom = 1, using AMBER's internal random number generator (default).
 
 
| Conditional Compilation Defines Used:
| FFTW_FFT
| BINTRAJ
| MKL
| EMIL

| Largest sphere to fit in unit cell has radius =    24.000

| New format PARM file being parsed.
| Version =    1.000 Date = 05/02/20 Time = 19:25:05

| Note: 1-4 EEL scale factors are being read from the topology file.

| Note: 1-4 VDW scale factors are being read from the topology file.
| Duplicated    0 dihedrals

| Duplicated    0 dihedrals

--------------------------------------------------------------------------------
   1.  RESOURCE   USE: 
--------------------------------------------------------------------------------

 getting new box info from bottom of inpcrd
 NATOM  =      25 NTYPES =       9 NBONH =      15 MBONA  =       9
 NTHETH =      33 MTHETA =      10 NPHIH =      41 MPHIA  =      26
 NHPARM =       0 NPARM  =       0 NNB   =     118 NRES   =       2
 NBONA  =       9 NTHETA =      10 NPHIA =      26 NUMBND =      15
 NUMANG =      26 NPTRA  =      26 NATYP =      12 NPHB   =       0
 IFBOX  =       1 NMXRS  =      19 IFCAP =       0 NEXTRA =       0
 NCOPY  =       0

| Coordinate Index Table dimensions:     6    6    6
| Direct force subcell size =     8.0000    8.0000    8.0000

     BOX TYPE: RECTILINEAR

--------------------------------------------------------------------------------
   2.  CONTROL  DATA  FOR  THE  RUN
--------------------------------------------------------------------------------

NMET                                                                            

General flags:
     imin    =       1, nmropt  =       0

Nature and format of input:
     ntx     =       1, irest   =       0, ntrx    =       1

Nature and format of output:
     ntxo    =       1, ntpr    =     100, ntrx    =       1, ntwr    =       1
     iwrap   =       0, ntwx    =       0, ntwv    =       0, ntwe    =       0
     ioutfm  =       1, ntwprt  =       0, idecomp =       0, rbornstat=      0

Potential function:
     ntf     =       1, ntb     =       1, igb     =       0, nsnb    =      25
     ipol    =       0, gbsa    =       0, iesp    =       0
     dielc   =   1.00000, cut     =  14.00000, intdiel =   1.00000

Frozen or restrained atoms:
     ibelly  =       0, ntr     =       0

Energy minimization:
     maxcyc  =    1000, ncyc    =     100, ntmin   =       1
     dx0     =   0.01000, drms    =   0.00010

| Intermolecular bonds treatment:
|     no_intermolecular_bonds =       1

| Energy averages sample interval:
|     ene_avg_sampling =       1

Ewald parameters:
     verbose =       0, ew_type =       0, nbflag  =       1, use_pme =       1
     vdwmeth =       1, eedmeth =       1, netfrc  =       0
     Box X =   48.000   Box Y =   48.000   Box Z =   48.000
     Alpha =   90.000   Beta  =   90.000   Gamma =   90.000
     NFFT1 =   32       NFFT2 =   32       NFFT3 =   32
     Cutoff=   14.000   Tol   =0.100E-04
     Ewald Coefficient =  0.19234
     Interpolation order =    4

--------------------------------------------------------------------------------
   3.  ATOMIC COORDINATES AND VELOCITIES
--------------------------------------------------------------------------------

NMET                                                                            
 begin time read from input coords =     0.000 ps

 
 Number of triangulated 3-point waters found:        0

     Sum of charges from parm topology file =   1.00000000
     Assuming uniform neutralizing plasma

| Dynamic Memory, Types Used:
| Reals              200143
| Integers             2573

| Nonbonded Pairs Initial Allocation:       19059

--------------------------------------------------------------------------------
   4.  RESULTS
--------------------------------------------------------------------------------

 ---------------------------------------------------
 APPROXIMATING switch and d/dx switch using CUBIC SPLINE INTERPOLATION
 using   5000.0 points per unit in tabled values
 TESTING RELATIVE ERROR over r ranging from 0.0 to cutoff
| CHECK switch(x): max rel err =   0.2738E-14   at   2.422500
| CHECK d/dx switch(x): max rel err =   0.7883E-11   at   2.684960
 ---------------------------------------------------
|---------------------------------------------------
| APPROXIMATING direct energy using CUBIC SPLINE INTERPOLATION
|  with   50.0 points per unit in tabled values
| Relative Error Limit not exceeded for r .gt.   2.24
| APPROXIMATING direct force using CUBIC SPLINE INTERPOLATION
|  with   50.0 points per unit in tabled values
| Relative Error Limit not exceeded for r .gt.   2.76
|---------------------------------------------------


   NSTEP       ENERGY          RMS            GMAX         NAME    NUMBER
      1       6.8986E+01     7.5801E+01     3.1497E+02     HG2        11

 BOND    =        0.3825  ANGLE   =        2.3453  DIHED      =        6.4175
 VDWAALS =       74.1338  EEL     =      -60.0756  HBOND      =        0.0000
 1-4 VDW =        4.2945  1-4 EEL =       41.4876  RESTRAINT  =        0.0000


   NSTEP       ENERGY          RMS            GMAX         NAME    NUMBER
    100      -8.3483E+00     1.1291E+00     4.6185E+00     N           1

 BOND    =        0.3301  ANGLE   =        1.9220  DIHED      =        7.0646
 VDWAALS =        0.3045  EEL     =      -60.7499  HBOND      =        0.0000
 1-4 VDW =        3.0524  1-4 EEL =       39.7281  RESTRAINT  =        0.0000


   NSTEP       ENERGY          RMS            GMAX         NAME    NUMBER
    200      -1.1516E+01     8.1649E-01     2.3078E+00     H3          4

 BOND    =        0.2669  ANGLE   =        1.4468  DIHED      =        5.8232
 VDWAALS =       -1.1571  EEL     =      -60.4373  HBOND      =        0.0000
 1-4 VDW =        2.7445  1-4 EEL =       39.7973  RESTRAINT  =        0.0000


   NSTEP       ENERGY          RMS            GMAX         NAME    NUMBER
    300      -1.2927E+01     2.2757E-01     9.1822E-01     N           1

 BOND    =        0.2154  ANGLE   =        1.4159  DIHED      =        4.0969
 VDWAALS =       -1.2772  EEL     =      -59.8819  HBOND      =        0.0000
 1-4 VDW =        2.7741  1-4 EEL =       39.7303  RESTRAINT  =        0.0000


   NSTEP       ENERGY          RMS            GMAX         NAME    NUMBER
    400      -1.2997E+01     8.8321E-02     2.0822E-01     CA          5

 BOND    =        0.2183  ANGLE   =        1.4525  DIHED      =        3.9837
 VDWAALS =       -1.3244  EEL     =      -59.8437  HBOND      =        0.0000
 1-4 VDW =        2.7669  1-4 EEL =       39.7501  RESTRAINT  =        0.0000


   NSTEP       ENERGY          RMS            GMAX         NAME    NUMBER
    500      -1.3017E+01     1.6128E-01     4.4264E-01     HB2         8

 BOND    =        0.2126  ANGLE   =        1.4637  DIHED      =        3.9673
 VDWAALS =       -1.3619  EEL     =      -59.8504  HBOND      =        0.0000
 1-4 VDW =        2.7618  1-4 EEL =       39.7900  RESTRAINT  =        0.0000


   NSTEP       ENERGY          RMS            GMAX         NAME    NUMBER
    600      -1.3035E+01     1.7077E-01     6.1944E-01     C          18

 BOND    =        0.2209  ANGLE   =        1.4509  DIHED      =        3.9665
 VDWAALS =       -1.3833  EEL     =      -59.8745  HBOND      =        0.0000
 1-4 VDW =        2.7925  1-4 EEL =       39.7925  RESTRAINT  =        0.0000


   NSTEP       ENERGY          RMS            GMAX         NAME    NUMBER
    700      -1.3046E+01     1.0934E-01     3.9013E-01     CA          5

 BOND    =        0.2210  ANGLE   =        1.4547  DIHED      =        3.9655
 VDWAALS =       -1.3958  EEL     =      -59.8763  HBOND      =        0.0000
 1-4 VDW =        2.7906  1-4 EEL =       39.7944  RESTRAINT  =        0.0000


   NSTEP       ENERGY          RMS            GMAX         NAME    NUMBER
    800      -1.3048E+01     3.4748E-02     1.0186E-01     HG3        12

 BOND    =        0.2231  ANGLE   =        1.4638  DIHED      =        3.9642
 VDWAALS =       -1.4009  EEL     =      -59.8686  HBOND      =        0.0000
 1-4 VDW =        2.7768  1-4 EEL =       39.7930  RESTRAINT  =        0.0000


   NSTEP       ENERGY          RMS            GMAX         NAME    NUMBER
    900      -1.3049E+01     1.1163E-02     3.5038E-02     N          20

 BOND    =        0.2232  ANGLE   =        1.4612  DIHED      =        3.9645
 VDWAALS =       -1.3995  EEL     =      -59.8717  HBOND      =        0.0000
 1-4 VDW =        2.7801  1-4 EEL =       39.7933  RESTRAINT  =        0.0000


   NSTEP       ENERGY          RMS            GMAX         NAME    NUMBER
   1000      -1.3049E+01     1.5436E-02     5.1741E-02     CG         10

 BOND    =        0.2243  ANGLE   =        1.4622  DIHED      =        3.9640
 VDWAALS =       -1.4004  EEL     =      -59.8706  HBOND      =        0.0000
 1-4 VDW =        2.7783  1-4 EEL =       39.7929  RESTRAINT  =        0.0000


  Maximum number of minimization cycles reached.


                    FINAL RESULTS



   NSTEP       ENERGY          RMS            GMAX         NAME    NUMBER
   1000      -1.3049E+01     1.5436E-02     5.1741E-02     CG         10

 BOND    =        0.2243  ANGLE   =        1.4622  DIHED      =        3.9640
 VDWAALS =       -1.4004  EEL     =      -59.8706  HBOND      =        0.0000
 1-4 VDW =        2.7783  1-4 EEL =       39.7929  RESTRAINT  =        0.0000
--------------------------------------------------------------------------------
   5.  TIMINGS
--------------------------------------------------------------------------------

|  NonSetup CPU Time in Major Routines:
|
|     Routine           Sec        %
|     ------------------------------
|     Nonbond           2.13   98.70
|     Bond              0.00    0.11
|     Angle             0.01    0.26
|     Dihedral          0.02    0.72
|     Shake             0.00    0.00
|     Other             0.00    0.22
|     ------------------------------
|     Total             2.16

|  PME Nonbond Pairlist CPU Time:
|
|     Routine              Sec        %
|     ---------------------------------
|     Set Up Cit           0.00    0.01
|     Build List           0.00    0.03
|     ---------------------------------
|     Total                0.00    0.04

|  PME Direct Force CPU Time:
|
|     Routine              Sec        %
|     ---------------------------------
|     NonBonded Calc       0.02    0.84
|     Exclude Masked       0.01    0.44
|     Other                0.01    0.38
|     ---------------------------------
|     Total                0.04    1.65

|  PME Reciprocal Force CPU Time:
|
|     Routine              Sec        %
|     ---------------------------------
|     1D bspline           0.00    0.17
|     Grid Charges         0.09    3.98
|     Scalar Sum           0.85   39.22
|     Gradient Sum         0.01    0.68
|     FFT                  1.15   53.05
|     ---------------------------------
|     Total                2.10   97.11

|  Setup CPU time:            0.04 seconds
|  NonSetup CPU time:         2.16 seconds
|  Total CPU time:            2.20 seconds     0.00 hours

|  Setup wall time:           1    seconds
|  NonSetup wall time:        2    seconds
|  Total wall time:           3    seconds     0.00 hours
