
          -------------------------------------------------------
          Amber 20 PMEMD                              2020
          -------------------------------------------------------

| PMEMD implementation of SANDER, Release 18

|  Compiled date/time: Tue Apr 28 23:52:05 2020
| Run on 05/02/2020 at 16:02:18

|   Executable path: pmemd
| Working directory: /home/cerutti/OpenForceField/Dipeptides/CTerminal/ILE
|          Hostname: Unknown
  [-O]verwriting output

File Assignments:
|   MDIN: ../../min.in                                                          
|  MDOUT: min.out                                                               
| INPCRD: ILE.inpcrd                                                            
|   PARM: ILE.prmtop                                                            
| RESTRT: mincrd                                                                
|   REFC: refc                                                                  
|  MDVEL: mdvel                                                                 
|   MDEN: mden                                                                  
|  MDCRD: mdcrd                                                                 
| MDINFO: mdinfo                                                                
|  MDFRC: mdfrc                                                                 


 Here is the input file:

Initial minimization                                                           
 &cntrl                                                                        
  ntx    = 1,       irest  = 0,       ntrx   = 1,      ntxo   = 1,             
  ntpr   = 100,     ntwx   = 0,       ntwv   = 0,      ntwe   = 0,             
                                                                               
  ntf    = 1,       ntb    = 1,                                                
  ntc    = 1,                                                                  
                                                                               
  cut    = 14.0,                                                               
                                                                               
  imin   = 1,                                                                  
  maxcyc = 1000,                                                               
  ncyc   = 100,                                                                
 &end                                                                          
 &ewald                                                                        
  nfft1 = 32, nfft2 = 32, nfft3 = 32,                                          
 &end                                                                          


Note: ig = -1. Setting random seed to   372313 based on wallclock time in 
      microseconds.
| irandom = 1, using AMBER's internal random number generator (default).
 
 
| Conditional Compilation Defines Used:
| FFTW_FFT
| BINTRAJ
| MKL
| EMIL

| Largest sphere to fit in unit cell has radius =    24.000

| New format PARM file being parsed.
| Version =    1.000 Date = 05/02/20 Time = 16:02:18

| Note: 1-4 EEL scale factors are being read from the topology file.

| Note: 1-4 VDW scale factors are being read from the topology file.
| Duplicated    0 dihedrals

| Duplicated    0 dihedrals

--------------------------------------------------------------------------------
   1.  RESOURCE   USE: 
--------------------------------------------------------------------------------

 getting new box info from bottom of inpcrd
 NATOM  =      26 NTYPES =       7 NBONH =      14 MBONA  =      11
 NTHETH =      31 MTHETA =      14 NPHIH =      52 MPHIA  =      40
 NHPARM =       0 NPARM  =       0 NNB   =     130 NRES   =       2
 NBONA  =      11 NTHETA =      14 NPHIA =      40 NUMBND =      15
 NUMANG =      28 NPTRA  =      37 NATYP =      11 NPHB   =       0
 IFBOX  =       1 NMXRS  =      20 IFCAP =       0 NEXTRA =       0
 NCOPY  =       0

| Coordinate Index Table dimensions:     6    6    6
| Direct force subcell size =     8.0000    8.0000    8.0000

     BOX TYPE: RECTILINEAR

--------------------------------------------------------------------------------
   2.  CONTROL  DATA  FOR  THE  RUN
--------------------------------------------------------------------------------

ACE                                                                             

General flags:
     imin    =       1, nmropt  =       0

Nature and format of input:
     ntx     =       1, irest   =       0, ntrx    =       1

Nature and format of output:
     ntxo    =       1, ntpr    =     100, ntrx    =       1, ntwr    =       1
     iwrap   =       0, ntwx    =       0, ntwv    =       0, ntwe    =       0
     ioutfm  =       1, ntwprt  =       0, idecomp =       0, rbornstat=      0

Potential function:
     ntf     =       1, ntb     =       1, igb     =       0, nsnb    =      25
     ipol    =       0, gbsa    =       0, iesp    =       0
     dielc   =   1.00000, cut     =  14.00000, intdiel =   1.00000

Frozen or restrained atoms:
     ibelly  =       0, ntr     =       0

Energy minimization:
     maxcyc  =    1000, ncyc    =     100, ntmin   =       1
     dx0     =   0.01000, drms    =   0.00010

| Intermolecular bonds treatment:
|     no_intermolecular_bonds =       1

| Energy averages sample interval:
|     ene_avg_sampling =       1

Ewald parameters:
     verbose =       0, ew_type =       0, nbflag  =       1, use_pme =       1
     vdwmeth =       1, eedmeth =       1, netfrc  =       0
     Box X =   48.000   Box Y =   48.000   Box Z =   48.000
     Alpha =   90.000   Beta  =   90.000   Gamma =   90.000
     NFFT1 =   32       NFFT2 =   32       NFFT3 =   32
     Cutoff=   14.000   Tol   =0.100E-04
     Ewald Coefficient =  0.19234
     Interpolation order =    4

--------------------------------------------------------------------------------
   3.  ATOMIC COORDINATES AND VELOCITIES
--------------------------------------------------------------------------------

ACE                                                                             
 begin time read from input coords =     0.000 ps

 
 Number of triangulated 3-point waters found:        0

     Sum of charges from parm topology file =  -1.00000000
     Assuming uniform neutralizing plasma

| Dynamic Memory, Types Used:
| Reals              200206
| Integers             3002

| Nonbonded Pairs Initial Allocation:       19821

--------------------------------------------------------------------------------
   4.  RESULTS
--------------------------------------------------------------------------------

 ---------------------------------------------------
 APPROXIMATING switch and d/dx switch using CUBIC SPLINE INTERPOLATION
 using   5000.0 points per unit in tabled values
 TESTING RELATIVE ERROR over r ranging from 0.0 to cutoff
| CHECK switch(x): max rel err =   0.2738E-14   at   2.422500
| CHECK d/dx switch(x): max rel err =   0.7883E-11   at   2.684960
 ---------------------------------------------------
|---------------------------------------------------
| APPROXIMATING direct energy using CUBIC SPLINE INTERPOLATION
|  with   50.0 points per unit in tabled values
| Relative Error Limit not exceeded for r .gt.   2.24
| APPROXIMATING direct force using CUBIC SPLINE INTERPOLATION
|  with   50.0 points per unit in tabled values
| Relative Error Limit not exceeded for r .gt.   2.76
|---------------------------------------------------


   NSTEP       ENERGY          RMS            GMAX         NAME    NUMBER
      1       1.5429E+00     2.3435E+01     9.5130E+01     OXT        26

 BOND    =        0.6001  ANGLE   =        1.9260  DIHED      =       10.8444
 VDWAALS =       32.1670  EEL     =     -104.2487  HBOND      =        0.0000
 1-4 VDW =        7.8269  1-4 EEL =       52.4272  RESTRAINT  =        0.0000


   NSTEP       ENERGY          RMS            GMAX         NAME    NUMBER
    100      -3.6193E+01     1.4062E+00     7.9852E+00     C           5

 BOND    =        0.8329  ANGLE   =        2.6027  DIHED      =       10.9166
 VDWAALS =       -0.7554  EEL     =     -106.9758  HBOND      =        0.0000
 1-4 VDW =        4.5887  1-4 EEL =       52.5973  RESTRAINT  =        0.0000


   NSTEP       ENERGY          RMS            GMAX         NAME    NUMBER
    200      -3.7467E+01     1.4603E-01     4.6305E-01     C          24

 BOND    =        0.6728  ANGLE   =        2.2435  DIHED      =       10.6423
 VDWAALS =       -1.6390  EEL     =     -105.7042  HBOND      =        0.0000
 1-4 VDW =        4.2356  1-4 EEL =       52.0819  RESTRAINT  =        0.0000


   NSTEP       ENERGY          RMS            GMAX         NAME    NUMBER
    300      -3.7500E+01     7.6573E-02     3.2648E-01     N           7

 BOND    =        0.6491  ANGLE   =        2.2323  DIHED      =       10.6681
 VDWAALS =       -1.6721  EEL     =     -105.9044  HBOND      =        0.0000
 1-4 VDW =        4.2778  1-4 EEL =       52.2489  RESTRAINT  =        0.0000


   NSTEP       ENERGY          RMS            GMAX         NAME    NUMBER
    400      -3.7507E+01     3.0458E-02     8.2555E-02     CA          9

 BOND    =        0.6431  ANGLE   =        2.2175  DIHED      =       10.6809
 VDWAALS =       -1.6798  EEL     =     -105.9002  HBOND      =        0.0000
 1-4 VDW =        4.2823  1-4 EEL =       52.2488  RESTRAINT  =        0.0000


   NSTEP       ENERGY          RMS            GMAX         NAME    NUMBER
    500      -3.7509E+01     3.0835E-02     9.9706E-02     CA          9

 BOND    =        0.6425  ANGLE   =        2.2085  DIHED      =       10.6847
 VDWAALS =       -1.6824  EEL     =     -105.8850  HBOND      =        0.0000
 1-4 VDW =        4.2847  1-4 EEL =       52.2377  RESTRAINT  =        0.0000


   NSTEP       ENERGY          RMS            GMAX         NAME    NUMBER
    600      -3.7510E+01     1.6042E-02     5.2571E-02     CA          9

 BOND    =        0.6396  ANGLE   =        2.2059  DIHED      =       10.6853
 VDWAALS =       -1.6848  EEL     =     -105.8650  HBOND      =        0.0000
 1-4 VDW =        4.2861  1-4 EEL =       52.2229  RESTRAINT  =        0.0000


   NSTEP       ENERGY          RMS            GMAX         NAME    NUMBER
    700      -3.7510E+01     1.7251E-03     4.6634E-03     H2          3

 BOND    =        0.6390  ANGLE   =        2.2021  DIHED      =       10.6851
 VDWAALS =       -1.6837  EEL     =     -105.8576  HBOND      =        0.0000
 1-4 VDW =        4.2864  1-4 EEL =       52.2185  RESTRAINT  =        0.0000


   NSTEP       ENERGY          RMS            GMAX         NAME    NUMBER
    800      -3.7510E+01     1.1330E-03     2.9655E-03     H2          3

 BOND    =        0.6388  ANGLE   =        2.2016  DIHED      =       10.6850
 VDWAALS =       -1.6839  EEL     =     -105.8544  HBOND      =        0.0000
 1-4 VDW =        4.2863  1-4 EEL =       52.2165  RESTRAINT  =        0.0000


   NSTEP       ENERGY          RMS            GMAX         NAME    NUMBER
    900      -3.7510E+01     6.5778E-04     2.2571E-03     H2          3

 BOND    =        0.6387  ANGLE   =        2.2012  DIHED      =       10.6850
 VDWAALS =       -1.6840  EEL     =     -105.8520  HBOND      =        0.0000
 1-4 VDW =        4.2861  1-4 EEL =       52.2148  RESTRAINT  =        0.0000


   NSTEP       ENERGY          RMS            GMAX         NAME    NUMBER
   1000      -3.7510E+01     5.6301E-04     1.5895E-03     H           8

 BOND    =        0.6387  ANGLE   =        2.2010  DIHED      =       10.6850
 VDWAALS =       -1.6840  EEL     =     -105.8505  HBOND      =        0.0000
 1-4 VDW =        4.2860  1-4 EEL =       52.2137  RESTRAINT  =        0.0000


  Maximum number of minimization cycles reached.


                    FINAL RESULTS



   NSTEP       ENERGY          RMS            GMAX         NAME    NUMBER
   1000      -3.7510E+01     5.6301E-04     1.5895E-03     H           8

 BOND    =        0.6387  ANGLE   =        2.2010  DIHED      =       10.6850
 VDWAALS =       -1.6840  EEL     =     -105.8505  HBOND      =        0.0000
 1-4 VDW =        4.2860  1-4 EEL =       52.2137  RESTRAINT  =        0.0000
--------------------------------------------------------------------------------
   5.  TIMINGS
--------------------------------------------------------------------------------

|  NonSetup CPU Time in Major Routines:
|
|     Routine           Sec        %
|     ------------------------------
|     Nonbond           2.16   98.47
|     Bond              0.00    0.10
|     Angle             0.01    0.27
|     Dihedral          0.02    0.95
|     Shake             0.00    0.00
|     Other             0.00    0.22
|     ------------------------------
|     Total             2.19

|  PME Nonbond Pairlist CPU Time:
|
|     Routine              Sec        %
|     ---------------------------------
|     Set Up Cit           0.00    0.01
|     Build List           0.00    0.04
|     ---------------------------------
|     Total                0.00    0.05

|  PME Direct Force CPU Time:
|
|     Routine              Sec        %
|     ---------------------------------
|     NonBonded Calc       0.02    0.89
|     Exclude Masked       0.01    0.47
|     Other                0.01    0.38
|     ---------------------------------
|     Total                0.04    1.73

|  PME Reciprocal Force CPU Time:
|
|     Routine              Sec        %
|     ---------------------------------
|     1D bspline           0.00    0.18
|     Grid Charges         0.09    3.94
|     Scalar Sum           0.86   39.24
|     Gradient Sum         0.02    0.70
|     FFT                  1.15   52.72
|     ---------------------------------
|     Total                2.12   96.78

|  Setup CPU time:            0.04 seconds
|  NonSetup CPU time:         2.19 seconds
|  Total CPU time:            2.23 seconds     0.00 hours

|  Setup wall time:           0    seconds
|  NonSetup wall time:        3    seconds
|  Total wall time:           3    seconds     0.00 hours
