
          -------------------------------------------------------
          Amber 20 PMEMD                              2020
          -------------------------------------------------------

| PMEMD implementation of SANDER, Release 18

|  Compiled date/time: Tue Apr 28 23:52:05 2020
| Run on 05/02/2020 at 16:02:30

|   Executable path: pmemd
| Working directory: /home/cerutti/OpenForceField/Dipeptides/CTerminal/PRO
|          Hostname: Unknown
  [-O]verwriting output

File Assignments:
|   MDIN: ../../min.in                                                          
|  MDOUT: min.out                                                               
| INPCRD: PRO.inpcrd                                                            
|   PARM: PRO.prmtop                                                            
| RESTRT: mincrd                                                                
|   REFC: refc                                                                  
|  MDVEL: mdvel                                                                 
|   MDEN: mden                                                                  
|  MDCRD: mdcrd                                                                 
| MDINFO: mdinfo                                                                
|  MDFRC: mdfrc                                                                 


 Here is the input file:

Initial minimization                                                           
 &cntrl                                                                        
  ntx    = 1,       irest  = 0,       ntrx   = 1,      ntxo   = 1,             
  ntpr   = 100,     ntwx   = 0,       ntwv   = 0,      ntwe   = 0,             
                                                                               
  ntf    = 1,       ntb    = 1,                                                
  ntc    = 1,                                                                  
                                                                               
  cut    = 14.0,                                                               
                                                                               
  imin   = 1,                                                                  
  maxcyc = 1000,                                                               
  ncyc   = 100,                                                                
 &end                                                                          
 &ewald                                                                        
  nfft1 = 32, nfft2 = 32, nfft3 = 32,                                          
 &end                                                                          


Note: ig = -1. Setting random seed to    27111 based on wallclock time in 
      microseconds.
| irandom = 1, using AMBER's internal random number generator (default).
 
 
| Conditional Compilation Defines Used:
| FFTW_FFT
| BINTRAJ
| MKL
| EMIL

| Largest sphere to fit in unit cell has radius =    24.000

| New format PARM file being parsed.
| Version =    1.000 Date = 05/02/20 Time = 16:02:30

| Note: 1-4 EEL scale factors are being read from the topology file.

| Note: 1-4 VDW scale factors are being read from the topology file.
| Duplicated    0 dihedrals

| Duplicated    0 dihedrals

--------------------------------------------------------------------------------
   1.  RESOURCE   USE: 
--------------------------------------------------------------------------------

 getting new box info from bottom of inpcrd
 NATOM  =      21 NTYPES =       6 NBONH =      10 MBONA  =      11
 NTHETH =      24 MTHETA =      15 NPHIH =      43 MPHIA  =      32
 NHPARM =       0 NPARM  =       0 NNB   =     111 NRES   =       2
 NBONA  =      11 NTHETA =      15 NPHIA =      32 NUMBND =      12
 NUMANG =      24 NPTRA  =      21 NATYP =       8 NPHB   =       0
 IFBOX  =       1 NMXRS  =      15 IFCAP =       0 NEXTRA =       0
 NCOPY  =       0

| Coordinate Index Table dimensions:     6    6    6
| Direct force subcell size =     8.0000    8.0000    8.0000

     BOX TYPE: RECTILINEAR

--------------------------------------------------------------------------------
   2.  CONTROL  DATA  FOR  THE  RUN
--------------------------------------------------------------------------------

ACE                                                                             

General flags:
     imin    =       1, nmropt  =       0

Nature and format of input:
     ntx     =       1, irest   =       0, ntrx    =       1

Nature and format of output:
     ntxo    =       1, ntpr    =     100, ntrx    =       1, ntwr    =       1
     iwrap   =       0, ntwx    =       0, ntwv    =       0, ntwe    =       0
     ioutfm  =       1, ntwprt  =       0, idecomp =       0, rbornstat=      0

Potential function:
     ntf     =       1, ntb     =       1, igb     =       0, nsnb    =      25
     ipol    =       0, gbsa    =       0, iesp    =       0
     dielc   =   1.00000, cut     =  14.00000, intdiel =   1.00000

Frozen or restrained atoms:
     ibelly  =       0, ntr     =       0

Energy minimization:
     maxcyc  =    1000, ncyc    =     100, ntmin   =       1
     dx0     =   0.01000, drms    =   0.00010

| Intermolecular bonds treatment:
|     no_intermolecular_bonds =       1

| Energy averages sample interval:
|     ene_avg_sampling =       1

Ewald parameters:
     verbose =       0, ew_type =       0, nbflag  =       1, use_pme =       1
     vdwmeth =       1, eedmeth =       1, netfrc  =       0
     Box X =   48.000   Box Y =   48.000   Box Z =   48.000
     Alpha =   90.000   Beta  =   90.000   Gamma =   90.000
     NFFT1 =   32       NFFT2 =   32       NFFT3 =   32
     Cutoff=   14.000   Tol   =0.100E-04
     Ewald Coefficient =  0.19234
     Interpolation order =    4

--------------------------------------------------------------------------------
   3.  ATOMIC COORDINATES AND VELOCITIES
--------------------------------------------------------------------------------

ACE                                                                             
 begin time read from input coords =     0.000 ps

 
 Number of triangulated 3-point waters found:        0

     Sum of charges from parm topology file =  -1.00000000
     Assuming uniform neutralizing plasma

| Dynamic Memory, Types Used:
| Reals              199921
| Integers             2501

| Nonbonded Pairs Initial Allocation:       16009

--------------------------------------------------------------------------------
   4.  RESULTS
--------------------------------------------------------------------------------

 ---------------------------------------------------
 APPROXIMATING switch and d/dx switch using CUBIC SPLINE INTERPOLATION
 using   5000.0 points per unit in tabled values
 TESTING RELATIVE ERROR over r ranging from 0.0 to cutoff
| CHECK switch(x): max rel err =   0.2738E-14   at   2.422500
| CHECK d/dx switch(x): max rel err =   0.7883E-11   at   2.684960
 ---------------------------------------------------
|---------------------------------------------------
| APPROXIMATING direct energy using CUBIC SPLINE INTERPOLATION
|  with   50.0 points per unit in tabled values
| Relative Error Limit not exceeded for r .gt.   2.24
| APPROXIMATING direct force using CUBIC SPLINE INTERPOLATION
|  with   50.0 points per unit in tabled values
| Relative Error Limit not exceeded for r .gt.   2.76
|---------------------------------------------------


   NSTEP       ENERGY          RMS            GMAX         NAME    NUMBER
      1       1.4224E+01     1.2911E+01     3.1478E+01     CA         17

 BOND    =        1.1790  ANGLE   =        7.8495  DIHED      =       17.0567
 VDWAALS =        2.8738  EEL     =      -85.3327  HBOND      =        0.0000
 1-4 VDW =        4.4344  1-4 EEL =       66.1634  RESTRAINT  =        0.0000


   NSTEP       ENERGY          RMS            GMAX         NAME    NUMBER
    100      -3.3878E+00     1.6798E+00     7.0643E+00     C          19

 BOND    =        0.4060  ANGLE   =        3.5223  DIHED      =       16.7742
 VDWAALS =       -1.5637  EEL     =      -88.4399  HBOND      =        0.0000
 1-4 VDW =        3.0126  1-4 EEL =       62.9008  RESTRAINT  =        0.0000


   NSTEP       ENERGY          RMS            GMAX         NAME    NUMBER
    200      -5.0501E+00     2.0674E-01     5.7755E-01     OXT        21

 BOND    =        0.3518  ANGLE   =        4.5148  DIHED      =       15.8605
 VDWAALS =       -1.8546  EEL     =      -89.5533  HBOND      =        0.0000
 1-4 VDW =        2.8144  1-4 EEL =       62.8163  RESTRAINT  =        0.0000


   NSTEP       ENERGY          RMS            GMAX         NAME    NUMBER
    300      -5.0737E+00     5.3653E-02     1.5026E-01     CG         11

 BOND    =        0.3366  ANGLE   =        4.5861  DIHED      =       15.6896
 VDWAALS =       -1.8474  EEL     =      -89.3856  HBOND      =        0.0000
 1-4 VDW =        2.7734  1-4 EEL =       62.7738  RESTRAINT  =        0.0000


   NSTEP       ENERGY          RMS            GMAX         NAME    NUMBER
    400      -5.0752E+00     2.4017E-02     8.1830E-02     C          19

 BOND    =        0.3360  ANGLE   =        4.6030  DIHED      =       15.6060
 VDWAALS =       -1.8485  EEL     =      -89.3103  HBOND      =        0.0000
 1-4 VDW =        2.7614  1-4 EEL =       62.7772  RESTRAINT  =        0.0000


   NSTEP       ENERGY          RMS            GMAX         NAME    NUMBER
    500      -5.0753E+00     5.1188E-03     2.0094E-02     N           7

 BOND    =        0.3371  ANGLE   =        4.5998  DIHED      =       15.6121
 VDWAALS =       -1.8496  EEL     =      -89.3186  HBOND      =        0.0000
 1-4 VDW =        2.7634  1-4 EEL =       62.7805  RESTRAINT  =        0.0000


   NSTEP       ENERGY          RMS            GMAX         NAME    NUMBER
    600      -5.0753E+00     1.7655E-03     7.5430E-03     N           7

 BOND    =        0.3372  ANGLE   =        4.5994  DIHED      =       15.6133
 VDWAALS =       -1.8504  EEL     =      -89.3208  HBOND      =        0.0000
 1-4 VDW =        2.7637  1-4 EEL =       62.7823  RESTRAINT  =        0.0000


   NSTEP       ENERGY          RMS            GMAX         NAME    NUMBER
    700      -5.0753E+00     9.1171E-04     2.2411E-03     N           7

 BOND    =        0.3373  ANGLE   =        4.5993  DIHED      =       15.6126
 VDWAALS =       -1.8506  EEL     =      -89.3207  HBOND      =        0.0000
 1-4 VDW =        2.7637  1-4 EEL =       62.7831  RESTRAINT  =        0.0000


   NSTEP       ENERGY          RMS            GMAX         NAME    NUMBER
    800      -5.0753E+00     1.7729E-03     7.9379E-03     C           5

 BOND    =        0.3372  ANGLE   =        4.5994  DIHED      =       15.6122
 VDWAALS =       -1.8506  EEL     =      -89.3204  HBOND      =        0.0000
 1-4 VDW =        2.7636  1-4 EEL =       62.7833  RESTRAINT  =        0.0000


   NSTEP       ENERGY          RMS            GMAX         NAME    NUMBER
    900      -5.0754E+00     1.9971E-03     5.3883E-03     CA         17

 BOND    =        0.3372  ANGLE   =        4.5997  DIHED      =       15.6119
 VDWAALS =       -1.8507  EEL     =      -89.3200  HBOND      =        0.0000
 1-4 VDW =        2.7635  1-4 EEL =       62.7830  RESTRAINT  =        0.0000


   NSTEP       ENERGY          RMS            GMAX         NAME    NUMBER
   1000      -5.0754E+00     1.3656E-03     3.4380E-03     O          20

 BOND    =        0.3373  ANGLE   =        4.5993  DIHED      =       15.6118
 VDWAALS =       -1.8507  EEL     =      -89.3202  HBOND      =        0.0000
 1-4 VDW =        2.7636  1-4 EEL =       62.7835  RESTRAINT  =        0.0000


  Maximum number of minimization cycles reached.


                    FINAL RESULTS



   NSTEP       ENERGY          RMS            GMAX         NAME    NUMBER
   1000      -5.0754E+00     1.3656E-03     3.4380E-03     O          20

 BOND    =        0.3373  ANGLE   =        4.5993  DIHED      =       15.6118
 VDWAALS =       -1.8507  EEL     =      -89.3202  HBOND      =        0.0000
 1-4 VDW =        2.7636  1-4 EEL =       62.7835  RESTRAINT  =        0.0000
--------------------------------------------------------------------------------
   5.  TIMINGS
--------------------------------------------------------------------------------

|  NonSetup CPU Time in Major Routines:
|
|     Routine           Sec        %
|     ------------------------------
|     Nonbond           2.12   98.64
|     Bond              0.00    0.10
|     Angle             0.01    0.24
|     Dihedral          0.02    0.80
|     Shake             0.00    0.00
|     Other             0.00    0.22
|     ------------------------------
|     Total             2.15

|  PME Nonbond Pairlist CPU Time:
|
|     Routine              Sec        %
|     ---------------------------------
|     Set Up Cit           0.00    0.01
|     Build List           0.00    0.03
|     ---------------------------------
|     Total                0.00    0.04

|  PME Direct Force CPU Time:
|
|     Routine              Sec        %
|     ---------------------------------
|     NonBonded Calc       0.01    0.58
|     Exclude Masked       0.01    0.42
|     Other                0.01    0.38
|     ---------------------------------
|     Total                0.03    1.38

|  PME Reciprocal Force CPU Time:
|
|     Routine              Sec        %
|     ---------------------------------
|     1D bspline           0.00    0.16
|     Grid Charges         0.08    3.94
|     Scalar Sum           0.85   39.49
|     Gradient Sum         0.01    0.59
|     FFT                  1.14   53.15
|     ---------------------------------
|     Total                2.09   97.33

|  Setup CPU time:            0.04 seconds
|  NonSetup CPU time:         2.15 seconds
|  Total CPU time:            2.19 seconds     0.00 hours

|  Setup wall time:           0    seconds
|  NonSetup wall time:        2    seconds
|  Total wall time:           2    seconds     0.00 hours
