-I: Adding /home/cerutti/amberXpt/dat/leap/prep to search path.
-I: Adding /home/cerutti/amberXpt/dat/leap/lib to search path.
-I: Adding /home/cerutti/amberXpt/dat/leap/parm to search path.
-I: Adding /home/cerutti/amberXpt/dat/leap/cmd to search path.
-f: Source tleap.in.

Welcome to LEaP!
(no leaprc in search path)
Sourcing: ./tleap.in
----- Source: /home/cerutti/amberXpt/dat/leap/cmd/leaprc.protein.ff14SB
----- Source of /home/cerutti/amberXpt/dat/leap/cmd/leaprc.protein.ff14SB done
Log file: ./leap.log
Loading parameters: /home/cerutti/amberXpt/dat/leap/parm/parm10.dat
Reading title:
PARM99 + frcmod.ff99SB + frcmod.parmbsc0 + OL3 for RNA
Loading parameters: /home/cerutti/amberXpt/dat/leap/parm/frcmod.ff14SB
Reading force field modification type file (frcmod)
Reading title:
ff14SB protein backbone and sidechain parameters
Loading library: /home/cerutti/amberXpt/dat/leap/lib/amino12.lib
Loading library: /home/cerutti/amberXpt/dat/leap/lib/aminoct12.lib
Loading library: /home/cerutti/amberXpt/dat/leap/lib/aminont12.lib
Checking Unit.

/home/cerutti/amberXpt/bin/teLeap: Warning!
The unperturbed charge of the unit (-1.000000) is not zero.

/home/cerutti/amberXpt/bin/teLeap: Note.
Ignoring the warning from Unit Checking.

Building topology.
Building atom parameters.
Building bond parameters.
Building angle parameters.
Building proper torsion parameters.
Building improper torsion parameters.
 total 3 improper torsions applied
Building H-Bond parameters.
Incorporating Non-Bonded adjustments.
Not Marking per-residue atom chain types.
Marking per-residue atom chain types.
  (Residues lacking connect0/connect1 - 
   these don't have chain types marked:

	res	total affected

	CPRO	1
  )
 (no restraints)
	Quit

Exiting LEaP: Errors = 0; Warnings = 1; Notes = 1.
