
          -------------------------------------------------------
          Amber 20 PMEMD                              2020
          -------------------------------------------------------

| PMEMD implementation of SANDER, Release 18

|  Compiled date/time: Tue Apr 28 23:52:05 2020
| Run on 05/02/2020 at 16:02:06

|   Executable path: pmemd
| Working directory: /home/cerutti/OpenForceField/Dipeptides/CTerminal/GLU
|          Hostname: Unknown
  [-O]verwriting output

File Assignments:
|   MDIN: ../../min.in                                                          
|  MDOUT: min.out                                                               
| INPCRD: GLU.inpcrd                                                            
|   PARM: GLU.prmtop                                                            
| RESTRT: mincrd                                                                
|   REFC: refc                                                                  
|  MDVEL: mdvel                                                                 
|   MDEN: mden                                                                  
|  MDCRD: mdcrd                                                                 
| MDINFO: mdinfo                                                                
|  MDFRC: mdfrc                                                                 


 Here is the input file:

Initial minimization                                                           
 &cntrl                                                                        
  ntx    = 1,       irest  = 0,       ntrx   = 1,      ntxo   = 1,             
  ntpr   = 100,     ntwx   = 0,       ntwv   = 0,      ntwe   = 0,             
                                                                               
  ntf    = 1,       ntb    = 1,                                                
  ntc    = 1,                                                                  
                                                                               
  cut    = 14.0,                                                               
                                                                               
  imin   = 1,                                                                  
  maxcyc = 1000,                                                               
  ncyc   = 100,                                                                
 &end                                                                          
 &ewald                                                                        
  nfft1 = 32, nfft2 = 32, nfft3 = 32,                                          
 &end                                                                          


Note: ig = -1. Setting random seed to   768458 based on wallclock time in 
      microseconds.
| irandom = 1, using AMBER's internal random number generator (default).
 
 
| Conditional Compilation Defines Used:
| FFTW_FFT
| BINTRAJ
| MKL
| EMIL

| Largest sphere to fit in unit cell has radius =    24.000

| New format PARM file being parsed.
| Version =    1.000 Date = 05/02/20 Time = 16:02:06

| Note: 1-4 EEL scale factors are being read from the topology file.

| Note: 1-4 VDW scale factors are being read from the topology file.
| Duplicated    0 dihedrals

| Duplicated    0 dihedrals

--------------------------------------------------------------------------------
   1.  RESOURCE   USE: 
--------------------------------------------------------------------------------

 getting new box info from bottom of inpcrd
 NATOM  =      22 NTYPES =       7 NBONH =       9 MBONA  =      12
 NTHETH =      21 MTHETA =      15 NPHIH =      41 MPHIA  =      33
 NHPARM =       0 NPARM  =       0 NNB   =     105 NRES   =       2
 NBONA  =      12 NTHETA =      15 NPHIA =      33 NUMBND =      14
 NUMANG =      24 NPTRA  =      29 NATYP =      11 NPHB   =       0
 IFBOX  =       1 NMXRS  =      16 IFCAP =       0 NEXTRA =       0
 NCOPY  =       0

| Coordinate Index Table dimensions:     6    6    6
| Direct force subcell size =     8.0000    8.0000    8.0000

     BOX TYPE: RECTILINEAR

--------------------------------------------------------------------------------
   2.  CONTROL  DATA  FOR  THE  RUN
--------------------------------------------------------------------------------

ACE                                                                             

General flags:
     imin    =       1, nmropt  =       0

Nature and format of input:
     ntx     =       1, irest   =       0, ntrx    =       1

Nature and format of output:
     ntxo    =       1, ntpr    =     100, ntrx    =       1, ntwr    =       1
     iwrap   =       0, ntwx    =       0, ntwv    =       0, ntwe    =       0
     ioutfm  =       1, ntwprt  =       0, idecomp =       0, rbornstat=      0

Potential function:
     ntf     =       1, ntb     =       1, igb     =       0, nsnb    =      25
     ipol    =       0, gbsa    =       0, iesp    =       0
     dielc   =   1.00000, cut     =  14.00000, intdiel =   1.00000

Frozen or restrained atoms:
     ibelly  =       0, ntr     =       0

Energy minimization:
     maxcyc  =    1000, ncyc    =     100, ntmin   =       1
     dx0     =   0.01000, drms    =   0.00010

| Intermolecular bonds treatment:
|     no_intermolecular_bonds =       1

| Energy averages sample interval:
|     ene_avg_sampling =       1

Ewald parameters:
     verbose =       0, ew_type =       0, nbflag  =       1, use_pme =       1
     vdwmeth =       1, eedmeth =       1, netfrc  =       0
     Box X =   48.000   Box Y =   48.000   Box Z =   48.000
     Alpha =   90.000   Beta  =   90.000   Gamma =   90.000
     NFFT1 =   32       NFFT2 =   32       NFFT3 =   32
     Cutoff=   14.000   Tol   =0.100E-04
     Ewald Coefficient =  0.19234
     Interpolation order =    4

--------------------------------------------------------------------------------
   3.  ATOMIC COORDINATES AND VELOCITIES
--------------------------------------------------------------------------------

ACE                                                                             
 begin time read from input coords =     0.000 ps

 
 Number of triangulated 3-point waters found:        0

     Sum of charges from parm topology file =  -2.00000000
     Assuming uniform neutralizing plasma

| Dynamic Memory, Types Used:
| Reals              200040
| Integers             2438

| Nonbonded Pairs Initial Allocation:       16772

--------------------------------------------------------------------------------
   4.  RESULTS
--------------------------------------------------------------------------------

 ---------------------------------------------------
 APPROXIMATING switch and d/dx switch using CUBIC SPLINE INTERPOLATION
 using   5000.0 points per unit in tabled values
 TESTING RELATIVE ERROR over r ranging from 0.0 to cutoff
| CHECK switch(x): max rel err =   0.2738E-14   at   2.422500
| CHECK d/dx switch(x): max rel err =   0.7883E-11   at   2.684960
 ---------------------------------------------------
|---------------------------------------------------
| APPROXIMATING direct energy using CUBIC SPLINE INTERPOLATION
|  with   50.0 points per unit in tabled values
| Relative Error Limit not exceeded for r .gt.   2.24
| APPROXIMATING direct force using CUBIC SPLINE INTERPOLATION
|  with   50.0 points per unit in tabled values
| Relative Error Limit not exceeded for r .gt.   2.76
|---------------------------------------------------


   NSTEP       ENERGY          RMS            GMAX         NAME    NUMBER
      1       7.4473E+01     3.7407E+01     1.4538E+02     OXT        22

 BOND    =        0.8177  ANGLE   =        2.1348  DIHED      =       13.7726
 VDWAALS =       35.0696  EEL     =      -68.6099  HBOND      =        0.0000
 1-4 VDW =        5.2832  1-4 EEL =       86.0044  RESTRAINT  =        0.0000


   NSTEP       ENERGY          RMS            GMAX         NAME    NUMBER
    100       2.4994E+01     1.0474E+00     4.2995E+00     C          20

 BOND    =        1.0363  ANGLE   =        3.0194  DIHED      =       13.7112
 VDWAALS =       -1.9093  EEL     =      -78.8775  HBOND      =        0.0000
 1-4 VDW =        3.1652  1-4 EEL =       84.8487  RESTRAINT  =        0.0000


   NSTEP       ENERGY          RMS            GMAX         NAME    NUMBER
    200       2.2374E+01     3.6541E-01     8.5304E-01     CH3         2

 BOND    =        0.7859  ANGLE   =        2.5137  DIHED      =       13.3272
 VDWAALS =       -2.4643  EEL     =      -78.8245  HBOND      =        0.0000
 1-4 VDW =        2.8023  1-4 EEL =       84.2336  RESTRAINT  =        0.0000


   NSTEP       ENERGY          RMS            GMAX         NAME    NUMBER
    300       2.1847E+01     3.4372E-01     8.9992E-01     CD         17

 BOND    =        0.8379  ANGLE   =        2.6084  DIHED      =       12.7079
 VDWAALS =       -2.4041  EEL     =      -78.9702  HBOND      =        0.0000
 1-4 VDW =        2.8887  1-4 EEL =       84.1786  RESTRAINT  =        0.0000


   NSTEP       ENERGY          RMS            GMAX         NAME    NUMBER
    400       2.1695E+01     1.1285E-01     3.7971E-01     C          20

 BOND    =        0.8979  ANGLE   =        2.7075  DIHED      =       12.4398
 VDWAALS =       -2.3780  EEL     =      -79.0055  HBOND      =        0.0000
 1-4 VDW =        2.9038  1-4 EEL =       84.1298  RESTRAINT  =        0.0000


   NSTEP       ENERGY          RMS            GMAX         NAME    NUMBER
    500       2.1651E+01     2.5851E-02     8.1667E-02     OE1        18

 BOND    =        0.9186  ANGLE   =        2.8239  DIHED      =       12.2903
 VDWAALS =       -2.3640  EEL     =      -79.0598  HBOND      =        0.0000
 1-4 VDW =        2.8975  1-4 EEL =       84.1451  RESTRAINT  =        0.0000


   NSTEP       ENERGY          RMS            GMAX         NAME    NUMBER
    600       2.1647E+01     2.4869E-02     6.5465E-02     HA         10

 BOND    =        0.9174  ANGLE   =        2.8460  DIHED      =       12.2490
 VDWAALS =       -2.3589  EEL     =      -79.0648  HBOND      =        0.0000
 1-4 VDW =        2.9023  1-4 EEL =       84.1560  RESTRAINT  =        0.0000


   NSTEP       ENERGY          RMS            GMAX         NAME    NUMBER
    700       2.1646E+01     9.6156E-03     2.7732E-02     CG         14

 BOND    =        0.9190  ANGLE   =        2.8552  DIHED      =       12.2317
 VDWAALS =       -2.3568  EEL     =      -79.0602  HBOND      =        0.0000
 1-4 VDW =        2.9034  1-4 EEL =       84.1541  RESTRAINT  =        0.0000


   NSTEP       ENERGY          RMS            GMAX         NAME    NUMBER
    800       2.1646E+01     1.3620E-02     3.6654E-02     CB         11

 BOND    =        0.9190  ANGLE   =        2.8570  DIHED      =       12.2302
 VDWAALS =       -2.3565  EEL     =      -79.0601  HBOND      =        0.0000
 1-4 VDW =        2.9032  1-4 EEL =       84.1534  RESTRAINT  =        0.0000


   NSTEP       ENERGY          RMS            GMAX         NAME    NUMBER
    900       2.1646E+01     4.8353E-03     1.0920E-02     CH3         2

 BOND    =        0.9195  ANGLE   =        2.8569  DIHED      =       12.2298
 VDWAALS =       -2.3565  EEL     =      -79.0589  HBOND      =        0.0000
 1-4 VDW =        2.9032  1-4 EEL =       84.1522  RESTRAINT  =        0.0000


   NSTEP       ENERGY          RMS            GMAX         NAME    NUMBER
   1000       2.1646E+01     4.6191E-03     1.2702E-02     CD         17

 BOND    =        0.9196  ANGLE   =        2.8563  DIHED      =       12.2293
 VDWAALS =       -2.3565  EEL     =      -79.0585  HBOND      =        0.0000
 1-4 VDW =        2.9032  1-4 EEL =       84.1527  RESTRAINT  =        0.0000


  Maximum number of minimization cycles reached.


                    FINAL RESULTS



   NSTEP       ENERGY          RMS            GMAX         NAME    NUMBER
   1000       2.1646E+01     4.6191E-03     1.2702E-02     CD         17

 BOND    =        0.9196  ANGLE   =        2.8563  DIHED      =       12.2293
 VDWAALS =       -2.3565  EEL     =      -79.0585  HBOND      =        0.0000
 1-4 VDW =        2.9032  1-4 EEL =       84.1527  RESTRAINT  =        0.0000
--------------------------------------------------------------------------------
   5.  TIMINGS
--------------------------------------------------------------------------------

|  NonSetup CPU Time in Major Routines:
|
|     Routine           Sec        %
|     ------------------------------
|     Nonbond           2.13   98.67
|     Bond              0.00    0.10
|     Angle             0.00    0.23
|     Dihedral          0.02    0.78
|     Shake             0.00    0.00
|     Other             0.00    0.21
|     ------------------------------
|     Total             2.16

|  PME Nonbond Pairlist CPU Time:
|
|     Routine              Sec        %
|     ---------------------------------
|     Set Up Cit           0.00    0.01
|     Build List           0.00    0.03
|     ---------------------------------
|     Total                0.00    0.03

|  PME Direct Force CPU Time:
|
|     Routine              Sec        %
|     ---------------------------------
|     NonBonded Calc       0.01    0.66
|     Exclude Masked       0.01    0.39
|     Other                0.01    0.38
|     ---------------------------------
|     Total                0.03    1.43

|  PME Reciprocal Force CPU Time:
|
|     Routine              Sec        %
|     ---------------------------------
|     1D bspline           0.00    0.16
|     Grid Charges         0.09    3.95
|     Scalar Sum           0.85   39.30
|     Gradient Sum         0.01    0.61
|     FFT                  1.15   53.28
|     ---------------------------------
|     Total                2.10   97.30

|  Setup CPU time:            0.04 seconds
|  NonSetup CPU time:         2.16 seconds
|  Total CPU time:            2.20 seconds     0.00 hours

|  Setup wall time:           0    seconds
|  NonSetup wall time:        2    seconds
|  Total wall time:           2    seconds     0.00 hours
