
          -------------------------------------------------------
          Amber 20 PMEMD                              2020
          -------------------------------------------------------

| PMEMD implementation of SANDER, Release 18

|  Compiled date/time: Tue Apr 28 23:52:05 2020
| Run on 05/02/2020 at 16:01:52

|   Executable path: pmemd
| Working directory: /home/cerutti/OpenForceField/Dipeptides/CTerminal/ALA
|          Hostname: Unknown
  [-O]verwriting output

File Assignments:
|   MDIN: ../../min.in                                                          
|  MDOUT: min.out                                                               
| INPCRD: ALA.inpcrd                                                            
|   PARM: ALA.prmtop                                                            
| RESTRT: mincrd                                                                
|   REFC: refc                                                                  
|  MDVEL: mdvel                                                                 
|   MDEN: mden                                                                  
|  MDCRD: mdcrd                                                                 
| MDINFO: mdinfo                                                                
|  MDFRC: mdfrc                                                                 


 Here is the input file:

Initial minimization                                                           
 &cntrl                                                                        
  ntx    = 1,       irest  = 0,       ntrx   = 1,      ntxo   = 1,             
  ntpr   = 100,     ntwx   = 0,       ntwv   = 0,      ntwe   = 0,             
                                                                               
  ntf    = 1,       ntb    = 1,                                                
  ntc    = 1,                                                                  
                                                                               
  cut    = 14.0,                                                               
                                                                               
  imin   = 1,                                                                  
  maxcyc = 1000,                                                               
  ncyc   = 100,                                                                
 &end                                                                          
 &ewald                                                                        
  nfft1 = 32, nfft2 = 32, nfft3 = 32,                                          
 &end                                                                          


Note: ig = -1. Setting random seed to   893860 based on wallclock time in 
      microseconds.
| irandom = 1, using AMBER's internal random number generator (default).
 
 
| Conditional Compilation Defines Used:
| FFTW_FFT
| BINTRAJ
| MKL
| EMIL

| Largest sphere to fit in unit cell has radius =    24.000

| New format PARM file being parsed.
| Version =    1.000 Date = 05/02/20 Time = 16:01:52

| Note: 1-4 EEL scale factors are being read from the topology file.

| Note: 1-4 VDW scale factors are being read from the topology file.
| Duplicated    0 dihedrals

| Duplicated    0 dihedrals

--------------------------------------------------------------------------------
   1.  RESOURCE   USE: 
--------------------------------------------------------------------------------

 getting new box info from bottom of inpcrd
 NATOM  =      17 NTYPES =       7 NBONH =       8 MBONA  =       8
 NTHETH =      17 MTHETA =      10 NPHIH =      31 MPHIA  =      16
 NHPARM =       0 NPARM  =       0 NNB   =      75 NRES   =       2
 NBONA  =       8 NTHETA =      10 NPHIA =      16 NUMBND =      10
 NUMANG =      17 NPTRA  =      14 NATYP =       9 NPHB   =       0
 IFBOX  =       1 NMXRS  =      11 IFCAP =       0 NEXTRA =       0
 NCOPY  =       0

| Coordinate Index Table dimensions:     6    6    6
| Direct force subcell size =     8.0000    8.0000    8.0000

     BOX TYPE: RECTILINEAR

--------------------------------------------------------------------------------
   2.  CONTROL  DATA  FOR  THE  RUN
--------------------------------------------------------------------------------

ACE                                                                             

General flags:
     imin    =       1, nmropt  =       0

Nature and format of input:
     ntx     =       1, irest   =       0, ntrx    =       1

Nature and format of output:
     ntxo    =       1, ntpr    =     100, ntrx    =       1, ntwr    =       1
     iwrap   =       0, ntwx    =       0, ntwv    =       0, ntwe    =       0
     ioutfm  =       1, ntwprt  =       0, idecomp =       0, rbornstat=      0

Potential function:
     ntf     =       1, ntb     =       1, igb     =       0, nsnb    =      25
     ipol    =       0, gbsa    =       0, iesp    =       0
     dielc   =   1.00000, cut     =  14.00000, intdiel =   1.00000

Frozen or restrained atoms:
     ibelly  =       0, ntr     =       0

Energy minimization:
     maxcyc  =    1000, ncyc    =     100, ntmin   =       1
     dx0     =   0.01000, drms    =   0.00010

| Intermolecular bonds treatment:
|     no_intermolecular_bonds =       1

| Energy averages sample interval:
|     ene_avg_sampling =       1

Ewald parameters:
     verbose =       0, ew_type =       0, nbflag  =       1, use_pme =       1
     vdwmeth =       1, eedmeth =       1, netfrc  =       0
     Box X =   48.000   Box Y =   48.000   Box Z =   48.000
     Alpha =   90.000   Beta  =   90.000   Gamma =   90.000
     NFFT1 =   32       NFFT2 =   32       NFFT3 =   32
     Cutoff=   14.000   Tol   =0.100E-04
     Ewald Coefficient =  0.19234
     Interpolation order =    4

--------------------------------------------------------------------------------
   3.  ATOMIC COORDINATES AND VELOCITIES
--------------------------------------------------------------------------------

ACE                                                                             
 begin time read from input coords =     0.000 ps

 
 Number of triangulated 3-point waters found:        0

     Sum of charges from parm topology file =  -1.00000001
     Assuming uniform neutralizing plasma

| Dynamic Memory, Types Used:
| Reals              199772
| Integers             1695

| Nonbonded Pairs Initial Allocation:       12960

--------------------------------------------------------------------------------
   4.  RESULTS
--------------------------------------------------------------------------------

 ---------------------------------------------------
 APPROXIMATING switch and d/dx switch using CUBIC SPLINE INTERPOLATION
 using   5000.0 points per unit in tabled values
 TESTING RELATIVE ERROR over r ranging from 0.0 to cutoff
| CHECK switch(x): max rel err =   0.2738E-14   at   2.422500
| CHECK d/dx switch(x): max rel err =   0.7883E-11   at   2.684960
 ---------------------------------------------------
|---------------------------------------------------
| APPROXIMATING direct energy using CUBIC SPLINE INTERPOLATION
|  with   50.0 points per unit in tabled values
| Relative Error Limit not exceeded for r .gt.   2.24
| APPROXIMATING direct force using CUBIC SPLINE INTERPOLATION
|  with   50.0 points per unit in tabled values
| Relative Error Limit not exceeded for r .gt.   2.76
|---------------------------------------------------


   NSTEP       ENERGY          RMS            GMAX         NAME    NUMBER
      1      -1.8936E+01     1.0545E+01     3.9606E+01     O          16

 BOND    =        0.5992  ANGLE   =        2.0782  DIHED      =        6.8303
 VDWAALS =        2.0212  EEL     =     -123.6456  HBOND      =        0.0000
 1-4 VDW =        3.5156  1-4 EEL =       89.6652  RESTRAINT  =        0.0000


   NSTEP       ENERGY          RMS            GMAX         NAME    NUMBER
    100      -2.7215E+01     5.6927E-01     1.7497E+00     C          15

 BOND    =        0.3834  ANGLE   =        1.2293  DIHED      =        6.3858
 VDWAALS =       -0.8281  EEL     =     -125.3398  HBOND      =        0.0000
 1-4 VDW =        2.8853  1-4 EEL =       88.0687  RESTRAINT  =        0.0000


   NSTEP       ENERGY          RMS            GMAX         NAME    NUMBER
    200      -2.7979E+01     2.8279E-01     1.0573E+00     C          15

 BOND    =        0.3162  ANGLE   =        1.3052  DIHED      =        6.1326
 VDWAALS =       -1.2086  EEL     =     -125.8246  HBOND      =        0.0000
 1-4 VDW =        2.7311  1-4 EEL =       88.5689  RESTRAINT  =        0.0000


   NSTEP       ENERGY          RMS            GMAX         NAME    NUMBER
    300      -2.8015E+01     2.1328E-01     8.7804E-01     OXT        17

 BOND    =        0.3069  ANGLE   =        1.2759  DIHED      =        6.1144
 VDWAALS =       -1.2305  EEL     =     -125.6184  HBOND      =        0.0000
 1-4 VDW =        2.6478  1-4 EEL =       88.4888  RESTRAINT  =        0.0000


   NSTEP       ENERGY          RMS            GMAX         NAME    NUMBER
    400      -2.8024E+01     5.6816E-02     1.5556E-01     C          15

 BOND    =        0.3023  ANGLE   =        1.2713  DIHED      =        6.1027
 VDWAALS =       -1.2364  EEL     =     -125.5733  HBOND      =        0.0000
 1-4 VDW =        2.6344  1-4 EEL =       88.4747  RESTRAINT  =        0.0000


   NSTEP       ENERGY          RMS            GMAX         NAME    NUMBER
    500      -2.8026E+01     2.0363E-02     3.8973E-02     CA          9

 BOND    =        0.3003  ANGLE   =        1.2697  DIHED      =        6.0980
 VDWAALS =       -1.2377  EEL     =     -125.5510  HBOND      =        0.0000
 1-4 VDW =        2.6318  1-4 EEL =       88.4633  RESTRAINT  =        0.0000


   NSTEP       ENERGY          RMS            GMAX         NAME    NUMBER
    600      -2.8026E+01     3.0207E-03     9.1251E-03     C          15

 BOND    =        0.2989  ANGLE   =        1.2667  DIHED      =        6.0965
 VDWAALS =       -1.2387  EEL     =     -125.5388  HBOND      =        0.0000
 1-4 VDW =        2.6308  1-4 EEL =       88.4584  RESTRAINT  =        0.0000


   NSTEP       ENERGY          RMS            GMAX         NAME    NUMBER
    700      -2.8026E+01     1.4849E-03     4.1755E-03     C           5

 BOND    =        0.2989  ANGLE   =        1.2665  DIHED      =        6.0966
 VDWAALS =       -1.2388  EEL     =     -125.5385  HBOND      =        0.0000
 1-4 VDW =        2.6306  1-4 EEL =       88.4586  RESTRAINT  =        0.0000


   NSTEP       ENERGY          RMS            GMAX         NAME    NUMBER
    800      -2.8026E+01     1.0070E-03     2.9526E-03     C           5

 BOND    =        0.2988  ANGLE   =        1.2664  DIHED      =        6.0967
 VDWAALS =       -1.2389  EEL     =     -125.5385  HBOND      =        0.0000
 1-4 VDW =        2.6304  1-4 EEL =       88.4587  RESTRAINT  =        0.0000


   NSTEP       ENERGY          RMS            GMAX         NAME    NUMBER
    900      -2.8026E+01     1.6501E-03     5.2328E-03     C           5

 BOND    =        0.2989  ANGLE   =        1.2665  DIHED      =        6.0967
 VDWAALS =       -1.2390  EEL     =     -125.5377  HBOND      =        0.0000
 1-4 VDW =        2.6302  1-4 EEL =       88.4582  RESTRAINT  =        0.0000


   NSTEP       ENERGY          RMS            GMAX         NAME    NUMBER
   1000      -2.8026E+01     1.7792E-03     5.5938E-03     C           5

 BOND    =        0.2988  ANGLE   =        1.2663  DIHED      =        6.0967
 VDWAALS =       -1.2390  EEL     =     -125.5380  HBOND      =        0.0000
 1-4 VDW =        2.6303  1-4 EEL =       88.4586  RESTRAINT  =        0.0000


  Maximum number of minimization cycles reached.


                    FINAL RESULTS



   NSTEP       ENERGY          RMS            GMAX         NAME    NUMBER
   1000      -2.8026E+01     1.7792E-03     5.5938E-03     C           5

 BOND    =        0.2988  ANGLE   =        1.2663  DIHED      =        6.0967
 VDWAALS =       -1.2390  EEL     =     -125.5380  HBOND      =        0.0000
 1-4 VDW =        2.6303  1-4 EEL =       88.4586  RESTRAINT  =        0.0000
--------------------------------------------------------------------------------
   5.  TIMINGS
--------------------------------------------------------------------------------

|  NonSetup CPU Time in Major Routines:
|
|     Routine           Sec        %
|     ------------------------------
|     Nonbond           2.11   99.01
|     Bond              0.00    0.09
|     Angle             0.00    0.18
|     Dihedral          0.01    0.51
|     Shake             0.00    0.00
|     Other             0.00    0.21
|     ------------------------------
|     Total             2.13

|  PME Nonbond Pairlist CPU Time:
|
|     Routine              Sec        %
|     ---------------------------------
|     Set Up Cit           0.00    0.01
|     Build List           0.00    0.02
|     ---------------------------------
|     Total                0.00    0.03

|  PME Direct Force CPU Time:
|
|     Routine              Sec        %
|     ---------------------------------
|     NonBonded Calc       0.01    0.42
|     Exclude Masked       0.01    0.29
|     Other                0.01    0.38
|     ---------------------------------
|     Total                0.02    1.10

|  PME Reciprocal Force CPU Time:
|
|     Routine              Sec        %
|     ---------------------------------
|     1D bspline           0.00    0.14
|     Grid Charges         0.08    3.92
|     Scalar Sum           0.85   39.69
|     Gradient Sum         0.01    0.49
|     FFT                  1.15   53.74
|     ---------------------------------
|     Total                2.09   97.98

|  Setup CPU time:            0.04 seconds
|  NonSetup CPU time:         2.13 seconds
|  Total CPU time:            2.17 seconds     0.00 hours

|  Setup wall time:           0    seconds
|  NonSetup wall time:        2    seconds
|  Total wall time:           2    seconds     0.00 hours
